<?xml version="1.0" encoding="UTF-8"?>
<coverage generated="1665206221223" clover="3.2.0">
  <project timestamp="1665206221223" name="All files">
    <metrics statements="1017" coveredstatements="1008" conditionals="344" coveredconditionals="320" methods="220" coveredmethods="202" elements="1581" coveredelements="1530" complexity="0" loc="1017" ncloc="1017" packages="10" files="39" classes="39"/>
    <package name="server">
      <metrics statements="10" coveredstatements="10" conditionals="0" coveredconditionals="0" methods="0" coveredmethods="0"/>
      <file name="index.ts" path="/Users/donnie/src/github.com/floodfx/liveviewjs/packages/core/src/server/index.ts">
        <metrics statements="10" coveredstatements="10" conditionals="0" coveredconditionals="0" methods="0" coveredmethods="0"/>
        <line num="1" count="8" type="stmt"/>
        <line num="2" count="8" type="stmt"/>
        <line num="3" count="8" type="stmt"/>
        <line num="4" count="8" type="stmt"/>
        <line num="5" count="8" type="stmt"/>
        <line num="6" count="8" type="stmt"/>
        <line num="7" count="8" type="stmt"/>
        <line num="8" count="8" type="stmt"/>
        <line num="9" count="8" type="stmt"/>
        <line num="10" count="8" type="stmt"/>
      </file>
    </package>
    <package name="server.adaptor">
      <metrics statements="67" coveredstatements="67" conditionals="10" coveredconditionals="10" methods="8" coveredmethods="8"/>
      <file name="http.ts" path="/Users/donnie/src/github.com/floodfx/liveviewjs/packages/core/src/server/adaptor/http.ts">
        <metrics statements="41" coveredstatements="41" conditionals="8" coveredconditionals="8" methods="2" coveredmethods="2"/>
        <line num="1" count="9" type="stmt"/>
        <line num="12" count="9" type="stmt"/>
        <line num="13" count="9" type="stmt"/>
        <line num="59" count="9" type="stmt"/>
        <line num="69" count="6" type="stmt"/>
        <line num="71" count="6" type="stmt"/>
        <line num="74" count="6" type="stmt"/>
        <line num="75" count="6" type="cond" truecount="1" falsecount="0"/>
        <line num="76" count="6" type="stmt"/>
        <line num="80" count="6" type="stmt"/>
        <line num="83" count="6" type="stmt"/>
        <line num="90" count="6" type="cond" truecount="1" falsecount="0"/>
        <line num="91" count="1" type="stmt"/>
        <line num="92" count="1" type="stmt"/>
        <line num="93" count="1" type="stmt"/>
        <line num="97" count="5" type="stmt"/>
        <line num="98" count="5" type="stmt"/>
        <line num="101" count="5" type="cond" truecount="1" falsecount="0"/>
        <line num="102" count="1" type="stmt"/>
        <line num="103" count="1" type="stmt"/>
        <line num="104" count="1" type="stmt"/>
        <line num="108" count="4" type="stmt"/>
        <line num="109" count="4" type="stmt"/>
        <line num="116" count="3" type="cond" truecount="2" falsecount="0"/>
        <line num="117" count="3" type="stmt"/>
        <line num="120" count="3" type="stmt"/>
        <line num="123" count="3" type="stmt"/>
        <line num="126" count="3" type="stmt"/>
        <line num="127" count="3" type="stmt"/>
        <line num="130" count="3" type="stmt"/>
        <line num="131" count="3" type="stmt"/>
        <line num="133" count="3" type="stmt"/>
        <line num="141" count="4" type="stmt"/>
        <line num="142" count="4" type="stmt"/>
        <line num="146" count="4" type="stmt"/>
        <line num="150" count="4" type="stmt"/>
        <line num="151" count="4" type="cond" truecount="1" falsecount="0"/>
        <line num="152" count="1" type="stmt"/>
        <line num="157" count="4" type="stmt"/>
        <line num="168" count="4" type="cond" truecount="2" falsecount="0"/>
        <line num="169" count="4" type="stmt"/>
      </file>
      <file name="index.ts" path="/Users/donnie/src/github.com/floodfx/liveviewjs/packages/core/src/server/adaptor/index.ts">
        <metrics statements="8" coveredstatements="8" conditionals="0" coveredconditionals="0" methods="0" coveredmethods="0"/>
        <line num="1" count="8" type="stmt"/>
        <line num="2" count="8" type="stmt"/>
        <line num="3" count="8" type="stmt"/>
        <line num="4" count="8" type="stmt"/>
        <line num="5" count="8" type="stmt"/>
        <line num="6" count="8" type="stmt"/>
        <line num="7" count="8" type="stmt"/>
        <line num="8" count="8" type="stmt"/>
      </file>
      <file name="jsonSerDe.ts" path="/Users/donnie/src/github.com/floodfx/liveviewjs/packages/core/src/server/adaptor/jsonSerDe.ts">
        <metrics statements="3" coveredstatements="3" conditionals="0" coveredconditionals="0" methods="2" coveredmethods="2"/>
        <line num="7" count="5" type="stmt"/>
        <line num="9" count="4" type="stmt"/>
        <line num="13" count="47" type="stmt"/>
      </file>
      <file name="sessionFlashAdaptor.ts" path="/Users/donnie/src/github.com/floodfx/liveviewjs/packages/core/src/server/adaptor/sessionFlashAdaptor.ts">
        <metrics statements="11" coveredstatements="11" conditionals="2" coveredconditionals="2" methods="4" coveredmethods="4"/>
        <line num="8" count="9" type="stmt"/>
        <line num="10" count="3" type="cond" truecount="1" falsecount="0"/>
        <line num="14" count="3" type="stmt"/>
        <line num="23" count="4" type="stmt"/>
        <line num="24" count="4" type="stmt"/>
        <line num="25" count="4" type="stmt"/>
        <line num="29" count="7" type="cond" truecount="1" falsecount="0"/>
        <line num="33" count="7" type="stmt"/>
        <line num="34" count="7" type="stmt"/>
        <line num="43" count="1" type="stmt"/>
        <line num="44" count="1" type="stmt"/>
      </file>
      <file name="testFilesAdatptor.ts" path="/Users/donnie/src/github.com/floodfx/liveviewjs/packages/core/src/server/adaptor/testFilesAdatptor.ts">
        <metrics statements="4" coveredstatements="4" conditionals="0" coveredconditionals="0" methods="0" coveredmethods="0"/>
        <line num="1" count="4" type="stmt"/>
        <line num="2" count="4" type="stmt"/>
        <line num="3" count="4" type="stmt"/>
        <line num="10" count="4" type="stmt"/>
      </file>
    </package>
    <package name="server.changeset">
      <metrics statements="17" coveredstatements="17" conditionals="9" coveredconditionals="9" methods="3" coveredmethods="3"/>
      <file name="changeset.ts" path="/Users/donnie/src/github.com/floodfx/liveviewjs/packages/core/src/server/changeset/changeset.ts">
        <metrics statements="16" coveredstatements="16" conditionals="9" coveredconditionals="9" methods="3" coveredmethods="3"/>
        <line num="1" count="10" type="stmt"/>
        <line num="64" count="10" type="stmt"/>
        <line num="65" count="2" type="stmt"/>
        <line num="66" count="9" type="stmt"/>
        <line num="67" count="9" type="stmt"/>
        <line num="70" count="9" type="cond" truecount="1" falsecount="0"/>
        <line num="73" count="8" type="cond" truecount="2" falsecount="0"/>
        <line num="74" count="8" type="stmt"/>
        <line num="76" count="15" type="cond" truecount="1" falsecount="0"/>
        <line num="77" count="2" type="cond" truecount="1" falsecount="0"/>
        <line num="79" count="1" type="stmt"/>
        <line num="80" count="1" type="stmt"/>
        <line num="83" count="1" type="stmt"/>
        <line num="86" count="13" type="stmt"/>
        <line num="87" count="13" type="stmt"/>
        <line num="90" count="9" type="stmt"/>
      </file>
      <file name="index.ts" path="/Users/donnie/src/github.com/floodfx/liveviewjs/packages/core/src/server/changeset/index.ts">
        <metrics statements="1" coveredstatements="1" conditionals="0" coveredconditionals="0" methods="0" coveredmethods="0"/>
        <line num="1" count="9" type="stmt"/>
      </file>
    </package>
    <package name="server.live">
      <metrics statements="36" coveredstatements="36" conditionals="4" coveredconditionals="4" methods="24" coveredmethods="19"/>
      <file name="index.ts" path="/Users/donnie/src/github.com/floodfx/liveviewjs/packages/core/src/server/live/index.ts">
        <metrics statements="4" coveredstatements="4" conditionals="0" coveredconditionals="0" methods="0" coveredmethods="0"/>
        <line num="1" count="9" type="stmt"/>
        <line num="2" count="9" type="stmt"/>
        <line num="3" count="9" type="stmt"/>
        <line num="4" count="9" type="stmt"/>
      </file>
      <file name="liveComponent.ts" path="/Users/donnie/src/github.com/floodfx/liveviewjs/packages/core/src/server/live/liveComponent.ts">
        <metrics statements="17" coveredstatements="17" conditionals="2" coveredconditionals="2" methods="14" coveredmethods="12"/>
        <line num="71" count="40" type="stmt"/>
        <line num="72" count="40" type="cond" truecount="2" falsecount="0"/>
        <line num="76" count="68" type="stmt"/>
        <line num="80" count="8" type="stmt"/>
        <line num="97" count="9" type="stmt"/>
        <line num="101" count="8" type="stmt"/>
        <line num="104" count="8" type="stmt"/>
        <line num="108" count="9" type="stmt"/>
        <line num="112" count="32" type="stmt"/>
        <line num="123" count="32" type="stmt"/>
        <line num="124" count="32" type="stmt"/>
        <line num="125" count="32" type="stmt"/>
        <line num="129" count="6" type="stmt"/>
        <line num="133" count="6" type="stmt"/>
        <line num="211" count="9" type="stmt"/>
        <line num="255" count="9" type="stmt"/>
        <line num="262" count="3" type="stmt"/>
      </file>
      <file name="liveView.ts" path="/Users/donnie/src/github.com/floodfx/liveviewjs/packages/core/src/server/live/liveView.ts">
        <metrics statements="3" coveredstatements="3" conditionals="0" coveredconditionals="0" methods="9" coveredmethods="6"/>
        <line num="148" count="10" type="stmt"/>
        <line num="200" count="10" type="stmt"/>
        <line num="207" count="17" type="stmt"/>
      </file>
      <file name="router.ts" path="/Users/donnie/src/github.com/floodfx/liveviewjs/packages/core/src/server/live/router.ts">
        <metrics statements="12" coveredstatements="12" conditionals="2" coveredconditionals="2" methods="1" coveredmethods="1"/>
        <line num="1" count="10" type="stmt"/>
        <line num="21" count="10" type="stmt"/>
        <line num="33" count="10" type="stmt"/>
        <line num="37" count="14" type="stmt"/>
        <line num="38" count="23" type="stmt"/>
        <line num="39" count="23" type="cond" truecount="1" falsecount="0"/>
        <line num="41" count="5" type="stmt"/>
        <line num="42" count="5" type="stmt"/>
        <line num="45" count="23" type="stmt"/>
        <line num="46" count="23" type="cond" truecount="1" falsecount="0"/>
        <line num="47" count="12" type="stmt"/>
        <line num="50" count="2" type="stmt"/>
      </file>
    </package>
    <package name="server.mime">
      <metrics statements="34" coveredstatements="31" conditionals="11" coveredconditionals="8" methods="12" coveredmethods="12"/>
      <file name="index.ts" path="/Users/donnie/src/github.com/floodfx/liveviewjs/packages/core/src/server/mime/index.ts">
        <metrics statements="34" coveredstatements="31" conditionals="11" coveredconditionals="8" methods="12" coveredmethods="12"/>
        <line num="6" count="14" type="stmt"/>
        <line num="36" count="14" type="stmt"/>
        <line num="37" count="14" type="stmt"/>
        <line num="39" count="14" type="stmt"/>
        <line num="48" count="11511" type="cond" truecount="2" falsecount="0"/>
        <line num="57" count="8" type="cond" truecount="2" falsecount="0"/>
        <line num="61" count="18" type="stmt"/>
        <line num="65" count="16" type="cond" truecount="0" falsecount="1"/>
        <line num="66" count="16" type="stmt"/>
        <line num="67" count="16" type="cond" truecount="3" falsecount="1"/>
        <line num="70" count="0" type="stmt"/>
        <line num="72" count="16" type="stmt"/>
        <line num="78" count="5" type="stmt"/>
        <line num="82" count="5" type="stmt"/>
        <line num="83" count="11510" type="stmt"/>
        <line num="84" count="11510" type="stmt"/>
        <line num="85" count="6175" type="cond" truecount="1" falsecount="0"/>
        <line num="86" count="3567" type="stmt"/>
        <line num="88" count="6175" type="stmt"/>
        <line num="91" count="5" type="stmt"/>
        <line num="106" count="14" type="stmt"/>
        <line num="107" count="1" type="stmt"/>
        <line num="108" count="1" type="stmt"/>
        <line num="110" count="1" type="stmt"/>
        <line num="111" count="1" type="cond" truecount="0" falsecount="1"/>
        <line num="112" count="0" type="stmt"/>
        <line num="113" count="0" type="stmt"/>
        <line num="116" count="1" type="stmt"/>
        <line num="117" count="1" type="stmt"/>
        <line num="118" count="74" type="stmt"/>
        <line num="121" count="1" type="stmt"/>
        <line num="122" count="1" type="stmt"/>
        <line num="128" count="14" type="stmt"/>
        <line num="130" count="14" type="stmt"/>
      </file>
    </package>
    <package name="server.pubsub">
      <metrics statements="18" coveredstatements="17" conditionals="1" coveredconditionals="1" methods="3" coveredmethods="3"/>
      <file name="index.ts" path="/Users/donnie/src/github.com/floodfx/liveviewjs/packages/core/src/server/pubsub/index.ts">
        <metrics statements="2" coveredstatements="2" conditionals="0" coveredconditionals="0" methods="0" coveredmethods="0"/>
        <line num="1" count="8" type="stmt"/>
        <line num="2" count="8" type="stmt"/>
      </file>
      <file name="singleProcessPubSub.ts" path="/Users/donnie/src/github.com/floodfx/liveviewjs/packages/core/src/server/pubsub/singleProcessPubSub.ts">
        <metrics statements="16" coveredstatements="15" conditionals="1" coveredconditionals="1" methods="3" coveredmethods="3"/>
        <line num="1" count="8" type="stmt"/>
        <line num="2" count="8" type="stmt"/>
        <line num="11" count="8" type="stmt"/>
        <line num="13" count="8" type="stmt"/>
        <line num="14" count="73" type="stmt"/>
        <line num="17" count="150" type="stmt"/>
        <line num="19" count="150" type="stmt"/>
        <line num="20" count="150" type="stmt"/>
        <line num="21" count="150" type="stmt"/>
        <line num="25" count="11" type="stmt"/>
        <line num="29" count="133" type="stmt"/>
        <line num="31" count="133" type="stmt"/>
        <line num="33" count="133" type="cond" truecount="1" falsecount="0"/>
        <line num="34" count="133" type="stmt"/>
        <line num="37" count="133" type="stmt"/>
        <line num="39" count="0" type="stmt"/>
      </file>
    </package>
    <package name="server.socket">
      <metrics statements="508" coveredstatements="506" conditionals="120" coveredconditionals="106" methods="108" coveredmethods="95"/>
      <file name="index.ts" path="/Users/donnie/src/github.com/floodfx/liveviewjs/packages/core/src/server/socket/index.ts">
        <metrics statements="3" coveredstatements="3" conditionals="0" coveredconditionals="0" methods="0" coveredmethods="0"/>
        <line num="1" count="8" type="stmt"/>
        <line num="2" count="8" type="stmt"/>
        <line num="3" count="8" type="stmt"/>
      </file>
      <file name="liveSocket.ts" path="/Users/donnie/src/github.com/floodfx/liveviewjs/packages/core/src/server/socket/liveSocket.ts">
        <metrics statements="48" coveredstatements="48" conditionals="9" coveredconditionals="9" methods="33" coveredmethods="21"/>
        <line num="3" count="9" type="stmt"/>
        <line num="5" count="9" type="stmt"/>
        <line num="6" count="9" type="stmt"/>
        <line num="175" count="69" type="stmt"/>
        <line num="178" count="300" type="cond" truecount="2" falsecount="0"/>
        <line num="182" count="52" type="stmt"/>
        <line num="189" count="1" type="stmt"/>
        <line num="252" count="136" type="cond" truecount="1" falsecount="0"/>
        <line num="253" count="1" type="stmt"/>
        <line num="262" count="9" type="stmt"/>
        <line num="267" count="14" type="stmt"/>
        <line num="268" count="14" type="stmt"/>
        <line num="272" count="14" type="stmt"/>
        <line num="273" count="14" type="stmt"/>
        <line num="277" count="15" type="stmt"/>
        <line num="281" count="4" type="cond" truecount="2" falsecount="0"/>
        <line num="282" count="4" type="stmt"/>
        <line num="286" count="4" type="stmt"/>
        <line num="290" count="1" type="stmt"/>
        <line num="291" count="1" type="stmt"/>
        <line num="300" count="9" type="stmt"/>
        <line num="305" count="55" type="stmt"/>
        <line num="344" count="55" type="stmt"/>
        <line num="345" count="55" type="stmt"/>
        <line num="346" count="55" type="stmt"/>
        <line num="347" count="55" type="stmt"/>
        <line num="348" count="55" type="stmt"/>
        <line num="349" count="55" type="stmt"/>
        <line num="350" count="55" type="stmt"/>
        <line num="351" count="55" type="stmt"/>
        <line num="352" count="55" type="stmt"/>
        <line num="353" count="55" type="stmt"/>
        <line num="354" count="55" type="stmt"/>
        <line num="355" count="55" type="stmt"/>
        <line num="356" count="55" type="stmt"/>
        <line num="357" count="55" type="stmt"/>
        <line num="360" count="2" type="stmt"/>
        <line num="363" count="2" type="stmt"/>
        <line num="366" count="2" type="stmt"/>
        <line num="369" count="7" type="stmt"/>
        <line num="372" count="6" type="stmt"/>
        <line num="375" count="2" type="stmt"/>
        <line num="378" count="8" type="stmt"/>
        <line num="381" count="2" type="stmt"/>
        <line num="384" count="5" type="stmt"/>
        <line num="387" count="2" type="stmt"/>
        <line num="393" count="4" type="stmt"/>
        <line num="396" count="3" type="stmt"/>
      </file>
      <file name="liveViewManager.ts" path="/Users/donnie/src/github.com/floodfx/liveviewjs/packages/core/src/server/socket/liveViewManager.ts">
        <metrics statements="395" coveredstatements="395" conditionals="84" coveredconditionals="72" methods="66" coveredmethods="66"/>
        <line num="1" count="8" type="stmt"/>
        <line num="2" count="8" type="stmt"/>
        <line num="7" count="8" type="stmt"/>
        <line num="23" count="8" type="stmt"/>
        <line num="24" count="8" type="stmt"/>
        <line num="25" count="8" type="stmt"/>
        <line num="26" count="8" type="stmt"/>
        <line num="27" count="8" type="stmt"/>
        <line num="28" count="8" type="stmt"/>
        <line num="29" count="8" type="stmt"/>
        <line num="51" count="8" type="stmt"/>
        <line num="52" count="8" type="stmt"/>
        <line num="93" count="8" type="stmt"/>
        <line num="99" count="100" type="stmt"/>
        <line num="102" count="100" type="stmt"/>
        <line num="108" count="100" type="stmt"/>
        <line num="114" count="100" type="stmt"/>
        <line num="115" count="100" type="stmt"/>
        <line num="118" count="100" type="stmt"/>
        <line num="122" count="100" type="stmt"/>
        <line num="125" count="100" type="stmt"/>
        <line num="138" count="100" type="stmt"/>
        <line num="139" count="100" type="stmt"/>
        <line num="140" count="100" type="stmt"/>
        <line num="141" count="100" type="stmt"/>
        <line num="142" count="100" type="stmt"/>
        <line num="143" count="100" type="stmt"/>
        <line num="144" count="100" type="stmt"/>
        <line num="145" count="100" type="stmt"/>
        <line num="146" count="100" type="stmt"/>
        <line num="149" count="100" type="stmt"/>
        <line num="151" count="100" type="stmt"/>
        <line num="161" count="48" type="stmt"/>
        <line num="162" count="48" type="stmt"/>
        <line num="163" count="48" type="stmt"/>
        <line num="166" count="48" type="stmt"/>
        <line num="167" count="48" type="cond" truecount="3" falsecount="0"/>
        <line num="168" count="1" type="stmt"/>
        <line num="171" count="47" type="cond" truecount="1" falsecount="1"/>
        <line num="173" count="47" type="stmt"/>
        <line num="176" count="47" type="stmt"/>
        <line num="178" count="47" type="stmt"/>
        <line num="181" count="47" type="stmt"/>
        <line num="183" count="47" type="cond" truecount="1" falsecount="0"/>
        <line num="184" count="1" type="stmt"/>
        <line num="185" count="1" type="stmt"/>
        <line num="189" count="46" type="stmt"/>
        <line num="191" count="46" type="stmt"/>
        <line num="193" count="46" type="stmt"/>
        <line num="196" count="46" type="stmt"/>
        <line num="197" count="46" type="stmt"/>
        <line num="198" count="46" type="stmt"/>
        <line num="202" count="46" type="stmt"/>
        <line num="204" count="46" type="stmt"/>
        <line num="206" count="46" type="stmt"/>
        <line num="208" count="46" type="stmt"/>
        <line num="210" count="46" type="stmt"/>
        <line num="212" count="46" type="stmt"/>
        <line num="215" count="46" type="stmt"/>
        <line num="221" count="46" type="stmt"/>
        <line num="224" count="46" type="stmt"/>
        <line num="227" count="46" type="stmt"/>
        <line num="229" count="1" type="stmt"/>
        <line num="240" count="67" type="stmt"/>
        <line num="241" count="67" type="stmt"/>
        <line num="242" count="67" type="cond" truecount="9" falsecount="0"/>
        <line num="244" count="6" type="stmt"/>
        <line num="245" count="6" type="stmt"/>
        <line num="247" count="27" type="stmt"/>
        <line num="248" count="27" type="stmt"/>
        <line num="250" count="1" type="stmt"/>
        <line num="251" count="1" type="stmt"/>
        <line num="253" count="14" type="stmt"/>
        <line num="254" count="14" type="stmt"/>
        <line num="256" count="8" type="stmt"/>
        <line num="257" count="8" type="stmt"/>
        <line num="259" count="4" type="stmt"/>
        <line num="260" count="4" type="stmt"/>
        <line num="262" count="5" type="stmt"/>
        <line num="263" count="5" type="stmt"/>
        <line num="265" count="1" type="stmt"/>
        <line num="266" count="1" type="stmt"/>
        <line num="268" count="1" type="stmt"/>
        <line num="297" count="54" type="stmt"/>
        <line num="298" count="54" type="stmt"/>
        <line num="299" count="54" type="stmt"/>
        <line num="301" count="54" type="stmt"/>
        <line num="302" count="54" type="cond" truecount="8" falsecount="0"/>
        <line num="305" count="35" type="cond" truecount="1" falsecount="0"/>
        <line num="306" count="1" type="stmt"/>
        <line num="307" count="1" type="stmt"/>
        <line num="308" count="1" type="stmt"/>
        <line num="310" count="35" type="stmt"/>
        <line num="311" count="35" type="stmt"/>
        <line num="317" count="10" type="stmt"/>
        <line num="318" count="10" type="stmt"/>
        <line num="321" count="7" type="stmt"/>
        <line num="323" count="7" type="cond" truecount="2" falsecount="0"/>
        <line num="324" count="5" type="cond" truecount="1" falsecount="0"/>
        <line num="325" count="1" type="stmt"/>
        <line num="328" count="1" type="stmt"/>
        <line num="331" count="2" type="cond" truecount="1" falsecount="0"/>
        <line num="332" count="1" type="stmt"/>
        <line num="335" count="1" type="stmt"/>
        <line num="340" count="6" type="cond" truecount="1" falsecount="0"/>
        <line num="341" count="6" type="stmt"/>
        <line num="343" count="6" type="stmt"/>
        <line num="344" count="6" type="cond" truecount="3" falsecount="0"/>
        <line num="345" count="4" type="stmt"/>
        <line num="347" count="4" type="cond" truecount="1" falsecount="0"/>
        <line num="348" count="4" type="stmt"/>
        <line num="349" count="4" type="stmt"/>
        <line num="351" count="4" type="stmt"/>
        <line num="357" count="6" type="stmt"/>
        <line num="359" count="2" type="stmt"/>
        <line num="360" count="2" type="stmt"/>
        <line num="364" count="51" type="stmt"/>
        <line num="371" count="51" type="cond" truecount="2" falsecount="0"/>
        <line num="375" count="7" type="stmt"/>
        <line num="376" count="7" type="cond" truecount="2" falsecount="0"/>
        <line num="377" count="5" type="stmt"/>
        <line num="379" count="5" type="stmt"/>
        <line num="380" count="5" type="cond" truecount="1" falsecount="1"/>
        <line num="382" count="5" type="stmt"/>
        <line num="385" count="5" type="cond" truecount="1" falsecount="1"/>
        <line num="390" count="5" type="stmt"/>
        <line num="394" count="5" type="stmt"/>
        <line num="397" count="5" type="stmt"/>
        <line num="398" count="5" type="stmt"/>
        <line num="400" count="5" type="stmt"/>
        <line num="407" count="5" type="stmt"/>
        <line num="414" count="5" type="stmt"/>
        <line num="417" count="5" type="stmt"/>
        <line num="424" count="5" type="stmt"/>
        <line num="427" count="5" type="stmt"/>
        <line num="430" count="5" type="stmt"/>
        <line num="439" count="2" type="stmt"/>
        <line num="440" count="2" type="stmt"/>
        <line num="447" count="44" type="stmt"/>
        <line num="450" count="44" type="stmt"/>
        <line num="451" count="44" type="cond" truecount="2" falsecount="0"/>
        <line num="452" count="43" type="stmt"/>
        <line num="455" count="1" type="stmt"/>
        <line num="460" count="44" type="stmt"/>
        <line num="468" count="44" type="stmt"/>
        <line num="471" count="44" type="stmt"/>
        <line num="474" count="44" type="stmt"/>
        <line num="475" count="44" type="stmt"/>
        <line num="477" count="44" type="stmt"/>
        <line num="479" count="44" type="stmt"/>
        <line num="480" count="44" type="stmt"/>
        <line num="482" count="44" type="stmt"/>
        <line num="489" count="44" type="stmt"/>
        <line num="492" count="44" type="stmt"/>
        <line num="495" count="44" type="stmt"/>
        <line num="504" count="4" type="stmt"/>
        <line num="505" count="4" type="stmt"/>
        <line num="507" count="4" type="stmt"/>
        <line num="509" count="4" type="stmt"/>
        <line num="511" count="4" type="stmt"/>
        <line num="514" count="4" type="stmt"/>
        <line num="517" count="4" type="stmt"/>
        <line num="518" count="4" type="stmt"/>
        <line num="520" count="4" type="stmt"/>
        <line num="523" count="4" type="stmt"/>
        <line num="524" count="4" type="stmt"/>
        <line num="527" count="4" type="stmt"/>
        <line num="533" count="4" type="stmt"/>
        <line num="536" count="4" type="stmt"/>
        <line num="537" count="4" type="stmt"/>
        <line num="539" count="4" type="stmt"/>
        <line num="546" count="4" type="stmt"/>
        <line num="555" count="4" type="stmt"/>
        <line num="558" count="4" type="stmt"/>
        <line num="561" count="4" type="stmt"/>
        <line num="569" count="7" type="stmt"/>
        <line num="570" count="7" type="stmt"/>
        <line num="571" count="7" type="stmt"/>
        <line num="573" count="7" type="stmt"/>
        <line num="577" count="7" type="stmt"/>
        <line num="582" count="7" type="stmt"/>
        <line num="590" count="5" type="stmt"/>
        <line num="594" count="5" type="stmt"/>
        <line num="596" count="5" type="stmt"/>
        <line num="598" count="5" type="stmt"/>
        <line num="602" count="5" type="stmt"/>
        <line num="605" count="5" type="stmt"/>
        <line num="606" count="5" type="cond" truecount="1" falsecount="0"/>
        <line num="608" count="1" type="stmt"/>
        <line num="609" count="1" type="cond" truecount="0" falsecount="1"/>
        <line num="615" count="1" type="stmt"/>
        <line num="617" count="1" type="stmt"/>
        <line num="619" count="1" type="stmt"/>
        <line num="623" count="5" type="stmt"/>
        <line num="624" count="5" type="stmt"/>
        <line num="625" count="5" type="stmt"/>
        <line num="626" count="1" type="stmt"/>
        <line num="628" count="1" type="cond" truecount="1" falsecount="0"/>
        <line num="630" count="1" type="stmt"/>
        <line num="631" count="1" type="cond" truecount="1" falsecount="0"/>
        <line num="632" count="1" type="stmt"/>
        <line num="637" count="5" type="cond" truecount="1" falsecount="0"/>
        <line num="638" count="5" type="stmt"/>
        <line num="642" count="5" type="stmt"/>
        <line num="659" count="2" type="stmt"/>
        <line num="660" count="2" type="stmt"/>
        <line num="662" count="2" type="stmt"/>
        <line num="666" count="2" type="stmt"/>
        <line num="667" count="2" type="cond" truecount="1" falsecount="1"/>
        <line num="668" count="2" type="stmt"/>
        <line num="669" count="2" type="cond" truecount="1" falsecount="0"/>
        <line num="670" count="2" type="stmt"/>
        <line num="672" count="2" type="stmt"/>
        <line num="674" count="2" type="stmt"/>
        <line num="680" count="2" type="stmt"/>
        <line num="683" count="2" type="stmt"/>
        <line num="686" count="2" type="stmt"/>
        <line num="687" count="2" type="stmt"/>
        <line num="689" count="2" type="stmt"/>
        <line num="692" count="2" type="stmt"/>
        <line num="693" count="2" type="stmt"/>
        <line num="695" count="2" type="stmt"/>
        <line num="702" count="2" type="stmt"/>
        <line num="705" count="2" type="stmt"/>
        <line num="708" count="2" type="stmt"/>
        <line num="721" count="15" type="stmt"/>
        <line num="722" count="15" type="stmt"/>
        <line num="724" count="15" type="stmt"/>
        <line num="725" count="15" type="stmt"/>
        <line num="727" count="15" type="stmt"/>
        <line num="728" count="15" type="stmt"/>
        <line num="732" count="15" type="stmt"/>
        <line num="735" count="15" type="stmt"/>
        <line num="738" count="15" type="stmt"/>
        <line num="739" count="15" type="stmt"/>
        <line num="741" count="15" type="stmt"/>
        <line num="744" count="15" type="stmt"/>
        <line num="745" count="15" type="stmt"/>
        <line num="747" count="15" type="stmt"/>
        <line num="754" count="15" type="stmt"/>
        <line num="757" count="15" type="stmt"/>
        <line num="760" count="15" type="stmt"/>
        <line num="773" count="7" type="stmt"/>
        <line num="782" count="8" type="stmt"/>
        <line num="789" count="93" type="stmt"/>
        <line num="791" count="93" type="stmt"/>
        <line num="792" count="133" type="stmt"/>
        <line num="793" count="133" type="stmt"/>
        <line num="797" count="93" type="stmt"/>
        <line num="811" count="1" type="stmt"/>
        <line num="812" count="2" type="stmt"/>
        <line num="813" count="2" type="stmt"/>
        <line num="815" count="1" type="stmt"/>
        <line num="827" count="4" type="stmt"/>
        <line num="839" count="3" type="stmt"/>
        <line num="855" count="7" type="stmt"/>
        <line num="857" count="7" type="cond" truecount="1" falsecount="1"/>
        <line num="858" count="7" type="cond" truecount="2" falsecount="0"/>
        <line num="859" count="7" type="stmt"/>
        <line num="868" count="7" type="stmt"/>
        <line num="871" count="7" type="stmt"/>
        <line num="874" count="7" type="stmt"/>
        <line num="877" count="7" type="stmt"/>
        <line num="880" count="7" type="stmt"/>
        <line num="893" count="6" type="stmt"/>
        <line num="902" count="11" type="cond" truecount="1" falsecount="0"/>
        <line num="903" count="1" type="stmt"/>
        <line num="906" count="11" type="stmt"/>
        <line num="914" count="12" type="stmt"/>
        <line num="915" count="12" type="stmt"/>
        <line num="918" count="12" type="stmt"/>
        <line num="921" count="12" type="stmt"/>
        <line num="924" count="12" type="stmt"/>
        <line num="925" count="12" type="stmt"/>
        <line num="926" count="12" type="stmt"/>
        <line num="928" count="12" type="stmt"/>
        <line num="929" count="12" type="stmt"/>
        <line num="931" count="12" type="stmt"/>
        <line num="938" count="12" type="stmt"/>
        <line num="941" count="12" type="stmt"/>
        <line num="949" count="1" type="cond" truecount="1" falsecount="0"/>
        <line num="950" count="1" type="stmt"/>
        <line num="951" count="1" type="stmt"/>
        <line num="956" count="1" type="stmt"/>
        <line num="957" count="1" type="stmt"/>
        <line num="965" count="1" type="stmt"/>
        <line num="966" count="1" type="stmt"/>
        <line num="974" count="125" type="cond" truecount="1" falsecount="0"/>
        <line num="975" count="9" type="stmt"/>
        <line num="976" count="9" type="stmt"/>
        <line num="977" count="11" type="stmt"/>
        <line num="983" count="123" type="cond" truecount="1" falsecount="0"/>
        <line num="984" count="33" type="stmt"/>
        <line num="986" count="90" type="stmt"/>
        <line num="990" count="123" type="cond" truecount="1" falsecount="0"/>
        <line num="991" count="1" type="stmt"/>
        <line num="992" count="1" type="stmt"/>
        <line num="997" count="122" type="stmt"/>
        <line num="1001" count="128" type="cond" truecount="1" falsecount="0"/>
        <line num="1002" count="6" type="stmt"/>
        <line num="1003" count="6" type="stmt"/>
        <line num="1005" count="6" type="stmt"/>
        <line num="1006" count="6" type="stmt"/>
        <line num="1007" count="6" type="stmt"/>
        <line num="1009" count="6" type="stmt"/>
        <line num="1014" count="122" type="stmt"/>
        <line num="1018" count="159" type="stmt"/>
        <line num="1019" count="1" type="cond" truecount="1" falsecount="0"/>
        <line num="1020" count="1" type="stmt"/>
        <line num="1021" count="1" type="stmt"/>
        <line num="1031" count="100" type="stmt"/>
        <line num="1033" count="100" type="stmt"/>
        <line num="1053" count="23" type="stmt"/>
        <line num="1054" count="23" type="stmt"/>
        <line num="1057" count="23" type="stmt"/>
        <line num="1058" count="23" type="cond" truecount="2" falsecount="0"/>
        <line num="1059" count="23" type="stmt"/>
        <line num="1062" count="23" type="cond" truecount="1" falsecount="0"/>
        <line num="1063" count="7" type="stmt"/>
        <line num="1071" count="23" type="stmt"/>
        <line num="1077" count="23" type="cond" truecount="2" falsecount="0"/>
        <line num="1091" count="14" type="stmt"/>
        <line num="1093" count="14" type="cond" truecount="2" falsecount="0"/>
        <line num="1094" count="9" type="stmt"/>
        <line num="1097" count="9" type="stmt"/>
        <line num="1100" count="9" type="stmt"/>
        <line num="1101" count="9" type="stmt"/>
        <line num="1102" count="9" type="stmt"/>
        <line num="1106" count="9" type="stmt"/>
        <line num="1117" count="5" type="stmt"/>
        <line num="1118" count="5" type="stmt"/>
        <line num="1119" count="5" type="stmt"/>
        <line num="1122" count="5" type="stmt"/>
        <line num="1125" count="5" type="stmt"/>
        <line num="1126" count="5" type="stmt"/>
        <line num="1128" count="5" type="stmt"/>
        <line num="1129" count="5" type="stmt"/>
        <line num="1132" count="5" type="stmt"/>
        <line num="1141" count="14" type="stmt"/>
        <line num="1151" count="9" type="cond" truecount="1" falsecount="0"/>
        <line num="1152" count="9" type="stmt"/>
        <line num="1156" count="9" type="stmt"/>
        <line num="1160" count="9" type="stmt"/>
        <line num="1161" count="9" type="stmt"/>
        <line num="1162" count="9" type="stmt"/>
        <line num="1164" count="9" type="stmt"/>
        <line num="1169" count="46" type="stmt"/>
        <line num="1171" count="46" type="stmt"/>
        <line num="1172" count="9" type="cond" truecount="1" falsecount="0"/>
        <line num="1173" count="9" type="stmt"/>
        <line num="1175" count="9" type="stmt"/>
        <line num="1179" count="46" type="cond" truecount="1" falsecount="0"/>
        <line num="1181" count="7" type="stmt"/>
        <line num="1182" count="9" type="stmt"/>
        <line num="1186" count="7" type="stmt"/>
        <line num="1193" count="39" type="stmt"/>
        <line num="1197" count="123" type="stmt"/>
        <line num="1203" count="23" type="stmt"/>
        <line num="1211" count="46" type="stmt"/>
        <line num="1216" count="1" type="stmt"/>
        <line num="1219" count="1" type="stmt"/>
        <line num="1221" count="4" type="stmt"/>
        <line num="1223" count="3" type="stmt"/>
        <line num="1225" count="1" type="stmt"/>
        <line num="1227" count="1" type="stmt"/>
        <line num="1229" count="6" type="stmt"/>
        <line num="1232" count="1" type="stmt"/>
        <line num="1233" count="1" type="stmt"/>
        <line num="1235" count="1" type="stmt"/>
        <line num="1240" count="4" type="stmt"/>
        <line num="1245" count="1" type="stmt"/>
        <line num="1246" count="1" type="cond" truecount="1" falsecount="1"/>
        <line num="1247" count="1" type="stmt"/>
        <line num="1256" count="3" type="stmt"/>
        <line num="1257" count="3" type="cond" truecount="1" falsecount="0"/>
        <line num="1258" count="2" type="stmt"/>
        <line num="1259" count="2" type="cond" truecount="1" falsecount="0"/>
        <line num="1260" count="1" type="stmt"/>
        <line num="1263" count="1" type="stmt"/>
        <line num="1264" count="1" type="stmt"/>
        <line num="1266" count="1" type="stmt"/>
        <line num="1270" count="1" type="stmt"/>
        <line num="1271" count="1" type="stmt"/>
        <line num="1276" count="2" type="stmt"/>
        <line num="1277" count="2" type="stmt"/>
        <line num="1278" count="2" type="stmt"/>
        <line num="1279" count="2" type="cond" truecount="1" falsecount="1"/>
        <line num="1280" count="2" type="stmt"/>
        <line num="1281" count="2" type="cond" truecount="2" falsecount="0"/>
        <line num="1282" count="1" type="stmt"/>
        <line num="1284" count="1" type="stmt"/>
        <line num="1291" count="2" type="stmt"/>
        <line num="1300" count="28" type="stmt"/>
        <line num="1303" count="5" type="stmt"/>
        <line num="1304" count="5" type="stmt"/>
      </file>
      <file name="structuredClone.ts" path="/Users/donnie/src/github.com/floodfx/liveviewjs/packages/core/src/server/socket/structuredClone.ts">
        <metrics statements="4" coveredstatements="2" conditionals="3" coveredconditionals="2" methods="2" coveredmethods="1"/>
        <line num="6" count="9" type="stmt"/>
        <line num="11" count="17" type="cond" truecount="2" falsecount="1"/>
        <line num="12" count="0" type="stmt"/>
        <line num="19" count="0" type="stmt"/>
      </file>
      <file name="types.ts" path="/Users/donnie/src/github.com/floodfx/liveviewjs/packages/core/src/server/socket/types.ts">
        <metrics statements="6" coveredstatements="6" conditionals="2" coveredconditionals="2" methods="1" coveredmethods="1"/>
        <line num="3" count="9" type="cond" truecount="2" falsecount="0"/>
        <line num="4" count="9" type="stmt"/>
        <line num="5" count="9" type="stmt"/>
        <line num="6" count="9" type="stmt"/>
        <line num="7" count="9" type="stmt"/>
        <line num="8" count="9" type="stmt"/>
      </file>
      <file name="util.ts" path="/Users/donnie/src/github.com/floodfx/liveviewjs/packages/core/src/server/socket/util.ts">
        <metrics statements="8" coveredstatements="8" conditionals="0" coveredconditionals="0" methods="2" coveredmethods="2"/>
        <line num="1" count="9" type="stmt"/>
        <line num="3" count="9" type="stmt"/>
        <line num="4" count="124" type="stmt"/>
        <line num="5" count="124" type="stmt"/>
        <line num="6" count="124" type="stmt"/>
        <line num="7" count="124" type="stmt"/>
        <line num="10" count="9" type="stmt"/>
        <line num="11" count="8" type="stmt"/>
      </file>
      <file name="wsMessageRouter.ts" path="/Users/donnie/src/github.com/floodfx/liveviewjs/packages/core/src/server/socket/wsMessageRouter.ts">
        <metrics statements="44" coveredstatements="44" conditionals="22" coveredconditionals="21" methods="4" coveredmethods="4"/>
        <line num="6" count="8" type="stmt"/>
        <line num="8" count="8" type="stmt"/>
        <line num="9" count="8" type="stmt"/>
        <line num="15" count="8" type="stmt"/>
        <line num="31" count="16" type="stmt"/>
        <line num="32" count="16" type="stmt"/>
        <line num="33" count="16" type="stmt"/>
        <line num="34" count="16" type="stmt"/>
        <line num="35" count="16" type="stmt"/>
        <line num="36" count="16" type="stmt"/>
        <line num="53" count="21" type="cond" truecount="1" falsecount="0"/>
        <line num="55" count="1" type="stmt"/>
        <line num="59" count="1" type="stmt"/>
        <line num="63" count="20" type="stmt"/>
        <line num="66" count="20" type="cond" truecount="5" falsecount="0"/>
        <line num="67" count="19" type="stmt"/>
        <line num="68" count="19" type="stmt"/>
        <line num="69" count="19" type="stmt"/>
        <line num="70" count="19" type="cond" truecount="8" falsecount="0"/>
        <line num="74" count="11" type="cond" truecount="2" falsecount="0"/>
        <line num="75" count="10" type="stmt"/>
        <line num="76" count="1" type="cond" truecount="1" falsecount="1"/>
        <line num="78" count="1" type="stmt"/>
        <line num="86" count="9" type="stmt"/>
        <line num="89" count="1" type="stmt"/>
        <line num="93" count="1" type="stmt"/>
        <line num="100" count="6" type="stmt"/>
        <line num="101" count="5" type="stmt"/>
        <line num="103" count="1" type="stmt"/>
        <line num="106" count="4" type="stmt"/>
        <line num="109" count="1" type="stmt"/>
        <line num="116" count="1" type="stmt"/>
        <line num="124" count="10" type="stmt"/>
        <line num="125" count="10" type="stmt"/>
        <line num="126" count="10" type="cond" truecount="2" falsecount="0"/>
        <line num="127" count="10" type="cond" truecount="1" falsecount="0"/>
        <line num="128" count="1" type="stmt"/>
        <line num="130" count="9" type="stmt"/>
        <line num="133" count="9" type="stmt"/>
        <line num="134" count="9" type="cond" truecount="1" falsecount="0"/>
        <line num="135" count="1" type="stmt"/>
        <line num="137" count="8" type="stmt"/>
        <line num="140" count="8" type="stmt"/>
        <line num="151" count="8" type="stmt"/>
      </file>
    </package>
    <package name="server.templates">
      <metrics statements="132" coveredstatements="129" conditionals="105" coveredconditionals="103" methods="24" coveredmethods="24"/>
      <file name="diff.ts" path="/Users/donnie/src/github.com/floodfx/liveviewjs/packages/core/src/server/templates/diff.ts">
        <metrics statements="56" coveredstatements="53" conditionals="48" coveredconditionals="46" methods="2" coveredmethods="2"/>
        <line num="5" count="11" type="stmt"/>
        <line num="6" count="111" type="stmt"/>
        <line num="9" count="111" type="cond" truecount="1" falsecount="0"/>
        <line num="11" count="78" type="stmt"/>
        <line num="18" count="33" type="cond" truecount="1" falsecount="0"/>
        <line num="19" count="4" type="stmt"/>
        <line num="20" count="4" type="stmt"/>
        <line num="24" count="29" type="stmt"/>
        <line num="25" count="71" type="stmt"/>
        <line num="32" count="71" type="cond" truecount="2" falsecount="0"/>
        <line num="34" count="27" type="stmt"/>
        <line num="35" count="27" type="stmt"/>
        <line num="36" count="27" type="cond" truecount="1" falsecount="1"/>
        <line num="43" count="0" type="stmt"/>
        <line num="44" count="0" type="stmt"/>
        <line num="45" count="27" type="cond" truecount="1" falsecount="0"/>
        <line num="47" count="2" type="stmt"/>
        <line num="49" count="44" type="cond" truecount="2" falsecount="0"/>
        <line num="58" count="3" type="cond" truecount="1" falsecount="0"/>
        <line num="59" count="3" type="stmt"/>
        <line num="61" count="41" type="cond" truecount="1" falsecount="1"/>
        <line num="64" count="41" type="cond" truecount="4" falsecount="0"/>
        <line num="65" count="27" type="cond" truecount="1" falsecount="0"/>
        <line num="66" count="15" type="stmt"/>
        <line num="70" count="14" type="cond" truecount="4" falsecount="0"/>
        <line num="71" count="5" type="cond" truecount="1" falsecount="0"/>
        <line num="72" count="1" type="stmt"/>
        <line num="76" count="9" type="cond" truecount="4" falsecount="0"/>
        <line num="78" count="5" type="stmt"/>
        <line num="79" count="5" type="stmt"/>
        <line num="81" count="5" type="cond" truecount="3" falsecount="0"/>
        <line num="82" count="5" type="stmt"/>
        <line num="84" count="5" type="cond" truecount="1" falsecount="0"/>
        <line num="85" count="5" type="stmt"/>
        <line num="92" count="4" type="stmt"/>
        <line num="96" count="0" type="stmt"/>
        <line num="99" count="29" type="stmt"/>
        <line num="102" count="11" type="stmt"/>
        <line num="103" count="40" type="cond" truecount="1" falsecount="0"/>
        <line num="104" count="1" type="stmt"/>
        <line num="106" count="39" type="stmt"/>
        <line num="107" count="82" type="stmt"/>
        <line num="108" count="82" type="stmt"/>
        <line num="110" count="82" type="cond" truecount="4" falsecount="0"/>
        <line num="111" count="73" type="cond" truecount="1" falsecount="0"/>
        <line num="112" count="5" type="stmt"/>
        <line num="116" count="9" type="cond" truecount="3" falsecount="0"/>
        <line num="118" count="9" type="cond" truecount="4" falsecount="0"/>
        <line num="119" count="4" type="cond" truecount="1" falsecount="0"/>
        <line num="120" count="3" type="stmt"/>
        <line num="124" count="5" type="cond" truecount="3" falsecount="0"/>
        <line num="125" count="5" type="stmt"/>
        <line num="127" count="5" type="cond" truecount="1" falsecount="0"/>
        <line num="128" count="3" type="stmt"/>
        <line num="133" count="28" type="stmt"/>
        <line num="138" count="11" type="stmt"/>
      </file>
      <file name="htmlSafeString.ts" path="/Users/donnie/src/github.com/floodfx/liveviewjs/packages/core/src/server/templates/htmlSafeString.ts">
        <metrics statements="44" coveredstatements="44" conditionals="20" coveredconditionals="20" methods="10" coveredmethods="10"/>
        <line num="8" count="19" type="stmt"/>
        <line num="19" count="19" type="stmt"/>
        <line num="21" count="19" type="cond" truecount="1" falsecount="0"/>
        <line num="22" count="7" type="cond" truecount="1" falsecount="0"/>
        <line num="23" count="1" type="stmt"/>
        <line num="26" count="6" type="stmt"/>
        <line num="29" count="19" type="stmt"/>
        <line num="30" count="80" type="cond" truecount="1" falsecount="0"/>
        <line num="31" count="42" type="stmt"/>
        <line num="33" count="38" type="stmt"/>
        <line num="36" count="19" type="stmt"/>
        <line num="37" count="403" type="cond" truecount="1" falsecount="0"/>
        <line num="38" count="60" type="stmt"/>
        <line num="40" count="343" type="cond" truecount="1" falsecount="0"/>
        <line num="41" count="1" type="stmt"/>
        <line num="43" count="342" type="stmt"/>
        <line num="60" count="19" type="stmt"/>
        <line num="63" count="402" type="stmt"/>
        <line num="67" count="402" type="stmt"/>
        <line num="68" count="402" type="stmt"/>
        <line num="69" count="402" type="stmt"/>
        <line num="74" count="229" type="cond" truecount="1" falsecount="0"/>
        <line num="75" count="55" type="cond" truecount="1" falsecount="0"/>
        <line num="76" count="1" type="stmt"/>
        <line num="84" count="54" type="stmt"/>
        <line num="90" count="174" type="stmt"/>
        <line num="91" count="234" type="cond" truecount="2" falsecount="0"/>
        <line num="93" count="69" type="cond" truecount="2" falsecount="0"/>
        <line num="98" count="13" type="stmt"/>
        <line num="109" count="56" type="cond" truecount="2" falsecount="0"/>
        <line num="110" count="42" type="stmt"/>
        <line num="118" count="14" type="stmt"/>
        <line num="124" count="165" type="cond" truecount="2" falsecount="0"/>
        <line num="126" count="26" type="cond" truecount="2" falsecount="0"/>
        <line num="127" count="6" type="stmt"/>
        <line num="180" count="139" type="stmt"/>
        <line num="188" count="174" type="cond" truecount="1" falsecount="0"/>
        <line num="189" count="141" type="stmt"/>
        <line num="191" count="174" type="stmt"/>
        <line num="195" count="121" type="stmt"/>
        <line num="196" count="256" type="stmt"/>
        <line num="197" count="256" type="stmt"/>
        <line num="202" count="19" type="stmt"/>
        <line num="203" count="337" type="stmt"/>
      </file>
      <file name="index.ts" path="/Users/donnie/src/github.com/floodfx/liveviewjs/packages/core/src/server/templates/index.ts">
        <metrics statements="4" coveredstatements="4" conditionals="0" coveredconditionals="0" methods="0" coveredmethods="0"/>
        <line num="1" count="11" type="stmt"/>
        <line num="2" count="11" type="stmt"/>
        <line num="3" count="11" type="stmt"/>
        <line num="4" count="11" type="stmt"/>
      </file>
      <file name="jsCommands.ts" path="/Users/donnie/src/github.com/floodfx/liveviewjs/packages/core/src/server/templates/jsCommands.ts">
        <metrics statements="28" coveredstatements="28" conditionals="37" coveredconditionals="37" methods="12" coveredmethods="12"/>
        <line num="285" count="12" type="stmt"/>
        <line num="286" count="30" type="stmt"/>
        <line num="295" count="3" type="stmt"/>
        <line num="307" count="3" type="stmt"/>
        <line num="317" count="3" type="stmt"/>
        <line num="329" count="3" type="stmt"/>
        <line num="338" count="4" type="stmt"/>
        <line num="350" count="4" type="stmt"/>
        <line num="359" count="3" type="stmt"/>
        <line num="370" count="3" type="stmt"/>
        <line num="379" count="4" type="stmt"/>
        <line num="392" count="4" type="stmt"/>
        <line num="402" count="2" type="stmt"/>
        <line num="412" count="2" type="stmt"/>
        <line num="422" count="2" type="stmt"/>
        <line num="432" count="2" type="stmt"/>
        <line num="442" count="3" type="stmt"/>
        <line num="453" count="3" type="stmt"/>
        <line num="470" count="3" type="stmt"/>
        <line num="482" count="3" type="stmt"/>
        <line num="492" count="3" type="stmt"/>
        <line num="502" count="3" type="stmt"/>
        <line num="509" count="30" type="stmt"/>
        <line num="517" count="24" type="cond" truecount="2" falsecount="0"/>
        <line num="518" count="13" type="stmt"/>
        <line num="519" count="11" type="cond" truecount="1" falsecount="0"/>
        <line num="520" count="7" type="stmt"/>
        <line num="523" count="4" type="stmt"/>
      </file>
    </package>
    <package name="server.templates.helpers">
      <metrics statements="90" coveredstatements="90" conditionals="66" coveredconditionals="61" methods="24" coveredmethods="24"/>
      <file name="form_for.ts" path="/Users/donnie/src/github.com/floodfx/liveviewjs/packages/core/src/server/templates/helpers/form_for.ts">
        <metrics statements="7" coveredstatements="7" conditionals="8" coveredconditionals="8" methods="1" coveredmethods="1"/>
        <line num="1" count="14" type="stmt"/>
        <line num="10" count="14" type="stmt"/>
        <line num="11" count="5" type="cond" truecount="2" falsecount="0"/>
        <line num="12" count="5" type="cond" truecount="2" falsecount="0"/>
        <line num="13" count="5" type="cond" truecount="2" falsecount="0"/>
        <line num="14" count="5" type="cond" truecount="2" falsecount="0"/>
        <line num="16" count="5" type="stmt"/>
      </file>
      <file name="index.ts" path="/Users/donnie/src/github.com/floodfx/liveviewjs/packages/core/src/server/templates/helpers/index.ts">
        <metrics statements="9" coveredstatements="9" conditionals="0" coveredconditionals="0" methods="0" coveredmethods="0"/>
        <line num="1" count="13" type="stmt"/>
        <line num="2" count="13" type="stmt"/>
        <line num="3" count="13" type="stmt"/>
        <line num="4" count="13" type="stmt"/>
        <line num="5" count="13" type="stmt"/>
        <line num="6" count="13" type="stmt"/>
        <line num="7" count="13" type="stmt"/>
        <line num="8" count="13" type="stmt"/>
        <line num="9" count="13" type="stmt"/>
      </file>
      <file name="inputs.ts" path="/Users/donnie/src/github.com/floodfx/liveviewjs/packages/core/src/server/templates/helpers/inputs.ts">
        <metrics statements="18" coveredstatements="18" conditionals="19" coveredconditionals="17" methods="3" coveredmethods="3"/>
        <line num="2" count="13" type="stmt"/>
        <line num="12" count="13" type="stmt"/>
        <line num="13" count="6" type="cond" truecount="2" falsecount="0"/>
        <line num="14" count="6" type="cond" truecount="2" falsecount="0"/>
        <line num="15" count="6" type="cond" truecount="2" falsecount="0"/>
        <line num="16" count="6" type="cond" truecount="1" falsecount="1"/>
        <line num="17" count="6" type="cond" truecount="2" falsecount="0"/>
        <line num="18" count="6" type="stmt"/>
        <line num="19" count="6" type="cond" truecount="2" falsecount="0"/>
        <line num="21" count="6" type="stmt"/>
        <line num="26" count="13" type="stmt"/>
        <line num="27" count="1" type="stmt"/>
        <line num="34" count="13" type="stmt"/>
        <line num="35" count="3" type="cond" truecount="1" falsecount="1"/>
        <line num="36" count="3" type="cond" truecount="3" falsecount="0"/>
        <line num="37" count="2" type="cond" truecount="2" falsecount="0"/>
        <line num="38" count="2" type="stmt"/>
        <line num="40" count="1" type="stmt"/>
      </file>
      <file name="live_file_input.ts" path="/Users/donnie/src/github.com/floodfx/liveviewjs/packages/core/src/server/templates/helpers/live_file_input.ts">
        <metrics statements="12" coveredstatements="12" conditionals="6" coveredconditionals="4" methods="6" coveredmethods="6"/>
        <line num="2" count="14" type="stmt"/>
        <line num="9" count="14" type="stmt"/>
        <line num="10" count="3" type="stmt"/>
        <line num="11" count="3" type="cond" truecount="2" falsecount="0"/>
        <line num="12" count="3" type="stmt"/>
        <line num="13" count="3" type="stmt"/>
        <line num="14" count="3" type="cond" truecount="1" falsecount="1"/>
        <line num="15" count="1" type="stmt"/>
        <line num="17" count="3" type="stmt"/>
        <line num="18" count="3" type="cond" truecount="1" falsecount="1"/>
        <line num="19" count="1" type="stmt"/>
        <line num="21" count="3" type="stmt"/>
      </file>
      <file name="live_img_preview.ts" path="/Users/donnie/src/github.com/floodfx/liveviewjs/packages/core/src/server/templates/helpers/live_img_preview.ts">
        <metrics statements="4" coveredstatements="4" conditionals="0" coveredconditionals="0" methods="1" coveredmethods="1"/>
        <line num="2" count="14" type="stmt"/>
        <line num="4" count="14" type="stmt"/>
        <line num="5" count="1" type="stmt"/>
        <line num="6" count="1" type="stmt"/>
      </file>
      <file name="live_patch.ts" path="/Users/donnie/src/github.com/floodfx/liveviewjs/packages/core/src/server/templates/helpers/live_patch.ts">
        <metrics statements="8" coveredstatements="8" conditionals="4" coveredconditionals="4" methods="2" coveredmethods="2"/>
        <line num="1" count="14" type="stmt"/>
        <line num="12" count="3" type="stmt"/>
        <line num="13" count="3" type="stmt"/>
        <line num="14" count="3" type="cond" truecount="2" falsecount="0"/>
        <line num="15" count="2" type="stmt"/>
        <line num="17" count="1" type="stmt"/>
        <line num="21" count="14" type="stmt"/>
        <line num="26" count="3" type="cond" truecount="2" falsecount="0"/>
      </file>
      <file name="live_title_tag.ts" path="/Users/donnie/src/github.com/floodfx/liveviewjs/packages/core/src/server/templates/helpers/live_title_tag.ts">
        <metrics statements="6" coveredstatements="6" conditionals="10" coveredconditionals="10" methods="1" coveredmethods="1"/>
        <line num="1" count="14" type="stmt"/>
        <line num="8" count="14" type="stmt"/>
        <line num="9" count="3" type="cond" truecount="2" falsecount="0"/>
        <line num="10" count="3" type="cond" truecount="2" falsecount="0"/>
        <line num="11" count="3" type="cond" truecount="2" falsecount="0"/>
        <line num="12" count="3" type="cond" truecount="4" falsecount="0"/>
      </file>
      <file name="options_for_select.ts" path="/Users/donnie/src/github.com/floodfx/liveviewjs/packages/core/src/server/templates/helpers/options_for_select.ts">
        <metrics statements="16" coveredstatements="16" conditionals="11" coveredconditionals="11" methods="8" coveredmethods="8"/>
        <line num="1" count="13" type="stmt"/>
        <line num="7" count="13" type="stmt"/>
        <line num="9" count="5" type="cond" truecount="4" falsecount="0"/>
        <line num="10" count="2" type="stmt"/>
        <line num="11" count="2" type="stmt"/>
        <line num="15" count="3" type="stmt"/>
        <line num="16" count="3" type="stmt"/>
        <line num="21" count="2" type="stmt"/>
        <line num="22" count="6" type="stmt"/>
        <line num="31" count="3" type="stmt"/>
        <line num="32" count="9" type="stmt"/>
        <line num="41" count="9" type="cond" truecount="1" falsecount="0"/>
        <line num="42" count="3" type="stmt"/>
        <line num="44" count="6" type="stmt"/>
        <line num="48" count="5" type="stmt"/>
        <line num="53" count="15" type="cond" truecount="2" falsecount="0"/>
      </file>
      <file name="submit.ts" path="/Users/donnie/src/github.com/floodfx/liveviewjs/packages/core/src/server/templates/helpers/submit.ts">
        <metrics statements="10" coveredstatements="10" conditionals="8" coveredconditionals="7" methods="2" coveredmethods="2"/>
        <line num="1" count="14" type="stmt"/>
        <line num="9" count="14" type="stmt"/>
        <line num="10" count="5" type="cond" truecount="2" falsecount="0"/>
        <line num="11" count="7" type="cond" truecount="2" falsecount="0"/>
        <line num="12" count="1" type="cond" truecount="1" falsecount="1"/>
        <line num="13" count="6" type="cond" truecount="2" falsecount="0"/>
        <line num="14" count="4" type="stmt"/>
        <line num="16" count="2" type="stmt"/>
        <line num="18" count="7" type="stmt"/>
        <line num="21" count="5" type="stmt"/>
      </file>
    </package>
    <package name="server.upload">
      <metrics statements="105" coveredstatements="105" conditionals="18" coveredconditionals="18" methods="14" coveredmethods="14"/>
      <file name="binaryUploadSerDe.ts" path="/Users/donnie/src/github.com/floodfx/liveviewjs/packages/core/src/server/upload/binaryUploadSerDe.ts">
        <metrics statements="36" coveredstatements="36" conditionals="0" coveredconditionals="0" methods="2" coveredmethods="2"/>
        <line num="11" count="9" type="stmt"/>
        <line num="14" count="6" type="stmt"/>
        <line num="15" count="6" type="stmt"/>
        <line num="16" count="6" type="stmt"/>
        <line num="22" count="6" type="stmt"/>
        <line num="23" count="6" type="stmt"/>
        <line num="24" count="6" type="stmt"/>
        <line num="25" count="6" type="stmt"/>
        <line num="30" count="6" type="stmt"/>
        <line num="32" count="6" type="stmt"/>
        <line num="33" count="6" type="stmt"/>
        <line num="34" count="6" type="stmt"/>
        <line num="35" count="6" type="stmt"/>
        <line num="36" count="6" type="stmt"/>
        <line num="37" count="6" type="stmt"/>
        <line num="38" count="6" type="stmt"/>
        <line num="39" count="6" type="stmt"/>
        <line num="40" count="6" type="stmt"/>
        <line num="41" count="6" type="stmt"/>
        <line num="42" count="6" type="stmt"/>
        <line num="43" count="6" type="stmt"/>
        <line num="44" count="6" type="stmt"/>
        <line num="48" count="6" type="stmt"/>
        <line num="51" count="6" type="stmt"/>
        <line num="52" count="6" type="stmt"/>
        <line num="61" count="3" type="stmt"/>
        <line num="62" count="3" type="stmt"/>
        <line num="63" count="3" type="stmt"/>
        <line num="64" count="3" type="stmt"/>
        <line num="65" count="3" type="stmt"/>
        <line num="66" count="3" type="stmt"/>
        <line num="67" count="3" type="stmt"/>
        <line num="68" count="3" type="stmt"/>
        <line num="69" count="3" type="stmt"/>
        <line num="70" count="3" type="stmt"/>
        <line num="71" count="3" type="stmt"/>
      </file>
      <file name="index.ts" path="/Users/donnie/src/github.com/floodfx/liveviewjs/packages/core/src/server/upload/index.ts">
        <metrics statements="2" coveredstatements="2" conditionals="0" coveredconditionals="0" methods="0" coveredmethods="0"/>
        <line num="1" count="13" type="stmt"/>
        <line num="2" count="13" type="stmt"/>
      </file>
      <file name="uploadConfig.ts" path="/Users/donnie/src/github.com/floodfx/liveviewjs/packages/core/src/server/upload/uploadConfig.ts">
        <metrics statements="26" coveredstatements="26" conditionals="11" coveredconditionals="11" methods="7" coveredmethods="7"/>
        <line num="1" count="13" type="stmt"/>
        <line num="69" count="13" type="stmt"/>
        <line num="71" count="12" type="stmt"/>
        <line num="72" count="12" type="cond" truecount="2" falsecount="0"/>
        <line num="73" count="12" type="cond" truecount="2" falsecount="0"/>
        <line num="74" count="12" type="cond" truecount="2" falsecount="0"/>
        <line num="75" count="12" type="cond" truecount="2" falsecount="0"/>
        <line num="76" count="12" type="stmt"/>
        <line num="77" count="12" type="stmt"/>
        <line num="78" count="12" type="stmt"/>
        <line num="86" count="7" type="stmt"/>
        <line num="87" count="7" type="stmt"/>
        <line num="95" count="1" type="stmt"/>
        <line num="96" count="1" type="cond" truecount="1" falsecount="0"/>
        <line num="97" count="1" type="stmt"/>
        <line num="99" count="1" type="stmt"/>
        <line num="107" count="1" type="stmt"/>
        <line num="108" count="1" type="stmt"/>
        <line num="109" count="1" type="stmt"/>
        <line num="110" count="1" type="stmt"/>
        <line num="114" count="9" type="stmt"/>
        <line num="115" count="9" type="cond" truecount="1" falsecount="0"/>
        <line num="116" count="1" type="stmt"/>
        <line num="119" count="9" type="stmt"/>
        <line num="120" count="8" type="cond" truecount="1" falsecount="0"/>
        <line num="121" count="3" type="stmt"/>
      </file>
      <file name="uploadEntry.ts" path="/Users/donnie/src/github.com/floodfx/liveviewjs/packages/core/src/server/upload/uploadEntry.ts">
        <metrics statements="41" coveredstatements="41" conditionals="7" coveredconditionals="7" methods="5" coveredmethods="5"/>
        <line num="1" count="13" type="stmt"/>
        <line num="3" count="13" type="stmt"/>
        <line num="64" count="13" type="stmt"/>
        <line num="70" count="12" type="stmt"/>
        <line num="71" count="12" type="stmt"/>
        <line num="72" count="12" type="stmt"/>
        <line num="73" count="12" type="stmt"/>
        <line num="74" count="12" type="stmt"/>
        <line num="75" count="12" type="stmt"/>
        <line num="76" count="12" type="stmt"/>
        <line num="77" count="12" type="stmt"/>
        <line num="78" count="12" type="stmt"/>
        <line num="79" count="12" type="stmt"/>
        <line num="80" count="12" type="stmt"/>
        <line num="81" count="12" type="stmt"/>
        <line num="82" count="12" type="stmt"/>
        <line num="83" count="12" type="stmt"/>
        <line num="84" count="12" type="stmt"/>
        <line num="88" count="4" type="stmt"/>
        <line num="89" count="4" type="stmt"/>
        <line num="90" count="4" type="stmt"/>
        <line num="94" count="12" type="stmt"/>
        <line num="97" count="12" type="cond" truecount="1" falsecount="0"/>
        <line num="98" count="1" type="stmt"/>
        <line num="102" count="12" type="cond" truecount="1" falsecount="0"/>
        <line num="105" count="8" type="stmt"/>
        <line num="106" count="8" type="stmt"/>
        <line num="107" count="8" type="stmt"/>
        <line num="108" count="8" type="cond" truecount="2" falsecount="0"/>
        <line num="110" count="7" type="stmt"/>
        <line num="111" count="7" type="cond" truecount="1" falsecount="0"/>
        <line num="112" count="1" type="stmt"/>
        <line num="113" count="1" type="stmt"/>
        <line num="117" count="1" type="cond" truecount="1" falsecount="0"/>
        <line num="118" count="1" type="stmt"/>
        <line num="119" count="1" type="stmt"/>
        <line num="123" count="8" type="cond" truecount="1" falsecount="0"/>
        <line num="124" count="6" type="stmt"/>
        <line num="127" count="12" type="stmt"/>
        <line num="131" count="1" type="stmt"/>
        <line num="135" count="2" type="stmt"/>
      </file>
    </package>
  </project>
</coverage>
