<?xml version="1.0" encoding="UTF-8"?>
<coverage generated="1661742695279" clover="3.2.0">
  <project timestamp="1661742695279" name="All files">
    <metrics statements="980" coveredstatements="980" conditionals="335" coveredconditionals="316" methods="212" coveredmethods="195" elements="1527" coveredelements="1491" complexity="0" loc="980" ncloc="980" packages="10" files="37" classes="37"/>
    <package name="server">
      <metrics statements="10" coveredstatements="10" conditionals="0" coveredconditionals="0" methods="0" coveredmethods="0"/>
      <file name="index.ts" path="/Users/donnie/src/github.com/floodfx/liveviewjs/packages/core/src/server/index.ts">
        <metrics statements="10" coveredstatements="10" conditionals="0" coveredconditionals="0" methods="0" coveredmethods="0"/>
        <line num="1" count="8" type="stmt"/>
        <line num="2" count="8" type="stmt"/>
        <line num="3" count="8" type="stmt"/>
        <line num="4" count="8" type="stmt"/>
        <line num="5" count="8" type="stmt"/>
        <line num="6" count="8" type="stmt"/>
        <line num="7" count="8" type="stmt"/>
        <line num="8" count="8" type="stmt"/>
        <line num="9" count="8" type="stmt"/>
        <line num="10" count="8" type="stmt"/>
      </file>
    </package>
    <package name="server.adaptor">
      <metrics statements="67" coveredstatements="67" conditionals="10" coveredconditionals="10" methods="8" coveredmethods="8"/>
      <file name="http.ts" path="/Users/donnie/src/github.com/floodfx/liveviewjs/packages/core/src/server/adaptor/http.ts">
        <metrics statements="41" coveredstatements="41" conditionals="8" coveredconditionals="8" methods="2" coveredmethods="2"/>
        <line num="1" count="9" type="stmt"/>
        <line num="11" count="9" type="stmt"/>
        <line num="12" count="9" type="stmt"/>
        <line num="58" count="9" type="stmt"/>
        <line num="67" count="6" type="stmt"/>
        <line num="69" count="6" type="stmt"/>
        <line num="72" count="6" type="stmt"/>
        <line num="73" count="6" type="cond" truecount="1" falsecount="0"/>
        <line num="74" count="6" type="stmt"/>
        <line num="78" count="6" type="stmt"/>
        <line num="81" count="6" type="stmt"/>
        <line num="84" count="6" type="cond" truecount="1" falsecount="0"/>
        <line num="85" count="1" type="stmt"/>
        <line num="86" count="1" type="stmt"/>
        <line num="87" count="1" type="stmt"/>
        <line num="91" count="5" type="stmt"/>
        <line num="92" count="5" type="stmt"/>
        <line num="95" count="5" type="cond" truecount="1" falsecount="0"/>
        <line num="96" count="1" type="stmt"/>
        <line num="97" count="1" type="stmt"/>
        <line num="98" count="1" type="stmt"/>
        <line num="102" count="4" type="stmt"/>
        <line num="103" count="4" type="stmt"/>
        <line num="110" count="3" type="cond" truecount="2" falsecount="0"/>
        <line num="111" count="3" type="stmt"/>
        <line num="114" count="3" type="stmt"/>
        <line num="117" count="3" type="stmt"/>
        <line num="120" count="3" type="stmt"/>
        <line num="121" count="3" type="stmt"/>
        <line num="124" count="3" type="stmt"/>
        <line num="125" count="3" type="stmt"/>
        <line num="127" count="3" type="stmt"/>
        <line num="135" count="4" type="stmt"/>
        <line num="136" count="4" type="stmt"/>
        <line num="140" count="4" type="stmt"/>
        <line num="144" count="4" type="stmt"/>
        <line num="145" count="4" type="cond" truecount="1" falsecount="0"/>
        <line num="146" count="1" type="stmt"/>
        <line num="151" count="4" type="stmt"/>
        <line num="162" count="4" type="cond" truecount="2" falsecount="0"/>
        <line num="163" count="4" type="stmt"/>
      </file>
      <file name="index.ts" path="/Users/donnie/src/github.com/floodfx/liveviewjs/packages/core/src/server/adaptor/index.ts">
        <metrics statements="8" coveredstatements="8" conditionals="0" coveredconditionals="0" methods="0" coveredmethods="0"/>
        <line num="1" count="8" type="stmt"/>
        <line num="2" count="8" type="stmt"/>
        <line num="3" count="8" type="stmt"/>
        <line num="4" count="8" type="stmt"/>
        <line num="5" count="8" type="stmt"/>
        <line num="6" count="8" type="stmt"/>
        <line num="7" count="8" type="stmt"/>
        <line num="8" count="8" type="stmt"/>
      </file>
      <file name="jsonSerDe.ts" path="/Users/donnie/src/github.com/floodfx/liveviewjs/packages/core/src/server/adaptor/jsonSerDe.ts">
        <metrics statements="3" coveredstatements="3" conditionals="0" coveredconditionals="0" methods="2" coveredmethods="2"/>
        <line num="7" count="5" type="stmt"/>
        <line num="9" count="4" type="stmt"/>
        <line num="13" count="47" type="stmt"/>
      </file>
      <file name="sessionFlashAdaptor.ts" path="/Users/donnie/src/github.com/floodfx/liveviewjs/packages/core/src/server/adaptor/sessionFlashAdaptor.ts">
        <metrics statements="11" coveredstatements="11" conditionals="2" coveredconditionals="2" methods="4" coveredmethods="4"/>
        <line num="8" count="9" type="stmt"/>
        <line num="10" count="3" type="cond" truecount="1" falsecount="0"/>
        <line num="14" count="3" type="stmt"/>
        <line num="23" count="4" type="stmt"/>
        <line num="24" count="4" type="stmt"/>
        <line num="25" count="4" type="stmt"/>
        <line num="29" count="7" type="cond" truecount="1" falsecount="0"/>
        <line num="33" count="7" type="stmt"/>
        <line num="34" count="7" type="stmt"/>
        <line num="43" count="1" type="stmt"/>
        <line num="44" count="1" type="stmt"/>
      </file>
      <file name="testFilesAdatptor.ts" path="/Users/donnie/src/github.com/floodfx/liveviewjs/packages/core/src/server/adaptor/testFilesAdatptor.ts">
        <metrics statements="4" coveredstatements="4" conditionals="0" coveredconditionals="0" methods="0" coveredmethods="0"/>
        <line num="1" count="4" type="stmt"/>
        <line num="2" count="4" type="stmt"/>
        <line num="3" count="4" type="stmt"/>
        <line num="10" count="4" type="stmt"/>
      </file>
    </package>
    <package name="server.changeset">
      <metrics statements="17" coveredstatements="17" conditionals="9" coveredconditionals="9" methods="3" coveredmethods="3"/>
      <file name="changeset.ts" path="/Users/donnie/src/github.com/floodfx/liveviewjs/packages/core/src/server/changeset/changeset.ts">
        <metrics statements="16" coveredstatements="16" conditionals="9" coveredconditionals="9" methods="3" coveredmethods="3"/>
        <line num="1" count="10" type="stmt"/>
        <line num="64" count="10" type="stmt"/>
        <line num="65" count="2" type="stmt"/>
        <line num="66" count="9" type="stmt"/>
        <line num="67" count="9" type="stmt"/>
        <line num="70" count="9" type="cond" truecount="1" falsecount="0"/>
        <line num="73" count="8" type="cond" truecount="2" falsecount="0"/>
        <line num="74" count="8" type="stmt"/>
        <line num="76" count="15" type="cond" truecount="1" falsecount="0"/>
        <line num="77" count="2" type="cond" truecount="1" falsecount="0"/>
        <line num="79" count="1" type="stmt"/>
        <line num="80" count="1" type="stmt"/>
        <line num="83" count="1" type="stmt"/>
        <line num="86" count="13" type="stmt"/>
        <line num="87" count="13" type="stmt"/>
        <line num="90" count="9" type="stmt"/>
      </file>
      <file name="index.ts" path="/Users/donnie/src/github.com/floodfx/liveviewjs/packages/core/src/server/changeset/index.ts">
        <metrics statements="1" coveredstatements="1" conditionals="0" coveredconditionals="0" methods="0" coveredmethods="0"/>
        <line num="1" count="9" type="stmt"/>
      </file>
    </package>
    <package name="server.live">
      <metrics statements="23" coveredstatements="23" conditionals="2" coveredconditionals="2" methods="23" coveredmethods="18"/>
      <file name="index.ts" path="/Users/donnie/src/github.com/floodfx/liveviewjs/packages/core/src/server/live/index.ts">
        <metrics statements="3" coveredstatements="3" conditionals="0" coveredconditionals="0" methods="0" coveredmethods="0"/>
        <line num="1" count="9" type="stmt"/>
        <line num="2" count="9" type="stmt"/>
        <line num="3" count="9" type="stmt"/>
      </file>
      <file name="liveComponent.ts" path="/Users/donnie/src/github.com/floodfx/liveviewjs/packages/core/src/server/live/liveComponent.ts">
        <metrics statements="17" coveredstatements="17" conditionals="2" coveredconditionals="2" methods="14" coveredmethods="12"/>
        <line num="71" count="40" type="stmt"/>
        <line num="72" count="40" type="cond" truecount="2" falsecount="0"/>
        <line num="76" count="68" type="stmt"/>
        <line num="80" count="8" type="stmt"/>
        <line num="97" count="9" type="stmt"/>
        <line num="101" count="8" type="stmt"/>
        <line num="104" count="8" type="stmt"/>
        <line num="108" count="9" type="stmt"/>
        <line num="112" count="32" type="stmt"/>
        <line num="123" count="32" type="stmt"/>
        <line num="124" count="32" type="stmt"/>
        <line num="125" count="32" type="stmt"/>
        <line num="129" count="6" type="stmt"/>
        <line num="133" count="6" type="stmt"/>
        <line num="211" count="9" type="stmt"/>
        <line num="255" count="9" type="stmt"/>
        <line num="262" count="3" type="stmt"/>
      </file>
      <file name="liveView.ts" path="/Users/donnie/src/github.com/floodfx/liveviewjs/packages/core/src/server/live/liveView.ts">
        <metrics statements="3" coveredstatements="3" conditionals="0" coveredconditionals="0" methods="9" coveredmethods="6"/>
        <line num="147" count="9" type="stmt"/>
        <line num="199" count="9" type="stmt"/>
        <line num="206" count="13" type="stmt"/>
      </file>
    </package>
    <package name="server.mime">
      <metrics statements="20" coveredstatements="20" conditionals="6" coveredconditionals="5" methods="7" coveredmethods="7"/>
      <file name="index.ts" path="/Users/donnie/src/github.com/floodfx/liveviewjs/packages/core/src/server/mime/index.ts">
        <metrics statements="20" coveredstatements="20" conditionals="6" coveredconditionals="5" methods="7" coveredmethods="7"/>
        <line num="6" count="14" type="stmt"/>
        <line num="36" count="14" type="stmt"/>
        <line num="37" count="14" type="stmt"/>
        <line num="39" count="14" type="stmt"/>
        <line num="48" count="9209" type="cond" truecount="2" falsecount="0"/>
        <line num="57" count="8" type="cond" truecount="2" falsecount="0"/>
        <line num="61" count="18" type="stmt"/>
        <line num="65" count="16" type="cond" truecount="0" falsecount="1"/>
        <line num="66" count="16" type="stmt"/>
        <line num="67" count="16" type="stmt"/>
        <line num="73" count="5" type="stmt"/>
        <line num="76" count="4" type="stmt"/>
        <line num="77" count="9208" type="stmt"/>
        <line num="78" count="9208" type="stmt"/>
        <line num="79" count="4940" type="cond" truecount="1" falsecount="0"/>
        <line num="80" count="3567" type="stmt"/>
        <line num="82" count="4940" type="stmt"/>
        <line num="85" count="4" type="stmt"/>
        <line num="95" count="14" type="stmt"/>
        <line num="97" count="14" type="stmt"/>
      </file>
    </package>
    <package name="server.pubsub">
      <metrics statements="15" coveredstatements="15" conditionals="0" coveredconditionals="0" methods="3" coveredmethods="3"/>
      <file name="index.ts" path="/Users/donnie/src/github.com/floodfx/liveviewjs/packages/core/src/server/pubsub/index.ts">
        <metrics statements="2" coveredstatements="2" conditionals="0" coveredconditionals="0" methods="0" coveredmethods="0"/>
        <line num="1" count="8" type="stmt"/>
        <line num="2" count="8" type="stmt"/>
      </file>
      <file name="singleProcessPubSub.ts" path="/Users/donnie/src/github.com/floodfx/liveviewjs/packages/core/src/server/pubsub/singleProcessPubSub.ts">
        <metrics statements="13" coveredstatements="13" conditionals="0" coveredconditionals="0" methods="3" coveredmethods="3"/>
        <line num="1" count="8" type="stmt"/>
        <line num="2" count="8" type="stmt"/>
        <line num="11" count="8" type="stmt"/>
        <line num="13" count="8" type="stmt"/>
        <line num="14" count="73" type="stmt"/>
        <line num="17" count="150" type="stmt"/>
        <line num="19" count="150" type="stmt"/>
        <line num="20" count="150" type="stmt"/>
        <line num="21" count="150" type="stmt"/>
        <line num="25" count="11" type="stmt"/>
        <line num="30" count="133" type="stmt"/>
        <line num="31" count="133" type="stmt"/>
        <line num="33" count="133" type="stmt"/>
      </file>
    </package>
    <package name="server.socket">
      <metrics statements="498" coveredstatements="498" conditionals="117" coveredconditionals="104" methods="106" coveredmethods="94"/>
      <file name="index.ts" path="/Users/donnie/src/github.com/floodfx/liveviewjs/packages/core/src/server/socket/index.ts">
        <metrics statements="3" coveredstatements="3" conditionals="0" coveredconditionals="0" methods="0" coveredmethods="0"/>
        <line num="1" count="8" type="stmt"/>
        <line num="2" count="8" type="stmt"/>
        <line num="3" count="8" type="stmt"/>
      </file>
      <file name="liveSocket.ts" path="/Users/donnie/src/github.com/floodfx/liveviewjs/packages/core/src/server/socket/liveSocket.ts">
        <metrics statements="46" coveredstatements="46" conditionals="9" coveredconditionals="9" methods="33" coveredmethods="21"/>
        <line num="3" count="9" type="stmt"/>
        <line num="173" count="69" type="stmt"/>
        <line num="176" count="300" type="cond" truecount="2" falsecount="0"/>
        <line num="180" count="52" type="stmt"/>
        <line num="187" count="1" type="stmt"/>
        <line num="250" count="136" type="cond" truecount="1" falsecount="0"/>
        <line num="251" count="1" type="stmt"/>
        <line num="260" count="9" type="stmt"/>
        <line num="265" count="14" type="stmt"/>
        <line num="266" count="14" type="stmt"/>
        <line num="270" count="14" type="stmt"/>
        <line num="271" count="14" type="stmt"/>
        <line num="275" count="15" type="stmt"/>
        <line num="279" count="4" type="cond" truecount="2" falsecount="0"/>
        <line num="280" count="4" type="stmt"/>
        <line num="284" count="4" type="stmt"/>
        <line num="288" count="1" type="stmt"/>
        <line num="289" count="1" type="stmt"/>
        <line num="298" count="9" type="stmt"/>
        <line num="303" count="55" type="stmt"/>
        <line num="342" count="55" type="stmt"/>
        <line num="343" count="55" type="stmt"/>
        <line num="344" count="55" type="stmt"/>
        <line num="345" count="55" type="stmt"/>
        <line num="346" count="55" type="stmt"/>
        <line num="347" count="55" type="stmt"/>
        <line num="348" count="55" type="stmt"/>
        <line num="349" count="55" type="stmt"/>
        <line num="350" count="55" type="stmt"/>
        <line num="351" count="55" type="stmt"/>
        <line num="352" count="55" type="stmt"/>
        <line num="353" count="55" type="stmt"/>
        <line num="354" count="55" type="stmt"/>
        <line num="355" count="55" type="stmt"/>
        <line num="358" count="2" type="stmt"/>
        <line num="361" count="2" type="stmt"/>
        <line num="364" count="2" type="stmt"/>
        <line num="367" count="7" type="stmt"/>
        <line num="370" count="6" type="stmt"/>
        <line num="373" count="2" type="stmt"/>
        <line num="376" count="8" type="stmt"/>
        <line num="379" count="2" type="stmt"/>
        <line num="382" count="5" type="stmt"/>
        <line num="385" count="2" type="stmt"/>
        <line num="391" count="4" type="stmt"/>
        <line num="394" count="3" type="stmt"/>
      </file>
      <file name="liveViewManager.ts" path="/Users/donnie/src/github.com/floodfx/liveviewjs/packages/core/src/server/socket/liveViewManager.ts">
        <metrics statements="393" coveredstatements="393" conditionals="84" coveredconditionals="72" methods="66" coveredmethods="66"/>
        <line num="1" count="8" type="stmt"/>
        <line num="2" count="8" type="stmt"/>
        <line num="7" count="8" type="stmt"/>
        <line num="22" count="8" type="stmt"/>
        <line num="23" count="8" type="stmt"/>
        <line num="24" count="8" type="stmt"/>
        <line num="25" count="8" type="stmt"/>
        <line num="26" count="8" type="stmt"/>
        <line num="27" count="8" type="stmt"/>
        <line num="49" count="8" type="stmt"/>
        <line num="91" count="8" type="stmt"/>
        <line num="97" count="100" type="stmt"/>
        <line num="100" count="100" type="stmt"/>
        <line num="106" count="100" type="stmt"/>
        <line num="111" count="100" type="stmt"/>
        <line num="112" count="100" type="stmt"/>
        <line num="115" count="100" type="stmt"/>
        <line num="119" count="100" type="stmt"/>
        <line num="122" count="100" type="stmt"/>
        <line num="134" count="100" type="stmt"/>
        <line num="135" count="100" type="stmt"/>
        <line num="136" count="100" type="stmt"/>
        <line num="137" count="100" type="stmt"/>
        <line num="138" count="100" type="stmt"/>
        <line num="139" count="100" type="stmt"/>
        <line num="140" count="100" type="stmt"/>
        <line num="141" count="100" type="stmt"/>
        <line num="144" count="100" type="stmt"/>
        <line num="146" count="100" type="stmt"/>
        <line num="156" count="48" type="stmt"/>
        <line num="157" count="48" type="stmt"/>
        <line num="158" count="48" type="stmt"/>
        <line num="161" count="48" type="stmt"/>
        <line num="162" count="48" type="cond" truecount="3" falsecount="0"/>
        <line num="163" count="1" type="stmt"/>
        <line num="166" count="47" type="cond" truecount="1" falsecount="1"/>
        <line num="168" count="47" type="stmt"/>
        <line num="171" count="47" type="stmt"/>
        <line num="173" count="47" type="stmt"/>
        <line num="176" count="47" type="stmt"/>
        <line num="178" count="47" type="cond" truecount="1" falsecount="0"/>
        <line num="179" count="1" type="stmt"/>
        <line num="180" count="1" type="stmt"/>
        <line num="184" count="46" type="stmt"/>
        <line num="186" count="46" type="stmt"/>
        <line num="188" count="46" type="stmt"/>
        <line num="191" count="46" type="stmt"/>
        <line num="192" count="46" type="stmt"/>
        <line num="193" count="46" type="stmt"/>
        <line num="197" count="46" type="stmt"/>
        <line num="199" count="46" type="stmt"/>
        <line num="201" count="46" type="stmt"/>
        <line num="203" count="46" type="stmt"/>
        <line num="205" count="46" type="stmt"/>
        <line num="207" count="46" type="stmt"/>
        <line num="210" count="46" type="stmt"/>
        <line num="216" count="46" type="stmt"/>
        <line num="219" count="46" type="stmt"/>
        <line num="222" count="46" type="stmt"/>
        <line num="224" count="1" type="stmt"/>
        <line num="235" count="67" type="stmt"/>
        <line num="236" count="67" type="stmt"/>
        <line num="237" count="67" type="cond" truecount="9" falsecount="0"/>
        <line num="239" count="6" type="stmt"/>
        <line num="240" count="6" type="stmt"/>
        <line num="242" count="27" type="stmt"/>
        <line num="243" count="27" type="stmt"/>
        <line num="245" count="1" type="stmt"/>
        <line num="246" count="1" type="stmt"/>
        <line num="248" count="14" type="stmt"/>
        <line num="249" count="14" type="stmt"/>
        <line num="251" count="8" type="stmt"/>
        <line num="252" count="8" type="stmt"/>
        <line num="254" count="4" type="stmt"/>
        <line num="255" count="4" type="stmt"/>
        <line num="257" count="5" type="stmt"/>
        <line num="258" count="5" type="stmt"/>
        <line num="260" count="1" type="stmt"/>
        <line num="261" count="1" type="stmt"/>
        <line num="263" count="1" type="stmt"/>
        <line num="292" count="54" type="stmt"/>
        <line num="293" count="54" type="stmt"/>
        <line num="294" count="54" type="stmt"/>
        <line num="296" count="54" type="stmt"/>
        <line num="297" count="54" type="cond" truecount="8" falsecount="0"/>
        <line num="300" count="35" type="cond" truecount="1" falsecount="0"/>
        <line num="301" count="1" type="stmt"/>
        <line num="302" count="1" type="stmt"/>
        <line num="303" count="1" type="stmt"/>
        <line num="305" count="35" type="stmt"/>
        <line num="306" count="35" type="stmt"/>
        <line num="312" count="10" type="stmt"/>
        <line num="313" count="10" type="stmt"/>
        <line num="316" count="7" type="stmt"/>
        <line num="318" count="7" type="cond" truecount="2" falsecount="0"/>
        <line num="319" count="5" type="cond" truecount="1" falsecount="0"/>
        <line num="320" count="1" type="stmt"/>
        <line num="323" count="1" type="stmt"/>
        <line num="326" count="2" type="cond" truecount="1" falsecount="0"/>
        <line num="327" count="1" type="stmt"/>
        <line num="330" count="1" type="stmt"/>
        <line num="335" count="6" type="cond" truecount="1" falsecount="0"/>
        <line num="336" count="6" type="stmt"/>
        <line num="338" count="6" type="stmt"/>
        <line num="339" count="6" type="cond" truecount="3" falsecount="0"/>
        <line num="340" count="4" type="stmt"/>
        <line num="342" count="4" type="cond" truecount="1" falsecount="0"/>
        <line num="343" count="4" type="stmt"/>
        <line num="344" count="4" type="stmt"/>
        <line num="346" count="4" type="stmt"/>
        <line num="352" count="6" type="stmt"/>
        <line num="354" count="2" type="stmt"/>
        <line num="355" count="2" type="stmt"/>
        <line num="359" count="51" type="stmt"/>
        <line num="366" count="51" type="cond" truecount="2" falsecount="0"/>
        <line num="370" count="7" type="stmt"/>
        <line num="371" count="7" type="cond" truecount="2" falsecount="0"/>
        <line num="372" count="5" type="stmt"/>
        <line num="374" count="5" type="stmt"/>
        <line num="375" count="5" type="cond" truecount="1" falsecount="1"/>
        <line num="377" count="5" type="stmt"/>
        <line num="380" count="5" type="cond" truecount="1" falsecount="1"/>
        <line num="385" count="5" type="stmt"/>
        <line num="389" count="5" type="stmt"/>
        <line num="392" count="5" type="stmt"/>
        <line num="393" count="5" type="stmt"/>
        <line num="395" count="5" type="stmt"/>
        <line num="402" count="5" type="stmt"/>
        <line num="409" count="5" type="stmt"/>
        <line num="412" count="5" type="stmt"/>
        <line num="419" count="5" type="stmt"/>
        <line num="422" count="5" type="stmt"/>
        <line num="425" count="5" type="stmt"/>
        <line num="434" count="2" type="stmt"/>
        <line num="435" count="2" type="stmt"/>
        <line num="442" count="44" type="stmt"/>
        <line num="445" count="44" type="stmt"/>
        <line num="446" count="44" type="cond" truecount="2" falsecount="0"/>
        <line num="447" count="43" type="stmt"/>
        <line num="450" count="1" type="stmt"/>
        <line num="455" count="44" type="stmt"/>
        <line num="463" count="44" type="stmt"/>
        <line num="466" count="44" type="stmt"/>
        <line num="469" count="44" type="stmt"/>
        <line num="470" count="44" type="stmt"/>
        <line num="472" count="44" type="stmt"/>
        <line num="474" count="44" type="stmt"/>
        <line num="475" count="44" type="stmt"/>
        <line num="477" count="44" type="stmt"/>
        <line num="484" count="44" type="stmt"/>
        <line num="487" count="44" type="stmt"/>
        <line num="490" count="44" type="stmt"/>
        <line num="499" count="4" type="stmt"/>
        <line num="500" count="4" type="stmt"/>
        <line num="502" count="4" type="stmt"/>
        <line num="504" count="4" type="stmt"/>
        <line num="506" count="4" type="stmt"/>
        <line num="509" count="4" type="stmt"/>
        <line num="512" count="4" type="stmt"/>
        <line num="513" count="4" type="stmt"/>
        <line num="515" count="4" type="stmt"/>
        <line num="518" count="4" type="stmt"/>
        <line num="519" count="4" type="stmt"/>
        <line num="522" count="4" type="stmt"/>
        <line num="528" count="4" type="stmt"/>
        <line num="531" count="4" type="stmt"/>
        <line num="532" count="4" type="stmt"/>
        <line num="534" count="4" type="stmt"/>
        <line num="541" count="4" type="stmt"/>
        <line num="550" count="4" type="stmt"/>
        <line num="553" count="4" type="stmt"/>
        <line num="556" count="4" type="stmt"/>
        <line num="564" count="7" type="stmt"/>
        <line num="565" count="7" type="stmt"/>
        <line num="566" count="7" type="stmt"/>
        <line num="568" count="7" type="stmt"/>
        <line num="572" count="7" type="stmt"/>
        <line num="577" count="7" type="stmt"/>
        <line num="585" count="5" type="stmt"/>
        <line num="589" count="5" type="stmt"/>
        <line num="591" count="5" type="stmt"/>
        <line num="593" count="5" type="stmt"/>
        <line num="597" count="5" type="stmt"/>
        <line num="600" count="5" type="stmt"/>
        <line num="601" count="5" type="cond" truecount="1" falsecount="0"/>
        <line num="603" count="1" type="stmt"/>
        <line num="604" count="1" type="cond" truecount="0" falsecount="1"/>
        <line num="610" count="1" type="stmt"/>
        <line num="612" count="1" type="stmt"/>
        <line num="614" count="1" type="stmt"/>
        <line num="618" count="5" type="stmt"/>
        <line num="619" count="5" type="stmt"/>
        <line num="620" count="5" type="stmt"/>
        <line num="621" count="1" type="stmt"/>
        <line num="623" count="1" type="cond" truecount="1" falsecount="0"/>
        <line num="624" count="1" type="stmt"/>
        <line num="626" count="1" type="stmt"/>
        <line num="627" count="1" type="cond" truecount="1" falsecount="0"/>
        <line num="628" count="1" type="stmt"/>
        <line num="633" count="5" type="cond" truecount="1" falsecount="0"/>
        <line num="634" count="5" type="stmt"/>
        <line num="638" count="5" type="stmt"/>
        <line num="655" count="2" type="stmt"/>
        <line num="656" count="2" type="stmt"/>
        <line num="658" count="2" type="stmt"/>
        <line num="662" count="2" type="stmt"/>
        <line num="663" count="2" type="cond" truecount="1" falsecount="1"/>
        <line num="664" count="2" type="stmt"/>
        <line num="665" count="2" type="cond" truecount="1" falsecount="0"/>
        <line num="666" count="2" type="stmt"/>
        <line num="668" count="2" type="stmt"/>
        <line num="670" count="2" type="stmt"/>
        <line num="676" count="2" type="stmt"/>
        <line num="679" count="2" type="stmt"/>
        <line num="682" count="2" type="stmt"/>
        <line num="683" count="2" type="stmt"/>
        <line num="685" count="2" type="stmt"/>
        <line num="688" count="2" type="stmt"/>
        <line num="689" count="2" type="stmt"/>
        <line num="691" count="2" type="stmt"/>
        <line num="698" count="2" type="stmt"/>
        <line num="701" count="2" type="stmt"/>
        <line num="704" count="2" type="stmt"/>
        <line num="717" count="15" type="stmt"/>
        <line num="718" count="15" type="stmt"/>
        <line num="720" count="15" type="stmt"/>
        <line num="721" count="15" type="stmt"/>
        <line num="723" count="15" type="stmt"/>
        <line num="724" count="15" type="stmt"/>
        <line num="728" count="15" type="stmt"/>
        <line num="731" count="15" type="stmt"/>
        <line num="734" count="15" type="stmt"/>
        <line num="735" count="15" type="stmt"/>
        <line num="737" count="15" type="stmt"/>
        <line num="740" count="15" type="stmt"/>
        <line num="741" count="15" type="stmt"/>
        <line num="743" count="15" type="stmt"/>
        <line num="750" count="15" type="stmt"/>
        <line num="753" count="15" type="stmt"/>
        <line num="756" count="15" type="stmt"/>
        <line num="769" count="7" type="stmt"/>
        <line num="778" count="8" type="stmt"/>
        <line num="785" count="93" type="stmt"/>
        <line num="787" count="93" type="stmt"/>
        <line num="788" count="133" type="stmt"/>
        <line num="789" count="133" type="stmt"/>
        <line num="793" count="93" type="stmt"/>
        <line num="807" count="1" type="stmt"/>
        <line num="808" count="2" type="stmt"/>
        <line num="809" count="2" type="stmt"/>
        <line num="811" count="1" type="stmt"/>
        <line num="823" count="4" type="stmt"/>
        <line num="835" count="3" type="stmt"/>
        <line num="851" count="7" type="stmt"/>
        <line num="853" count="7" type="cond" truecount="1" falsecount="1"/>
        <line num="854" count="7" type="cond" truecount="2" falsecount="0"/>
        <line num="855" count="7" type="stmt"/>
        <line num="864" count="7" type="stmt"/>
        <line num="867" count="7" type="stmt"/>
        <line num="870" count="7" type="stmt"/>
        <line num="873" count="7" type="stmt"/>
        <line num="876" count="7" type="stmt"/>
        <line num="889" count="6" type="stmt"/>
        <line num="898" count="11" type="cond" truecount="1" falsecount="0"/>
        <line num="899" count="1" type="stmt"/>
        <line num="902" count="11" type="stmt"/>
        <line num="910" count="12" type="stmt"/>
        <line num="911" count="12" type="stmt"/>
        <line num="914" count="12" type="stmt"/>
        <line num="917" count="12" type="stmt"/>
        <line num="920" count="12" type="stmt"/>
        <line num="921" count="12" type="stmt"/>
        <line num="922" count="12" type="stmt"/>
        <line num="924" count="12" type="stmt"/>
        <line num="925" count="12" type="stmt"/>
        <line num="927" count="12" type="stmt"/>
        <line num="934" count="12" type="stmt"/>
        <line num="937" count="12" type="stmt"/>
        <line num="945" count="1" type="cond" truecount="1" falsecount="0"/>
        <line num="946" count="1" type="stmt"/>
        <line num="947" count="1" type="stmt"/>
        <line num="952" count="1" type="stmt"/>
        <line num="953" count="1" type="stmt"/>
        <line num="961" count="1" type="stmt"/>
        <line num="962" count="1" type="stmt"/>
        <line num="970" count="125" type="cond" truecount="1" falsecount="0"/>
        <line num="971" count="9" type="stmt"/>
        <line num="972" count="9" type="stmt"/>
        <line num="973" count="11" type="stmt"/>
        <line num="979" count="123" type="cond" truecount="1" falsecount="0"/>
        <line num="980" count="33" type="stmt"/>
        <line num="982" count="90" type="stmt"/>
        <line num="986" count="123" type="cond" truecount="1" falsecount="0"/>
        <line num="987" count="1" type="stmt"/>
        <line num="988" count="1" type="stmt"/>
        <line num="993" count="122" type="stmt"/>
        <line num="997" count="128" type="cond" truecount="1" falsecount="0"/>
        <line num="998" count="6" type="stmt"/>
        <line num="999" count="6" type="stmt"/>
        <line num="1001" count="6" type="stmt"/>
        <line num="1002" count="6" type="stmt"/>
        <line num="1003" count="6" type="stmt"/>
        <line num="1005" count="6" type="stmt"/>
        <line num="1010" count="122" type="stmt"/>
        <line num="1014" count="159" type="stmt"/>
        <line num="1015" count="1" type="cond" truecount="1" falsecount="0"/>
        <line num="1016" count="1" type="stmt"/>
        <line num="1017" count="1" type="stmt"/>
        <line num="1027" count="100" type="stmt"/>
        <line num="1029" count="100" type="stmt"/>
        <line num="1049" count="23" type="stmt"/>
        <line num="1050" count="23" type="stmt"/>
        <line num="1053" count="23" type="stmt"/>
        <line num="1054" count="23" type="cond" truecount="2" falsecount="0"/>
        <line num="1055" count="23" type="stmt"/>
        <line num="1058" count="23" type="cond" truecount="1" falsecount="0"/>
        <line num="1059" count="7" type="stmt"/>
        <line num="1067" count="23" type="stmt"/>
        <line num="1073" count="23" type="cond" truecount="2" falsecount="0"/>
        <line num="1087" count="14" type="stmt"/>
        <line num="1089" count="14" type="cond" truecount="2" falsecount="0"/>
        <line num="1090" count="9" type="stmt"/>
        <line num="1093" count="9" type="stmt"/>
        <line num="1096" count="9" type="stmt"/>
        <line num="1097" count="9" type="stmt"/>
        <line num="1098" count="9" type="stmt"/>
        <line num="1102" count="9" type="stmt"/>
        <line num="1113" count="5" type="stmt"/>
        <line num="1114" count="5" type="stmt"/>
        <line num="1115" count="5" type="stmt"/>
        <line num="1118" count="5" type="stmt"/>
        <line num="1121" count="5" type="stmt"/>
        <line num="1122" count="5" type="stmt"/>
        <line num="1124" count="5" type="stmt"/>
        <line num="1125" count="5" type="stmt"/>
        <line num="1128" count="5" type="stmt"/>
        <line num="1137" count="14" type="stmt"/>
        <line num="1147" count="9" type="cond" truecount="1" falsecount="0"/>
        <line num="1148" count="9" type="stmt"/>
        <line num="1152" count="9" type="stmt"/>
        <line num="1156" count="9" type="stmt"/>
        <line num="1157" count="9" type="stmt"/>
        <line num="1158" count="9" type="stmt"/>
        <line num="1160" count="9" type="stmt"/>
        <line num="1165" count="46" type="stmt"/>
        <line num="1167" count="46" type="stmt"/>
        <line num="1168" count="9" type="cond" truecount="1" falsecount="0"/>
        <line num="1169" count="9" type="stmt"/>
        <line num="1171" count="9" type="stmt"/>
        <line num="1175" count="46" type="cond" truecount="1" falsecount="0"/>
        <line num="1177" count="7" type="stmt"/>
        <line num="1178" count="9" type="stmt"/>
        <line num="1182" count="7" type="stmt"/>
        <line num="1189" count="39" type="stmt"/>
        <line num="1193" count="123" type="stmt"/>
        <line num="1199" count="23" type="stmt"/>
        <line num="1207" count="46" type="stmt"/>
        <line num="1212" count="1" type="stmt"/>
        <line num="1215" count="1" type="stmt"/>
        <line num="1217" count="4" type="stmt"/>
        <line num="1219" count="3" type="stmt"/>
        <line num="1221" count="1" type="stmt"/>
        <line num="1223" count="1" type="stmt"/>
        <line num="1225" count="6" type="stmt"/>
        <line num="1228" count="1" type="stmt"/>
        <line num="1229" count="1" type="stmt"/>
        <line num="1231" count="1" type="stmt"/>
        <line num="1236" count="4" type="stmt"/>
        <line num="1241" count="1" type="stmt"/>
        <line num="1242" count="1" type="cond" truecount="1" falsecount="1"/>
        <line num="1243" count="1" type="stmt"/>
        <line num="1252" count="3" type="stmt"/>
        <line num="1253" count="3" type="cond" truecount="1" falsecount="0"/>
        <line num="1254" count="2" type="stmt"/>
        <line num="1255" count="2" type="cond" truecount="1" falsecount="0"/>
        <line num="1256" count="1" type="stmt"/>
        <line num="1259" count="1" type="stmt"/>
        <line num="1260" count="1" type="stmt"/>
        <line num="1262" count="1" type="stmt"/>
        <line num="1266" count="1" type="stmt"/>
        <line num="1267" count="1" type="stmt"/>
        <line num="1272" count="2" type="stmt"/>
        <line num="1273" count="2" type="stmt"/>
        <line num="1274" count="2" type="stmt"/>
        <line num="1275" count="2" type="cond" truecount="1" falsecount="1"/>
        <line num="1276" count="2" type="stmt"/>
        <line num="1277" count="2" type="cond" truecount="2" falsecount="0"/>
        <line num="1278" count="1" type="stmt"/>
        <line num="1280" count="1" type="stmt"/>
        <line num="1287" count="2" type="stmt"/>
        <line num="1296" count="28" type="stmt"/>
        <line num="1299" count="5" type="stmt"/>
        <line num="1300" count="5" type="stmt"/>
      </file>
      <file name="types.ts" path="/Users/donnie/src/github.com/floodfx/liveviewjs/packages/core/src/server/socket/types.ts">
        <metrics statements="6" coveredstatements="6" conditionals="2" coveredconditionals="2" methods="1" coveredmethods="1"/>
        <line num="3" count="9" type="cond" truecount="2" falsecount="0"/>
        <line num="4" count="9" type="stmt"/>
        <line num="5" count="9" type="stmt"/>
        <line num="6" count="9" type="stmt"/>
        <line num="7" count="9" type="stmt"/>
        <line num="8" count="9" type="stmt"/>
      </file>
      <file name="util.ts" path="/Users/donnie/src/github.com/floodfx/liveviewjs/packages/core/src/server/socket/util.ts">
        <metrics statements="8" coveredstatements="8" conditionals="0" coveredconditionals="0" methods="2" coveredmethods="2"/>
        <line num="1" count="9" type="stmt"/>
        <line num="3" count="9" type="stmt"/>
        <line num="4" count="124" type="stmt"/>
        <line num="5" count="124" type="stmt"/>
        <line num="6" count="124" type="stmt"/>
        <line num="7" count="124" type="stmt"/>
        <line num="10" count="9" type="stmt"/>
        <line num="11" count="8" type="stmt"/>
      </file>
      <file name="wsMessageRouter.ts" path="/Users/donnie/src/github.com/floodfx/liveviewjs/packages/core/src/server/socket/wsMessageRouter.ts">
        <metrics statements="42" coveredstatements="42" conditionals="22" coveredconditionals="21" methods="4" coveredmethods="4"/>
        <line num="8" count="8" type="stmt"/>
        <line num="9" count="8" type="stmt"/>
        <line num="15" count="8" type="stmt"/>
        <line num="31" count="16" type="stmt"/>
        <line num="32" count="16" type="stmt"/>
        <line num="33" count="16" type="stmt"/>
        <line num="34" count="16" type="stmt"/>
        <line num="35" count="16" type="stmt"/>
        <line num="36" count="16" type="stmt"/>
        <line num="53" count="21" type="cond" truecount="1" falsecount="0"/>
        <line num="55" count="1" type="stmt"/>
        <line num="59" count="1" type="stmt"/>
        <line num="63" count="20" type="stmt"/>
        <line num="66" count="20" type="cond" truecount="5" falsecount="0"/>
        <line num="67" count="19" type="stmt"/>
        <line num="68" count="19" type="stmt"/>
        <line num="69" count="19" type="stmt"/>
        <line num="70" count="19" type="cond" truecount="8" falsecount="0"/>
        <line num="74" count="11" type="cond" truecount="2" falsecount="0"/>
        <line num="75" count="10" type="stmt"/>
        <line num="76" count="1" type="cond" truecount="1" falsecount="1"/>
        <line num="78" count="1" type="stmt"/>
        <line num="86" count="9" type="stmt"/>
        <line num="89" count="1" type="stmt"/>
        <line num="93" count="1" type="stmt"/>
        <line num="100" count="6" type="stmt"/>
        <line num="101" count="5" type="stmt"/>
        <line num="103" count="1" type="stmt"/>
        <line num="106" count="4" type="stmt"/>
        <line num="109" count="1" type="stmt"/>
        <line num="116" count="1" type="stmt"/>
        <line num="124" count="10" type="stmt"/>
        <line num="125" count="10" type="stmt"/>
        <line num="126" count="10" type="cond" truecount="2" falsecount="0"/>
        <line num="127" count="10" type="cond" truecount="1" falsecount="0"/>
        <line num="128" count="1" type="stmt"/>
        <line num="130" count="9" type="stmt"/>
        <line num="133" count="9" type="stmt"/>
        <line num="134" count="9" type="cond" truecount="1" falsecount="0"/>
        <line num="135" count="1" type="stmt"/>
        <line num="139" count="8" type="stmt"/>
        <line num="149" count="8" type="stmt"/>
      </file>
    </package>
    <package name="server.templates">
      <metrics statements="133" coveredstatements="133" conditionals="107" coveredconditionals="107" methods="24" coveredmethods="24"/>
      <file name="diff.ts" path="/Users/donnie/src/github.com/floodfx/liveviewjs/packages/core/src/server/templates/diff.ts">
        <metrics statements="57" coveredstatements="57" conditionals="50" coveredconditionals="50" methods="2" coveredmethods="2"/>
        <line num="5" count="10" type="stmt"/>
        <line num="6" count="111" type="stmt"/>
        <line num="9" count="111" type="cond" truecount="1" falsecount="0"/>
        <line num="11" count="77" type="stmt"/>
        <line num="18" count="34" type="stmt"/>
        <line num="19" count="34" type="cond" truecount="1" falsecount="0"/>
        <line num="23" count="4" type="stmt"/>
        <line num="28" count="34" type="stmt"/>
        <line num="29" count="83" type="stmt"/>
        <line num="36" count="83" type="cond" truecount="2" falsecount="0"/>
        <line num="38" count="32" type="stmt"/>
        <line num="39" count="32" type="stmt"/>
        <line num="40" count="32" type="cond" truecount="2" falsecount="0"/>
        <line num="42" count="2" type="stmt"/>
        <line num="43" count="30" type="cond" truecount="2" falsecount="0"/>
        <line num="45" count="2" type="stmt"/>
        <line num="47" count="28" type="cond" truecount="1" falsecount="0"/>
        <line num="49" count="2" type="stmt"/>
        <line num="51" count="51" type="cond" truecount="2" falsecount="0"/>
        <line num="60" count="3" type="cond" truecount="1" falsecount="0"/>
        <line num="61" count="3" type="stmt"/>
        <line num="63" count="48" type="cond" truecount="2" falsecount="0"/>
        <line num="66" count="46" type="cond" truecount="4" falsecount="0"/>
        <line num="67" count="31" type="cond" truecount="1" falsecount="0"/>
        <line num="68" count="16" type="stmt"/>
        <line num="72" count="15" type="cond" truecount="4" falsecount="0"/>
        <line num="73" count="5" type="cond" truecount="1" falsecount="0"/>
        <line num="74" count="1" type="stmt"/>
        <line num="78" count="10" type="cond" truecount="4" falsecount="0"/>
        <line num="80" count="5" type="stmt"/>
        <line num="81" count="5" type="stmt"/>
        <line num="83" count="5" type="cond" truecount="3" falsecount="0"/>
        <line num="84" count="5" type="stmt"/>
        <line num="86" count="5" type="cond" truecount="1" falsecount="0"/>
        <line num="87" count="5" type="stmt"/>
        <line num="94" count="5" type="stmt"/>
        <line num="98" count="2" type="stmt"/>
        <line num="101" count="34" type="stmt"/>
        <line num="104" count="10" type="stmt"/>
        <line num="105" count="41" type="cond" truecount="1" falsecount="0"/>
        <line num="106" count="1" type="stmt"/>
        <line num="108" count="40" type="stmt"/>
        <line num="109" count="84" type="stmt"/>
        <line num="110" count="84" type="stmt"/>
        <line num="112" count="84" type="cond" truecount="4" falsecount="0"/>
        <line num="113" count="75" type="cond" truecount="1" falsecount="0"/>
        <line num="114" count="5" type="stmt"/>
        <line num="118" count="9" type="cond" truecount="3" falsecount="0"/>
        <line num="120" count="9" type="cond" truecount="4" falsecount="0"/>
        <line num="121" count="4" type="cond" truecount="1" falsecount="0"/>
        <line num="122" count="3" type="stmt"/>
        <line num="126" count="5" type="cond" truecount="3" falsecount="0"/>
        <line num="127" count="5" type="stmt"/>
        <line num="129" count="5" type="cond" truecount="1" falsecount="0"/>
        <line num="130" count="3" type="stmt"/>
        <line num="135" count="29" type="stmt"/>
        <line num="140" count="10" type="stmt"/>
      </file>
      <file name="htmlSafeString.ts" path="/Users/donnie/src/github.com/floodfx/liveviewjs/packages/core/src/server/templates/htmlSafeString.ts">
        <metrics statements="44" coveredstatements="44" conditionals="20" coveredconditionals="20" methods="10" coveredmethods="10"/>
        <line num="8" count="18" type="stmt"/>
        <line num="19" count="18" type="stmt"/>
        <line num="21" count="18" type="cond" truecount="1" falsecount="0"/>
        <line num="22" count="7" type="cond" truecount="1" falsecount="0"/>
        <line num="23" count="1" type="stmt"/>
        <line num="26" count="6" type="stmt"/>
        <line num="29" count="18" type="stmt"/>
        <line num="30" count="80" type="cond" truecount="1" falsecount="0"/>
        <line num="31" count="42" type="stmt"/>
        <line num="33" count="38" type="stmt"/>
        <line num="36" count="18" type="stmt"/>
        <line num="37" count="400" type="cond" truecount="1" falsecount="0"/>
        <line num="38" count="60" type="stmt"/>
        <line num="40" count="340" type="cond" truecount="1" falsecount="0"/>
        <line num="41" count="1" type="stmt"/>
        <line num="43" count="339" type="stmt"/>
        <line num="60" count="18" type="stmt"/>
        <line num="63" count="402" type="stmt"/>
        <line num="67" count="402" type="stmt"/>
        <line num="68" count="402" type="stmt"/>
        <line num="69" count="402" type="stmt"/>
        <line num="74" count="228" type="cond" truecount="1" falsecount="0"/>
        <line num="75" count="55" type="cond" truecount="1" falsecount="0"/>
        <line num="76" count="1" type="stmt"/>
        <line num="84" count="54" type="stmt"/>
        <line num="90" count="173" type="stmt"/>
        <line num="91" count="231" type="cond" truecount="2" falsecount="0"/>
        <line num="93" count="69" type="cond" truecount="2" falsecount="0"/>
        <line num="98" count="13" type="stmt"/>
        <line num="109" count="56" type="cond" truecount="2" falsecount="0"/>
        <line num="110" count="42" type="stmt"/>
        <line num="118" count="14" type="stmt"/>
        <line num="124" count="162" type="cond" truecount="2" falsecount="0"/>
        <line num="126" count="26" type="cond" truecount="2" falsecount="0"/>
        <line num="127" count="6" type="stmt"/>
        <line num="180" count="136" type="stmt"/>
        <line num="188" count="173" type="cond" truecount="1" falsecount="0"/>
        <line num="189" count="140" type="stmt"/>
        <line num="191" count="173" type="stmt"/>
        <line num="195" count="121" type="stmt"/>
        <line num="196" count="256" type="stmt"/>
        <line num="197" count="256" type="stmt"/>
        <line num="202" count="18" type="stmt"/>
        <line num="203" count="337" type="stmt"/>
      </file>
      <file name="index.ts" path="/Users/donnie/src/github.com/floodfx/liveviewjs/packages/core/src/server/templates/index.ts">
        <metrics statements="4" coveredstatements="4" conditionals="0" coveredconditionals="0" methods="0" coveredmethods="0"/>
        <line num="1" count="10" type="stmt"/>
        <line num="2" count="10" type="stmt"/>
        <line num="3" count="10" type="stmt"/>
        <line num="4" count="10" type="stmt"/>
      </file>
      <file name="jsCommands.ts" path="/Users/donnie/src/github.com/floodfx/liveviewjs/packages/core/src/server/templates/jsCommands.ts">
        <metrics statements="28" coveredstatements="28" conditionals="37" coveredconditionals="37" methods="12" coveredmethods="12"/>
        <line num="285" count="11" type="stmt"/>
        <line num="286" count="30" type="stmt"/>
        <line num="295" count="3" type="stmt"/>
        <line num="307" count="3" type="stmt"/>
        <line num="317" count="3" type="stmt"/>
        <line num="329" count="3" type="stmt"/>
        <line num="338" count="4" type="stmt"/>
        <line num="350" count="4" type="stmt"/>
        <line num="359" count="3" type="stmt"/>
        <line num="370" count="3" type="stmt"/>
        <line num="379" count="4" type="stmt"/>
        <line num="392" count="4" type="stmt"/>
        <line num="402" count="2" type="stmt"/>
        <line num="412" count="2" type="stmt"/>
        <line num="422" count="2" type="stmt"/>
        <line num="432" count="2" type="stmt"/>
        <line num="442" count="3" type="stmt"/>
        <line num="453" count="3" type="stmt"/>
        <line num="470" count="3" type="stmt"/>
        <line num="482" count="3" type="stmt"/>
        <line num="492" count="3" type="stmt"/>
        <line num="502" count="3" type="stmt"/>
        <line num="509" count="30" type="stmt"/>
        <line num="517" count="24" type="cond" truecount="2" falsecount="0"/>
        <line num="518" count="13" type="stmt"/>
        <line num="519" count="11" type="cond" truecount="1" falsecount="0"/>
        <line num="520" count="7" type="stmt"/>
        <line num="523" count="4" type="stmt"/>
      </file>
    </package>
    <package name="server.templates.helpers">
      <metrics statements="90" coveredstatements="90" conditionals="66" coveredconditionals="61" methods="24" coveredmethods="24"/>
      <file name="form_for.ts" path="/Users/donnie/src/github.com/floodfx/liveviewjs/packages/core/src/server/templates/helpers/form_for.ts">
        <metrics statements="7" coveredstatements="7" conditionals="8" coveredconditionals="8" methods="1" coveredmethods="1"/>
        <line num="1" count="13" type="stmt"/>
        <line num="10" count="13" type="stmt"/>
        <line num="11" count="5" type="cond" truecount="2" falsecount="0"/>
        <line num="12" count="5" type="cond" truecount="2" falsecount="0"/>
        <line num="13" count="5" type="cond" truecount="2" falsecount="0"/>
        <line num="14" count="5" type="cond" truecount="2" falsecount="0"/>
        <line num="16" count="5" type="stmt"/>
      </file>
      <file name="index.ts" path="/Users/donnie/src/github.com/floodfx/liveviewjs/packages/core/src/server/templates/helpers/index.ts">
        <metrics statements="9" coveredstatements="9" conditionals="0" coveredconditionals="0" methods="0" coveredmethods="0"/>
        <line num="1" count="12" type="stmt"/>
        <line num="2" count="12" type="stmt"/>
        <line num="3" count="12" type="stmt"/>
        <line num="4" count="12" type="stmt"/>
        <line num="5" count="12" type="stmt"/>
        <line num="6" count="12" type="stmt"/>
        <line num="7" count="12" type="stmt"/>
        <line num="8" count="12" type="stmt"/>
        <line num="9" count="12" type="stmt"/>
      </file>
      <file name="inputs.ts" path="/Users/donnie/src/github.com/floodfx/liveviewjs/packages/core/src/server/templates/helpers/inputs.ts">
        <metrics statements="18" coveredstatements="18" conditionals="19" coveredconditionals="17" methods="3" coveredmethods="3"/>
        <line num="2" count="12" type="stmt"/>
        <line num="12" count="12" type="stmt"/>
        <line num="13" count="6" type="cond" truecount="2" falsecount="0"/>
        <line num="14" count="6" type="cond" truecount="2" falsecount="0"/>
        <line num="15" count="6" type="cond" truecount="2" falsecount="0"/>
        <line num="16" count="6" type="cond" truecount="1" falsecount="1"/>
        <line num="17" count="6" type="cond" truecount="2" falsecount="0"/>
        <line num="18" count="6" type="stmt"/>
        <line num="19" count="6" type="cond" truecount="2" falsecount="0"/>
        <line num="21" count="6" type="stmt"/>
        <line num="26" count="12" type="stmt"/>
        <line num="27" count="1" type="stmt"/>
        <line num="34" count="12" type="stmt"/>
        <line num="35" count="3" type="cond" truecount="1" falsecount="1"/>
        <line num="36" count="3" type="cond" truecount="3" falsecount="0"/>
        <line num="37" count="2" type="cond" truecount="2" falsecount="0"/>
        <line num="38" count="2" type="stmt"/>
        <line num="40" count="1" type="stmt"/>
      </file>
      <file name="live_file_input.ts" path="/Users/donnie/src/github.com/floodfx/liveviewjs/packages/core/src/server/templates/helpers/live_file_input.ts">
        <metrics statements="12" coveredstatements="12" conditionals="6" coveredconditionals="4" methods="6" coveredmethods="6"/>
        <line num="2" count="13" type="stmt"/>
        <line num="9" count="13" type="stmt"/>
        <line num="10" count="3" type="stmt"/>
        <line num="11" count="3" type="cond" truecount="2" falsecount="0"/>
        <line num="12" count="3" type="stmt"/>
        <line num="13" count="3" type="stmt"/>
        <line num="14" count="3" type="cond" truecount="1" falsecount="1"/>
        <line num="15" count="1" type="stmt"/>
        <line num="17" count="3" type="stmt"/>
        <line num="18" count="3" type="cond" truecount="1" falsecount="1"/>
        <line num="19" count="1" type="stmt"/>
        <line num="21" count="3" type="stmt"/>
      </file>
      <file name="live_img_preview.ts" path="/Users/donnie/src/github.com/floodfx/liveviewjs/packages/core/src/server/templates/helpers/live_img_preview.ts">
        <metrics statements="4" coveredstatements="4" conditionals="0" coveredconditionals="0" methods="1" coveredmethods="1"/>
        <line num="2" count="13" type="stmt"/>
        <line num="4" count="13" type="stmt"/>
        <line num="5" count="1" type="stmt"/>
        <line num="6" count="1" type="stmt"/>
      </file>
      <file name="live_patch.ts" path="/Users/donnie/src/github.com/floodfx/liveviewjs/packages/core/src/server/templates/helpers/live_patch.ts">
        <metrics statements="8" coveredstatements="8" conditionals="4" coveredconditionals="4" methods="2" coveredmethods="2"/>
        <line num="1" count="13" type="stmt"/>
        <line num="12" count="3" type="stmt"/>
        <line num="13" count="3" type="stmt"/>
        <line num="14" count="3" type="cond" truecount="2" falsecount="0"/>
        <line num="15" count="2" type="stmt"/>
        <line num="17" count="1" type="stmt"/>
        <line num="21" count="13" type="stmt"/>
        <line num="26" count="3" type="cond" truecount="2" falsecount="0"/>
      </file>
      <file name="live_title_tag.ts" path="/Users/donnie/src/github.com/floodfx/liveviewjs/packages/core/src/server/templates/helpers/live_title_tag.ts">
        <metrics statements="6" coveredstatements="6" conditionals="10" coveredconditionals="10" methods="1" coveredmethods="1"/>
        <line num="1" count="13" type="stmt"/>
        <line num="8" count="13" type="stmt"/>
        <line num="9" count="3" type="cond" truecount="2" falsecount="0"/>
        <line num="10" count="3" type="cond" truecount="2" falsecount="0"/>
        <line num="11" count="3" type="cond" truecount="2" falsecount="0"/>
        <line num="12" count="3" type="cond" truecount="4" falsecount="0"/>
      </file>
      <file name="options_for_select.ts" path="/Users/donnie/src/github.com/floodfx/liveviewjs/packages/core/src/server/templates/helpers/options_for_select.ts">
        <metrics statements="16" coveredstatements="16" conditionals="11" coveredconditionals="11" methods="8" coveredmethods="8"/>
        <line num="1" count="12" type="stmt"/>
        <line num="7" count="12" type="stmt"/>
        <line num="9" count="5" type="cond" truecount="4" falsecount="0"/>
        <line num="10" count="2" type="stmt"/>
        <line num="11" count="2" type="stmt"/>
        <line num="15" count="3" type="stmt"/>
        <line num="16" count="3" type="stmt"/>
        <line num="21" count="2" type="stmt"/>
        <line num="22" count="6" type="stmt"/>
        <line num="31" count="3" type="stmt"/>
        <line num="32" count="9" type="stmt"/>
        <line num="41" count="9" type="cond" truecount="1" falsecount="0"/>
        <line num="42" count="3" type="stmt"/>
        <line num="44" count="6" type="stmt"/>
        <line num="48" count="5" type="stmt"/>
        <line num="53" count="15" type="cond" truecount="2" falsecount="0"/>
      </file>
      <file name="submit.ts" path="/Users/donnie/src/github.com/floodfx/liveviewjs/packages/core/src/server/templates/helpers/submit.ts">
        <metrics statements="10" coveredstatements="10" conditionals="8" coveredconditionals="7" methods="2" coveredmethods="2"/>
        <line num="1" count="13" type="stmt"/>
        <line num="9" count="13" type="stmt"/>
        <line num="10" count="5" type="cond" truecount="2" falsecount="0"/>
        <line num="11" count="7" type="cond" truecount="2" falsecount="0"/>
        <line num="12" count="1" type="cond" truecount="1" falsecount="1"/>
        <line num="13" count="6" type="cond" truecount="2" falsecount="0"/>
        <line num="14" count="4" type="stmt"/>
        <line num="16" count="2" type="stmt"/>
        <line num="18" count="7" type="stmt"/>
        <line num="21" count="5" type="stmt"/>
      </file>
    </package>
    <package name="server.upload">
      <metrics statements="107" coveredstatements="107" conditionals="18" coveredconditionals="18" methods="14" coveredmethods="14"/>
      <file name="binaryUploadSerDe.ts" path="/Users/donnie/src/github.com/floodfx/liveviewjs/packages/core/src/server/upload/binaryUploadSerDe.ts">
        <metrics statements="38" coveredstatements="38" conditionals="0" coveredconditionals="0" methods="2" coveredmethods="2"/>
        <line num="11" count="9" type="stmt"/>
        <line num="14" count="6" type="stmt"/>
        <line num="16" count="6" type="stmt"/>
        <line num="17" count="6" type="stmt"/>
        <line num="23" count="6" type="stmt"/>
        <line num="24" count="6" type="stmt"/>
        <line num="25" count="6" type="stmt"/>
        <line num="26" count="6" type="stmt"/>
        <line num="28" count="6" type="stmt"/>
        <line num="31" count="6" type="stmt"/>
        <line num="33" count="6" type="stmt"/>
        <line num="34" count="6" type="stmt"/>
        <line num="35" count="6" type="stmt"/>
        <line num="36" count="6" type="stmt"/>
        <line num="37" count="6" type="stmt"/>
        <line num="38" count="6" type="stmt"/>
        <line num="39" count="6" type="stmt"/>
        <line num="40" count="6" type="stmt"/>
        <line num="41" count="6" type="stmt"/>
        <line num="42" count="6" type="stmt"/>
        <line num="43" count="6" type="stmt"/>
        <line num="44" count="6" type="stmt"/>
        <line num="45" count="6" type="stmt"/>
        <line num="46" count="6" type="stmt"/>
        <line num="49" count="6" type="stmt"/>
        <line num="53" count="6" type="stmt"/>
        <line num="55" count="6" type="stmt"/>
        <line num="64" count="3" type="stmt"/>
        <line num="65" count="3" type="stmt"/>
        <line num="66" count="3" type="stmt"/>
        <line num="67" count="3" type="stmt"/>
        <line num="68" count="3" type="stmt"/>
        <line num="69" count="3" type="stmt"/>
        <line num="70" count="3" type="stmt"/>
        <line num="71" count="3" type="stmt"/>
        <line num="72" count="3" type="stmt"/>
        <line num="73" count="3" type="stmt"/>
        <line num="74" count="3" type="stmt"/>
      </file>
      <file name="index.ts" path="/Users/donnie/src/github.com/floodfx/liveviewjs/packages/core/src/server/upload/index.ts">
        <metrics statements="2" coveredstatements="2" conditionals="0" coveredconditionals="0" methods="0" coveredmethods="0"/>
        <line num="1" count="13" type="stmt"/>
        <line num="2" count="13" type="stmt"/>
      </file>
      <file name="uploadConfig.ts" path="/Users/donnie/src/github.com/floodfx/liveviewjs/packages/core/src/server/upload/uploadConfig.ts">
        <metrics statements="26" coveredstatements="26" conditionals="11" coveredconditionals="11" methods="7" coveredmethods="7"/>
        <line num="1" count="13" type="stmt"/>
        <line num="69" count="13" type="stmt"/>
        <line num="71" count="12" type="stmt"/>
        <line num="72" count="12" type="cond" truecount="2" falsecount="0"/>
        <line num="73" count="12" type="cond" truecount="2" falsecount="0"/>
        <line num="74" count="12" type="cond" truecount="2" falsecount="0"/>
        <line num="75" count="12" type="cond" truecount="2" falsecount="0"/>
        <line num="76" count="12" type="stmt"/>
        <line num="77" count="12" type="stmt"/>
        <line num="78" count="12" type="stmt"/>
        <line num="86" count="7" type="stmt"/>
        <line num="87" count="7" type="stmt"/>
        <line num="95" count="1" type="stmt"/>
        <line num="96" count="1" type="cond" truecount="1" falsecount="0"/>
        <line num="97" count="1" type="stmt"/>
        <line num="99" count="1" type="stmt"/>
        <line num="107" count="1" type="stmt"/>
        <line num="108" count="1" type="stmt"/>
        <line num="109" count="1" type="stmt"/>
        <line num="110" count="1" type="stmt"/>
        <line num="114" count="9" type="stmt"/>
        <line num="115" count="9" type="cond" truecount="1" falsecount="0"/>
        <line num="116" count="1" type="stmt"/>
        <line num="119" count="9" type="stmt"/>
        <line num="120" count="8" type="cond" truecount="1" falsecount="0"/>
        <line num="121" count="3" type="stmt"/>
      </file>
      <file name="uploadEntry.ts" path="/Users/donnie/src/github.com/floodfx/liveviewjs/packages/core/src/server/upload/uploadEntry.ts">
        <metrics statements="41" coveredstatements="41" conditionals="7" coveredconditionals="7" methods="5" coveredmethods="5"/>
        <line num="1" count="13" type="stmt"/>
        <line num="3" count="13" type="stmt"/>
        <line num="64" count="13" type="stmt"/>
        <line num="70" count="12" type="stmt"/>
        <line num="71" count="12" type="stmt"/>
        <line num="72" count="12" type="stmt"/>
        <line num="73" count="12" type="stmt"/>
        <line num="74" count="12" type="stmt"/>
        <line num="75" count="12" type="stmt"/>
        <line num="76" count="12" type="stmt"/>
        <line num="77" count="12" type="stmt"/>
        <line num="78" count="12" type="stmt"/>
        <line num="79" count="12" type="stmt"/>
        <line num="80" count="12" type="stmt"/>
        <line num="81" count="12" type="stmt"/>
        <line num="82" count="12" type="stmt"/>
        <line num="83" count="12" type="stmt"/>
        <line num="84" count="12" type="stmt"/>
        <line num="88" count="4" type="stmt"/>
        <line num="89" count="4" type="stmt"/>
        <line num="90" count="4" type="stmt"/>
        <line num="94" count="12" type="stmt"/>
        <line num="97" count="12" type="cond" truecount="1" falsecount="0"/>
        <line num="98" count="1" type="stmt"/>
        <line num="102" count="12" type="cond" truecount="1" falsecount="0"/>
        <line num="105" count="8" type="stmt"/>
        <line num="106" count="8" type="stmt"/>
        <line num="107" count="8" type="stmt"/>
        <line num="108" count="8" type="cond" truecount="2" falsecount="0"/>
        <line num="110" count="7" type="stmt"/>
        <line num="111" count="7" type="cond" truecount="1" falsecount="0"/>
        <line num="112" count="1" type="stmt"/>
        <line num="113" count="1" type="stmt"/>
        <line num="117" count="1" type="cond" truecount="1" falsecount="0"/>
        <line num="118" count="1" type="stmt"/>
        <line num="119" count="1" type="stmt"/>
        <line num="123" count="8" type="cond" truecount="1" falsecount="0"/>
        <line num="124" count="6" type="stmt"/>
        <line num="127" count="12" type="stmt"/>
        <line num="131" count="1" type="stmt"/>
        <line num="135" count="2" type="stmt"/>
      </file>
    </package>
  </project>
</coverage>
