{"/Users/donnie/src/github.com/floodfx/liveviewjs/packages/core/src/server/index.ts": {"path":"/Users/donnie/src/github.com/floodfx/liveviewjs/packages/core/src/server/index.ts","statementMap":{"0":{"start":{"line":1,"column":0},"end":{"line":1,"column":26}},"1":{"start":{"line":2,"column":0},"end":{"line":2,"column":28}},"2":{"start":{"line":3,"column":0},"end":{"line":3,"column":23}},"3":{"start":{"line":4,"column":0},"end":{"line":4,"column":23}},"4":{"start":{"line":5,"column":0},"end":{"line":5,"column":31}},"5":{"start":{"line":6,"column":0},"end":{"line":6,"column":25}},"6":{"start":{"line":7,"column":0},"end":{"line":7,"column":25}},"7":{"start":{"line":8,"column":0},"end":{"line":8,"column":26}},"8":{"start":{"line":9,"column":0},"end":{"line":9,"column":25}},"9":{"start":{"line":10,"column":0},"end":{"line":10,"column":28}},"10":{"start":{"line":11,"column":0},"end":{"line":11,"column":25}}},"fnMap":{},"branchMap":{},"s":{"0":8,"1":8,"2":8,"3":8,"4":8,"5":8,"6":8,"7":8,"8":8,"9":8,"10":8},"f":{},"b":{}}
,"/Users/donnie/src/github.com/floodfx/liveviewjs/packages/core/src/server/adaptor/http.ts": {"path":"/Users/donnie/src/github.com/floodfx/liveviewjs/packages/core/src/server/adaptor/http.ts","statementMap":{"0":{"start":{"line":1,"column":0},"end":{"line":1,"column":null}},"1":{"start":{"line":12,"column":0},"end":{"line":12,"column":58}},"2":{"start":{"line":13,"column":0},"end":{"line":13,"column":42}},"3":{"start":{"line":59,"column":34},"end":{"line":170,"column":1}},"4":{"start":{"line":69,"column":56},"end":{"line":69,"column":63}},"5":{"start":{"line":71,"column":21},"end":{"line":71,"column":34}},"6":{"start":{"line":74,"column":22},"end":{"line":74,"column":38}},"7":{"start":{"line":75,"column":2},"end":{"line":77,"column":null}},"8":{"start":{"line":76,"column":4},"end":{"line":76,"column":46}},"9":{"start":{"line":80,"column":25},"end":{"line":80,"column":92}},"10":{"start":{"line":83,"column":2},"end":{"line":87,"column":4}},"11":{"start":{"line":90,"column":2},"end":{"line":94,"column":null}},"12":{"start":{"line":91,"column":19},"end":{"line":91,"column":42}},"13":{"start":{"line":92,"column":4},"end":{"line":92,"column":19}},"14":{"start":{"line":93,"column":4},"end":{"line":93,"column":11}},"15":{"start":{"line":97,"column":14},"end":{"line":97,"column":29}},"16":{"start":{"line":98,"column":2},"end":{"line":98,"column":51}},"17":{"start":{"line":101,"column":2},"end":{"line":105,"column":null}},"18":{"start":{"line":102,"column":19},"end":{"line":102,"column":42}},"19":{"start":{"line":103,"column":4},"end":{"line":103,"column":19}},"20":{"start":{"line":104,"column":4},"end":{"line":104,"column":11}},"21":{"start":{"line":108,"column":15},"end":{"line":108,"column":16}},"22":{"start":{"line":109,"column":15},"end":{"line":137,"column":4}},"23":{"start":{"line":116,"column":6},"end":{"line":116,"column":28}},"24":{"start":{"line":117,"column":6},"end":{"line":117,"column":23}},"25":{"start":{"line":120,"column":23},"end":{"line":120,"column":70}},"26":{"start":{"line":123,"column":6},"end":{"line":123,"column":30}},"27":{"start":{"line":126,"column":6},"end":{"line":126,"column":42}},"28":{"start":{"line":127,"column":6},"end":{"line":127,"column":43}},"29":{"start":{"line":130,"column":22},"end":{"line":130,"column":86}},"30":{"start":{"line":131,"column":6},"end":{"line":131,"column":15}},"31":{"start":{"line":133,"column":6},"end":{"line":133,"column":21}},"32":{"start":{"line":141,"column":16},"end":{"line":141,"column":34}},"33":{"start":{"line":142,"column":28},"end":{"line":142,"column":69}},"34":{"start":{"line":146,"column":28},"end":{"line":146,"column":30}},"35":{"start":{"line":150,"column":24},"end":{"line":150,"column":34}},"36":{"start":{"line":151,"column":2},"end":{"line":153,"column":null}},"37":{"start":{"line":152,"column":4},"end":{"line":152,"column":73}},"38":{"start":{"line":157,"column":22},"end":{"line":165,"column":4}},"39":{"start":{"line":168,"column":19},"end":{"line":168,"column":111}},"40":{"start":{"line":169,"column":2},"end":{"line":169,"column":29}},"41":{"start":{"line":59,"column":13},"end":{"line":59,"column":34}}},"fnMap":{"0":{"name":"(anonymous_0)","decl":{"start":{"line":59,"column":34},"end":{"line":59,"column":39}},"loc":{"start":{"line":68,"column":4},"end":{"line":170,"column":1}}},"1":{"name":"(anonymous_1)","decl":{"start":{"line":111,"column":4},"end":{"line":111,"column":9}},"loc":{"start":{"line":113,"column":57},"end":{"line":134,"column":5}}}},"branchMap":{"0":{"loc":{"start":{"line":75,"column":2},"end":{"line":77,"column":null}},"type":"if","locations":[{"start":{"line":75,"column":2},"end":{"line":77,"column":null}}]},"1":{"loc":{"start":{"line":90,"column":2},"end":{"line":94,"column":null}},"type":"if","locations":[{"start":{"line":90,"column":2},"end":{"line":94,"column":null}}]},"2":{"loc":{"start":{"line":101,"column":2},"end":{"line":105,"column":null}},"type":"if","locations":[{"start":{"line":101,"column":2},"end":{"line":105,"column":null}}]},"3":{"loc":{"start":{"line":116,"column":15},"end":{"line":116,"column":27}},"type":"binary-expr","locations":[{"start":{"line":116,"column":15},"end":{"line":116,"column":21}},{"start":{"line":116,"column":25},"end":{"line":116,"column":27}}]},"4":{"loc":{"start":{"line":151,"column":2},"end":{"line":153,"column":null}},"type":"if","locations":[{"start":{"line":151,"column":2},"end":{"line":153,"column":null}}]},"5":{"loc":{"start":{"line":168,"column":38},"end":{"line":168,"column":72}},"type":"binary-expr","locations":[{"start":{"line":168,"column":38},"end":{"line":168,"column":55}},{"start":{"line":168,"column":59},"end":{"line":168,"column":72}}]}},"s":{"0":10,"1":10,"2":10,"3":10,"4":6,"5":6,"6":6,"7":6,"8":6,"9":6,"10":6,"11":6,"12":1,"13":1,"14":1,"15":5,"16":5,"17":5,"18":1,"19":1,"20":1,"21":4,"22":4,"23":3,"24":3,"25":3,"26":3,"27":3,"28":3,"29":3,"30":3,"31":3,"32":4,"33":4,"34":4,"35":4,"36":4,"37":1,"38":4,"39":4,"40":4,"41":10},"f":{"0":6,"1":3},"b":{"0":[6],"1":[1],"2":[1],"3":[3,1],"4":[1],"5":[4,3]}}
,"/Users/donnie/src/github.com/floodfx/liveviewjs/packages/core/src/server/adaptor/index.ts": {"path":"/Users/donnie/src/github.com/floodfx/liveviewjs/packages/core/src/server/adaptor/index.ts","statementMap":{"0":{"start":{"line":1,"column":0},"end":{"line":1,"column":26}},"1":{"start":{"line":2,"column":0},"end":{"line":2,"column":24}},"2":{"start":{"line":3,"column":0},"end":{"line":3,"column":24}},"3":{"start":{"line":4,"column":0},"end":{"line":4,"column":23}},"4":{"start":{"line":5,"column":0},"end":{"line":5,"column":24}},"5":{"start":{"line":6,"column":0},"end":{"line":6,"column":24}},"6":{"start":{"line":7,"column":0},"end":{"line":7,"column":38}},"7":{"start":{"line":8,"column":0},"end":{"line":8,"column":28}}},"fnMap":{},"branchMap":{},"s":{"0":9,"1":9,"2":9,"3":9,"4":9,"5":9,"6":9,"7":9},"f":{},"b":{}}
,"/Users/donnie/src/github.com/floodfx/liveviewjs/packages/core/src/server/adaptor/jsonSerDe.ts": {"path":"/Users/donnie/src/github.com/floodfx/liveviewjs/packages/core/src/server/adaptor/jsonSerDe.ts","statementMap":{"0":{"start":{"line":9,"column":4},"end":{"line":9,"column":48}},"1":{"start":{"line":13,"column":4},"end":{"line":13,"column":50}},"2":{"start":{"line":7,"column":0},"end":{"line":7,"column":13}}},"fnMap":{"0":{"name":"(anonymous_0)","decl":{"start":{"line":8,"column":2},"end":{"line":8,"column":11}},"loc":{"start":{"line":8,"column":21},"end":{"line":10,"column":3}}},"1":{"name":"(anonymous_1)","decl":{"start":{"line":12,"column":2},"end":{"line":12,"column":13}},"loc":{"start":{"line":12,"column":29},"end":{"line":14,"column":3}}}},"branchMap":{},"s":{"0":4,"1":49,"2":6},"f":{"0":4,"1":49},"b":{}}
,"/Users/donnie/src/github.com/floodfx/liveviewjs/packages/core/src/server/adaptor/sessionFlashAdaptor.ts": {"path":"/Users/donnie/src/github.com/floodfx/liveviewjs/packages/core/src/server/adaptor/sessionFlashAdaptor.ts","statementMap":{"0":{"start":{"line":10,"column":4},"end":{"line":13,"column":null}},"1":{"start":{"line":14,"column":4},"end":{"line":14,"column":49}},"2":{"start":{"line":23,"column":18},"end":{"line":23,"column":38}},"3":{"start":{"line":24,"column":4},"end":{"line":24,"column":32}},"4":{"start":{"line":25,"column":4},"end":{"line":25,"column":34}},"5":{"start":{"line":29,"column":4},"end":{"line":32,"column":null}},"6":{"start":{"line":33,"column":4},"end":{"line":33,"column":33}},"7":{"start":{"line":34,"column":4},"end":{"line":34,"column":29}},"8":{"start":{"line":43,"column":4},"end":{"line":43,"column":32}},"9":{"start":{"line":44,"column":4},"end":{"line":44,"column":29}},"10":{"start":{"line":8,"column":0},"end":{"line":8,"column":13}}},"fnMap":{"0":{"name":"(anonymous_0)","decl":{"start":{"line":9,"column":2},"end":{"line":9,"column":11}},"loc":{"start":{"line":9,"column":45},"end":{"line":15,"column":3}}},"1":{"name":"(anonymous_1)","decl":{"start":{"line":17,"column":2},"end":{"line":17,"column":10}},"loc":{"start":{"line":17,"column":44},"end":{"line":26,"column":3}}},"2":{"name":"(anonymous_2)","decl":{"start":{"line":28,"column":2},"end":{"line":28,"column":10}},"loc":{"start":{"line":28,"column":59},"end":{"line":35,"column":3}}},"3":{"name":"(anonymous_3)","decl":{"start":{"line":37,"column":2},"end":{"line":37,"column":12}},"loc":{"start":{"line":37,"column":46},"end":{"line":45,"column":3}}}},"branchMap":{"0":{"loc":{"start":{"line":10,"column":4},"end":{"line":13,"column":null}},"type":"if","locations":[{"start":{"line":10,"column":4},"end":{"line":13,"column":null}}]},"1":{"loc":{"start":{"line":29,"column":4},"end":{"line":32,"column":null}},"type":"if","locations":[{"start":{"line":29,"column":4},"end":{"line":32,"column":null}}]}},"s":{"0":3,"1":3,"2":4,"3":4,"4":4,"5":7,"6":7,"7":7,"8":1,"9":1,"10":10},"f":{"0":3,"1":4,"2":7,"3":1},"b":{"0":[1],"1":[6]}}
,"/Users/donnie/src/github.com/floodfx/liveviewjs/packages/core/src/server/adaptor/testFilesAdatptor.ts": {"path":"/Users/donnie/src/github.com/floodfx/liveviewjs/packages/core/src/server/adaptor/testFilesAdatptor.ts","statementMap":{"0":{"start":{"line":1,"column":0},"end":{"line":1,"column":20}},"1":{"start":{"line":2,"column":0},"end":{"line":2,"column":20}},"2":{"start":{"line":3,"column":0},"end":{"line":3,"column":24}},"3":{"start":{"line":10,"column":0},"end":{"line":10,"column":13}}},"fnMap":{},"branchMap":{},"s":{"0":5,"1":5,"2":5,"3":5},"f":{},"b":{}}
,"/Users/donnie/src/github.com/floodfx/liveviewjs/packages/core/src/server/changeset/changeset.ts": {"path":"/Users/donnie/src/github.com/floodfx/liveviewjs/packages/core/src/server/changeset/changeset.ts","statementMap":{"0":{"start":{"line":1,"column":0},"end":{"line":1,"column":47}},"1":{"start":{"line":64,"column":35},"end":{"line":99,"column":1}},"2":{"start":{"line":65,"column":2},"end":{"line":98,"column":4}},"3":{"start":{"line":66,"column":19},"end":{"line":66,"column":47}},"4":{"start":{"line":67,"column":19},"end":{"line":67,"column":43}},"5":{"start":{"line":70,"column":4},"end":{"line":89,"column":null}},"6":{"start":{"line":73,"column":22},"end":{"line":73,"column":58}},"7":{"start":{"line":74,"column":6},"end":{"line":88,"column":43}},"8":{"start":{"line":76,"column":8},"end":{"line":84,"column":null}},"9":{"start":{"line":77,"column":10},"end":{"line":81,"column":null}},"10":{"start":{"line":79,"column":12},"end":{"line":79,"column":40}},"11":{"start":{"line":80,"column":12},"end":{"line":80,"column":23}},"12":{"start":{"line":83,"column":10},"end":{"line":83,"column":21}},"13":{"start":{"line":86,"column":8},"end":{"line":86,"column":43}},"14":{"start":{"line":87,"column":8},"end":{"line":87,"column":19}},"15":{"start":{"line":90,"column":4},"end":{"line":97,"column":30}},"16":{"start":{"line":64,"column":13},"end":{"line":64,"column":35}}},"fnMap":{"0":{"name":"(anonymous_0)","decl":{"start":{"line":64,"column":35},"end":{"line":64,"column":39}},"loc":{"start":{"line":64,"column":93},"end":{"line":99,"column":1}}},"1":{"name":"(anonymous_1)","decl":{"start":{"line":65,"column":9},"end":{"line":65,"column":10}},"loc":{"start":{"line":65,"column":95},"end":{"line":98,"column":3}}},"2":{"name":"(anonymous_2)","decl":{"start":{"line":74,"column":42},"end":{"line":74,"column":43}},"loc":{"start":{"line":74,"column":57},"end":{"line":88,"column":7}}}},"branchMap":{"0":{"loc":{"start":{"line":70,"column":4},"end":{"line":89,"column":null}},"type":"if","locations":[{"start":{"line":70,"column":4},"end":{"line":89,"column":null}}]},"1":{"loc":{"start":{"line":73,"column":22},"end":{"line":73,"column":58}},"type":"binary-expr","locations":[{"start":{"line":73,"column":22},"end":{"line":73,"column":49}},{"start":{"line":73,"column":53},"end":{"line":73,"column":58}}]},"2":{"loc":{"start":{"line":76,"column":8},"end":{"line":84,"column":null}},"type":"if","locations":[{"start":{"line":76,"column":8},"end":{"line":84,"column":null}}]},"3":{"loc":{"start":{"line":77,"column":10},"end":{"line":81,"column":null}},"type":"if","locations":[{"start":{"line":77,"column":10},"end":{"line":81,"column":null}}]},"4":{"loc":{"start":{"line":93,"column":12},"end":{"line":93,"column":49}},"type":"cond-expr","locations":[{"start":{"line":93,"column":29},"end":{"line":93,"column":40}},{"start":{"line":93,"column":43},"end":{"line":93,"column":49}}]},"5":{"loc":{"start":{"line":95,"column":13},"end":{"line":95,"column":57}},"type":"cond-expr","locations":[{"start":{"line":95,"column":36},"end":{"line":95,"column":50}},{"start":{"line":95,"column":53},"end":{"line":95,"column":57}}]}},"s":{"0":10,"1":10,"2":2,"3":9,"4":9,"5":9,"6":8,"7":8,"8":15,"9":2,"10":1,"11":1,"12":1,"13":13,"14":13,"15":9,"16":10},"f":{"0":2,"1":9,"2":15},"b":{"0":[8],"1":[8,7],"2":[2],"3":[1],"4":[1,8],"5":[6,3]}}
,"/Users/donnie/src/github.com/floodfx/liveviewjs/packages/core/src/server/changeset/index.ts": {"path":"/Users/donnie/src/github.com/floodfx/liveviewjs/packages/core/src/server/changeset/index.ts","statementMap":{"0":{"start":{"line":1,"column":0},"end":{"line":1,"column":28}}},"fnMap":{},"branchMap":{},"s":{"0":9},"f":{},"b":{}}
,"/Users/donnie/src/github.com/floodfx/liveviewjs/packages/core/src/server/live/index.ts": {"path":"/Users/donnie/src/github.com/floodfx/liveviewjs/packages/core/src/server/live/index.ts","statementMap":{"0":{"start":{"line":1,"column":0},"end":{"line":1,"column":32}},"1":{"start":{"line":2,"column":0},"end":{"line":2,"column":27}},"2":{"start":{"line":3,"column":0},"end":{"line":3,"column":25}},"3":{"start":{"line":4,"column":0},"end":{"line":4,"column":24}}},"fnMap":{},"branchMap":{},"s":{"0":10,"1":10,"2":10,"3":10},"f":{},"b":{}}
,"/Users/donnie/src/github.com/floodfx/liveviewjs/packages/core/src/server/live/liveComponent.ts": {"path":"/Users/donnie/src/github.com/floodfx/liveviewjs/packages/core/src/server/live/liveComponent.ts","statementMap":{"0":{"start":{"line":71,"column":4},"end":{"line":71,"column":17}},"1":{"start":{"line":72,"column":4},"end":{"line":72,"column":48}},"2":{"start":{"line":76,"column":4},"end":{"line":76,"column":25}},"3":{"start":{"line":80,"column":4},"end":{"line":83,"column":6}},"4":{"start":{"line":101,"column":32},"end":{"line":101,"column":37}},"5":{"start":{"line":104,"column":4},"end":{"line":104,"column":23}},"6":{"start":{"line":97,"column":0},"end":{"line":97,"column":13}},"7":{"start":{"line":112,"column":32},"end":{"line":112,"column":36}},"8":{"start":{"line":123,"column":4},"end":{"line":123,"column":23}},"9":{"start":{"line":124,"column":4},"end":{"line":124,"column":49}},"10":{"start":{"line":125,"column":4},"end":{"line":125,"column":47}},"11":{"start":{"line":129,"column":4},"end":{"line":129,"column":34}},"12":{"start":{"line":133,"column":4},"end":{"line":133,"column":38}},"13":{"start":{"line":108,"column":0},"end":{"line":108,"column":13}},"14":{"start":{"line":211,"column":0},"end":{"line":211,"column":22}},"15":{"start":{"line":255,"column":35},"end":{"line":269,"column":1}},"16":{"start":{"line":262,"column":2},"end":{"line":268,"column":4}},"17":{"start":{"line":255,"column":13},"end":{"line":255,"column":35}}},"fnMap":{"0":{"name":"(anonymous_0)","decl":{"start":{"line":70,"column":2},"end":{"line":70,"column":14}},"loc":{"start":{"line":70,"column":43},"end":{"line":73,"column":3}}},"1":{"name":"(anonymous_1)","decl":{"start":{"line":75,"column":2},"end":{"line":75,"column":6}},"loc":{"start":{"line":75,"column":13},"end":{"line":77,"column":3}}},"2":{"name":"(anonymous_2)","decl":{"start":{"line":79,"column":2},"end":{"line":79,"column":8}},"loc":{"start":{"line":79,"column":35},"end":{"line":84,"column":3}}},"3":{"name":"(anonymous_3)","decl":{"start":{"line":86,"column":2},"end":{"line":86,"column":16}},"loc":{"start":{"line":86,"column":34},"end":{"line":88,"column":3}}},"4":{"name":"(anonymous_4)","decl":{"start":{"line":90,"column":2},"end":{"line":90,"column":11}},"loc":{"start":{"line":90,"column":39},"end":{"line":92,"column":3}}},"5":{"name":"(anonymous_5)","decl":{"start":{"line":103,"column":2},"end":{"line":103,"column":14}},"loc":{"start":{"line":103,"column":43},"end":{"line":105,"column":3}}},"6":{"name":"(anonymous_6)","decl":{"start":{"line":117,"column":2},"end":{"line":117,"column":null}},"loc":{"start":{"line":121,"column":60},"end":{"line":126,"column":3}}},"7":{"name":"(anonymous_7)","decl":{"start":{"line":128,"column":2},"end":{"line":128,"column":16}},"loc":{"start":{"line":128,"column":34},"end":{"line":130,"column":3}}},"8":{"name":"(anonymous_8)","decl":{"start":{"line":132,"column":2},"end":{"line":132,"column":11}},"loc":{"start":{"line":132,"column":39},"end":{"line":134,"column":3}}},"9":{"name":"(anonymous_9)","decl":{"start":{"line":221,"column":2},"end":{"line":221,"column":7}},"loc":{"start":{"line":221,"column":52},"end":{"line":223,"column":3}}},"10":{"name":"(anonymous_10)","decl":{"start":{"line":225,"column":2},"end":{"line":225,"column":8}},"loc":{"start":{"line":225,"column":53},"end":{"line":227,"column":3}}},"11":{"name":"(anonymous_11)","decl":{"start":{"line":255,"column":35},"end":{"line":255,"column":null}},"loc":{"start":{"line":261,"column":46},"end":{"line":269,"column":1}}},"12":{"name":"(anonymous_12)","decl":{"start":{"line":264,"column":11},"end":{"line":264,"column":14}},"loc":{"start":{"line":264,"column":16},"end":{"line":264,"column":19}}},"13":{"name":"(anonymous_13)","decl":{"start":{"line":265,"column":12},"end":{"line":265,"column":15}},"loc":{"start":{"line":265,"column":17},"end":{"line":265,"column":20}}}},"branchMap":{"0":{"loc":{"start":{"line":72,"column":20},"end":{"line":72,"column":47}},"type":"binary-expr","locations":[{"start":{"line":72,"column":20},"end":{"line":72,"column":27}},{"start":{"line":72,"column":32},"end":{"line":72,"column":47}}]}},"s":{"0":40,"1":40,"2":68,"3":8,"4":8,"5":8,"6":10,"7":32,"8":32,"9":32,"10":32,"11":6,"12":6,"13":10,"14":10,"15":10,"16":3,"17":10},"f":{"0":40,"1":68,"2":8,"3":0,"4":0,"5":8,"6":32,"7":6,"8":6,"9":25,"10":27,"11":3,"12":4,"13":3},"b":{"0":[40,1]}}
,"/Users/donnie/src/github.com/floodfx/liveviewjs/packages/core/src/server/live/liveView.ts": {"path":"/Users/donnie/src/github.com/floodfx/liveviewjs/packages/core/src/server/live/liveView.ts","statementMap":{"0":{"start":{"line":177,"column":0},"end":{"line":177,"column":22}},"1":{"start":{"line":232,"column":30},"end":{"line":255,"column":1}},"2":{"start":{"line":239,"column":2},"end":{"line":254,"column":4}},"3":{"start":{"line":232,"column":13},"end":{"line":232,"column":30}}},"fnMap":{"0":{"name":"(anonymous_0)","decl":{"start":{"line":183,"column":2},"end":{"line":183,"column":7}},"loc":{"start":{"line":183,"column":108},"end":{"line":185,"column":3}}},"1":{"name":"(anonymous_1)","decl":{"start":{"line":186,"column":2},"end":{"line":186,"column":13}},"loc":{"start":{"line":186,"column":70},"end":{"line":191,"column":3}}},"2":{"name":"(anonymous_2)","decl":{"start":{"line":192,"column":2},"end":{"line":192,"column":12}},"loc":{"start":{"line":192,"column":67},"end":{"line":195,"column":3}}},"3":{"name":"(anonymous_3)","decl":{"start":{"line":196,"column":2},"end":{"line":196,"column":14}},"loc":{"start":{"line":196,"column":65},"end":{"line":198,"column":3}}},"4":{"name":"(anonymous_4)","decl":{"start":{"line":199,"column":2},"end":{"line":199,"column":10}},"loc":{"start":{"line":199,"column":40},"end":{"line":201,"column":3}}},"5":{"name":"(anonymous_5)","decl":{"start":{"line":232,"column":30},"end":{"line":232,"column":null}},"loc":{"start":{"line":238,"column":41},"end":{"line":255,"column":1}}},"6":{"name":"(anonymous_6)","decl":{"start":{"line":241,"column":11},"end":{"line":241,"column":14}},"loc":{"start":{"line":241,"column":16},"end":{"line":241,"column":19}}},"7":{"name":"(anonymous_7)","decl":{"start":{"line":242,"column":18},"end":{"line":242,"column":21}},"loc":{"start":{"line":242,"column":23},"end":{"line":242,"column":26}}},"8":{"name":"(anonymous_8)","decl":{"start":{"line":243,"column":17},"end":{"line":243,"column":18}},"loc":{"start":{"line":243,"column":27},"end":{"line":246,"column":5}}},"9":{"name":"(anonymous_9)","decl":{"start":{"line":247,"column":16},"end":{"line":247,"column":17}},"loc":{"start":{"line":247,"column":25},"end":{"line":250,"column":5}}},"10":{"name":"(anonymous_10)","decl":{"start":{"line":251,"column":14},"end":{"line":251,"column":17}},"loc":{"start":{"line":251,"column":19},"end":{"line":251,"column":22}}}},"branchMap":{},"s":{"0":11,"1":11,"2":22,"3":11},"f":{"0":22,"1":12,"2":0,"3":50,"4":0,"5":22,"6":5,"7":14,"8":1,"9":0,"10":0},"b":{}}
,"/Users/donnie/src/github.com/floodfx/liveviewjs/packages/core/src/server/live/router.ts": {"path":"/Users/donnie/src/github.com/floodfx/liveviewjs/packages/core/src/server/live/router.ts","statementMap":{"0":{"start":{"line":1,"column":0},"end":{"line":1,"column":67}},"1":{"start":{"line":21,"column":63},"end":{"line":21,"column":65}},"2":{"start":{"line":37,"column":2},"end":{"line":49,"column":null}},"3":{"start":{"line":38,"column":18},"end":{"line":38,"column":33}},"4":{"start":{"line":39,"column":4},"end":{"line":43,"column":null}},"5":{"start":{"line":41,"column":6},"end":{"line":41,"column":61}},"6":{"start":{"line":42,"column":6},"end":{"line":42,"column":32}},"7":{"start":{"line":45,"column":24},"end":{"line":45,"column":37}},"8":{"start":{"line":46,"column":4},"end":{"line":48,"column":null}},"9":{"start":{"line":47,"column":6},"end":{"line":47,"column":42}},"10":{"start":{"line":50,"column":2},"end":{"line":50,"column":19}},"11":{"start":{"line":33,"column":0},"end":{"line":33,"column":16}}},"fnMap":{"0":{"name":"matchRoute","decl":{"start":{"line":33,"column":16},"end":{"line":33,"column":26}},"loc":{"start":{"line":35,"column":14},"end":{"line":51,"column":1}}}},"branchMap":{"0":{"loc":{"start":{"line":39,"column":4},"end":{"line":43,"column":null}},"type":"if","locations":[{"start":{"line":39,"column":4},"end":{"line":43,"column":null}}]},"1":{"loc":{"start":{"line":46,"column":4},"end":{"line":48,"column":null}},"type":"if","locations":[{"start":{"line":46,"column":4},"end":{"line":48,"column":null}}]}},"s":{"0":11,"1":11,"2":17,"3":26,"4":26,"5":6,"6":6,"7":26,"8":26,"9":15,"10":2,"11":11},"f":{"0":17},"b":{"0":[6],"1":[15]}}
,"/Users/donnie/src/github.com/floodfx/liveviewjs/packages/core/src/server/mime/index.ts": {"path":"/Users/donnie/src/github.com/floodfx/liveviewjs/packages/core/src/server/mime/index.ts","statementMap":{"0":{"start":{"line":6,"column":20},"end":{"line":6,"column":79}},"1":{"start":{"line":36,"column":44},"end":{"line":36,"column":46}},"2":{"start":{"line":37,"column":21},"end":{"line":37,"column":26}},"3":{"start":{"line":39,"column":4},"end":{"line":39,"column":16}},"4":{"start":{"line":48,"column":4},"end":{"line":48,"column":47}},"5":{"start":{"line":57,"column":4},"end":{"line":57,"column":38}},"6":{"start":{"line":61,"column":4},"end":{"line":61,"column":24}},"7":{"start":{"line":65,"column":4},"end":{"line":65,"column":28}},"8":{"start":{"line":65,"column":21},"end":{"line":65,"column":28}},"9":{"start":{"line":66,"column":4},"end":{"line":97,"column":null}},"10":{"start":{"line":67,"column":6},"end":{"line":79,"column":null}},"11":{"start":{"line":70,"column":8},"end":{"line":70,"column":59}},"12":{"start":{"line":72,"column":20},"end":{"line":72,"column":44}},"13":{"start":{"line":78,"column":8},"end":{"line":78,"column":35}},"14":{"start":{"line":82,"column":6},"end":{"line":90,"column":9}},"15":{"start":{"line":83,"column":21},"end":{"line":83,"column":52}},"16":{"start":{"line":84,"column":8},"end":{"line":89,"column":11}},"17":{"start":{"line":85,"column":10},"end":{"line":87,"column":null}},"18":{"start":{"line":86,"column":12},"end":{"line":86,"column":38}},"19":{"start":{"line":88,"column":10},"end":{"line":88,"column":46}},"20":{"start":{"line":91,"column":6},"end":{"line":91,"column":26}},"21":{"start":{"line":107,"column":2},"end":{"line":125,"column":5}},"22":{"start":{"line":108,"column":18},"end":{"line":108,"column":34}},"23":{"start":{"line":110,"column":4},"end":{"line":124,"column":7}},"24":{"start":{"line":111,"column":6},"end":{"line":114,"column":null}},"25":{"start":{"line":112,"column":8},"end":{"line":112,"column":21}},"26":{"start":{"line":113,"column":8},"end":{"line":113,"column":31}},"27":{"start":{"line":116,"column":17},"end":{"line":116,"column":19}},"28":{"start":{"line":117,"column":6},"end":{"line":119,"column":9}},"29":{"start":{"line":118,"column":8},"end":{"line":118,"column":22}},"30":{"start":{"line":121,"column":6},"end":{"line":123,"column":9}},"31":{"start":{"line":122,"column":8},"end":{"line":122,"column":39}},"32":{"start":{"line":106,"column":0},"end":{"line":106,"column":16}},"33":{"start":{"line":128,"column":13},"end":{"line":128,"column":23}},"34":{"start":{"line":130,"column":9},"end":{"line":130,"column":13}}},"fnMap":{"0":{"name":"(anonymous_0)","decl":{"start":{"line":38,"column":2},"end":{"line":38,"column":null}},"loc":{"start":{"line":38,"column":2},"end":{"line":40,"column":3}}},"1":{"name":"(anonymous_1)","decl":{"start":{"line":47,"column":2},"end":{"line":47,"column":18}},"loc":{"start":{"line":47,"column":35},"end":{"line":49,"column":3}}},"2":{"name":"(anonymous_2)","decl":{"start":{"line":56,"column":2},"end":{"line":56,"column":16}},"loc":{"start":{"line":56,"column":28},"end":{"line":58,"column":3}}},"3":{"name":"(anonymous_3)","decl":{"start":{"line":60,"column":2},"end":{"line":60,"column":6}},"loc":{"start":{"line":60,"column":12},"end":{"line":62,"column":3}}},"4":{"name":"(anonymous_4)","decl":{"start":{"line":64,"column":2},"end":{"line":64,"column":7}},"loc":{"start":{"line":64,"column":12},"end":{"line":98,"column":3}}},"5":{"name":"(anonymous_5)","decl":{"start":{"line":82,"column":35},"end":{"line":82,"column":36}},"loc":{"start":{"line":82,"column":51},"end":{"line":90,"column":7}}},"6":{"name":"(anonymous_6)","decl":{"start":{"line":84,"column":21},"end":{"line":84,"column":22}},"loc":{"start":{"line":84,"column":29},"end":{"line":89,"column":9}}},"7":{"name":"nodeHttpFetch","decl":{"start":{"line":106,"column":16},"end":{"line":106,"column":29}},"loc":{"start":{"line":106,"column":44},"end":{"line":126,"column":1}}},"8":{"name":"(anonymous_8)","decl":{"start":{"line":107,"column":21},"end":{"line":107,"column":22}},"loc":{"start":{"line":107,"column":41},"end":{"line":125,"column":3}}},"9":{"name":"(anonymous_9)","decl":{"start":{"line":110,"column":19},"end":{"line":110,"column":20}},"loc":{"start":{"line":110,"column":32},"end":{"line":124,"column":5}}},"10":{"name":"(anonymous_10)","decl":{"start":{"line":117,"column":21},"end":{"line":117,"column":22}},"loc":{"start":{"line":117,"column":36},"end":{"line":119,"column":7}}},"11":{"name":"(anonymous_11)","decl":{"start":{"line":121,"column":22},"end":{"line":121,"column":25}},"loc":{"start":{"line":121,"column":27},"end":{"line":123,"column":7}}}},"branchMap":{"0":{"loc":{"start":{"line":48,"column":11},"end":{"line":48,"column":46}},"type":"binary-expr","locations":[{"start":{"line":48,"column":11},"end":{"line":48,"column":40}},{"start":{"line":48,"column":44},"end":{"line":48,"column":46}}]},"1":{"loc":{"start":{"line":57,"column":11},"end":{"line":57,"column":37}},"type":"binary-expr","locations":[{"start":{"line":57,"column":11},"end":{"line":57,"column":31}},{"start":{"line":57,"column":35},"end":{"line":57,"column":37}}]},"2":{"loc":{"start":{"line":65,"column":4},"end":{"line":65,"column":28}},"type":"if","locations":[{"start":{"line":65,"column":4},"end":{"line":65,"column":28}}]},"3":{"loc":{"start":{"line":67,"column":6},"end":{"line":79,"column":null}},"type":"if","locations":[{"start":{"line":67,"column":6},"end":{"line":79,"column":null}},{"start":{"line":71,"column":13},"end":{"line":79,"column":null}}]},"4":{"loc":{"start":{"line":67,"column":10},"end":{"line":67,"column":41}},"type":"binary-expr","locations":[{"start":{"line":67,"column":10},"end":{"line":67,"column":20}},{"start":{"line":67,"column":24},"end":{"line":67,"column":41}}]},"5":{"loc":{"start":{"line":85,"column":10},"end":{"line":87,"column":null}},"type":"if","locations":[{"start":{"line":85,"column":10},"end":{"line":87,"column":null}}]},"6":{"loc":{"start":{"line":111,"column":6},"end":{"line":114,"column":null}},"type":"if","locations":[{"start":{"line":111,"column":6},"end":{"line":114,"column":null}}]}},"s":{"0":15,"1":15,"2":15,"3":15,"4":9209,"5":8,"6":19,"7":17,"8":0,"9":17,"10":17,"11":0,"12":17,"13":4,"14":4,"15":9208,"16":9208,"17":4940,"18":2378,"19":4940,"20":4,"21":1,"22":1,"23":1,"24":1,"25":0,"26":0,"27":1,"28":1,"29":74,"30":1,"31":1,"32":15,"33":15,"34":15},"f":{"0":15,"1":9209,"2":8,"3":19,"4":17,"5":9208,"6":4940,"7":1,"8":1,"9":1,"10":74,"11":1},"b":{"0":[9209,5304],"1":[8,6],"2":[0],"3":[0,17],"4":[17,17],"5":[2378],"6":[0]}}
,"/Users/donnie/src/github.com/floodfx/liveviewjs/packages/core/src/server/protocol/phx.ts": {"path":"/Users/donnie/src/github.com/floodfx/liveviewjs/packages/core/src/server/protocol/phx.ts","statementMap":{"0":{"start":{"line":2,"column":0},"end":{"line":2,"column":64}},"1":{"start":{"line":7,"column":0},"end":{"line":7,"column":null}},"2":{"start":{"line":11,"column":2},"end":{"line":11,"column":null}},"3":{"start":{"line":12,"column":4},"end":{"line":12,"column":null}},"4":{"start":{"line":13,"column":4},"end":{"line":13,"column":null}},"5":{"start":{"line":14,"column":4},"end":{"line":14,"column":null}},"6":{"start":{"line":15,"column":4},"end":{"line":15,"column":null}},"7":{"start":{"line":16,"column":4},"end":{"line":16,"column":null}},"8":{"start":{"line":118,"column":14},"end":{"line":118,"column":29}},"9":{"start":{"line":119,"column":4},"end":{"line":121,"column":null}},"10":{"start":{"line":120,"column":6},"end":{"line":120,"column":45}},"11":{"start":{"line":123,"column":4},"end":{"line":123,"column":20}},"12":{"start":{"line":117,"column":18},"end":{"line":124,"column":null}},"13":{"start":{"line":132,"column":15},"end":{"line":132,"column":55}},"14":{"start":{"line":133,"column":4},"end":{"line":133,"column":86}},"15":{"start":{"line":131,"column":18},"end":{"line":134,"column":null}},"16":{"start":{"line":142,"column":4},"end":{"line":142,"column":31}},"17":{"start":{"line":141,"column":18},"end":{"line":143,"column":null}}},"fnMap":{"0":{"name":"(anonymous_0)","decl":{"start":{"line":7,"column":0},"end":{"line":7,"column":17}},"loc":{"start":{"line":7,"column":20},"end":{"line":144,"column":1}}},"1":{"name":"(anonymous_1)","decl":{"start":{"line":11,"column":2},"end":{"line":11,"column":14}},"loc":{"start":{"line":11,"column":20},"end":{"line":17,"column":3}}},"2":{"name":"parse","decl":{"start":{"line":117,"column":18},"end":{"line":117,"column":23}},"loc":{"start":{"line":117,"column":35},"end":{"line":124,"column":3}}},"3":{"name":"parseBinary","decl":{"start":{"line":131,"column":18},"end":{"line":131,"column":29}},"loc":{"start":{"line":131,"column":41},"end":{"line":134,"column":3}}},"4":{"name":"serialize","decl":{"start":{"line":141,"column":18},"end":{"line":141,"column":27}},"loc":{"start":{"line":141,"column":36},"end":{"line":143,"column":3}}}},"branchMap":{"0":{"loc":{"start":{"line":11,"column":14},"end":{"line":11,"column":null}},"type":"binary-expr","locations":[{"start":{"line":11,"column":14},"end":{"line":11,"column":20}},{"start":{"line":11,"column":14},"end":{"line":11,"column":null}}]},"1":{"loc":{"start":{"line":119,"column":4},"end":{"line":121,"column":null}},"type":"if","locations":[{"start":{"line":119,"column":4},"end":{"line":121,"column":null}}]},"2":{"loc":{"start":{"line":119,"column":8},"end":{"line":119,"column":41}},"type":"binary-expr","locations":[{"start":{"line":119,"column":8},"end":{"line":119,"column":25}},{"start":{"line":119,"column":29},"end":{"line":119,"column":41}}]},"3":{"loc":{"start":{"line":7,"column":17},"end":{"line":7,"column":null}},"type":"binary-expr","locations":[{"start":{"line":7,"column":17},"end":{"line":7,"column":20}},{"start":{"line":7,"column":17},"end":{"line":7,"column":null}}]}},"s":{"0":10,"1":10,"2":10,"3":10,"4":10,"5":10,"6":10,"7":10,"8":6,"9":6,"10":0,"11":6,"12":10,"13":0,"14":0,"15":10,"16":1,"17":10},"f":{"0":10,"1":10,"2":6,"3":0,"4":1},"b":{"0":[10,10],"1":[0],"2":[6,0],"3":[10,10]}}
,"/Users/donnie/src/github.com/floodfx/liveviewjs/packages/core/src/server/protocol/reply.ts": {"path":"/Users/donnie/src/github.com/floodfx/liveviewjs/packages/core/src/server/protocol/reply.ts","statementMap":{"0":{"start":{"line":4,"column":0},"end":{"line":4,"column":28}},"1":{"start":{"line":9,"column":0},"end":{"line":9,"column":null}},"2":{"start":{"line":50,"column":4},"end":{"line":61,"column":6}},"3":{"start":{"line":49,"column":18},"end":{"line":62,"column":null}},"4":{"start":{"line":74,"column":4},"end":{"line":74,"column":48}},"5":{"start":{"line":73,"column":18},"end":{"line":75,"column":null}},"6":{"start":{"line":85,"column":4},"end":{"line":96,"column":6}},"7":{"start":{"line":84,"column":18},"end":{"line":97,"column":null}},"8":{"start":{"line":115,"column":4},"end":{"line":128,"column":6}},"9":{"start":{"line":109,"column":18},"end":{"line":129,"column":null}},"10":{"start":{"line":137,"column":4},"end":{"line":146,"column":6}},"11":{"start":{"line":136,"column":18},"end":{"line":147,"column":null}},"12":{"start":{"line":155,"column":4},"end":{"line":155,"column":31}},"13":{"start":{"line":154,"column":18},"end":{"line":156,"column":null}}},"fnMap":{"0":{"name":"(anonymous_0)","decl":{"start":{"line":9,"column":0},"end":{"line":9,"column":17}},"loc":{"start":{"line":9,"column":25},"end":{"line":157,"column":1}}},"1":{"name":"renderedReply","decl":{"start":{"line":49,"column":18},"end":{"line":49,"column":31}},"loc":{"start":{"line":49,"column":58},"end":{"line":62,"column":3}}},"2":{"name":"diff","decl":{"start":{"line":73,"column":18},"end":{"line":73,"column":22}},"loc":{"start":{"line":73,"column":73},"end":{"line":75,"column":3}}},"3":{"name":"diffReply","decl":{"start":{"line":84,"column":18},"end":{"line":84,"column":27}},"loc":{"start":{"line":84,"column":53},"end":{"line":97,"column":3}}},"4":{"name":"allowUploadReply","decl":{"start":{"line":109,"column":18},"end":{"line":109,"column":34}},"loc":{"start":{"line":113,"column":31},"end":{"line":129,"column":3}}},"5":{"name":"heartbeat","decl":{"start":{"line":136,"column":18},"end":{"line":136,"column":27}},"loc":{"start":{"line":136,"column":40},"end":{"line":147,"column":3}}},"6":{"name":"serialize","decl":{"start":{"line":154,"column":18},"end":{"line":154,"column":27}},"loc":{"start":{"line":154,"column":38},"end":{"line":156,"column":3}}}},"branchMap":{"0":{"loc":{"start":{"line":9,"column":17},"end":{"line":9,"column":null}},"type":"binary-expr","locations":[{"start":{"line":9,"column":17},"end":{"line":9,"column":25}},{"start":{"line":9,"column":17},"end":{"line":9,"column":null}}]}},"s":{"0":9,"1":9,"2":3,"3":9,"4":0,"5":9,"6":1,"7":9,"8":0,"9":9,"10":1,"11":9,"12":5,"13":9},"f":{"0":9,"1":3,"2":0,"3":1,"4":0,"5":1,"6":5},"b":{"0":[9,9]}}
,"/Users/donnie/src/github.com/floodfx/liveviewjs/packages/core/src/server/pubsub/index.ts": {"path":"/Users/donnie/src/github.com/floodfx/liveviewjs/packages/core/src/server/pubsub/index.ts","statementMap":{"0":{"start":{"line":1,"column":0},"end":{"line":1,"column":25}},"1":{"start":{"line":2,"column":0},"end":{"line":2,"column":38}}},"fnMap":{},"branchMap":{},"s":{"0":9,"1":9},"f":{},"b":{}}
,"/Users/donnie/src/github.com/floodfx/liveviewjs/packages/core/src/server/pubsub/singleProcessPubSub.ts": {"path":"/Users/donnie/src/github.com/floodfx/liveviewjs/packages/core/src/server/pubsub/singleProcessPubSub.ts","statementMap":{"0":{"start":{"line":1,"column":0},"end":{"line":1,"column":28}},"1":{"start":{"line":2,"column":0},"end":{"line":2,"column":34}},"2":{"start":{"line":11,"column":21},"end":{"line":11,"column":39}},"3":{"start":{"line":14,"column":65},"end":{"line":14,"column":67}},"4":{"start":{"line":17,"column":4},"end":{"line":17,"column":54}},"5":{"start":{"line":19,"column":18},"end":{"line":19,"column":56}},"6":{"start":{"line":20,"column":4},"end":{"line":20,"column":41}},"7":{"start":{"line":21,"column":4},"end":{"line":21,"column":17}},"8":{"start":{"line":25,"column":4},"end":{"line":25,"column":41}},"9":{"start":{"line":29,"column":4},"end":{"line":40,"column":null}},"10":{"start":{"line":31,"column":25},"end":{"line":31,"column":55}},"11":{"start":{"line":33,"column":6},"end":{"line":35,"column":null}},"12":{"start":{"line":34,"column":8},"end":{"line":34,"column":61}},"13":{"start":{"line":37,"column":6},"end":{"line":37,"column":44}},"14":{"start":{"line":39,"column":6},"end":{"line":39,"column":65}},"15":{"start":{"line":13,"column":0},"end":{"line":13,"column":13}}},"fnMap":{"0":{"name":"(anonymous_1)","decl":{"start":{"line":16,"column":9},"end":{"line":16,"column":14}},"loc":{"start":{"line":16,"column":76},"end":{"line":22,"column":3}}},"1":{"name":"(anonymous_2)","decl":{"start":{"line":24,"column":9},"end":{"line":24,"column":14}},"loc":{"start":{"line":24,"column":50},"end":{"line":26,"column":3}}},"2":{"name":"(anonymous_3)","decl":{"start":{"line":28,"column":9},"end":{"line":28,"column":14}},"loc":{"start":{"line":28,"column":62},"end":{"line":41,"column":3}}}},"branchMap":{"0":{"loc":{"start":{"line":33,"column":6},"end":{"line":35,"column":null}},"type":"if","locations":[{"start":{"line":33,"column":6},"end":{"line":35,"column":null}}]}},"s":{"0":9,"1":9,"2":9,"3":78,"4":150,"5":150,"6":150,"7":150,"8":11,"9":129,"10":129,"11":129,"12":129,"13":129,"14":0,"15":9},"f":{"0":150,"1":11,"2":129},"b":{"0":[129]}}
,"/Users/donnie/src/github.com/floodfx/liveviewjs/packages/core/src/server/socket/index.ts": {"path":"/Users/donnie/src/github.com/floodfx/liveviewjs/packages/core/src/server/socket/index.ts","statementMap":{"0":{"start":{"line":1,"column":0},"end":{"line":1,"column":29}},"1":{"start":{"line":2,"column":0},"end":{"line":2,"column":34}},"2":{"start":{"line":3,"column":0},"end":{"line":3,"column":31}},"3":{"start":{"line":4,"column":0},"end":{"line":4,"column":34}}},"fnMap":{},"branchMap":{},"s":{"0":8,"1":8,"2":8,"3":8},"f":{},"b":{}}
,"/Users/donnie/src/github.com/floodfx/liveviewjs/packages/core/src/server/socket/liveSocket.ts": {"path":"/Users/donnie/src/github.com/floodfx/liveviewjs/packages/core/src/server/socket/liveSocket.ts","statementMap":{"0":{"start":{"line":3,"column":0},"end":{"line":3,"column":54}},"1":{"start":{"line":5,"column":0},"end":{"line":5,"column":60}},"2":{"start":{"line":6,"column":0},"end":{"line":6,"column":26}},"3":{"start":{"line":168,"column":44},"end":{"line":168,"column":46}},"4":{"start":{"line":171,"column":4},"end":{"line":171,"column":62}},"5":{"start":{"line":175,"column":4},"end":{"line":178,"column":6}},"6":{"start":{"line":182,"column":4},"end":{"line":185,"column":6}},"7":{"start":{"line":242,"column":4},"end":{"line":244,"column":null}},"8":{"start":{"line":243,"column":6},"end":{"line":243,"column":37}},"9":{"start":{"line":257,"column":32},"end":{"line":257,"column":37}},"10":{"start":{"line":258,"column":61},"end":{"line":258,"column":63}},"11":{"start":{"line":263,"column":4},"end":{"line":263,"column":12}},"12":{"start":{"line":264,"column":4},"end":{"line":264,"column":17}},"13":{"start":{"line":265,"column":4},"end":{"line":265,"column":19}},"14":{"start":{"line":269,"column":4},"end":{"line":269,"column":26}},"15":{"start":{"line":273,"column":15},"end":{"line":273,"column":50}},"16":{"start":{"line":274,"column":4},"end":{"line":277,"column":6}},"17":{"start":{"line":278,"column":4},"end":{"line":278,"column":29}},"18":{"start":{"line":282,"column":4},"end":{"line":282,"column":63}},"19":{"start":{"line":283,"column":4},"end":{"line":283,"column":29}},"20":{"start":{"line":252,"column":0},"end":{"line":252,"column":13}},"21":{"start":{"line":297,"column":32},"end":{"line":297,"column":36}},"22":{"start":{"line":336,"column":4},"end":{"line":336,"column":12}},"23":{"start":{"line":337,"column":4},"end":{"line":337,"column":17}},"24":{"start":{"line":338,"column":4},"end":{"line":338,"column":19}},"25":{"start":{"line":339,"column":4},"end":{"line":339,"column":47}},"26":{"start":{"line":340,"column":4},"end":{"line":340,"column":47}},"27":{"start":{"line":341,"column":4},"end":{"line":341,"column":47}},"28":{"start":{"line":342,"column":4},"end":{"line":342,"column":53}},"29":{"start":{"line":343,"column":4},"end":{"line":343,"column":45}},"30":{"start":{"line":344,"column":4},"end":{"line":344,"column":45}},"31":{"start":{"line":345,"column":4},"end":{"line":345,"column":47}},"32":{"start":{"line":346,"column":4},"end":{"line":346,"column":51}},"33":{"start":{"line":347,"column":4},"end":{"line":347,"column":53}},"34":{"start":{"line":348,"column":4},"end":{"line":348,"column":73}},"35":{"start":{"line":349,"column":4},"end":{"line":349,"column":59}},"36":{"start":{"line":352,"column":4},"end":{"line":352,"column":44}},"37":{"start":{"line":355,"column":4},"end":{"line":355,"column":41}},"38":{"start":{"line":358,"column":4},"end":{"line":358,"column":38}},"39":{"start":{"line":361,"column":4},"end":{"line":361,"column":63}},"40":{"start":{"line":364,"column":4},"end":{"line":364,"column":66}},"41":{"start":{"line":367,"column":4},"end":{"line":367,"column":32}},"42":{"start":{"line":370,"column":4},"end":{"line":370,"column":40}},"43":{"start":{"line":373,"column":4},"end":{"line":373,"column":50}},"44":{"start":{"line":376,"column":4},"end":{"line":376,"column":53}},"45":{"start":{"line":382,"column":4},"end":{"line":382,"column":72}},"46":{"start":{"line":385,"column":4},"end":{"line":385,"column":58}},"47":{"start":{"line":292,"column":0},"end":{"line":292,"column":13}}},"fnMap":{"0":{"name":"(anonymous_0)","decl":{"start":{"line":170,"column":2},"end":{"line":170,"column":6}},"loc":{"start":{"line":170,"column":13},"end":{"line":172,"column":3}}},"1":{"name":"(anonymous_1)","decl":{"start":{"line":174,"column":2},"end":{"line":174,"column":8}},"loc":{"start":{"line":174,"column":35},"end":{"line":179,"column":3}}},"2":{"name":"(anonymous_2)","decl":{"start":{"line":181,"column":2},"end":{"line":181,"column":12}},"loc":{"start":{"line":181,"column":43},"end":{"line":186,"column":3}}},"3":{"name":"(anonymous_3)","decl":{"start":{"line":188,"column":2},"end":{"line":188,"column":11}},"loc":{"start":{"line":188,"column":32},"end":{"line":190,"column":3}}},"4":{"name":"(anonymous_4)","decl":{"start":{"line":191,"column":2},"end":{"line":191,"column":11}},"loc":{"start":{"line":191,"column":39},"end":{"line":193,"column":3}}},"5":{"name":"(anonymous_5)","decl":{"start":{"line":194,"column":2},"end":{"line":194,"column":11}},"loc":{"start":{"line":194,"column":76},"end":{"line":198,"column":3}}},"6":{"name":"(anonymous_6)","decl":{"start":{"line":199,"column":2},"end":{"line":199,"column":14}},"loc":{"start":{"line":199,"column":79},"end":{"line":203,"column":3}}},"7":{"name":"(anonymous_7)","decl":{"start":{"line":204,"column":2},"end":{"line":204,"column":10}},"loc":{"start":{"line":204,"column":37},"end":{"line":208,"column":3}}},"8":{"name":"(anonymous_8)","decl":{"start":{"line":209,"column":2},"end":{"line":209,"column":10}},"loc":{"start":{"line":209,"column":28},"end":{"line":211,"column":3}}},"9":{"name":"(anonymous_9)","decl":{"start":{"line":212,"column":2},"end":{"line":212,"column":11}},"loc":{"start":{"line":212,"column":25},"end":{"line":216,"column":3}}},"10":{"name":"(anonymous_10)","decl":{"start":{"line":217,"column":2},"end":{"line":217,"column":13}},"loc":{"start":{"line":217,"column":57},"end":{"line":221,"column":3}}},"11":{"name":"(anonymous_11)","decl":{"start":{"line":222,"column":2},"end":{"line":222,"column":14}},"loc":{"start":{"line":222,"column":46},"end":{"line":226,"column":3}}},"12":{"name":"(anonymous_12)","decl":{"start":{"line":227,"column":2},"end":{"line":227,"column":24}},"loc":{"start":{"line":229,"column":76},"end":{"line":234,"column":3}}},"13":{"name":"(anonymous_13)","decl":{"start":{"line":235,"column":2},"end":{"line":235,"column":17}},"loc":{"start":{"line":235,"column":36},"end":{"line":239,"column":3}}},"14":{"name":"(anonymous_14)","decl":{"start":{"line":241,"column":2},"end":{"line":241,"column":30}},"loc":{"start":{"line":241,"column":30},"end":{"line":245,"column":3}}},"15":{"name":"(anonymous_15)","decl":{"start":{"line":262,"column":2},"end":{"line":262,"column":14}},"loc":{"start":{"line":262,"column":34},"end":{"line":266,"column":3}}},"16":{"name":"(anonymous_16)","decl":{"start":{"line":268,"column":2},"end":{"line":268,"column":6}},"loc":{"start":{"line":268,"column":14},"end":{"line":270,"column":3}}},"17":{"name":"(anonymous_17)","decl":{"start":{"line":272,"column":2},"end":{"line":272,"column":14}},"loc":{"start":{"line":272,"column":79},"end":{"line":279,"column":3}}},"18":{"name":"(anonymous_18)","decl":{"start":{"line":281,"column":2},"end":{"line":281,"column":13}},"loc":{"start":{"line":281,"column":69},"end":{"line":284,"column":3}}},"19":{"name":"(anonymous_19)","decl":{"start":{"line":318,"column":2},"end":{"line":318,"column":null}},"loc":{"start":{"line":334,"column":117},"end":{"line":350,"column":3}}},"20":{"name":"(anonymous_20)","decl":{"start":{"line":351,"column":2},"end":{"line":351,"column":7}},"loc":{"start":{"line":351,"column":43},"end":{"line":353,"column":3}}},"21":{"name":"(anonymous_21)","decl":{"start":{"line":354,"column":2},"end":{"line":354,"column":11}},"loc":{"start":{"line":354,"column":32},"end":{"line":356,"column":3}}},"22":{"name":"(anonymous_22)","decl":{"start":{"line":357,"column":2},"end":{"line":357,"column":11}},"loc":{"start":{"line":357,"column":39},"end":{"line":359,"column":3}}},"23":{"name":"(anonymous_23)","decl":{"start":{"line":360,"column":2},"end":{"line":360,"column":7}},"loc":{"start":{"line":360,"column":89},"end":{"line":362,"column":3}}},"24":{"name":"(anonymous_24)","decl":{"start":{"line":363,"column":2},"end":{"line":363,"column":7}},"loc":{"start":{"line":363,"column":92},"end":{"line":365,"column":3}}},"25":{"name":"(anonymous_25)","decl":{"start":{"line":366,"column":2},"end":{"line":366,"column":10}},"loc":{"start":{"line":366,"column":28},"end":{"line":368,"column":3}}},"26":{"name":"(anonymous_26)","decl":{"start":{"line":369,"column":2},"end":{"line":369,"column":7}},"loc":{"start":{"line":369,"column":31},"end":{"line":371,"column":3}}},"27":{"name":"(anonymous_27)","decl":{"start":{"line":372,"column":2},"end":{"line":372,"column":7}},"loc":{"start":{"line":372,"column":75},"end":{"line":374,"column":3}}},"28":{"name":"(anonymous_28)","decl":{"start":{"line":375,"column":2},"end":{"line":375,"column":7}},"loc":{"start":{"line":375,"column":52},"end":{"line":377,"column":3}}},"29":{"name":"(anonymous_29)","decl":{"start":{"line":378,"column":2},"end":{"line":378,"column":7}},"loc":{"start":{"line":380,"column":76},"end":{"line":383,"column":3}}},"30":{"name":"(anonymous_30)","decl":{"start":{"line":384,"column":2},"end":{"line":384,"column":7}},"loc":{"start":{"line":384,"column":42},"end":{"line":386,"column":3}}}},"branchMap":{"0":{"loc":{"start":{"line":171,"column":27},"end":{"line":171,"column":60}},"type":"binary-expr","locations":[{"start":{"line":171,"column":27},"end":{"line":171,"column":40}},{"start":{"line":171,"column":45},"end":{"line":171,"column":60}}]},"1":{"loc":{"start":{"line":242,"column":4},"end":{"line":244,"column":null}},"type":"if","locations":[{"start":{"line":242,"column":4},"end":{"line":244,"column":null}}]},"2":{"loc":{"start":{"line":273,"column":15},"end":{"line":273,"column":50}},"type":"cond-expr","locations":[{"start":{"line":273,"column":24},"end":{"line":273,"column":43}},{"start":{"line":273,"column":46},"end":{"line":273,"column":50}}]},"3":{"loc":{"start":{"line":276,"column":15},"end":{"line":276,"column":38}},"type":"binary-expr","locations":[{"start":{"line":276,"column":15},"end":{"line":276,"column":29}},{"start":{"line":276,"column":33},"end":{"line":276,"column":38}}]},"4":{"loc":{"start":{"line":360,"column":58},"end":{"line":360,"column":89}},"type":"default-arg","locations":[{"start":{"line":360,"column":84},"end":{"line":360,"column":89}}]},"5":{"loc":{"start":{"line":363,"column":61},"end":{"line":363,"column":92}},"type":"default-arg","locations":[{"start":{"line":363,"column":87},"end":{"line":363,"column":92}}]}},"s":{"0":10,"1":10,"2":10,"3":71,"4":291,"5":50,"6":1,"7":135,"8":1,"9":14,"10":14,"11":14,"12":14,"13":14,"14":15,"15":4,"16":4,"17":4,"18":1,"19":1,"20":10,"21":57,"22":57,"23":57,"24":57,"25":57,"26":57,"27":57,"28":57,"29":57,"30":57,"31":57,"32":57,"33":57,"34":57,"35":57,"36":2,"37":2,"38":2,"39":7,"40":6,"41":4,"42":2,"43":5,"44":2,"45":4,"46":3,"47":10},"f":{"0":291,"1":50,"2":1,"3":0,"4":0,"5":0,"6":0,"7":0,"8":0,"9":0,"10":0,"11":0,"12":0,"13":0,"14":135,"15":14,"16":15,"17":4,"18":1,"19":57,"20":2,"21":2,"22":2,"23":7,"24":6,"25":4,"26":2,"27":5,"28":2,"29":4,"30":3},"b":{"0":[291,162],"1":[1],"2":[2,2],"3":[4,3],"4":[4],"5":[3]}}
,"/Users/donnie/src/github.com/floodfx/liveviewjs/packages/core/src/server/socket/liveViewManager.ts": {"path":"/Users/donnie/src/github.com/floodfx/liveviewjs/packages/core/src/server/socket/liveViewManager.ts","statementMap":{"0":{"start":{"line":1,"column":0},"end":{"line":1,"column":28}},"1":{"start":{"line":2,"column":0},"end":{"line":2,"column":32}},"2":{"start":{"line":7,"column":0},"end":{"line":7,"column":null}},"3":{"start":{"line":23,"column":0},"end":{"line":23,"column":59}},"4":{"start":{"line":24,"column":0},"end":{"line":24,"column":45}},"5":{"start":{"line":25,"column":0},"end":{"line":25,"column":54}},"6":{"start":{"line":26,"column":0},"end":{"line":26,"column":64}},"7":{"start":{"line":27,"column":0},"end":{"line":27,"column":82}},"8":{"start":{"line":28,"column":0},"end":{"line":28,"column":60}},"9":{"start":{"line":29,"column":0},"end":{"line":29,"column":null}},"10":{"start":{"line":51,"column":0},"end":{"line":51,"column":56}},"11":{"start":{"line":52,"column":0},"end":{"line":52,"column":26}},"12":{"start":{"line":99,"column":61},"end":{"line":99,"column":63}},"13":{"start":{"line":102,"column":40},"end":{"line":102,"column":42}},"14":{"start":{"line":108,"column":59},"end":{"line":108,"column":61}},"15":{"start":{"line":114,"column":38},"end":{"line":114,"column":40}},"16":{"start":{"line":115,"column":40},"end":{"line":115,"column":42}},"17":{"start":{"line":118,"column":38},"end":{"line":118,"column":43}},"18":{"start":{"line":122,"column":43},"end":{"line":122,"column":48}},"19":{"start":{"line":125,"column":22},"end":{"line":125,"column":23}},"20":{"start":{"line":138,"column":4},"end":{"line":138,"column":29}},"21":{"start":{"line":139,"column":4},"end":{"line":139,"column":37}},"22":{"start":{"line":140,"column":4},"end":{"line":140,"column":31}},"23":{"start":{"line":141,"column":4},"end":{"line":141,"column":23}},"24":{"start":{"line":142,"column":4},"end":{"line":142,"column":25}},"25":{"start":{"line":143,"column":4},"end":{"line":143,"column":37}},"26":{"start":{"line":144,"column":4},"end":{"line":144,"column":41}},"27":{"start":{"line":145,"column":4},"end":{"line":145,"column":53}},"28":{"start":{"line":146,"column":4},"end":{"line":146,"column":33}},"29":{"start":{"line":149,"column":18},"end":{"line":149,"column":102}},"30":{"start":{"line":151,"column":4},"end":{"line":151,"column":47}},"31":{"start":{"line":161,"column":4},"end":{"line":230,"column":null}},"32":{"start":{"line":162,"column":22},"end":{"line":162,"column":50}},"33":{"start":{"line":163,"column":20},"end":{"line":163,"column":46}},"34":{"start":{"line":166,"column":59},"end":{"line":166,"column":66}},"35":{"start":{"line":167,"column":6},"end":{"line":169,"column":null}},"36":{"start":{"line":168,"column":8},"end":{"line":168,"column":84}},"37":{"start":{"line":171,"column":18},"end":{"line":171,"column":57}},"38":{"start":{"line":173,"column":6},"end":{"line":173,"column":21}},"39":{"start":{"line":176,"column":88},"end":{"line":176,"column":95}},"40":{"start":{"line":178,"column":6},"end":{"line":178,"column":49}},"41":{"start":{"line":181,"column":6},"end":{"line":181,"column":66}},"42":{"start":{"line":183,"column":6},"end":{"line":186,"column":null}},"43":{"start":{"line":184,"column":8},"end":{"line":184,"column":111}},"44":{"start":{"line":185,"column":8},"end":{"line":185,"column":15}},"45":{"start":{"line":189,"column":6},"end":{"line":189,"column":26}},"46":{"start":{"line":191,"column":20},"end":{"line":191,"column":103}},"47":{"start":{"line":193,"column":6},"end":{"line":193,"column":48}},"48":{"start":{"line":196,"column":6},"end":{"line":196,"column":45}},"49":{"start":{"line":197,"column":6},"end":{"line":197,"column":101}},"50":{"start":{"line":198,"column":6},"end":{"line":198,"column":57}},"51":{"start":{"line":202,"column":17},"end":{"line":202,"column":92}},"52":{"start":{"line":204,"column":6},"end":{"line":204,"column":54}},"53":{"start":{"line":206,"column":6},"end":{"line":206,"column":41}},"54":{"start":{"line":208,"column":21},"end":{"line":208,"column":68}},"55":{"start":{"line":210,"column":6},"end":{"line":210,"column":57}},"56":{"start":{"line":212,"column":6},"end":{"line":212,"column":54}},"57":{"start":{"line":215,"column":27},"end":{"line":220,"column":8}},"58":{"start":{"line":221,"column":6},"end":{"line":221,"column":60}},"59":{"start":{"line":224,"column":6},"end":{"line":224,"column":34}},"60":{"start":{"line":227,"column":6},"end":{"line":227,"column":49}},"61":{"start":{"line":229,"column":6},"end":{"line":229,"column":46}},"62":{"start":{"line":240,"column":4},"end":{"line":277,"column":null}},"63":{"start":{"line":241,"column":32},"end":{"line":241,"column":42}},"64":{"start":{"line":242,"column":6},"end":{"line":273,"column":null}},"65":{"start":{"line":244,"column":10},"end":{"line":244,"column":36}},"66":{"start":{"line":245,"column":10},"end":{"line":245,"column":16}},"67":{"start":{"line":247,"column":10},"end":{"line":247,"column":38}},"68":{"start":{"line":248,"column":10},"end":{"line":248,"column":16}},"69":{"start":{"line":250,"column":10},"end":{"line":250,"column":44}},"70":{"start":{"line":251,"column":10},"end":{"line":251,"column":16}},"71":{"start":{"line":253,"column":10},"end":{"line":253,"column":42}},"72":{"start":{"line":254,"column":10},"end":{"line":254,"column":16}},"73":{"start":{"line":256,"column":10},"end":{"line":256,"column":41}},"74":{"start":{"line":257,"column":10},"end":{"line":257,"column":16}},"75":{"start":{"line":259,"column":10},"end":{"line":259,"column":46}},"76":{"start":{"line":260,"column":10},"end":{"line":260,"column":16}},"77":{"start":{"line":262,"column":10},"end":{"line":262,"column":45}},"78":{"start":{"line":263,"column":10},"end":{"line":263,"column":16}},"79":{"start":{"line":265,"column":10},"end":{"line":265,"column":47}},"80":{"start":{"line":266,"column":10},"end":{"line":266,"column":16}},"81":{"start":{"line":268,"column":10},"end":{"line":272,"column":12}},"82":{"start":{"line":297,"column":4},"end":{"line":500,"column":null}},"83":{"start":{"line":298,"column":22},"end":{"line":298,"column":50}},"84":{"start":{"line":299,"column":35},"end":{"line":299,"column":42}},"85":{"start":{"line":301,"column":43},"end":{"line":301,"column":45}},"86":{"start":{"line":302,"column":6},"end":{"line":361,"column":null}},"87":{"start":{"line":305,"column":10},"end":{"line":309,"column":null}},"88":{"start":{"line":306,"column":38},"end":{"line":306,"column":71}},"89":{"start":{"line":307,"column":24},"end":{"line":307,"column":51}},"90":{"start":{"line":308,"column":12},"end":{"line":308,"column":33}},"91":{"start":{"line":310,"column":10},"end":{"line":310,"column":32}},"92":{"start":{"line":311,"column":10},"end":{"line":311,"column":16}},"93":{"start":{"line":317,"column":10},"end":{"line":317,"column":32}},"94":{"start":{"line":318,"column":10},"end":{"line":318,"column":16}},"95":{"start":{"line":321,"column":10},"end":{"line":321,"column":73}},"96":{"start":{"line":323,"column":10},"end":{"line":337,"column":null}},"97":{"start":{"line":324,"column":12},"end":{"line":329,"column":null}},"98":{"start":{"line":325,"column":14},"end":{"line":327,"column":16}},"99":{"start":{"line":328,"column":14},"end":{"line":328,"column":21}},"100":{"start":{"line":331,"column":12},"end":{"line":336,"column":null}},"101":{"start":{"line":332,"column":14},"end":{"line":334,"column":16}},"102":{"start":{"line":335,"column":14},"end":{"line":335,"column":57}},"103":{"start":{"line":340,"column":10},"end":{"line":354,"column":null}},"104":{"start":{"line":341,"column":32},"end":{"line":341,"column":39}},"105":{"start":{"line":343,"column":27},"end":{"line":343,"column":53}},"106":{"start":{"line":344,"column":12},"end":{"line":353,"column":null}},"107":{"start":{"line":345,"column":29},"end":{"line":345,"column":55}},"108":{"start":{"line":347,"column":14},"end":{"line":352,"column":null}},"109":{"start":{"line":348,"column":32},"end":{"line":350,"column":18}},"110":{"start":{"line":349,"column":18},"end":{"line":349,"column":57}},"111":{"start":{"line":351,"column":16},"end":{"line":351,"column":43}},"112":{"start":{"line":357,"column":10},"end":{"line":357,"column":16}},"113":{"start":{"line":359,"column":10},"end":{"line":359,"column":52}},"114":{"start":{"line":360,"column":10},"end":{"line":360,"column":17}},"115":{"start":{"line":364,"column":37},"end":{"line":367,"column":8}},"116":{"start":{"line":371,"column":6},"end":{"line":496,"column":null}},"117":{"start":{"line":375,"column":34},"end":{"line":375,"column":103}},"118":{"start":{"line":375,"column":89},"end":{"line":375,"column":102}},"119":{"start":{"line":376,"column":8},"end":{"line":441,"column":null}},"120":{"start":{"line":377,"column":87},"end":{"line":377,"column":104}},"121":{"start":{"line":379,"column":32},"end":{"line":379,"column":84}},"122":{"start":{"line":380,"column":10},"end":{"line":437,"column":null}},"123":{"start":{"line":382,"column":29},"end":{"line":382,"column":100}},"124":{"start":{"line":385,"column":12},"end":{"line":391,"column":null}},"125":{"start":{"line":390,"column":14},"end":{"line":390,"column":66}},"126":{"start":{"line":394,"column":28},"end":{"line":394,"column":89}},"127":{"start":{"line":397,"column":29},"end":{"line":397,"column":72}},"128":{"start":{"line":398,"column":28},"end":{"line":398,"column":60}},"129":{"start":{"line":400,"column":12},"end":{"line":405,"column":14}},"130":{"start":{"line":407,"column":30},"end":{"line":412,"column":14}},"131":{"start":{"line":414,"column":12},"end":{"line":414,"column":52}},"132":{"start":{"line":417,"column":33},"end":{"line":422,"column":14}},"133":{"start":{"line":424,"column":12},"end":{"line":424,"column":66}},"134":{"start":{"line":427,"column":12},"end":{"line":427,"column":40}},"135":{"start":{"line":430,"column":12},"end":{"line":430,"column":55}},"136":{"start":{"line":439,"column":10},"end":{"line":439,"column":70}},"137":{"start":{"line":440,"column":10},"end":{"line":440,"column":17}},"138":{"start":{"line":447,"column":32},"end":{"line":447,"column":68}},"139":{"start":{"line":450,"column":28},"end":{"line":450,"column":33}},"140":{"start":{"line":451,"column":8},"end":{"line":456,"column":null}},"141":{"start":{"line":452,"column":10},"end":{"line":452,"column":65}},"142":{"start":{"line":455,"column":10},"end":{"line":455,"column":31}},"143":{"start":{"line":460,"column":26},"end":{"line":460,"column":28}},"144":{"start":{"line":468,"column":19},"end":{"line":468,"column":94}},"145":{"start":{"line":471,"column":8},"end":{"line":471,"column":56}},"146":{"start":{"line":474,"column":25},"end":{"line":474,"column":45}},"147":{"start":{"line":475,"column":8},"end":{"line":475,"column":48}},"148":{"start":{"line":477,"column":8},"end":{"line":477,"column":31}},"149":{"start":{"line":479,"column":8},"end":{"line":479,"column":51}},"150":{"start":{"line":480,"column":8},"end":{"line":480,"column":48}},"151":{"start":{"line":482,"column":29},"end":{"line":487,"column":10}},"152":{"start":{"line":489,"column":8},"end":{"line":489,"column":62}},"153":{"start":{"line":492,"column":8},"end":{"line":492,"column":36}},"154":{"start":{"line":495,"column":8},"end":{"line":495,"column":51}},"155":{"start":{"line":504,"column":4},"end":{"line":565,"column":null}},"156":{"start":{"line":505,"column":22},"end":{"line":505,"column":50}},"157":{"start":{"line":507,"column":31},"end":{"line":507,"column":38}},"158":{"start":{"line":509,"column":6},"end":{"line":509,"column":33}},"159":{"start":{"line":511,"column":17},"end":{"line":511,"column":92}},"160":{"start":{"line":514,"column":6},"end":{"line":514,"column":54}},"161":{"start":{"line":517,"column":23},"end":{"line":517,"column":43}},"162":{"start":{"line":518,"column":17},"end":{"line":518,"column":49}},"163":{"start":{"line":520,"column":6},"end":{"line":520,"column":29}},"164":{"start":{"line":523,"column":6},"end":{"line":523,"column":49}},"165":{"start":{"line":524,"column":6},"end":{"line":524,"column":46}},"166":{"start":{"line":527,"column":21},"end":{"line":531,"column":8}},"167":{"start":{"line":533,"column":54},"end":{"line":535,"column":8}},"168":{"start":{"line":536,"column":6},"end":{"line":544,"column":9}},"169":{"start":{"line":537,"column":8},"end":{"line":543,"column":null}},"170":{"start":{"line":539,"column":10},"end":{"line":539,"column":58}},"171":{"start":{"line":546,"column":27},"end":{"line":553,"column":8}},"172":{"start":{"line":555,"column":6},"end":{"line":555,"column":60}},"173":{"start":{"line":558,"column":6},"end":{"line":558,"column":34}},"174":{"start":{"line":561,"column":6},"end":{"line":561,"column":49}},"175":{"start":{"line":569,"column":4},"end":{"line":586,"column":null}},"176":{"start":{"line":570,"column":20},"end":{"line":570,"column":46}},"177":{"start":{"line":571,"column":22},"end":{"line":571,"column":50}},"178":{"start":{"line":573,"column":24},"end":{"line":573,"column":31}},"179":{"start":{"line":577,"column":27},"end":{"line":580,"column":8}},"180":{"start":{"line":582,"column":6},"end":{"line":582,"column":60}},"181":{"start":{"line":590,"column":4},"end":{"line":655,"column":null}},"182":{"start":{"line":594,"column":33},"end":{"line":594,"column":74}},"183":{"start":{"line":596,"column":57},"end":{"line":596,"column":112}},"184":{"start":{"line":598,"column":6},"end":{"line":598,"column":72}},"185":{"start":{"line":602,"column":18},"end":{"line":602,"column":37}},"186":{"start":{"line":605,"column":33},"end":{"line":605,"column":110}},"187":{"start":{"line":605,"column":79},"end":{"line":605,"column":109}},"188":{"start":{"line":606,"column":6},"end":{"line":620,"column":null}},"189":{"start":{"line":608,"column":22},"end":{"line":608,"column":75}},"190":{"start":{"line":608,"column":61},"end":{"line":608,"column":74}},"191":{"start":{"line":609,"column":8},"end":{"line":612,"column":null}},"192":{"start":{"line":615,"column":34},"end":{"line":615,"column":77}},"193":{"start":{"line":617,"column":8},"end":{"line":617,"column":89}},"194":{"start":{"line":619,"column":8},"end":{"line":619,"column":45}},"195":{"start":{"line":623,"column":50},"end":{"line":623,"column":90}},"196":{"start":{"line":624,"column":23},"end":{"line":624,"column":27}},"197":{"start":{"line":625,"column":6},"end":{"line":636,"column":9}},"198":{"start":{"line":626,"column":23},"end":{"line":626,"column":46}},"199":{"start":{"line":628,"column":8},"end":{"line":635,"column":null}},"200":{"start":{"line":630,"column":10},"end":{"line":634,"column":13}},"201":{"start":{"line":631,"column":12},"end":{"line":633,"column":null}},"202":{"start":{"line":632,"column":14},"end":{"line":632,"column":48}},"203":{"start":{"line":637,"column":6},"end":{"line":639,"column":null}},"204":{"start":{"line":638,"column":8},"end":{"line":638,"column":39}},"205":{"start":{"line":642,"column":6},"end":{"line":651,"column":9}},"206":{"start":{"line":659,"column":4},"end":{"line":712,"column":null}},"207":{"start":{"line":660,"column":22},"end":{"line":660,"column":50}},"208":{"start":{"line":662,"column":43},"end":{"line":662,"column":50}},"209":{"start":{"line":666,"column":27},"end":{"line":666,"column":97}},"210":{"start":{"line":666,"column":78},"end":{"line":666,"column":96}},"211":{"start":{"line":667,"column":6},"end":{"line":678,"column":null}},"212":{"start":{"line":668,"column":8},"end":{"line":673,"column":11}},"213":{"start":{"line":669,"column":10},"end":{"line":671,"column":null}},"214":{"start":{"line":670,"column":12},"end":{"line":670,"column":43}},"215":{"start":{"line":672,"column":10},"end":{"line":672,"column":23}},"216":{"start":{"line":674,"column":8},"end":{"line":674,"column":61}},"217":{"start":{"line":680,"column":17},"end":{"line":680,"column":92}},"218":{"start":{"line":683,"column":6},"end":{"line":683,"column":54}},"219":{"start":{"line":686,"column":23},"end":{"line":686,"column":43}},"220":{"start":{"line":687,"column":17},"end":{"line":687,"column":49}},"221":{"start":{"line":689,"column":6},"end":{"line":689,"column":29}},"222":{"start":{"line":692,"column":6},"end":{"line":692,"column":49}},"223":{"start":{"line":693,"column":6},"end":{"line":693,"column":46}},"224":{"start":{"line":695,"column":27},"end":{"line":700,"column":8}},"225":{"start":{"line":702,"column":6},"end":{"line":702,"column":60}},"226":{"start":{"line":705,"column":6},"end":{"line":705,"column":34}},"227":{"start":{"line":708,"column":6},"end":{"line":708,"column":49}},"228":{"start":{"line":721,"column":4},"end":{"line":764,"column":null}},"229":{"start":{"line":722,"column":22},"end":{"line":722,"column":50}},"230":{"start":{"line":724,"column":33},"end":{"line":724,"column":40}},"231":{"start":{"line":725,"column":18},"end":{"line":725,"column":36}},"232":{"start":{"line":727,"column":30},"end":{"line":727,"column":66}},"233":{"start":{"line":728,"column":6},"end":{"line":728,"column":57}},"234":{"start":{"line":732,"column":17},"end":{"line":732,"column":92}},"235":{"start":{"line":735,"column":6},"end":{"line":735,"column":54}},"236":{"start":{"line":738,"column":23},"end":{"line":738,"column":43}},"237":{"start":{"line":739,"column":17},"end":{"line":739,"column":49}},"238":{"start":{"line":741,"column":6},"end":{"line":741,"column":29}},"239":{"start":{"line":744,"column":6},"end":{"line":744,"column":49}},"240":{"start":{"line":745,"column":6},"end":{"line":745,"column":46}},"241":{"start":{"line":747,"column":27},"end":{"line":752,"column":8}},"242":{"start":{"line":754,"column":6},"end":{"line":754,"column":60}},"243":{"start":{"line":757,"column":6},"end":{"line":757,"column":34}},"244":{"start":{"line":760,"column":6},"end":{"line":760,"column":49}},"245":{"start":{"line":773,"column":4},"end":{"line":773,"column":50}},"246":{"start":{"line":782,"column":4},"end":{"line":782,"column":26}},"247":{"start":{"line":789,"column":4},"end":{"line":800,"column":null}},"248":{"start":{"line":791,"column":6},"end":{"line":794,"column":9}},"249":{"start":{"line":792,"column":22},"end":{"line":792,"column":42}},"250":{"start":{"line":793,"column":8},"end":{"line":793,"column":52}},"251":{"start":{"line":797,"column":6},"end":{"line":797,"column":44}},"252":{"start":{"line":812,"column":4},"end":{"line":812,"column":70}},"253":{"start":{"line":824,"column":4},"end":{"line":824,"column":73}},"254":{"start":{"line":840,"column":4},"end":{"line":869,"column":null}},"255":{"start":{"line":842,"column":17},"end":{"line":842,"column":52}},"256":{"start":{"line":843,"column":19},"end":{"line":843,"column":54}},"257":{"start":{"line":844,"column":48},"end":{"line":850,"column":8}},"258":{"start":{"line":853,"column":6},"end":{"line":853,"column":39}},"259":{"start":{"line":856,"column":6},"end":{"line":856,"column":62}},"260":{"start":{"line":859,"column":6},"end":{"line":859,"column":33}},"261":{"start":{"line":862,"column":6},"end":{"line":862,"column":34}},"262":{"start":{"line":865,"column":6},"end":{"line":865,"column":49}},"263":{"start":{"line":878,"column":4},"end":{"line":878,"column":33}},"264":{"start":{"line":887,"column":4},"end":{"line":889,"column":null}},"265":{"start":{"line":888,"column":6},"end":{"line":888,"column":28}},"266":{"start":{"line":891,"column":4},"end":{"line":891,"column":31}},"267":{"start":{"line":899,"column":4},"end":{"line":930,"column":null}},"268":{"start":{"line":900,"column":6},"end":{"line":900,"column":56}},"269":{"start":{"line":903,"column":17},"end":{"line":903,"column":92}},"270":{"start":{"line":906,"column":6},"end":{"line":906,"column":54}},"271":{"start":{"line":909,"column":23},"end":{"line":909,"column":43}},"272":{"start":{"line":910,"column":17},"end":{"line":910,"column":49}},"273":{"start":{"line":911,"column":6},"end":{"line":911,"column":29}},"274":{"start":{"line":913,"column":6},"end":{"line":913,"column":49}},"275":{"start":{"line":914,"column":6},"end":{"line":914,"column":46}},"276":{"start":{"line":916,"column":34},"end":{"line":922,"column":8}},"277":{"start":{"line":923,"column":6},"end":{"line":923,"column":31}},"278":{"start":{"line":926,"column":6},"end":{"line":926,"column":49}},"279":{"start":{"line":934,"column":4},"end":{"line":937,"column":null}},"280":{"start":{"line":935,"column":6},"end":{"line":935,"column":33}},"281":{"start":{"line":936,"column":6},"end":{"line":936,"column":35}},"282":{"start":{"line":941,"column":4},"end":{"line":946,"column":null}},"283":{"start":{"line":942,"column":6},"end":{"line":942,"column":65}},"284":{"start":{"line":950,"column":4},"end":{"line":955,"column":null}},"285":{"start":{"line":951,"column":6},"end":{"line":951,"column":54}},"286":{"start":{"line":959,"column":4},"end":{"line":964,"column":null}},"287":{"start":{"line":960,"column":20},"end":{"line":960,"column":69}},"288":{"start":{"line":961,"column":6},"end":{"line":963,"column":null}},"289":{"start":{"line":962,"column":8},"end":{"line":962,"column":38}},"290":{"start":{"line":968,"column":4},"end":{"line":970,"column":null}},"291":{"start":{"line":969,"column":6},"end":{"line":969,"column":71}},"292":{"start":{"line":971,"column":4},"end":{"line":971,"column":16}},"293":{"start":{"line":975,"column":4},"end":{"line":981,"column":null}},"294":{"start":{"line":976,"column":6},"end":{"line":976,"column":36}},"295":{"start":{"line":977,"column":6},"end":{"line":980,"column":8}},"296":{"start":{"line":982,"column":4},"end":{"line":982,"column":17}},"297":{"start":{"line":986,"column":4},"end":{"line":998,"column":null}},"298":{"start":{"line":987,"column":21},"end":{"line":987,"column":50}},"299":{"start":{"line":988,"column":6},"end":{"line":988,"column":24}},"300":{"start":{"line":990,"column":16},"end":{"line":993,"column":8}},"301":{"start":{"line":991,"column":36},"end":{"line":991,"column":41}},"302":{"start":{"line":992,"column":8},"end":{"line":992,"column":30}},"303":{"start":{"line":994,"column":6},"end":{"line":997,"column":8}},"304":{"start":{"line":999,"column":4},"end":{"line":999,"column":17}},"305":{"start":{"line":1003,"column":4},"end":{"line":1008,"column":7}},"306":{"start":{"line":1004,"column":6},"end":{"line":1007,"column":null}},"307":{"start":{"line":1005,"column":8},"end":{"line":1005,"column":24}},"308":{"start":{"line":1006,"column":8},"end":{"line":1006,"column":104}},"309":{"start":{"line":1016,"column":87},"end":{"line":1016,"column":89}},"310":{"start":{"line":1018,"column":104},"end":{"line":1018,"column":106}},"311":{"start":{"line":1038,"column":19},"end":{"line":1038,"column":25}},"312":{"start":{"line":1039,"column":4},"end":{"line":1039,"column":21}},"313":{"start":{"line":1042,"column":15},"end":{"line":1042,"column":113}},"314":{"start":{"line":1043,"column":4},"end":{"line":1043,"column":90}},"315":{"start":{"line":1044,"column":27},"end":{"line":1044,"column":81}},"316":{"start":{"line":1047,"column":4},"end":{"line":1053,"column":null}},"317":{"start":{"line":1048,"column":6},"end":{"line":1052,"column":8}},"318":{"start":{"line":1056,"column":18},"end":{"line":1056,"column":41}},"319":{"start":{"line":1062,"column":4},"end":{"line":1150,"column":null}},"320":{"start":{"line":1076,"column":25},"end":{"line":1076,"column":50}},"321":{"start":{"line":1078,"column":6},"end":{"line":1123,"column":null}},"322":{"start":{"line":1079,"column":8},"end":{"line":1079,"column":34}},"323":{"start":{"line":1082,"column":25},"end":{"line":1082,"column":90}},"324":{"start":{"line":1085,"column":8},"end":{"line":1085,"column":44}},"325":{"start":{"line":1086,"column":8},"end":{"line":1086,"column":45}},"326":{"start":{"line":1087,"column":8},"end":{"line":1087,"column":75}},"327":{"start":{"line":1091,"column":8},"end":{"line":1098,"column":10}},"328":{"start":{"line":1102,"column":34},"end":{"line":1102,"column":73}},"329":{"start":{"line":1103,"column":62},"end":{"line":1103,"column":79}},"330":{"start":{"line":1104,"column":8},"end":{"line":1104,"column":21}},"331":{"start":{"line":1107,"column":25},"end":{"line":1107,"column":93}},"332":{"start":{"line":1110,"column":8},"end":{"line":1110,"column":45}},"333":{"start":{"line":1111,"column":8},"end":{"line":1111,"column":75}},"334":{"start":{"line":1113,"column":25},"end":{"line":1113,"column":68}},"335":{"start":{"line":1114,"column":24},"end":{"line":1114,"column":56}},"336":{"start":{"line":1117,"column":8},"end":{"line":1122,"column":10}},"337":{"start":{"line":1126,"column":6},"end":{"line":1126,"column":60}},"338":{"start":{"line":1136,"column":6},"end":{"line":1138,"column":null}},"339":{"start":{"line":1137,"column":8},"end":{"line":1137,"column":109}},"340":{"start":{"line":1141,"column":23},"end":{"line":1141,"column":88}},"341":{"start":{"line":1145,"column":6},"end":{"line":1145,"column":42}},"342":{"start":{"line":1146,"column":6},"end":{"line":1146,"column":43}},"343":{"start":{"line":1147,"column":6},"end":{"line":1147,"column":77}},"344":{"start":{"line":1149,"column":6},"end":{"line":1149,"column":21}},"345":{"start":{"line":1154,"column":32},"end":{"line":1154,"column":34}},"346":{"start":{"line":1156,"column":4},"end":{"line":1162,"column":7}},"347":{"start":{"line":1157,"column":6},"end":{"line":1161,"column":null}},"348":{"start":{"line":1158,"column":39},"end":{"line":1158,"column":52}},"349":{"start":{"line":1160,"column":8},"end":{"line":1160,"column":40}},"350":{"start":{"line":1164,"column":4},"end":{"line":1175,"column":null}},"351":{"start":{"line":1166,"column":6},"end":{"line":1168,"column":9}},"352":{"start":{"line":1167,"column":8},"end":{"line":1167,"column":64}},"353":{"start":{"line":1171,"column":6},"end":{"line":1174,"column":8}},"354":{"start":{"line":1178,"column":4},"end":{"line":1178,"column":17}},"355":{"start":{"line":1182,"column":4},"end":{"line":1192,"column":22}},"356":{"start":{"line":1188,"column":8},"end":{"line":1188,"column":82}},"357":{"start":{"line":1196,"column":4},"end":{"line":1281,"column":6}},"358":{"start":{"line":1203,"column":8},"end":{"line":1203,"column":34}},"359":{"start":{"line":1206,"column":17},"end":{"line":1206,"column":40}},"360":{"start":{"line":1208,"column":39},"end":{"line":1208,"column":84}},"361":{"start":{"line":1210,"column":39},"end":{"line":1210,"column":87}},"362":{"start":{"line":1212,"column":28},"end":{"line":1212,"column":59}},"363":{"start":{"line":1214,"column":16},"end":{"line":1214,"column":37}},"364":{"start":{"line":1217,"column":22},"end":{"line":1219,"column":10}},"365":{"start":{"line":1218,"column":10},"end":{"line":1218,"column":34}},"366":{"start":{"line":1220,"column":8},"end":{"line":1220,"column":44}},"367":{"start":{"line":1225,"column":8},"end":{"line":1225,"column":67}},"368":{"start":{"line":1230,"column":29},"end":{"line":1230,"column":59}},"369":{"start":{"line":1231,"column":8},"end":{"line":1236,"column":null}},"370":{"start":{"line":1232,"column":10},"end":{"line":1232,"column":40}},"371":{"start":{"line":1241,"column":29},"end":{"line":1241,"column":59}},"372":{"start":{"line":1242,"column":8},"end":{"line":1254,"column":null}},"373":{"start":{"line":1243,"column":29},"end":{"line":1243,"column":78}},"374":{"start":{"line":1243,"column":66},"end":{"line":1243,"column":77}},"375":{"start":{"line":1244,"column":10},"end":{"line":1246,"column":null}},"376":{"start":{"line":1245,"column":12},"end":{"line":1245,"column":90}},"377":{"start":{"line":1248,"column":26},"end":{"line":1248,"column":55}},"378":{"start":{"line":1249,"column":10},"end":{"line":1253,"column":12}},"379":{"start":{"line":1251,"column":31},"end":{"line":1251,"column":113}},"380":{"start":{"line":1255,"column":8},"end":{"line":1255,"column":89}},"381":{"start":{"line":1256,"column":8},"end":{"line":1256,"column":18}},"382":{"start":{"line":1261,"column":41},"end":{"line":1261,"column":43}},"383":{"start":{"line":1262,"column":42},"end":{"line":1262,"column":44}},"384":{"start":{"line":1263,"column":29},"end":{"line":1263,"column":59}},"385":{"start":{"line":1264,"column":8},"end":{"line":1275,"column":null}},"386":{"start":{"line":1265,"column":10},"end":{"line":1271,"column":13}},"387":{"start":{"line":1266,"column":12},"end":{"line":1270,"column":null}},"388":{"start":{"line":1267,"column":14},"end":{"line":1267,"column":36}},"389":{"start":{"line":1269,"column":14},"end":{"line":1269,"column":37}},"390":{"start":{"line":1276,"column":8},"end":{"line":1279,"column":10}},"391":{"start":{"line":1285,"column":4},"end":{"line":1290,"column":6}},"392":{"start":{"line":1288,"column":16},"end":{"line":1288,"column":37}},"393":{"start":{"line":1289,"column":17},"end":{"line":1289,"column":40}},"394":{"start":{"line":93,"column":0},"end":{"line":93,"column":13}}},"fnMap":{"0":{"name":"(anonymous_1)","decl":{"start":{"line":127,"column":2},"end":{"line":127,"column":null}},"loc":{"start":{"line":136,"column":50},"end":{"line":152,"column":3}}},"1":{"name":"(anonymous_2)","decl":{"start":{"line":160,"column":2},"end":{"line":160,"column":7}},"loc":{"start":{"line":160,"column":43},"end":{"line":231,"column":3}}},"2":{"name":"(anonymous_3)","decl":{"start":{"line":238,"column":9},"end":{"line":238,"column":14}},"loc":{"start":{"line":238,"column":57},"end":{"line":278,"column":3}}},"3":{"name":"(anonymous_4)","decl":{"start":{"line":285,"column":9},"end":{"line":285,"column":14}},"loc":{"start":{"line":295,"column":5},"end":{"line":501,"column":3}}},"4":{"name":"(anonymous_5)","decl":{"start":{"line":348,"column":56},"end":{"line":348,"column":57}},"loc":{"start":{"line":348,"column":67},"end":{"line":350,"column":17}}},"5":{"name":"(anonymous_6)","decl":{"start":{"line":375,"column":82},"end":{"line":375,"column":83}},"loc":{"start":{"line":375,"column":89},"end":{"line":375,"column":102}}},"6":{"name":"(anonymous_7)","decl":{"start":{"line":503,"column":9},"end":{"line":503,"column":14}},"loc":{"start":{"line":503,"column":60},"end":{"line":566,"column":3}}},"7":{"name":"(anonymous_8)","decl":{"start":{"line":536,"column":22},"end":{"line":536,"column":27}},"loc":{"start":{"line":536,"column":38},"end":{"line":5
[...]
,"/Users/donnie/src/github.com/floodfx/liveviewjs/packages/core/src/server/test/liveviews.ts": {"path":"/Users/donnie/src/github.com/floodfx/liveviewjs/packages/core/src/server/test/liveviews.ts","statementMap":{"0":{"start":{"line":1,"column":0},"end":{"line":1,"column":41}},"1":{"start":{"line":2,"column":0},"end":{"line":2,"column":36}},"2":{"start":{"line":4,"column":0},"end":{"line":4,"column":null}},"3":{"start":{"line":8,"column":15},"end":{"line":15,"column":5}},"4":{"start":{"line":10,"column":6},"end":{"line":10,"column":34}},"5":{"start":{"line":13,"column":6},"end":{"line":13,"column":43}}},"fnMap":{"0":{"name":"(anonymous_0)","decl":{"start":{"line":4,"column":0},"end":{"line":4,"column":17}},"loc":{"start":{"line":4,"column":21},"end":{"line":16,"column":1}}},"1":{"name":"(anonymous_1)","decl":{"start":{"line":9,"column":11},"end":{"line":9,"column":12}},"loc":{"start":{"line":9,"column":22},"end":{"line":11,"column":5}}},"2":{"name":"(anonymous_2)","decl":{"start":{"line":12,"column":12},"end":{"line":12,"column":13}},"loc":{"start":{"line":12,"column":20},"end":{"line":14,"column":5}}}},"branchMap":{"0":{"loc":{"start":{"line":4,"column":17},"end":{"line":4,"column":null}},"type":"binary-expr","locations":[{"start":{"line":4,"column":17},"end":{"line":4,"column":21}},{"start":{"line":4,"column":17},"end":{"line":4,"column":null}}]}},"s":{"0":1,"1":1,"2":1,"3":1,"4":3,"5":4},"f":{"0":1,"1":3,"2":4},"b":{"0":[1,1]}}
,"/Users/donnie/src/github.com/floodfx/liveviewjs/packages/core/src/server/test/wsAdaptor.ts": {"path":"/Users/donnie/src/github.com/floodfx/liveviewjs/packages/core/src/server/test/wsAdaptor.ts","statementMap":{"0":{"start":{"line":8,"column":4},"end":{"line":8,"column":25}},"1":{"start":{"line":11,"column":4},"end":{"line":11,"column":40}},"2":{"start":{"line":14,"column":4},"end":{"line":14,"column":25}},"3":{"start":{"line":17,"column":4},"end":{"line":17,"column":36}},"4":{"start":{"line":21,"column":4},"end":{"line":21,"column":53}},"5":{"start":{"line":3,"column":0},"end":{"line":3,"column":13}}},"fnMap":{"0":{"name":"(anonymous_0)","decl":{"start":{"line":7,"column":2},"end":{"line":7,"column":14}},"loc":{"start":{"line":7,"column":43},"end":{"line":9,"column":3}}},"1":{"name":"(anonymous_1)","decl":{"start":{"line":10,"column":2},"end":{"line":10,"column":18}},"loc":{"start":{"line":10,"column":49},"end":{"line":12,"column":3}}},"2":{"name":"(anonymous_2)","decl":{"start":{"line":13,"column":2},"end":{"line":13,"column":6}},"loc":{"start":{"line":13,"column":71},"end":{"line":15,"column":3}}},"3":{"name":"(anonymous_3)","decl":{"start":{"line":16,"column":2},"end":{"line":16,"column":21}},"loc":{"start":{"line":16,"column":48},"end":{"line":18,"column":3}}},"4":{"name":"(anonymous_4)","decl":{"start":{"line":20,"column":2},"end":{"line":20,"column":7}},"loc":{"start":{"line":20,"column":35},"end":{"line":22,"column":3}}}},"branchMap":{},"s":{"0":9,"1":3,"2":27,"3":3,"4":5,"5":2},"f":{"0":9,"1":3,"2":27,"3":3,"4":5},"b":{}}
,"/Users/donnie/src/github.com/floodfx/liveviewjs/packages/core/src/server/upload/binaryUploadSerDe.ts": {"path":"/Users/donnie/src/github.com/floodfx/liveviewjs/packages/core/src/server/upload/binaryUploadSerDe.ts","statementMap":{"0":{"start":{"line":14,"column":24},"end":{"line":14,"column":25}},"1":{"start":{"line":15,"column":18},"end":{"line":15,"column":47}},"2":{"start":{"line":16,"column":22},"end":{"line":16,"column":51}},"3":{"start":{"line":22,"column":24},"end":{"line":22,"column":53}},"4":{"start":{"line":23,"column":27},"end":{"line":23,"column":56}},"5":{"start":{"line":24,"column":22},"end":{"line":24,"column":51}},"6":{"start":{"line":25,"column":22},"end":{"line":25,"column":51}},"7":{"start":{"line":28,"column":25},"end":{"line":28,"column":89}},"8":{"start":{"line":29,"column":19},"end":{"line":29,"column":84}},"9":{"start":{"line":30,"column":16},"end":{"line":30,"column":17}},"10":{"start":{"line":31,"column":14},"end":{"line":31,"column":25}},"11":{"start":{"line":32,"column":20},"end":{"line":32,"column":51}},"12":{"start":{"line":33,"column":4},"end":{"line":33,"column":25}},"13":{"start":{"line":34,"column":4},"end":{"line":34,"column":26}},"14":{"start":{"line":35,"column":19},"end":{"line":35,"column":54}},"15":{"start":{"line":36,"column":4},"end":{"line":36,"column":28}},"16":{"start":{"line":37,"column":4},"end":{"line":37,"column":21}},"17":{"start":{"line":38,"column":18},"end":{"line":38,"column":53}},"18":{"start":{"line":39,"column":4},"end":{"line":39,"column":23}},"19":{"start":{"line":40,"column":4},"end":{"line":40,"column":21}},"20":{"start":{"line":41,"column":18},"end":{"line":41,"column":53}},"21":{"start":{"line":44,"column":27},"end":{"line":44,"column":53}},"22":{"start":{"line":47,"column":20},"end":{"line":47,"column":49}},"23":{"start":{"line":48,"column":4},"end":{"line":54,"column":6}},"24":{"start":{"line":62,"column":55},"end":{"line":62,"column":60}},"25":{"start":{"line":63,"column":24},"end":{"line":63,"column":50}},"26":{"start":{"line":64,"column":27},"end":{"line":64,"column":52}},"27":{"start":{"line":65,"column":22},"end":{"line":65,"column":46}},"28":{"start":{"line":66,"column":22},"end":{"line":66,"column":46}},"29":{"start":{"line":67,"column":23},"end":{"line":67,"column":37}},"30":{"start":{"line":68,"column":25},"end":{"line":68,"column":77}},"31":{"start":{"line":69,"column":18},"end":{"line":69,"column":85}},"32":{"start":{"line":70,"column":19},"end":{"line":70,"column":69}},"33":{"start":{"line":71,"column":19},"end":{"line":71,"column":100}},"34":{"start":{"line":72,"column":4},"end":{"line":72,"column":18}},"35":{"start":{"line":6,"column":0},"end":{"line":6,"column":13}}},"fnMap":{"0":{"name":"(anonymous_0)","decl":{"start":{"line":12,"column":2},"end":{"line":12,"column":13}},"loc":{"start":{"line":12,"column":26},"end":{"line":55,"column":3}}},"1":{"name":"(anonymous_1)","decl":{"start":{"line":61,"column":2},"end":{"line":61,"column":11}},"loc":{"start":{"line":61,"column":32},"end":{"line":73,"column":3}}}},"branchMap":{},"s":{"0":6,"1":6,"2":6,"3":6,"4":6,"5":6,"6":6,"7":6,"8":6,"9":6,"10":6,"11":6,"12":6,"13":6,"14":6,"15":6,"16":6,"17":6,"18":6,"19":6,"20":6,"21":6,"22":6,"23":6,"24":3,"25":3,"26":3,"27":3,"28":3,"29":3,"30":3,"31":3,"32":3,"33":3,"34":3,"35":11},"f":{"0":6,"1":3},"b":{}}
,"/Users/donnie/src/github.com/floodfx/liveviewjs/packages/core/src/server/upload/index.ts": {"path":"/Users/donnie/src/github.com/floodfx/liveviewjs/packages/core/src/server/upload/index.ts","statementMap":{"0":{"start":{"line":1,"column":0},"end":{"line":1,"column":31}},"1":{"start":{"line":2,"column":0},"end":{"line":2,"column":30}}},"fnMap":{},"branchMap":{},"s":{"0":14,"1":14},"f":{},"b":{}}
,"/Users/donnie/src/github.com/floodfx/liveviewjs/packages/core/src/server/upload/uploadConfig.ts": {"path":"/Users/donnie/src/github.com/floodfx/liveviewjs/packages/core/src/server/upload/uploadConfig.ts","statementMap":{"0":{"start":{"line":1,"column":0},"end":{"line":1,"column":32}},"1":{"start":{"line":83,"column":4},"end":{"line":83,"column":21}},"2":{"start":{"line":84,"column":4},"end":{"line":84,"column":40}},"3":{"start":{"line":85,"column":4},"end":{"line":85,"column":49}},"4":{"start":{"line":86,"column":4},"end":{"line":86,"column":68}},"5":{"start":{"line":87,"column":4},"end":{"line":87,"column":53}},"6":{"start":{"line":88,"column":4},"end":{"line":88,"column":55}},"7":{"start":{"line":89,"column":4},"end":{"line":89,"column":22}},"8":{"start":{"line":90,"column":4},"end":{"line":90,"column":33}},"9":{"start":{"line":91,"column":4},"end":{"line":91,"column":21}},"10":{"start":{"line":99,"column":4},"end":{"line":99,"column":32}},"11":{"start":{"line":100,"column":4},"end":{"line":100,"column":20}},"12":{"start":{"line":108,"column":23},"end":{"line":108,"column":75}},"13":{"start":{"line":108,"column":57},"end":{"line":108,"column":74}},"14":{"start":{"line":109,"column":4},"end":{"line":111,"column":null}},"15":{"start":{"line":110,"column":6},"end":{"line":110,"column":41}},"16":{"start":{"line":112,"column":4},"end":{"line":112,"column":20}},"17":{"start":{"line":120,"column":20},"end":{"line":120,"column":37}},"18":{"start":{"line":121,"column":4},"end":{"line":121,"column":22}},"19":{"start":{"line":122,"column":4},"end":{"line":122,"column":20}},"20":{"start":{"line":123,"column":4},"end":{"line":123,"column":19}},"21":{"start":{"line":130,"column":4},"end":{"line":130,"column":21}},"22":{"start":{"line":131,"column":4},"end":{"line":133,"column":null}},"23":{"start":{"line":132,"column":6},"end":{"line":132,"column":41}},"24":{"start":{"line":135,"column":4},"end":{"line":139,"column":7}},"25":{"start":{"line":136,"column":6},"end":{"line":138,"column":null}},"26":{"start":{"line":137,"column":8},"end":{"line":137,"column":42}},"27":{"start":{"line":81,"column":0},"end":{"line":81,"column":13}}},"fnMap":{"0":{"name":"(anonymous_0)","decl":{"start":{"line":82,"column":2},"end":{"line":82,"column":14}},"loc":{"start":{"line":82,"column":57},"end":{"line":92,"column":3}}},"1":{"name":"(anonymous_1)","decl":{"start":{"line":98,"column":2},"end":{"line":98,"column":12}},"loc":{"start":{"line":98,"column":35},"end":{"line":101,"column":3}}},"2":{"name":"(anonymous_2)","decl":{"start":{"line":107,"column":2},"end":{"line":107,"column":13}},"loc":{"start":{"line":107,"column":25},"end":{"line":113,"column":3}}},"3":{"name":"(anonymous_3)","decl":{"start":{"line":108,"column":46},"end":{"line":108,"column":47}},"loc":{"start":{"line":108,"column":57},"end":{"line":108,"column":74}}},"4":{"name":"(anonymous_4)","decl":{"start":{"line":119,"column":2},"end":{"line":119,"column":16}},"loc":{"start":{"line":119,"column":16},"end":{"line":124,"column":3}}},"5":{"name":"(anonymous_5)","decl":{"start":{"line":129,"column":10},"end":{"line":129,"column":18}},"loc":{"start":{"line":129,"column":18},"end":{"line":140,"column":3}}},"6":{"name":"(anonymous_6)","decl":{"start":{"line":135,"column":25},"end":{"line":135,"column":26}},"loc":{"start":{"line":135,"column":35},"end":{"line":139,"column":5}}}},"branchMap":{"0":{"loc":{"start":{"line":84,"column":18},"end":{"line":84,"column":39}},"type":"binary-expr","locations":[{"start":{"line":84,"column":18},"end":{"line":84,"column":33}},{"start":{"line":84,"column":37},"end":{"line":84,"column":39}}]},"1":{"loc":{"start":{"line":85,"column":23},"end":{"line":85,"column":48}},"type":"binary-expr","locations":[{"start":{"line":85,"column":23},"end":{"line":85,"column":43}},{"start":{"line":85,"column":47},"end":{"line":85,"column":48}}]},"2":{"loc":{"start":{"line":86,"column":25},"end":{"line":86,"column":67}},"type":"binary-expr","locations":[{"start":{"line":86,"column":25},"end":{"line":86,"column":47}},{"start":{"line":86,"column":51},"end":{"line":86,"column":67}}]},"3":{"loc":{"start":{"line":87,"column":23},"end":{"line":87,"column":52}},"type":"binary-expr","locations":[{"start":{"line":87,"column":23},"end":{"line":87,"column":43}},{"start":{"line":87,"column":47},"end":{"line":87,"column":52}}]},"4":{"loc":{"start":{"line":88,"column":22},"end":{"line":88,"column":54}},"type":"binary-expr","locations":[{"start":{"line":88,"column":22},"end":{"line":88,"column":41}},{"start":{"line":88,"column":45},"end":{"line":88,"column":54}}]},"5":{"loc":{"start":{"line":109,"column":4},"end":{"line":111,"column":null}},"type":"if","locations":[{"start":{"line":109,"column":4},"end":{"line":111,"column":null}}]},"6":{"loc":{"start":{"line":131,"column":4},"end":{"line":133,"column":null}},"type":"if","locations":[{"start":{"line":131,"column":4},"end":{"line":133,"column":null}}]},"7":{"loc":{"start":{"line":136,"column":6},"end":{"line":138,"column":null}},"type":"if","locations":[{"start":{"line":136,"column":6},"end":{"line":138,"column":null}}]}},"s":{"0":14,"1":12,"2":12,"3":12,"4":12,"5":12,"6":12,"7":12,"8":12,"9":12,"10":7,"11":7,"12":1,"13":1,"14":1,"15":1,"16":1,"17":1,"18":1,"19":1,"20":1,"21":9,"22":9,"23":1,"24":9,"25":8,"26":3,"27":14},"f":{"0":12,"1":7,"2":1,"3":1,"4":1,"5":9,"6":8},"b":{"0":[12,6],"1":[12,6],"2":[12,9],"3":[12,11],"4":[12,12],"5":[1],"6":[1],"7":[3]}}
,"/Users/donnie/src/github.com/floodfx/liveviewjs/packages/core/src/server/upload/uploadEntry.ts": {"path":"/Users/donnie/src/github.com/floodfx/liveviewjs/packages/core/src/server/upload/uploadEntry.ts","statementMap":{"0":{"start":{"line":1,"column":0},"end":{"line":1,"column":32}},"1":{"start":{"line":3,"column":0},"end":{"line":3,"column":31}},"2":{"start":{"line":72,"column":4},"end":{"line":72,"column":27}},"3":{"start":{"line":73,"column":4},"end":{"line":73,"column":46}},"4":{"start":{"line":74,"column":4},"end":{"line":74,"column":28}},"5":{"start":{"line":75,"column":4},"end":{"line":75,"column":28}},"6":{"start":{"line":76,"column":4},"end":{"line":76,"column":28}},"7":{"start":{"line":77,"column":4},"end":{"line":77,"column":22}},"8":{"start":{"line":78,"column":4},"end":{"line":78,"column":29}},"9":{"start":{"line":79,"column":4},"end":{"line":79,"column":22}},"10":{"start":{"line":80,"column":4},"end":{"line":80,"column":26}},"11":{"start":{"line":81,"column":4},"end":{"line":81,"column":33}},"12":{"start":{"line":82,"column":4},"end":{"line":82,"column":25}},"13":{"start":{"line":83,"column":4},"end":{"line":83,"column":21}},"14":{"start":{"line":84,"column":4},"end":{"line":84,"column":22}},"15":{"start":{"line":85,"column":4},"end":{"line":85,"column":26}},"16":{"start":{"line":86,"column":4},"end":{"line":86,"column":20}},"17":{"start":{"line":94,"column":4},"end":{"line":96,"column":null}},"18":{"start":{"line":95,"column":6},"end":{"line":95,"column":19}},"19":{"start":{"line":97,"column":4},"end":{"line":99,"column":null}},"20":{"start":{"line":98,"column":6},"end":{"line":98,"column":21}},"21":{"start":{"line":100,"column":4},"end":{"line":100,"column":29}},"22":{"start":{"line":101,"column":4},"end":{"line":101,"column":36}},"23":{"start":{"line":102,"column":4},"end":{"line":102,"column":33}},"24":{"start":{"line":109,"column":4},"end":{"line":109,"column":21}},"25":{"start":{"line":112,"column":4},"end":{"line":114,"column":null}},"26":{"start":{"line":113,"column":6},"end":{"line":113,"column":36}},"27":{"start":{"line":117,"column":4},"end":{"line":141,"column":null}},"28":{"start":{"line":120,"column":20},"end":{"line":120,"column":25}},"29":{"start":{"line":121,"column":6},"end":{"line":137,"column":null}},"30":{"start":{"line":121,"column":19},"end":{"line":121,"column":20}},"31":{"start":{"line":122,"column":27},"end":{"line":122,"column":49}},"32":{"start":{"line":123,"column":8},"end":{"line":136,"column":null}},"33":{"start":{"line":125,"column":28},"end":{"line":125,"column":68}},"34":{"start":{"line":126,"column":10},"end":{"line":129,"column":null}},"35":{"start":{"line":127,"column":12},"end":{"line":127,"column":27}},"36":{"start":{"line":128,"column":12},"end":{"line":128,"column":18}},"37":{"start":{"line":132,"column":10},"end":{"line":135,"column":null}},"38":{"start":{"line":133,"column":12},"end":{"line":133,"column":27}},"39":{"start":{"line":134,"column":12},"end":{"line":134,"column":18}},"40":{"start":{"line":138,"column":6},"end":{"line":140,"column":null}},"41":{"start":{"line":139,"column":8},"end":{"line":139,"column":40}},"42":{"start":{"line":142,"column":4},"end":{"line":142,"column":42}},"43":{"start":{"line":150,"column":4},"end":{"line":150,"column":34}},"44":{"start":{"line":158,"column":4},"end":{"line":158,"column":26}},"45":{"start":{"line":67,"column":0},"end":{"line":67,"column":13}}},"fnMap":{"0":{"name":"(anonymous_0)","decl":{"start":{"line":71,"column":2},"end":{"line":71,"column":14}},"loc":{"start":{"line":71,"column":58},"end":{"line":87,"column":3}}},"1":{"name":"(anonymous_1)","decl":{"start":{"line":93,"column":2},"end":{"line":93,"column":16}},"loc":{"start":{"line":93,"column":33},"end":{"line":103,"column":3}}},"2":{"name":"(anonymous_2)","decl":{"start":{"line":108,"column":2},"end":{"line":108,"column":10}},"loc":{"start":{"line":108,"column":10},"end":{"line":143,"column":3}}},"3":{"name":"(anonymous_3)","decl":{"start":{"line":149,"column":2},"end":{"line":149,"column":13}},"loc":{"start":{"line":149,"column":34},"end":{"line":151,"column":3}}},"4":{"name":"(anonymous_4)","decl":{"start":{"line":157,"column":2},"end":{"line":157,"column":13}},"loc":{"start":{"line":157,"column":13},"end":{"line":159,"column":3}}}},"branchMap":{"0":{"loc":{"start":{"line":94,"column":4},"end":{"line":96,"column":null}},"type":"if","locations":[{"start":{"line":94,"column":4},"end":{"line":96,"column":null}}]},"1":{"loc":{"start":{"line":97,"column":4},"end":{"line":99,"column":null}},"type":"if","locations":[{"start":{"line":97,"column":4},"end":{"line":99,"column":null}}]},"2":{"loc":{"start":{"line":112,"column":4},"end":{"line":114,"column":null}},"type":"if","locations":[{"start":{"line":112,"column":4},"end":{"line":114,"column":null}}]},"3":{"loc":{"start":{"line":117,"column":4},"end":{"line":141,"column":null}},"type":"if","locations":[{"start":{"line":117,"column":4},"end":{"line":141,"column":null}}]},"4":{"loc":{"start":{"line":123,"column":8},"end":{"line":136,"column":null}},"type":"if","locations":[{"start":{"line":123,"column":8},"end":{"line":136,"column":null}},{"start":{"line":130,"column":15},"end":{"line":136,"column":null}}]},"5":{"loc":{"start":{"line":126,"column":10},"end":{"line":129,"column":null}},"type":"if","locations":[{"start":{"line":126,"column":10},"end":{"line":129,"column":null}}]},"6":{"loc":{"start":{"line":132,"column":10},"end":{"line":135,"column":null}},"type":"if","locations":[{"start":{"line":132,"column":10},"end":{"line":135,"column":null}}]},"7":{"loc":{"start":{"line":138,"column":6},"end":{"line":140,"column":null}},"type":"if","locations":[{"start":{"line":138,"column":6},"end":{"line":140,"column":null}}]}},"s":{"0":14,"1":14,"2":12,"3":12,"4":12,"5":12,"6":12,"7":12,"8":12,"9":12,"10":12,"11":12,"12":12,"13":12,"14":12,"15":12,"16":12,"17":4,"18":0,"19":4,"20":0,"21":4,"22":4,"23":4,"24":12,"25":12,"26":1,"27":12,"28":8,"29":8,"30":8,"31":8,"32":8,"33":7,"34":7,"35":1,"36":1,"37":1,"38":1,"39":1,"40":8,"41":6,"42":12,"43":1,"44":2,"45":14},"f":{"0":12,"1":4,"2":12,"3":1,"4":2},"b":{"0":[0],"1":[0],"2":[1],"3":[8],"4":[7,1],"5":[1],"6":[1],"7":[6]}}
}
