{"/Users/donnie/src/github.com/floodfx/liveviewjs/packages/core/src/server/index.ts": {"path":"/Users/donnie/src/github.com/floodfx/liveviewjs/packages/core/src/server/index.ts","statementMap":{"0":{"start":{"line":1,"column":0},"end":{"line":1,"column":26}},"1":{"start":{"line":2,"column":0},"end":{"line":2,"column":28}},"2":{"start":{"line":3,"column":0},"end":{"line":3,"column":23}},"3":{"start":{"line":4,"column":0},"end":{"line":4,"column":23}},"4":{"start":{"line":5,"column":0},"end":{"line":5,"column":25}},"5":{"start":{"line":6,"column":0},"end":{"line":6,"column":25}},"6":{"start":{"line":7,"column":0},"end":{"line":7,"column":26}},"7":{"start":{"line":8,"column":0},"end":{"line":8,"column":25}},"8":{"start":{"line":9,"column":0},"end":{"line":9,"column":28}},"9":{"start":{"line":10,"column":0},"end":{"line":10,"column":25}}},"fnMap":{},"branchMap":{},"s":{"0":8,"1":8,"2":8,"3":8,"4":8,"5":8,"6":8,"7":8,"8":8,"9":8},"f":{},"b":{}}
,"/Users/donnie/src/github.com/floodfx/liveviewjs/packages/core/src/server/adaptor/http.ts": {"path":"/Users/donnie/src/github.com/floodfx/liveviewjs/packages/core/src/server/adaptor/http.ts","statementMap":{"0":{"start":{"line":1,"column":0},"end":{"line":1,"column":null}},"1":{"start":{"line":12,"column":0},"end":{"line":12,"column":58}},"2":{"start":{"line":13,"column":0},"end":{"line":13,"column":42}},"3":{"start":{"line":59,"column":34},"end":{"line":170,"column":1}},"4":{"start":{"line":69,"column":56},"end":{"line":69,"column":63}},"5":{"start":{"line":71,"column":21},"end":{"line":71,"column":34}},"6":{"start":{"line":74,"column":22},"end":{"line":74,"column":38}},"7":{"start":{"line":75,"column":2},"end":{"line":77,"column":null}},"8":{"start":{"line":76,"column":4},"end":{"line":76,"column":46}},"9":{"start":{"line":80,"column":25},"end":{"line":80,"column":75}},"10":{"start":{"line":83,"column":2},"end":{"line":87,"column":4}},"11":{"start":{"line":90,"column":2},"end":{"line":94,"column":null}},"12":{"start":{"line":91,"column":19},"end":{"line":91,"column":42}},"13":{"start":{"line":92,"column":4},"end":{"line":92,"column":19}},"14":{"start":{"line":93,"column":4},"end":{"line":93,"column":11}},"15":{"start":{"line":97,"column":14},"end":{"line":97,"column":29}},"16":{"start":{"line":98,"column":2},"end":{"line":98,"column":51}},"17":{"start":{"line":101,"column":2},"end":{"line":105,"column":null}},"18":{"start":{"line":102,"column":19},"end":{"line":102,"column":42}},"19":{"start":{"line":103,"column":4},"end":{"line":103,"column":19}},"20":{"start":{"line":104,"column":4},"end":{"line":104,"column":11}},"21":{"start":{"line":108,"column":15},"end":{"line":108,"column":16}},"22":{"start":{"line":109,"column":15},"end":{"line":137,"column":4}},"23":{"start":{"line":116,"column":6},"end":{"line":116,"column":28}},"24":{"start":{"line":117,"column":6},"end":{"line":117,"column":23}},"25":{"start":{"line":120,"column":23},"end":{"line":120,"column":70}},"26":{"start":{"line":123,"column":6},"end":{"line":123,"column":30}},"27":{"start":{"line":126,"column":6},"end":{"line":126,"column":42}},"28":{"start":{"line":127,"column":6},"end":{"line":127,"column":43}},"29":{"start":{"line":130,"column":22},"end":{"line":130,"column":86}},"30":{"start":{"line":131,"column":6},"end":{"line":131,"column":15}},"31":{"start":{"line":133,"column":6},"end":{"line":133,"column":21}},"32":{"start":{"line":141,"column":16},"end":{"line":141,"column":34}},"33":{"start":{"line":142,"column":28},"end":{"line":142,"column":69}},"34":{"start":{"line":146,"column":28},"end":{"line":146,"column":30}},"35":{"start":{"line":150,"column":24},"end":{"line":150,"column":34}},"36":{"start":{"line":151,"column":2},"end":{"line":153,"column":null}},"37":{"start":{"line":152,"column":4},"end":{"line":152,"column":73}},"38":{"start":{"line":157,"column":22},"end":{"line":165,"column":4}},"39":{"start":{"line":168,"column":19},"end":{"line":168,"column":111}},"40":{"start":{"line":169,"column":2},"end":{"line":169,"column":29}},"41":{"start":{"line":59,"column":13},"end":{"line":59,"column":34}}},"fnMap":{"0":{"name":"(anonymous_0)","decl":{"start":{"line":59,"column":34},"end":{"line":59,"column":39}},"loc":{"start":{"line":68,"column":4},"end":{"line":170,"column":1}}},"1":{"name":"(anonymous_1)","decl":{"start":{"line":111,"column":4},"end":{"line":111,"column":9}},"loc":{"start":{"line":113,"column":57},"end":{"line":134,"column":5}}}},"branchMap":{"0":{"loc":{"start":{"line":75,"column":2},"end":{"line":77,"column":null}},"type":"if","locations":[{"start":{"line":75,"column":2},"end":{"line":77,"column":null}}]},"1":{"loc":{"start":{"line":90,"column":2},"end":{"line":94,"column":null}},"type":"if","locations":[{"start":{"line":90,"column":2},"end":{"line":94,"column":null}}]},"2":{"loc":{"start":{"line":101,"column":2},"end":{"line":105,"column":null}},"type":"if","locations":[{"start":{"line":101,"column":2},"end":{"line":105,"column":null}}]},"3":{"loc":{"start":{"line":116,"column":15},"end":{"line":116,"column":27}},"type":"binary-expr","locations":[{"start":{"line":116,"column":15},"end":{"line":116,"column":21}},{"start":{"line":116,"column":25},"end":{"line":116,"column":27}}]},"4":{"loc":{"start":{"line":151,"column":2},"end":{"line":153,"column":null}},"type":"if","locations":[{"start":{"line":151,"column":2},"end":{"line":153,"column":null}}]},"5":{"loc":{"start":{"line":168,"column":38},"end":{"line":168,"column":72}},"type":"binary-expr","locations":[{"start":{"line":168,"column":38},"end":{"line":168,"column":55}},{"start":{"line":168,"column":59},"end":{"line":168,"column":72}}]}},"s":{"0":9,"1":9,"2":9,"3":9,"4":6,"5":6,"6":6,"7":6,"8":6,"9":6,"10":6,"11":6,"12":1,"13":1,"14":1,"15":5,"16":5,"17":5,"18":1,"19":1,"20":1,"21":4,"22":4,"23":3,"24":3,"25":3,"26":3,"27":3,"28":3,"29":3,"30":3,"31":3,"32":4,"33":4,"34":4,"35":4,"36":4,"37":1,"38":4,"39":4,"40":4,"41":9},"f":{"0":6,"1":3},"b":{"0":[6],"1":[1],"2":[1],"3":[3,1],"4":[1],"5":[4,3]}}
,"/Users/donnie/src/github.com/floodfx/liveviewjs/packages/core/src/server/adaptor/index.ts": {"path":"/Users/donnie/src/github.com/floodfx/liveviewjs/packages/core/src/server/adaptor/index.ts","statementMap":{"0":{"start":{"line":1,"column":0},"end":{"line":1,"column":26}},"1":{"start":{"line":2,"column":0},"end":{"line":2,"column":24}},"2":{"start":{"line":3,"column":0},"end":{"line":3,"column":24}},"3":{"start":{"line":4,"column":0},"end":{"line":4,"column":23}},"4":{"start":{"line":5,"column":0},"end":{"line":5,"column":24}},"5":{"start":{"line":6,"column":0},"end":{"line":6,"column":24}},"6":{"start":{"line":7,"column":0},"end":{"line":7,"column":38}},"7":{"start":{"line":8,"column":0},"end":{"line":8,"column":28}}},"fnMap":{},"branchMap":{},"s":{"0":8,"1":8,"2":8,"3":8,"4":8,"5":8,"6":8,"7":8},"f":{},"b":{}}
,"/Users/donnie/src/github.com/floodfx/liveviewjs/packages/core/src/server/adaptor/jsonSerDe.ts": {"path":"/Users/donnie/src/github.com/floodfx/liveviewjs/packages/core/src/server/adaptor/jsonSerDe.ts","statementMap":{"0":{"start":{"line":9,"column":4},"end":{"line":9,"column":48}},"1":{"start":{"line":13,"column":4},"end":{"line":13,"column":50}},"2":{"start":{"line":7,"column":0},"end":{"line":7,"column":13}}},"fnMap":{"0":{"name":"(anonymous_0)","decl":{"start":{"line":8,"column":2},"end":{"line":8,"column":11}},"loc":{"start":{"line":8,"column":21},"end":{"line":10,"column":3}}},"1":{"name":"(anonymous_1)","decl":{"start":{"line":12,"column":2},"end":{"line":12,"column":13}},"loc":{"start":{"line":12,"column":29},"end":{"line":14,"column":3}}}},"branchMap":{},"s":{"0":4,"1":47,"2":5},"f":{"0":4,"1":47},"b":{}}
,"/Users/donnie/src/github.com/floodfx/liveviewjs/packages/core/src/server/adaptor/sessionFlashAdaptor.ts": {"path":"/Users/donnie/src/github.com/floodfx/liveviewjs/packages/core/src/server/adaptor/sessionFlashAdaptor.ts","statementMap":{"0":{"start":{"line":10,"column":4},"end":{"line":13,"column":null}},"1":{"start":{"line":14,"column":4},"end":{"line":14,"column":49}},"2":{"start":{"line":23,"column":18},"end":{"line":23,"column":38}},"3":{"start":{"line":24,"column":4},"end":{"line":24,"column":32}},"4":{"start":{"line":25,"column":4},"end":{"line":25,"column":34}},"5":{"start":{"line":29,"column":4},"end":{"line":32,"column":null}},"6":{"start":{"line":33,"column":4},"end":{"line":33,"column":33}},"7":{"start":{"line":34,"column":4},"end":{"line":34,"column":29}},"8":{"start":{"line":43,"column":4},"end":{"line":43,"column":32}},"9":{"start":{"line":44,"column":4},"end":{"line":44,"column":29}},"10":{"start":{"line":8,"column":0},"end":{"line":8,"column":13}}},"fnMap":{"0":{"name":"(anonymous_0)","decl":{"start":{"line":9,"column":2},"end":{"line":9,"column":11}},"loc":{"start":{"line":9,"column":45},"end":{"line":15,"column":3}}},"1":{"name":"(anonymous_1)","decl":{"start":{"line":17,"column":2},"end":{"line":17,"column":10}},"loc":{"start":{"line":17,"column":44},"end":{"line":26,"column":3}}},"2":{"name":"(anonymous_2)","decl":{"start":{"line":28,"column":2},"end":{"line":28,"column":10}},"loc":{"start":{"line":28,"column":59},"end":{"line":35,"column":3}}},"3":{"name":"(anonymous_3)","decl":{"start":{"line":37,"column":2},"end":{"line":37,"column":12}},"loc":{"start":{"line":37,"column":46},"end":{"line":45,"column":3}}}},"branchMap":{"0":{"loc":{"start":{"line":10,"column":4},"end":{"line":13,"column":null}},"type":"if","locations":[{"start":{"line":10,"column":4},"end":{"line":13,"column":null}}]},"1":{"loc":{"start":{"line":29,"column":4},"end":{"line":32,"column":null}},"type":"if","locations":[{"start":{"line":29,"column":4},"end":{"line":32,"column":null}}]}},"s":{"0":3,"1":3,"2":4,"3":4,"4":4,"5":7,"6":7,"7":7,"8":1,"9":1,"10":9},"f":{"0":3,"1":4,"2":7,"3":1},"b":{"0":[1],"1":[6]}}
,"/Users/donnie/src/github.com/floodfx/liveviewjs/packages/core/src/server/adaptor/testFilesAdatptor.ts": {"path":"/Users/donnie/src/github.com/floodfx/liveviewjs/packages/core/src/server/adaptor/testFilesAdatptor.ts","statementMap":{"0":{"start":{"line":1,"column":0},"end":{"line":1,"column":20}},"1":{"start":{"line":2,"column":0},"end":{"line":2,"column":20}},"2":{"start":{"line":3,"column":0},"end":{"line":3,"column":24}},"3":{"start":{"line":10,"column":0},"end":{"line":10,"column":13}}},"fnMap":{},"branchMap":{},"s":{"0":4,"1":4,"2":4,"3":4},"f":{},"b":{}}
,"/Users/donnie/src/github.com/floodfx/liveviewjs/packages/core/src/server/changeset/changeset.ts": {"path":"/Users/donnie/src/github.com/floodfx/liveviewjs/packages/core/src/server/changeset/changeset.ts","statementMap":{"0":{"start":{"line":1,"column":0},"end":{"line":1,"column":47}},"1":{"start":{"line":64,"column":35},"end":{"line":99,"column":1}},"2":{"start":{"line":65,"column":2},"end":{"line":98,"column":4}},"3":{"start":{"line":66,"column":19},"end":{"line":66,"column":47}},"4":{"start":{"line":67,"column":19},"end":{"line":67,"column":43}},"5":{"start":{"line":70,"column":4},"end":{"line":89,"column":null}},"6":{"start":{"line":73,"column":22},"end":{"line":73,"column":58}},"7":{"start":{"line":74,"column":6},"end":{"line":88,"column":43}},"8":{"start":{"line":76,"column":8},"end":{"line":84,"column":null}},"9":{"start":{"line":77,"column":10},"end":{"line":81,"column":null}},"10":{"start":{"line":79,"column":12},"end":{"line":79,"column":40}},"11":{"start":{"line":80,"column":12},"end":{"line":80,"column":23}},"12":{"start":{"line":83,"column":10},"end":{"line":83,"column":21}},"13":{"start":{"line":86,"column":8},"end":{"line":86,"column":43}},"14":{"start":{"line":87,"column":8},"end":{"line":87,"column":19}},"15":{"start":{"line":90,"column":4},"end":{"line":97,"column":30}},"16":{"start":{"line":64,"column":13},"end":{"line":64,"column":35}}},"fnMap":{"0":{"name":"(anonymous_0)","decl":{"start":{"line":64,"column":35},"end":{"line":64,"column":39}},"loc":{"start":{"line":64,"column":93},"end":{"line":99,"column":1}}},"1":{"name":"(anonymous_1)","decl":{"start":{"line":65,"column":9},"end":{"line":65,"column":10}},"loc":{"start":{"line":65,"column":95},"end":{"line":98,"column":3}}},"2":{"name":"(anonymous_2)","decl":{"start":{"line":74,"column":42},"end":{"line":74,"column":43}},"loc":{"start":{"line":74,"column":57},"end":{"line":88,"column":7}}}},"branchMap":{"0":{"loc":{"start":{"line":70,"column":4},"end":{"line":89,"column":null}},"type":"if","locations":[{"start":{"line":70,"column":4},"end":{"line":89,"column":null}}]},"1":{"loc":{"start":{"line":73,"column":22},"end":{"line":73,"column":58}},"type":"binary-expr","locations":[{"start":{"line":73,"column":22},"end":{"line":73,"column":49}},{"start":{"line":73,"column":53},"end":{"line":73,"column":58}}]},"2":{"loc":{"start":{"line":76,"column":8},"end":{"line":84,"column":null}},"type":"if","locations":[{"start":{"line":76,"column":8},"end":{"line":84,"column":null}}]},"3":{"loc":{"start":{"line":77,"column":10},"end":{"line":81,"column":null}},"type":"if","locations":[{"start":{"line":77,"column":10},"end":{"line":81,"column":null}}]},"4":{"loc":{"start":{"line":93,"column":12},"end":{"line":93,"column":49}},"type":"cond-expr","locations":[{"start":{"line":93,"column":29},"end":{"line":93,"column":40}},{"start":{"line":93,"column":43},"end":{"line":93,"column":49}}]},"5":{"loc":{"start":{"line":95,"column":13},"end":{"line":95,"column":57}},"type":"cond-expr","locations":[{"start":{"line":95,"column":36},"end":{"line":95,"column":50}},{"start":{"line":95,"column":53},"end":{"line":95,"column":57}}]}},"s":{"0":10,"1":10,"2":2,"3":9,"4":9,"5":9,"6":8,"7":8,"8":15,"9":2,"10":1,"11":1,"12":1,"13":13,"14":13,"15":9,"16":10},"f":{"0":2,"1":9,"2":15},"b":{"0":[8],"1":[8,7],"2":[2],"3":[1],"4":[1,8],"5":[6,3]}}
,"/Users/donnie/src/github.com/floodfx/liveviewjs/packages/core/src/server/changeset/index.ts": {"path":"/Users/donnie/src/github.com/floodfx/liveviewjs/packages/core/src/server/changeset/index.ts","statementMap":{"0":{"start":{"line":1,"column":0},"end":{"line":1,"column":28}}},"fnMap":{},"branchMap":{},"s":{"0":9},"f":{},"b":{}}
,"/Users/donnie/src/github.com/floodfx/liveviewjs/packages/core/src/server/live/index.ts": {"path":"/Users/donnie/src/github.com/floodfx/liveviewjs/packages/core/src/server/live/index.ts","statementMap":{"0":{"start":{"line":1,"column":0},"end":{"line":1,"column":32}},"1":{"start":{"line":2,"column":0},"end":{"line":2,"column":27}},"2":{"start":{"line":3,"column":0},"end":{"line":3,"column":25}},"3":{"start":{"line":4,"column":0},"end":{"line":4,"column":24}}},"fnMap":{},"branchMap":{},"s":{"0":9,"1":9,"2":9,"3":9},"f":{},"b":{}}
,"/Users/donnie/src/github.com/floodfx/liveviewjs/packages/core/src/server/live/liveComponent.ts": {"path":"/Users/donnie/src/github.com/floodfx/liveviewjs/packages/core/src/server/live/liveComponent.ts","statementMap":{"0":{"start":{"line":71,"column":4},"end":{"line":71,"column":17}},"1":{"start":{"line":72,"column":4},"end":{"line":72,"column":48}},"2":{"start":{"line":76,"column":4},"end":{"line":76,"column":25}},"3":{"start":{"line":80,"column":4},"end":{"line":83,"column":6}},"4":{"start":{"line":101,"column":32},"end":{"line":101,"column":37}},"5":{"start":{"line":104,"column":4},"end":{"line":104,"column":23}},"6":{"start":{"line":97,"column":0},"end":{"line":97,"column":13}},"7":{"start":{"line":112,"column":32},"end":{"line":112,"column":36}},"8":{"start":{"line":123,"column":4},"end":{"line":123,"column":23}},"9":{"start":{"line":124,"column":4},"end":{"line":124,"column":49}},"10":{"start":{"line":125,"column":4},"end":{"line":125,"column":47}},"11":{"start":{"line":129,"column":4},"end":{"line":129,"column":34}},"12":{"start":{"line":133,"column":4},"end":{"line":133,"column":38}},"13":{"start":{"line":108,"column":0},"end":{"line":108,"column":13}},"14":{"start":{"line":211,"column":0},"end":{"line":211,"column":22}},"15":{"start":{"line":255,"column":35},"end":{"line":269,"column":1}},"16":{"start":{"line":262,"column":2},"end":{"line":268,"column":4}},"17":{"start":{"line":255,"column":13},"end":{"line":255,"column":35}}},"fnMap":{"0":{"name":"(anonymous_0)","decl":{"start":{"line":70,"column":2},"end":{"line":70,"column":14}},"loc":{"start":{"line":70,"column":43},"end":{"line":73,"column":3}}},"1":{"name":"(anonymous_1)","decl":{"start":{"line":75,"column":2},"end":{"line":75,"column":6}},"loc":{"start":{"line":75,"column":13},"end":{"line":77,"column":3}}},"2":{"name":"(anonymous_2)","decl":{"start":{"line":79,"column":2},"end":{"line":79,"column":8}},"loc":{"start":{"line":79,"column":35},"end":{"line":84,"column":3}}},"3":{"name":"(anonymous_3)","decl":{"start":{"line":86,"column":2},"end":{"line":86,"column":16}},"loc":{"start":{"line":86,"column":34},"end":{"line":88,"column":3}}},"4":{"name":"(anonymous_4)","decl":{"start":{"line":90,"column":2},"end":{"line":90,"column":11}},"loc":{"start":{"line":90,"column":39},"end":{"line":92,"column":3}}},"5":{"name":"(anonymous_5)","decl":{"start":{"line":103,"column":2},"end":{"line":103,"column":14}},"loc":{"start":{"line":103,"column":43},"end":{"line":105,"column":3}}},"6":{"name":"(anonymous_6)","decl":{"start":{"line":117,"column":2},"end":{"line":117,"column":null}},"loc":{"start":{"line":121,"column":60},"end":{"line":126,"column":3}}},"7":{"name":"(anonymous_7)","decl":{"start":{"line":128,"column":2},"end":{"line":128,"column":16}},"loc":{"start":{"line":128,"column":34},"end":{"line":130,"column":3}}},"8":{"name":"(anonymous_8)","decl":{"start":{"line":132,"column":2},"end":{"line":132,"column":11}},"loc":{"start":{"line":132,"column":39},"end":{"line":134,"column":3}}},"9":{"name":"(anonymous_9)","decl":{"start":{"line":221,"column":2},"end":{"line":221,"column":7}},"loc":{"start":{"line":221,"column":52},"end":{"line":223,"column":3}}},"10":{"name":"(anonymous_10)","decl":{"start":{"line":225,"column":2},"end":{"line":225,"column":8}},"loc":{"start":{"line":225,"column":53},"end":{"line":227,"column":3}}},"11":{"name":"(anonymous_11)","decl":{"start":{"line":255,"column":35},"end":{"line":255,"column":null}},"loc":{"start":{"line":261,"column":46},"end":{"line":269,"column":1}}},"12":{"name":"(anonymous_12)","decl":{"start":{"line":264,"column":11},"end":{"line":264,"column":14}},"loc":{"start":{"line":264,"column":16},"end":{"line":264,"column":19}}},"13":{"name":"(anonymous_13)","decl":{"start":{"line":265,"column":12},"end":{"line":265,"column":15}},"loc":{"start":{"line":265,"column":17},"end":{"line":265,"column":20}}}},"branchMap":{"0":{"loc":{"start":{"line":72,"column":20},"end":{"line":72,"column":47}},"type":"binary-expr","locations":[{"start":{"line":72,"column":20},"end":{"line":72,"column":27}},{"start":{"line":72,"column":32},"end":{"line":72,"column":47}}]}},"s":{"0":40,"1":40,"2":68,"3":8,"4":8,"5":8,"6":9,"7":32,"8":32,"9":32,"10":32,"11":6,"12":6,"13":9,"14":9,"15":9,"16":3,"17":9},"f":{"0":40,"1":68,"2":8,"3":0,"4":0,"5":8,"6":32,"7":6,"8":6,"9":25,"10":27,"11":3,"12":4,"13":3},"b":{"0":[40,1]}}
,"/Users/donnie/src/github.com/floodfx/liveviewjs/packages/core/src/server/live/liveView.ts": {"path":"/Users/donnie/src/github.com/floodfx/liveviewjs/packages/core/src/server/live/liveView.ts","statementMap":{"0":{"start":{"line":148,"column":0},"end":{"line":148,"column":22}},"1":{"start":{"line":200,"column":30},"end":{"line":222,"column":1}},"2":{"start":{"line":207,"column":2},"end":{"line":221,"column":4}},"3":{"start":{"line":200,"column":13},"end":{"line":200,"column":30}}},"fnMap":{"0":{"name":"(anonymous_0)","decl":{"start":{"line":154,"column":2},"end":{"line":154,"column":7}},"loc":{"start":{"line":154,"column":108},"end":{"line":156,"column":3}}},"1":{"name":"(anonymous_1)","decl":{"start":{"line":157,"column":2},"end":{"line":157,"column":13}},"loc":{"start":{"line":157,"column":70},"end":{"line":162,"column":3}}},"2":{"name":"(anonymous_2)","decl":{"start":{"line":164,"column":2},"end":{"line":164,"column":12}},"loc":{"start":{"line":164,"column":67},"end":{"line":167,"column":3}}},"3":{"name":"(anonymous_3)","decl":{"start":{"line":168,"column":2},"end":{"line":168,"column":14}},"loc":{"start":{"line":168,"column":65},"end":{"line":170,"column":3}}},"4":{"name":"(anonymous_4)","decl":{"start":{"line":200,"column":30},"end":{"line":200,"column":null}},"loc":{"start":{"line":206,"column":41},"end":{"line":222,"column":1}}},"5":{"name":"(anonymous_5)","decl":{"start":{"line":209,"column":11},"end":{"line":209,"column":14}},"loc":{"start":{"line":209,"column":16},"end":{"line":209,"column":19}}},"6":{"name":"(anonymous_6)","decl":{"start":{"line":210,"column":18},"end":{"line":210,"column":21}},"loc":{"start":{"line":210,"column":23},"end":{"line":210,"column":26}}},"7":{"name":"(anonymous_7)","decl":{"start":{"line":211,"column":17},"end":{"line":211,"column":18}},"loc":{"start":{"line":211,"column":27},"end":{"line":214,"column":5}}},"8":{"name":"(anonymous_8)","decl":{"start":{"line":215,"column":16},"end":{"line":215,"column":17}},"loc":{"start":{"line":215,"column":25},"end":{"line":218,"column":5}}}},"branchMap":{},"s":{"0":10,"1":10,"2":17,"3":10},"f":{"0":22,"1":12,"2":0,"3":51,"4":17,"5":5,"6":11,"7":0,"8":0},"b":{}}
,"/Users/donnie/src/github.com/floodfx/liveviewjs/packages/core/src/server/live/router.ts": {"path":"/Users/donnie/src/github.com/floodfx/liveviewjs/packages/core/src/server/live/router.ts","statementMap":{"0":{"start":{"line":1,"column":0},"end":{"line":1,"column":67}},"1":{"start":{"line":10,"column":63},"end":{"line":10,"column":65}},"2":{"start":{"line":15,"column":2},"end":{"line":27,"column":null}},"3":{"start":{"line":16,"column":18},"end":{"line":16,"column":33}},"4":{"start":{"line":17,"column":4},"end":{"line":21,"column":null}},"5":{"start":{"line":19,"column":6},"end":{"line":19,"column":61}},"6":{"start":{"line":20,"column":6},"end":{"line":20,"column":32}},"7":{"start":{"line":23,"column":24},"end":{"line":23,"column":37}},"8":{"start":{"line":24,"column":4},"end":{"line":26,"column":null}},"9":{"start":{"line":25,"column":6},"end":{"line":25,"column":42}},"10":{"start":{"line":28,"column":2},"end":{"line":28,"column":19}},"11":{"start":{"line":11,"column":0},"end":{"line":11,"column":16}}},"fnMap":{"0":{"name":"matchRoute","decl":{"start":{"line":11,"column":16},"end":{"line":11,"column":26}},"loc":{"start":{"line":13,"column":14},"end":{"line":29,"column":1}}}},"branchMap":{"0":{"loc":{"start":{"line":17,"column":4},"end":{"line":21,"column":null}},"type":"if","locations":[{"start":{"line":17,"column":4},"end":{"line":21,"column":null}}]},"1":{"loc":{"start":{"line":24,"column":4},"end":{"line":26,"column":null}},"type":"if","locations":[{"start":{"line":24,"column":4},"end":{"line":26,"column":null}}]}},"s":{"0":10,"1":10,"2":14,"3":23,"4":23,"5":5,"6":5,"7":23,"8":23,"9":12,"10":2,"11":10},"f":{"0":14},"b":{"0":[5],"1":[12]}}
,"/Users/donnie/src/github.com/floodfx/liveviewjs/packages/core/src/server/mime/index.ts": {"path":"/Users/donnie/src/github.com/floodfx/liveviewjs/packages/core/src/server/mime/index.ts","statementMap":{"0":{"start":{"line":6,"column":20},"end":{"line":6,"column":79}},"1":{"start":{"line":36,"column":44},"end":{"line":36,"column":46}},"2":{"start":{"line":37,"column":21},"end":{"line":37,"column":26}},"3":{"start":{"line":39,"column":4},"end":{"line":39,"column":16}},"4":{"start":{"line":48,"column":4},"end":{"line":48,"column":47}},"5":{"start":{"line":57,"column":4},"end":{"line":57,"column":38}},"6":{"start":{"line":61,"column":4},"end":{"line":61,"column":24}},"7":{"start":{"line":65,"column":4},"end":{"line":65,"column":28}},"8":{"start":{"line":65,"column":21},"end":{"line":65,"column":28}},"9":{"start":{"line":66,"column":4},"end":{"line":91,"column":null}},"10":{"start":{"line":67,"column":18},"end":{"line":67,"column":42}},"11":{"start":{"line":73,"column":6},"end":{"line":73,"column":33}},"12":{"start":{"line":76,"column":6},"end":{"line":84,"column":9}},"13":{"start":{"line":77,"column":21},"end":{"line":77,"column":52}},"14":{"start":{"line":78,"column":8},"end":{"line":83,"column":11}},"15":{"start":{"line":79,"column":10},"end":{"line":81,"column":null}},"16":{"start":{"line":80,"column":12},"end":{"line":80,"column":38}},"17":{"start":{"line":82,"column":10},"end":{"line":82,"column":46}},"18":{"start":{"line":85,"column":6},"end":{"line":85,"column":26}},"19":{"start":{"line":95,"column":13},"end":{"line":95,"column":23}},"20":{"start":{"line":97,"column":9},"end":{"line":97,"column":13}}},"fnMap":{"0":{"name":"(anonymous_0)","decl":{"start":{"line":38,"column":2},"end":{"line":38,"column":null}},"loc":{"start":{"line":38,"column":2},"end":{"line":40,"column":3}}},"1":{"name":"(anonymous_1)","decl":{"start":{"line":47,"column":2},"end":{"line":47,"column":18}},"loc":{"start":{"line":47,"column":35},"end":{"line":49,"column":3}}},"2":{"name":"(anonymous_2)","decl":{"start":{"line":56,"column":2},"end":{"line":56,"column":16}},"loc":{"start":{"line":56,"column":28},"end":{"line":58,"column":3}}},"3":{"name":"(anonymous_3)","decl":{"start":{"line":60,"column":2},"end":{"line":60,"column":6}},"loc":{"start":{"line":60,"column":12},"end":{"line":62,"column":3}}},"4":{"name":"(anonymous_4)","decl":{"start":{"line":64,"column":2},"end":{"line":64,"column":7}},"loc":{"start":{"line":64,"column":12},"end":{"line":92,"column":3}}},"5":{"name":"(anonymous_5)","decl":{"start":{"line":76,"column":35},"end":{"line":76,"column":36}},"loc":{"start":{"line":76,"column":51},"end":{"line":84,"column":7}}},"6":{"name":"(anonymous_6)","decl":{"start":{"line":78,"column":21},"end":{"line":78,"column":22}},"loc":{"start":{"line":78,"column":29},"end":{"line":83,"column":9}}}},"branchMap":{"0":{"loc":{"start":{"line":48,"column":11},"end":{"line":48,"column":46}},"type":"binary-expr","locations":[{"start":{"line":48,"column":11},"end":{"line":48,"column":40}},{"start":{"line":48,"column":44},"end":{"line":48,"column":46}}]},"1":{"loc":{"start":{"line":57,"column":11},"end":{"line":57,"column":37}},"type":"binary-expr","locations":[{"start":{"line":57,"column":11},"end":{"line":57,"column":31}},{"start":{"line":57,"column":35},"end":{"line":57,"column":37}}]},"2":{"loc":{"start":{"line":65,"column":4},"end":{"line":65,"column":28}},"type":"if","locations":[{"start":{"line":65,"column":4},"end":{"line":65,"column":28}}]},"3":{"loc":{"start":{"line":79,"column":10},"end":{"line":81,"column":null}},"type":"if","locations":[{"start":{"line":79,"column":10},"end":{"line":81,"column":null}}]}},"s":{"0":14,"1":14,"2":14,"3":14,"4":9209,"5":8,"6":18,"7":16,"8":0,"9":16,"10":16,"11":4,"12":4,"13":9208,"14":9208,"15":4940,"16":3567,"17":4940,"18":4,"19":14,"20":14},"f":{"0":14,"1":9209,"2":8,"3":18,"4":16,"5":9208,"6":4940},"b":{"0":[9209,5304],"1":[8,6],"2":[0],"3":[3567]}}
,"/Users/donnie/src/github.com/floodfx/liveviewjs/packages/core/src/server/pubsub/index.ts": {"path":"/Users/donnie/src/github.com/floodfx/liveviewjs/packages/core/src/server/pubsub/index.ts","statementMap":{"0":{"start":{"line":1,"column":0},"end":{"line":1,"column":25}},"1":{"start":{"line":2,"column":0},"end":{"line":2,"column":38}}},"fnMap":{},"branchMap":{},"s":{"0":8,"1":8},"f":{},"b":{}}
,"/Users/donnie/src/github.com/floodfx/liveviewjs/packages/core/src/server/pubsub/singleProcessPubSub.ts": {"path":"/Users/donnie/src/github.com/floodfx/liveviewjs/packages/core/src/server/pubsub/singleProcessPubSub.ts","statementMap":{"0":{"start":{"line":1,"column":0},"end":{"line":1,"column":28}},"1":{"start":{"line":2,"column":0},"end":{"line":2,"column":34}},"2":{"start":{"line":11,"column":21},"end":{"line":11,"column":39}},"3":{"start":{"line":14,"column":65},"end":{"line":14,"column":67}},"4":{"start":{"line":17,"column":4},"end":{"line":17,"column":54}},"5":{"start":{"line":19,"column":18},"end":{"line":19,"column":56}},"6":{"start":{"line":20,"column":4},"end":{"line":20,"column":41}},"7":{"start":{"line":21,"column":4},"end":{"line":21,"column":17}},"8":{"start":{"line":25,"column":4},"end":{"line":25,"column":41}},"9":{"start":{"line":30,"column":23},"end":{"line":30,"column":53}},"10":{"start":{"line":31,"column":4},"end":{"line":31,"column":57}},"11":{"start":{"line":33,"column":4},"end":{"line":33,"column":42}},"12":{"start":{"line":13,"column":0},"end":{"line":13,"column":13}}},"fnMap":{"0":{"name":"(anonymous_1)","decl":{"start":{"line":16,"column":9},"end":{"line":16,"column":14}},"loc":{"start":{"line":16,"column":76},"end":{"line":22,"column":3}}},"1":{"name":"(anonymous_2)","decl":{"start":{"line":24,"column":9},"end":{"line":24,"column":14}},"loc":{"start":{"line":24,"column":50},"end":{"line":26,"column":3}}},"2":{"name":"(anonymous_3)","decl":{"start":{"line":28,"column":9},"end":{"line":28,"column":14}},"loc":{"start":{"line":28,"column":62},"end":{"line":34,"column":3}}}},"branchMap":{},"s":{"0":8,"1":8,"2":8,"3":73,"4":150,"5":150,"6":150,"7":150,"8":11,"9":133,"10":133,"11":133,"12":8},"f":{"0":150,"1":11,"2":133},"b":{}}
,"/Users/donnie/src/github.com/floodfx/liveviewjs/packages/core/src/server/socket/index.ts": {"path":"/Users/donnie/src/github.com/floodfx/liveviewjs/packages/core/src/server/socket/index.ts","statementMap":{"0":{"start":{"line":1,"column":0},"end":{"line":1,"column":34}},"1":{"start":{"line":2,"column":0},"end":{"line":2,"column":29}},"2":{"start":{"line":3,"column":0},"end":{"line":3,"column":34}}},"fnMap":{},"branchMap":{},"s":{"0":8,"1":8,"2":8},"f":{},"b":{}}
,"/Users/donnie/src/github.com/floodfx/liveviewjs/packages/core/src/server/socket/liveSocket.ts": {"path":"/Users/donnie/src/github.com/floodfx/liveviewjs/packages/core/src/server/socket/liveSocket.ts","statementMap":{"0":{"start":{"line":3,"column":0},"end":{"line":3,"column":54}},"1":{"start":{"line":173,"column":44},"end":{"line":173,"column":46}},"2":{"start":{"line":176,"column":4},"end":{"line":176,"column":62}},"3":{"start":{"line":180,"column":4},"end":{"line":183,"column":6}},"4":{"start":{"line":187,"column":4},"end":{"line":190,"column":6}},"5":{"start":{"line":250,"column":4},"end":{"line":252,"column":null}},"6":{"start":{"line":251,"column":6},"end":{"line":251,"column":37}},"7":{"start":{"line":265,"column":32},"end":{"line":265,"column":37}},"8":{"start":{"line":266,"column":61},"end":{"line":266,"column":63}},"9":{"start":{"line":270,"column":4},"end":{"line":270,"column":12}},"10":{"start":{"line":271,"column":4},"end":{"line":271,"column":17}},"11":{"start":{"line":275,"column":4},"end":{"line":275,"column":26}},"12":{"start":{"line":279,"column":15},"end":{"line":279,"column":50}},"13":{"start":{"line":280,"column":4},"end":{"line":283,"column":6}},"14":{"start":{"line":284,"column":4},"end":{"line":284,"column":29}},"15":{"start":{"line":288,"column":4},"end":{"line":288,"column":63}},"16":{"start":{"line":289,"column":4},"end":{"line":289,"column":29}},"17":{"start":{"line":260,"column":0},"end":{"line":260,"column":13}},"18":{"start":{"line":303,"column":32},"end":{"line":303,"column":36}},"19":{"start":{"line":342,"column":4},"end":{"line":342,"column":12}},"20":{"start":{"line":343,"column":4},"end":{"line":343,"column":17}},"21":{"start":{"line":344,"column":4},"end":{"line":344,"column":47}},"22":{"start":{"line":345,"column":4},"end":{"line":345,"column":47}},"23":{"start":{"line":346,"column":4},"end":{"line":346,"column":47}},"24":{"start":{"line":347,"column":4},"end":{"line":347,"column":53}},"25":{"start":{"line":348,"column":4},"end":{"line":348,"column":45}},"26":{"start":{"line":349,"column":4},"end":{"line":349,"column":41}},"27":{"start":{"line":350,"column":4},"end":{"line":350,"column":45}},"28":{"start":{"line":351,"column":4},"end":{"line":351,"column":47}},"29":{"start":{"line":352,"column":4},"end":{"line":352,"column":51}},"30":{"start":{"line":353,"column":4},"end":{"line":353,"column":53}},"31":{"start":{"line":354,"column":4},"end":{"line":354,"column":73}},"32":{"start":{"line":355,"column":4},"end":{"line":355,"column":59}},"33":{"start":{"line":358,"column":4},"end":{"line":358,"column":44}},"34":{"start":{"line":361,"column":4},"end":{"line":361,"column":41}},"35":{"start":{"line":364,"column":4},"end":{"line":364,"column":38}},"36":{"start":{"line":367,"column":4},"end":{"line":367,"column":63}},"37":{"start":{"line":370,"column":4},"end":{"line":370,"column":66}},"38":{"start":{"line":373,"column":4},"end":{"line":373,"column":44}},"39":{"start":{"line":376,"column":4},"end":{"line":376,"column":32}},"40":{"start":{"line":379,"column":4},"end":{"line":379,"column":40}},"41":{"start":{"line":382,"column":4},"end":{"line":382,"column":50}},"42":{"start":{"line":385,"column":4},"end":{"line":385,"column":53}},"43":{"start":{"line":391,"column":4},"end":{"line":391,"column":72}},"44":{"start":{"line":394,"column":4},"end":{"line":394,"column":58}},"45":{"start":{"line":298,"column":0},"end":{"line":298,"column":13}}},"fnMap":{"0":{"name":"(anonymous_0)","decl":{"start":{"line":175,"column":2},"end":{"line":175,"column":6}},"loc":{"start":{"line":175,"column":13},"end":{"line":177,"column":3}}},"1":{"name":"(anonymous_1)","decl":{"start":{"line":179,"column":2},"end":{"line":179,"column":8}},"loc":{"start":{"line":179,"column":35},"end":{"line":184,"column":3}}},"2":{"name":"(anonymous_2)","decl":{"start":{"line":186,"column":2},"end":{"line":186,"column":12}},"loc":{"start":{"line":186,"column":43},"end":{"line":191,"column":3}}},"3":{"name":"(anonymous_3)","decl":{"start":{"line":193,"column":2},"end":{"line":193,"column":11}},"loc":{"start":{"line":193,"column":32},"end":{"line":195,"column":3}}},"4":{"name":"(anonymous_4)","decl":{"start":{"line":196,"column":2},"end":{"line":196,"column":11}},"loc":{"start":{"line":196,"column":39},"end":{"line":198,"column":3}}},"5":{"name":"(anonymous_5)","decl":{"start":{"line":199,"column":2},"end":{"line":199,"column":11}},"loc":{"start":{"line":199,"column":76},"end":{"line":203,"column":3}}},"6":{"name":"(anonymous_6)","decl":{"start":{"line":204,"column":2},"end":{"line":204,"column":14}},"loc":{"start":{"line":204,"column":79},"end":{"line":208,"column":3}}},"7":{"name":"(anonymous_7)","decl":{"start":{"line":209,"column":2},"end":{"line":209,"column":10}},"loc":{"start":{"line":209,"column":37},"end":{"line":213,"column":3}}},"8":{"name":"(anonymous_8)","decl":{"start":{"line":214,"column":2},"end":{"line":214,"column":8}},"loc":{"start":{"line":214,"column":47},"end":{"line":216,"column":3}}},"9":{"name":"(anonymous_9)","decl":{"start":{"line":217,"column":2},"end":{"line":217,"column":10}},"loc":{"start":{"line":217,"column":28},"end":{"line":219,"column":3}}},"10":{"name":"(anonymous_10)","decl":{"start":{"line":220,"column":2},"end":{"line":220,"column":11}},"loc":{"start":{"line":220,"column":25},"end":{"line":224,"column":3}}},"11":{"name":"(anonymous_11)","decl":{"start":{"line":225,"column":2},"end":{"line":225,"column":13}},"loc":{"start":{"line":225,"column":57},"end":{"line":229,"column":3}}},"12":{"name":"(anonymous_12)","decl":{"start":{"line":230,"column":2},"end":{"line":230,"column":14}},"loc":{"start":{"line":230,"column":46},"end":{"line":234,"column":3}}},"13":{"name":"(anonymous_13)","decl":{"start":{"line":235,"column":2},"end":{"line":235,"column":24}},"loc":{"start":{"line":237,"column":76},"end":{"line":242,"column":3}}},"14":{"name":"(anonymous_14)","decl":{"start":{"line":243,"column":2},"end":{"line":243,"column":17}},"loc":{"start":{"line":243,"column":36},"end":{"line":247,"column":3}}},"15":{"name":"(anonymous_15)","decl":{"start":{"line":249,"column":2},"end":{"line":249,"column":30}},"loc":{"start":{"line":249,"column":30},"end":{"line":253,"column":3}}},"16":{"name":"(anonymous_16)","decl":{"start":{"line":269,"column":2},"end":{"line":269,"column":14}},"loc":{"start":{"line":269,"column":24},"end":{"line":272,"column":3}}},"17":{"name":"(anonymous_17)","decl":{"start":{"line":274,"column":2},"end":{"line":274,"column":6}},"loc":{"start":{"line":274,"column":14},"end":{"line":276,"column":3}}},"18":{"name":"(anonymous_18)","decl":{"start":{"line":278,"column":2},"end":{"line":278,"column":14}},"loc":{"start":{"line":278,"column":79},"end":{"line":285,"column":3}}},"19":{"name":"(anonymous_19)","decl":{"start":{"line":287,"column":2},"end":{"line":287,"column":13}},"loc":{"start":{"line":287,"column":69},"end":{"line":290,"column":3}}},"20":{"name":"(anonymous_20)","decl":{"start":{"line":324,"column":2},"end":{"line":324,"column":null}},"loc":{"start":{"line":340,"column":117},"end":{"line":356,"column":3}}},"21":{"name":"(anonymous_21)","decl":{"start":{"line":357,"column":2},"end":{"line":357,"column":7}},"loc":{"start":{"line":357,"column":43},"end":{"line":359,"column":3}}},"22":{"name":"(anonymous_22)","decl":{"start":{"line":360,"column":2},"end":{"line":360,"column":11}},"loc":{"start":{"line":360,"column":32},"end":{"line":362,"column":3}}},"23":{"name":"(anonymous_23)","decl":{"start":{"line":363,"column":2},"end":{"line":363,"column":11}},"loc":{"start":{"line":363,"column":39},"end":{"line":365,"column":3}}},"24":{"name":"(anonymous_24)","decl":{"start":{"line":366,"column":2},"end":{"line":366,"column":7}},"loc":{"start":{"line":366,"column":89},"end":{"line":368,"column":3}}},"25":{"name":"(anonymous_25)","decl":{"start":{"line":369,"column":2},"end":{"line":369,"column":7}},"loc":{"start":{"line":369,"column":92},"end":{"line":371,"column":3}}},"26":{"name":"(anonymous_26)","decl":{"start":{"line":372,"column":2},"end":{"line":372,"column":8}},"loc":{"start":{"line":372,"column":47},"end":{"line":374,"column":3}}},"27":{"name":"(anonymous_27)","decl":{"start":{"line":375,"column":2},"end":{"line":375,"column":10}},"loc":{"start":{"line":375,"column":28},"end":{"line":377,"column":3}}},"28":{"name":"(anonymous_28)","decl":{"start":{"line":378,"column":2},"end":{"line":378,"column":7}},"loc":{"start":{"line":378,"column":31},"end":{"line":380,"column":3}}},"29":{"name":"(anonymous_29)","decl":{"start":{"line":381,"column":2},"end":{"line":381,"column":7}},"loc":{"start":{"line":381,"column":75},"end":{"line":383,"column":3}}},"30":{"name":"(anonymous_30)","decl":{"start":{"line":384,"column":2},"end":{"line":384,"column":7}},"loc":{"start":{"line":384,"column":52},"end":{"line":386,"column":3}}},"31":{"name":"(anonymous_31)","decl":{"start":{"line":387,"column":2},"end":{"line":387,"column":7}},"loc":{"start":{"line":389,"column":76},"end":{"line":392,"column":3}}},"32":{"name":"(anonymous_32)","decl":{"start":{"line":393,"column":2},"end":{"line":393,"column":7}},"loc":{"start":{"line":393,"column":42},"end":{"line":395,"column":3}}}},"branchMap":{"0":{"loc":{"start":{"line":176,"column":27},"end":{"line":176,"column":60}},"type":"binary-expr","locations":[{"start":{"line":176,"column":27},"end":{"line":176,"column":40}},{"start":{"line":176,"column":45},"end":{"line":176,"column":60}}]},"1":{"loc":{"start":{"line":250,"column":4},"end":{"line":252,"column":null}},"type":"if","locations":[{"start":{"line":250,"column":4},"end":{"line":252,"column":null}}]},"2":{"loc":{"start":{"line":279,"column":15},"end":{"line":279,"column":50}},"type":"cond-expr","locations":[{"start":{"line":279,"column":24},"end":{"line":279,"column":43}},{"start":{"line":279,"column":46},"end":{"line":279,"column":50}}]},"3":{"loc":{"start":{"line":282,"column":15},"end":{"line":282,"column":38}},"type":"binary-expr","locations":[{"start":{"line":282,"column":15},"end":{"line":282,"column":29}},{"start":{"line":282,"column":33},"end":{"line":282,"column":38}}]},"4":{"loc":{"start":{"line":366,"column":58},"end":{"line":366,"column":89}},"type":"default-arg","locations":[{"start":{"line":366,"column":84},"end":{"line":366,"column":89}}]},"5":{"loc":{"start":{"line":369,"column":61},"end":{"line":369,"column":92}},"type":"default-arg","locations":[{"start":{"line":369,"column":87},"end":{"line":369,"column":92}}]}},"s":{"0":9,"1":69,"2":300,"3":52,"4":1,"5":136,"6":1,"7":14,"8":14,"9":14,"10":14,"11":15,"12":4,"13":4,"14":4,"15":1,"16":1,"17":9,"18":55,"19":55,"20":55,"21":55,"22":55,"23":55,"24":55,"25":55,"26":55,"27":55,"28":55,"29":55,"30":55,"31":55,"32":55,"33":2,"34":2,"35":2,"36":7,"37":6,"38":2,"39":8,"40":2,"41":5,"42":2,"43":4,"44":3,"45":9},"f":{"0":300,"1":52,"2":1,"3":0,"4":0,"5":0,"6":0,"7":0,"8":0,"9":0,"10":0,"11":0,"12":0,"13":0,"14":0,"15":136,"16":14,"17":15,"18":4,"19":1,"20":55,"21":2,"22":2,"23":2,"24":7,"25":6,"26":2,"27":8,"28":2,"29":5,"30":2,"31":4,"32":3},"b":{"0":[300,160],"1":[1],"2":[2,2],"3":[4,3],"4":[4],"5":[3]}}
,"/Users/donnie/src/github.com/floodfx/liveviewjs/packages/core/src/server/socket/liveViewManager.ts": {"path":"/Users/donnie/src/github.com/floodfx/liveviewjs/packages/core/src/server/socket/liveViewManager.ts","statementMap":{"0":{"start":{"line":1,"column":0},"end":{"line":1,"column":28}},"1":{"start":{"line":2,"column":0},"end":{"line":2,"column":32}},"2":{"start":{"line":7,"column":0},"end":{"line":7,"column":null}},"3":{"start":{"line":23,"column":0},"end":{"line":23,"column":59}},"4":{"start":{"line":24,"column":0},"end":{"line":24,"column":45}},"5":{"start":{"line":25,"column":0},"end":{"line":25,"column":54}},"6":{"start":{"line":26,"column":0},"end":{"line":26,"column":64}},"7":{"start":{"line":27,"column":0},"end":{"line":27,"column":82}},"8":{"start":{"line":28,"column":0},"end":{"line":28,"column":null}},"9":{"start":{"line":50,"column":0},"end":{"line":50,"column":56}},"10":{"start":{"line":98,"column":61},"end":{"line":98,"column":63}},"11":{"start":{"line":101,"column":40},"end":{"line":101,"column":42}},"12":{"start":{"line":107,"column":59},"end":{"line":107,"column":61}},"13":{"start":{"line":113,"column":38},"end":{"line":113,"column":40}},"14":{"start":{"line":114,"column":40},"end":{"line":114,"column":42}},"15":{"start":{"line":117,"column":38},"end":{"line":117,"column":43}},"16":{"start":{"line":121,"column":43},"end":{"line":121,"column":48}},"17":{"start":{"line":124,"column":22},"end":{"line":124,"column":23}},"18":{"start":{"line":137,"column":4},"end":{"line":137,"column":29}},"19":{"start":{"line":138,"column":4},"end":{"line":138,"column":37}},"20":{"start":{"line":139,"column":4},"end":{"line":139,"column":31}},"21":{"start":{"line":140,"column":4},"end":{"line":140,"column":23}},"22":{"start":{"line":141,"column":4},"end":{"line":141,"column":25}},"23":{"start":{"line":142,"column":4},"end":{"line":142,"column":37}},"24":{"start":{"line":143,"column":4},"end":{"line":143,"column":41}},"25":{"start":{"line":144,"column":4},"end":{"line":144,"column":53}},"26":{"start":{"line":145,"column":4},"end":{"line":145,"column":33}},"27":{"start":{"line":148,"column":18},"end":{"line":148,"column":102}},"28":{"start":{"line":150,"column":4},"end":{"line":150,"column":47}},"29":{"start":{"line":160,"column":4},"end":{"line":229,"column":null}},"30":{"start":{"line":161,"column":22},"end":{"line":161,"column":50}},"31":{"start":{"line":162,"column":20},"end":{"line":162,"column":46}},"32":{"start":{"line":165,"column":59},"end":{"line":165,"column":66}},"33":{"start":{"line":166,"column":6},"end":{"line":168,"column":null}},"34":{"start":{"line":167,"column":8},"end":{"line":167,"column":84}},"35":{"start":{"line":170,"column":18},"end":{"line":170,"column":57}},"36":{"start":{"line":172,"column":6},"end":{"line":172,"column":21}},"37":{"start":{"line":175,"column":88},"end":{"line":175,"column":95}},"38":{"start":{"line":177,"column":6},"end":{"line":177,"column":49}},"39":{"start":{"line":180,"column":6},"end":{"line":180,"column":66}},"40":{"start":{"line":182,"column":6},"end":{"line":185,"column":null}},"41":{"start":{"line":183,"column":8},"end":{"line":183,"column":111}},"42":{"start":{"line":184,"column":8},"end":{"line":184,"column":15}},"43":{"start":{"line":188,"column":6},"end":{"line":188,"column":26}},"44":{"start":{"line":190,"column":20},"end":{"line":190,"column":103}},"45":{"start":{"line":192,"column":6},"end":{"line":192,"column":48}},"46":{"start":{"line":195,"column":6},"end":{"line":195,"column":45}},"47":{"start":{"line":196,"column":6},"end":{"line":196,"column":101}},"48":{"start":{"line":197,"column":6},"end":{"line":197,"column":57}},"49":{"start":{"line":201,"column":17},"end":{"line":201,"column":92}},"50":{"start":{"line":203,"column":6},"end":{"line":203,"column":54}},"51":{"start":{"line":205,"column":6},"end":{"line":205,"column":41}},"52":{"start":{"line":207,"column":21},"end":{"line":207,"column":68}},"53":{"start":{"line":209,"column":6},"end":{"line":209,"column":57}},"54":{"start":{"line":211,"column":6},"end":{"line":211,"column":54}},"55":{"start":{"line":214,"column":27},"end":{"line":219,"column":8}},"56":{"start":{"line":220,"column":6},"end":{"line":220,"column":60}},"57":{"start":{"line":223,"column":6},"end":{"line":223,"column":34}},"58":{"start":{"line":226,"column":6},"end":{"line":226,"column":49}},"59":{"start":{"line":228,"column":6},"end":{"line":228,"column":46}},"60":{"start":{"line":239,"column":4},"end":{"line":276,"column":null}},"61":{"start":{"line":240,"column":32},"end":{"line":240,"column":42}},"62":{"start":{"line":241,"column":6},"end":{"line":272,"column":null}},"63":{"start":{"line":243,"column":10},"end":{"line":243,"column":36}},"64":{"start":{"line":244,"column":10},"end":{"line":244,"column":16}},"65":{"start":{"line":246,"column":10},"end":{"line":246,"column":38}},"66":{"start":{"line":247,"column":10},"end":{"line":247,"column":16}},"67":{"start":{"line":249,"column":10},"end":{"line":249,"column":44}},"68":{"start":{"line":250,"column":10},"end":{"line":250,"column":16}},"69":{"start":{"line":252,"column":10},"end":{"line":252,"column":42}},"70":{"start":{"line":253,"column":10},"end":{"line":253,"column":16}},"71":{"start":{"line":255,"column":10},"end":{"line":255,"column":41}},"72":{"start":{"line":256,"column":10},"end":{"line":256,"column":16}},"73":{"start":{"line":258,"column":10},"end":{"line":258,"column":46}},"74":{"start":{"line":259,"column":10},"end":{"line":259,"column":16}},"75":{"start":{"line":261,"column":10},"end":{"line":261,"column":45}},"76":{"start":{"line":262,"column":10},"end":{"line":262,"column":16}},"77":{"start":{"line":264,"column":10},"end":{"line":264,"column":47}},"78":{"start":{"line":265,"column":10},"end":{"line":265,"column":16}},"79":{"start":{"line":267,"column":10},"end":{"line":271,"column":12}},"80":{"start":{"line":296,"column":4},"end":{"line":499,"column":null}},"81":{"start":{"line":297,"column":22},"end":{"line":297,"column":50}},"82":{"start":{"line":298,"column":35},"end":{"line":298,"column":42}},"83":{"start":{"line":300,"column":43},"end":{"line":300,"column":45}},"84":{"start":{"line":301,"column":6},"end":{"line":360,"column":null}},"85":{"start":{"line":304,"column":10},"end":{"line":308,"column":null}},"86":{"start":{"line":305,"column":38},"end":{"line":305,"column":71}},"87":{"start":{"line":306,"column":24},"end":{"line":306,"column":51}},"88":{"start":{"line":307,"column":12},"end":{"line":307,"column":33}},"89":{"start":{"line":309,"column":10},"end":{"line":309,"column":32}},"90":{"start":{"line":310,"column":10},"end":{"line":310,"column":16}},"91":{"start":{"line":316,"column":10},"end":{"line":316,"column":32}},"92":{"start":{"line":317,"column":10},"end":{"line":317,"column":16}},"93":{"start":{"line":320,"column":10},"end":{"line":320,"column":73}},"94":{"start":{"line":322,"column":10},"end":{"line":336,"column":null}},"95":{"start":{"line":323,"column":12},"end":{"line":328,"column":null}},"96":{"start":{"line":324,"column":14},"end":{"line":326,"column":16}},"97":{"start":{"line":327,"column":14},"end":{"line":327,"column":21}},"98":{"start":{"line":330,"column":12},"end":{"line":335,"column":null}},"99":{"start":{"line":331,"column":14},"end":{"line":333,"column":16}},"100":{"start":{"line":334,"column":14},"end":{"line":334,"column":57}},"101":{"start":{"line":339,"column":10},"end":{"line":353,"column":null}},"102":{"start":{"line":340,"column":32},"end":{"line":340,"column":39}},"103":{"start":{"line":342,"column":27},"end":{"line":342,"column":53}},"104":{"start":{"line":343,"column":12},"end":{"line":352,"column":null}},"105":{"start":{"line":344,"column":29},"end":{"line":344,"column":55}},"106":{"start":{"line":346,"column":14},"end":{"line":351,"column":null}},"107":{"start":{"line":347,"column":32},"end":{"line":349,"column":18}},"108":{"start":{"line":348,"column":18},"end":{"line":348,"column":57}},"109":{"start":{"line":350,"column":16},"end":{"line":350,"column":43}},"110":{"start":{"line":356,"column":10},"end":{"line":356,"column":16}},"111":{"start":{"line":358,"column":10},"end":{"line":358,"column":52}},"112":{"start":{"line":359,"column":10},"end":{"line":359,"column":17}},"113":{"start":{"line":363,"column":37},"end":{"line":366,"column":8}},"114":{"start":{"line":370,"column":6},"end":{"line":495,"column":null}},"115":{"start":{"line":374,"column":34},"end":{"line":374,"column":103}},"116":{"start":{"line":374,"column":89},"end":{"line":374,"column":102}},"117":{"start":{"line":375,"column":8},"end":{"line":440,"column":null}},"118":{"start":{"line":376,"column":87},"end":{"line":376,"column":104}},"119":{"start":{"line":378,"column":32},"end":{"line":378,"column":84}},"120":{"start":{"line":379,"column":10},"end":{"line":436,"column":null}},"121":{"start":{"line":381,"column":29},"end":{"line":381,"column":100}},"122":{"start":{"line":384,"column":12},"end":{"line":390,"column":null}},"123":{"start":{"line":389,"column":14},"end":{"line":389,"column":66}},"124":{"start":{"line":393,"column":28},"end":{"line":393,"column":89}},"125":{"start":{"line":396,"column":29},"end":{"line":396,"column":72}},"126":{"start":{"line":397,"column":28},"end":{"line":397,"column":60}},"127":{"start":{"line":399,"column":12},"end":{"line":404,"column":14}},"128":{"start":{"line":406,"column":30},"end":{"line":411,"column":14}},"129":{"start":{"line":413,"column":12},"end":{"line":413,"column":52}},"130":{"start":{"line":416,"column":33},"end":{"line":421,"column":14}},"131":{"start":{"line":423,"column":12},"end":{"line":423,"column":66}},"132":{"start":{"line":426,"column":12},"end":{"line":426,"column":40}},"133":{"start":{"line":429,"column":12},"end":{"line":429,"column":55}},"134":{"start":{"line":438,"column":10},"end":{"line":438,"column":70}},"135":{"start":{"line":439,"column":10},"end":{"line":439,"column":17}},"136":{"start":{"line":446,"column":32},"end":{"line":446,"column":68}},"137":{"start":{"line":449,"column":28},"end":{"line":449,"column":33}},"138":{"start":{"line":450,"column":8},"end":{"line":455,"column":null}},"139":{"start":{"line":451,"column":10},"end":{"line":451,"column":65}},"140":{"start":{"line":454,"column":10},"end":{"line":454,"column":31}},"141":{"start":{"line":459,"column":26},"end":{"line":459,"column":28}},"142":{"start":{"line":467,"column":19},"end":{"line":467,"column":94}},"143":{"start":{"line":470,"column":8},"end":{"line":470,"column":56}},"144":{"start":{"line":473,"column":25},"end":{"line":473,"column":45}},"145":{"start":{"line":474,"column":8},"end":{"line":474,"column":48}},"146":{"start":{"line":476,"column":8},"end":{"line":476,"column":31}},"147":{"start":{"line":478,"column":8},"end":{"line":478,"column":51}},"148":{"start":{"line":479,"column":8},"end":{"line":479,"column":48}},"149":{"start":{"line":481,"column":29},"end":{"line":486,"column":10}},"150":{"start":{"line":488,"column":8},"end":{"line":488,"column":62}},"151":{"start":{"line":491,"column":8},"end":{"line":491,"column":36}},"152":{"start":{"line":494,"column":8},"end":{"line":494,"column":51}},"153":{"start":{"line":503,"column":4},"end":{"line":564,"column":null}},"154":{"start":{"line":504,"column":22},"end":{"line":504,"column":50}},"155":{"start":{"line":506,"column":31},"end":{"line":506,"column":38}},"156":{"start":{"line":508,"column":6},"end":{"line":508,"column":33}},"157":{"start":{"line":510,"column":17},"end":{"line":510,"column":92}},"158":{"start":{"line":513,"column":6},"end":{"line":513,"column":54}},"159":{"start":{"line":516,"column":23},"end":{"line":516,"column":43}},"160":{"start":{"line":517,"column":17},"end":{"line":517,"column":49}},"161":{"start":{"line":519,"column":6},"end":{"line":519,"column":29}},"162":{"start":{"line":522,"column":6},"end":{"line":522,"column":49}},"163":{"start":{"line":523,"column":6},"end":{"line":523,"column":46}},"164":{"start":{"line":526,"column":21},"end":{"line":530,"column":8}},"165":{"start":{"line":532,"column":54},"end":{"line":534,"column":8}},"166":{"start":{"line":535,"column":6},"end":{"line":543,"column":9}},"167":{"start":{"line":536,"column":8},"end":{"line":542,"column":null}},"168":{"start":{"line":538,"column":10},"end":{"line":538,"column":58}},"169":{"start":{"line":545,"column":27},"end":{"line":552,"column":8}},"170":{"start":{"line":554,"column":6},"end":{"line":554,"column":60}},"171":{"start":{"line":557,"column":6},"end":{"line":557,"column":34}},"172":{"start":{"line":560,"column":6},"end":{"line":560,"column":49}},"173":{"start":{"line":568,"column":4},"end":{"line":585,"column":null}},"174":{"start":{"line":569,"column":20},"end":{"line":569,"column":46}},"175":{"start":{"line":570,"column":22},"end":{"line":570,"column":50}},"176":{"start":{"line":572,"column":24},"end":{"line":572,"column":31}},"177":{"start":{"line":576,"column":27},"end":{"line":579,"column":8}},"178":{"start":{"line":581,"column":6},"end":{"line":581,"column":60}},"179":{"start":{"line":589,"column":4},"end":{"line":654,"column":null}},"180":{"start":{"line":593,"column":33},"end":{"line":593,"column":74}},"181":{"start":{"line":595,"column":58},"end":{"line":595,"column":113}},"182":{"start":{"line":597,"column":6},"end":{"line":597,"column":69}},"183":{"start":{"line":601,"column":18},"end":{"line":601,"column":37}},"184":{"start":{"line":604,"column":33},"end":{"line":604,"column":110}},"185":{"start":{"line":604,"column":79},"end":{"line":604,"column":109}},"186":{"start":{"line":605,"column":6},"end":{"line":619,"column":null}},"187":{"start":{"line":607,"column":22},"end":{"line":607,"column":75}},"188":{"start":{"line":607,"column":61},"end":{"line":607,"column":74}},"189":{"start":{"line":608,"column":8},"end":{"line":611,"column":null}},"190":{"start":{"line":614,"column":34},"end":{"line":614,"column":77}},"191":{"start":{"line":616,"column":8},"end":{"line":616,"column":89}},"192":{"start":{"line":618,"column":8},"end":{"line":618,"column":45}},"193":{"start":{"line":622,"column":50},"end":{"line":622,"column":90}},"194":{"start":{"line":623,"column":23},"end":{"line":623,"column":27}},"195":{"start":{"line":624,"column":6},"end":{"line":635,"column":9}},"196":{"start":{"line":625,"column":23},"end":{"line":625,"column":46}},"197":{"start":{"line":627,"column":8},"end":{"line":634,"column":null}},"198":{"start":{"line":629,"column":10},"end":{"line":633,"column":13}},"199":{"start":{"line":630,"column":12},"end":{"line":632,"column":null}},"200":{"start":{"line":631,"column":14},"end":{"line":631,"column":48}},"201":{"start":{"line":636,"column":6},"end":{"line":638,"column":null}},"202":{"start":{"line":637,"column":8},"end":{"line":637,"column":39}},"203":{"start":{"line":641,"column":6},"end":{"line":650,"column":9}},"204":{"start":{"line":658,"column":4},"end":{"line":711,"column":null}},"205":{"start":{"line":659,"column":22},"end":{"line":659,"column":50}},"206":{"start":{"line":661,"column":43},"end":{"line":661,"column":50}},"207":{"start":{"line":665,"column":27},"end":{"line":665,"column":97}},"208":{"start":{"line":665,"column":78},"end":{"line":665,"column":96}},"209":{"start":{"line":666,"column":6},"end":{"line":677,"column":null}},"210":{"start":{"line":667,"column":8},"end":{"line":672,"column":11}},"211":{"start":{"line":668,"column":10},"end":{"line":670,"column":null}},"212":{"start":{"line":669,"column":12},"end":{"line":669,"column":43}},"213":{"start":{"line":671,"column":10},"end":{"line":671,"column":23}},"214":{"start":{"line":673,"column":8},"end":{"line":673,"column":61}},"215":{"start":{"line":679,"column":17},"end":{"line":679,"column":92}},"216":{"start":{"line":682,"column":6},"end":{"line":682,"column":54}},"217":{"start":{"line":685,"column":23},"end":{"line":685,"column":43}},"218":{"start":{"line":686,"column":17},"end":{"line":686,"column":49}},"219":{"start":{"line":688,"column":6},"end":{"line":688,"column":29}},"220":{"start":{"line":691,"column":6},"end":{"line":691,"column":49}},"221":{"start":{"line":692,"column":6},"end":{"line":692,"column":46}},"222":{"start":{"line":694,"column":27},"end":{"line":699,"column":8}},"223":{"start":{"line":701,"column":6},"end":{"line":701,"column":60}},"224":{"start":{"line":704,"column":6},"end":{"line":704,"column":34}},"225":{"start":{"line":707,"column":6},"end":{"line":707,"column":49}},"226":{"start":{"line":720,"column":4},"end":{"line":763,"column":null}},"227":{"start":{"line":721,"column":22},"end":{"line":721,"column":50}},"228":{"start":{"line":723,"column":33},"end":{"line":723,"column":40}},"229":{"start":{"line":724,"column":18},"end":{"line":724,"column":36}},"230":{"start":{"line":726,"column":30},"end":{"line":726,"column":66}},"231":{"start":{"line":727,"column":6},"end":{"line":727,"column":57}},"232":{"start":{"line":731,"column":17},"end":{"line":731,"column":92}},"233":{"start":{"line":734,"column":6},"end":{"line":734,"column":54}},"234":{"start":{"line":737,"column":23},"end":{"line":737,"column":43}},"235":{"start":{"line":738,"column":17},"end":{"line":738,"column":49}},"236":{"start":{"line":740,"column":6},"end":{"line":740,"column":29}},"237":{"start":{"line":743,"column":6},"end":{"line":743,"column":49}},"238":{"start":{"line":744,"column":6},"end":{"line":744,"column":46}},"239":{"start":{"line":746,"column":27},"end":{"line":751,"column":8}},"240":{"start":{"line":753,"column":6},"end":{"line":753,"column":60}},"241":{"start":{"line":756,"column":6},"end":{"line":756,"column":34}},"242":{"start":{"line":759,"column":6},"end":{"line":759,"column":49}},"243":{"start":{"line":772,"column":4},"end":{"line":772,"column":50}},"244":{"start":{"line":781,"column":4},"end":{"line":781,"column":26}},"245":{"start":{"line":788,"column":4},"end":{"line":799,"column":null}},"246":{"start":{"line":790,"column":6},"end":{"line":793,"column":9}},"247":{"start":{"line":791,"column":22},"end":{"line":791,"column":42}},"248":{"start":{"line":792,"column":8},"end":{"line":792,"column":52}},"249":{"start":{"line":796,"column":6},"end":{"line":796,"column":44}},"250":{"start":{"line":810,"column":27},"end":{"line":813,"column":5}},"251":{"start":{"line":811,"column":6},"end":{"line":811,"column":11}},"252":{"start":{"line":812,"column":6},"end":{"line":812,"column":28}},"253":{"start":{"line":814,"column":4},"end":{"line":814,"column":69}},"254":{"start":{"line":826,"column":4},"end":{"line":826,"column":70}},"255":{"start":{"line":838,"column":4},"end":{"line":838,"column":73}},"256":{"start":{"line":854,"column":4},"end":{"line":883,"column":null}},"257":{"start":{"line":856,"column":17},"end":{"line":856,"column":52}},"258":{"start":{"line":857,"column":19},"end":{"line":857,"column":54}},"259":{"start":{"line":858,"column":48},"end":{"line":864,"column":8}},"260":{"start":{"line":867,"column":6},"end":{"line":867,"column":39}},"261":{"start":{"line":870,"column":6},"end":{"line":870,"column":62}},"262":{"start":{"line":873,"column":6},"end":{"line":873,"column":33}},"263":{"start":{"line":876,"column":6},"end":{"line":876,"column":34}},"264":{"start":{"line":879,"column":6},"end":{"line":879,"column":49}},"265":{"start":{"line":892,"column":4},"end":{"line":892,"column":33}},"266":{"start":{"line":901,"column":4},"end":{"line":903,"column":null}},"267":{"start":{"line":902,"column":6},"end":{"line":902,"column":28}},"268":{"start":{"line":905,"column":4},"end":{"line":905,"column":31}},"269":{"start":{"line":913,"column":4},"end":{"line":944,"column":null}},"270":{"start":{"line":914,"column":6},"end":{"line":914,"column":50}},"271":{"start":{"line":917,"column":17},"end":{"line":917,"column":92}},"272":{"start":{"line":920,"column":6},"end":{"line":920,"column":54}},"273":{"start":{"line":923,"column":23},"end":{"line":923,"column":43}},"274":{"start":{"line":924,"column":17},"end":{"line":924,"column":49}},"275":{"start":{"line":925,"column":6},"end":{"line":925,"column":29}},"276":{"start":{"line":927,"column":6},"end":{"line":927,"column":49}},"277":{"start":{"line":928,"column":6},"end":{"line":928,"column":46}},"278":{"start":{"line":930,"column":34},"end":{"line":936,"column":8}},"279":{"start":{"line":937,"column":6},"end":{"line":937,"column":31}},"280":{"start":{"line":940,"column":6},"end":{"line":940,"column":49}},"281":{"start":{"line":948,"column":4},"end":{"line":951,"column":null}},"282":{"start":{"line":949,"column":6},"end":{"line":949,"column":33}},"283":{"start":{"line":950,"column":6},"end":{"line":950,"column":35}},"284":{"start":{"line":955,"column":4},"end":{"line":960,"column":null}},"285":{"start":{"line":956,"column":6},"end":{"line":956,"column":65}},"286":{"start":{"line":964,"column":4},"end":{"line":969,"column":null}},"287":{"start":{"line":965,"column":6},"end":{"line":965,"column":54}},"288":{"start":{"line":973,"column":4},"end":{"line":978,"column":null}},"289":{"start":{"line":974,"column":20},"end":{"line":974,"column":69}},"290":{"start":{"line":975,"column":6},"end":{"line":977,"column":null}},"291":{"start":{"line":976,"column":8},"end":{"line":976,"column":38}},"292":{"start":{"line":982,"column":4},"end":{"line":984,"column":null}},"293":{"start":{"line":983,"column":6},"end":{"line":983,"column":71}},"294":{"start":{"line":985,"column":4},"end":{"line":985,"column":16}},"295":{"start":{"line":989,"column":4},"end":{"line":995,"column":null}},"296":{"start":{"line":990,"column":6},"end":{"line":990,"column":36}},"297":{"start":{"line":991,"column":6},"end":{"line":994,"column":8}},"298":{"start":{"line":996,"column":4},"end":{"line":996,"column":17}},"299":{"start":{"line":1000,"column":4},"end":{"line":1012,"column":null}},"300":{"start":{"line":1001,"column":21},"end":{"line":1001,"column":50}},"301":{"start":{"line":1002,"column":6},"end":{"line":1002,"column":24}},"302":{"start":{"line":1004,"column":16},"end":{"line":1007,"column":8}},"303":{"start":{"line":1005,"column":36},"end":{"line":1005,"column":41}},"304":{"start":{"line":1006,"column":8},"end":{"line":1006,"column":30}},"305":{"start":{"line":1008,"column":6},"end":{"line":1011,"column":8}},"306":{"start":{"line":1013,"column":4},"end":{"line":1013,"column":17}},"307":{"start":{"line":1017,"column":4},"end":{"line":1022,"column":7}},"308":{"start":{"line":1018,"column":6},"end":{"line":1021,"column":null}},"309":{"start":{"line":1019,"column":8},"end":{"line":1019,"column":24}},"310":{"start":{"line":1020,"column":8},"end":{"line":1020,"column":104}},"311":{"start":{"line":1030,"column":87},"end":{"line":1030,"column":89}},"312":{"start":{"line":1032,"column":104},"end":{"line":1032,"column":106}},"313":{"start":{"line":1052,"column":19},"end":{"line":1052,"column":25}},"314":{"start":{"line":1053,"column":4},"end":{"line":1053,"column":21}},"315":{"start":{"line":1056,"column":15},"end":{"line":1056,"column":113}},"316":{"start":{"line":1057,"column":4},"end":{"line":1057,"column":90}},"317":{"start":{"line":1058,"column":27},"end":{"line":1058,"column":81}},"318":{"start":{"line":1061,"column":4},"end":{"line":1067,"column":null}},"319":{"start":{"line":1062,"column":6},"end":{"line":1066,"column":8}},"320":{"start":{"line":1070,"column":18},"end":{"line":1070,"column":41}},"321":{"start":{"line":1076,"column":4},"end":{"line":1164,"column":null}},"322":{"start":{"line":1090,"column":25},"end":{"line":1090,"column":50}},"323":{"start":{"line":1092,"column":6},"end":{"line":1137,"column":null}},"324":{"start":{"line":1093,"column":8},"end":{"line":1093,"column":34}},"325":{"start":{"line":1096,"column":25},"end":{"line":1096,"column":90}},"326":{"start":{"line":1099,"column":8},"end":{"line":1099,"column":44}},"327":{"start":{"line":1100,"column":8},"end":{"line":1100,"column":45}},"328":{"start":{"line":1101,"column":8},"end":{"line":1101,"column":75}},"329":{"start":{"line":1105,"column":8},"end":{"line":1112,"column":10}},"330":{"start":{"line":1116,"column":34},"end":{"line":1116,"column":73}},"331":{"start":{"line":1117,"column":62},"end":{"line":1117,"column":79}},"332":{"start":{"line":1118,"column":8},"end":{"line":1118,"column":21}},"333":{"start":{"line":1121,"column":25},"end":{"line":1121,"column":93}},"334":{"start":{"line":1124,"column":8},"end":{"line":1124,"column":45}},"335":{"start":{"line":1125,"column":8},"end":{"line":1125,"column":75}},"336":{"start":{"line":1127,"column":25},"end":{"line":1127,"column":68}},"337":{"start":{"line":1128,"column":24},"end":{"line":1128,"column":56}},"338":{"start":{"line":1131,"column":8},"end":{"line":1136,"column":10}},"339":{"start":{"line":1140,"column":6},"end":{"line":1140,"column":60}},"340":{"start":{"line":1150,"column":6},"end":{"line":1152,"column":null}},"341":{"start":{"line":1151,"column":8},"end":{"line":1151,"column":109}},"342":{"start":{"line":1155,"column":23},"end":{"line":1155,"column":88}},"343":{"start":{"line":1159,"column":6},"end":{"line":1159,"column":42}},"344":{"start":{"line":1160,"column":6},"end":{"line":1160,"column":43}},"345":{"start":{"line":1161,"column":6},"end":{"line":1161,"column":77}},"346":{"start":{"line":1163,"column":6},"end":{"line":1163,"column":21}},"347":{"start":{"line":1168,"column":32},"end":{"line":1168,"column":34}},"348":{"start":{"line":1170,"column":4},"end":{"line":1176,"column":7}},"349":{"start":{"line":1171,"column":6},"end":{"line":1175,"column":null}},"350":{"start":{"line":1172,"column":39},"end":{"line":1172,"column":52}},"351":{"start":{"line":1174,"column":8},"end":{"line":1174,"column":40}},"352":{"start":{"line":1178,"column":4},"end":{"line":1189,"column":null}},"353":{"start":{"line":1180,"column":6},"end":{"line":1182,"column":9}},"354":{"start":{"line":1181,"column":8},"end":{"line":1181,"column":64}},"355":{"start":{"line":1185,"column":6},"end":{"line":1188,"column":8}},"356":{"start":{"line":1192,"column":4},"end":{"line":1192,"column":17}},"357":{"start":{"line":1196,"column":4},"end":{"line":1206,"column":22}},"358":{"start":{"line":1202,"column":8},"end":{"line":1202,"column":82}},"359":{"start":{"line":1210,"column":4},"end":{"line":1295,"column":6}},"360":{"start":{"line":1215,"column":8},"end":{"line":1215,"column":34}},"361":{"start":{"line":1218,"column":17},"end":{"line":1218,"column":40}},"362":{"start":{"line":1220,"column":39},"end":{"line":1220,"column":84}},"363":{"start":{"line":1222,"column":39},"end":{"line":1222,"column":87}},"364":{"start":{"line":1224,"column":28},"end":{"line":1224,"column":59}},"365":{"start":{"line":1226,"column":30},"end":{"line":1226,"column":61}},"366":{"start":{"line":1228,"column":16},"end":{"line":1228,"column":37}},"367":{"start":{"line":1231,"column":22},"end":{"line":1233,"column":10}},"368":{"start":{"line":1232,"column":10},"end":{"line":1232,"column":34}},"369":{"start":{"line":1234,"column":8},"end":{"line":1234,"column":44}},"370":{"start":{"line":1239,"column":8},"end":{"line":1239,"column":67}},"371":{"start":{"line":1244,"column":29},"end":{"line":1244,"column":59}},"372":{"start":{"line":1245,"column":8},"end":{"line":1250,"column":null}},"373":{"start":{"line":1246,"column":10},"end":{"line":1246,"column":40}},"374":{"start":{"line":1255,"column":29},"end":{"line":1255,"column":59}},"375":{"start":{"line":1256,"column":8},"end":{"line":1268,"column":null}},"376":{"start":{"line":1257,"column":29},"end":{"line":1257,"column":78}},"377":{"start":{"line":1257,"column":66},"end":{"line":1257,"column":77}},"378":{"start":{"line":1258,"column":10},"end":{"line":1260,"column":null}},"379":{"start":{"line":1259,"column":12},"end":{"line":1259,"column":90}},"380":{"start":{"line":1262,"column":26},"end":{"line":1262,"column":55}},"381":{"start":{"line":1263,"column":10},"end":{"line":1267,"column":12}},"382":{"start":{"line":1265,"column":31},"end":{"line":1265,"column":113}},"383":{"start":{"line":1269,"column":8},"end":{"line":1269,"column":89}},"384":{"start":{"line":1270,"column":8},"end":{"line":1270,"column":18}},"385":{"start":{"line":1275,"column":41},"end":{"line":1275,"column":43}},"386":{"start":{"line":1276,"column":42},"end":{"line":1276,"column":44}},"387":{"start":{"line":1277,"column":29},"end":{"line":1277,"column":59}},"388":{"start":{"line":1278,"column":8},"end":{"line":1289,"column":null}},"389":{"start":{"line":1279,"column":10},"end":{"line":1285,"column":13}},"390":{"start":{"line":1280,"column":12},"end":{"line":1284,"column":null}},"391":{"start":{"line":1281,"column":14},"end":{"line":1281,"column":36}},"392":{"start":{"line":1283,"column":14},"end":{"line":1283,"column":37}},"393":{"start":{"line":1290,"column":8},"end":{"line":1293,"column":10}},"394":{"start":{"line":1299,"column":4},"end":{"line":1304,"column":6}},"395":{"start":{"line":1302,"column":16},"end":{"line":1302,"column":37}},"396":{"start":{"line":1303,"column":17},"end":{"line":1303,"column":40}},"397":{"start":{"line":92,"column":0},"end":{"line":92,"column":13}}},"fnMap":{"0":{"name":"(anonymous_1)","decl":{"start":{"line":126,"column":2},"end":{"line":126,"column":null}},"loc":{"start":{"line":135,"column":50},"end":{"line":151,"column":3}}},"1":{"name":"(anonymous_2)","decl":{"start":{"line":159,"column":2},"end":{"line":159,"column":7}},"loc":{"start":{"line":159,"column":43},"end":{"line":230,"column":3}}},"2":{"name":"(anonymous_3)","decl":{"start":{"line":237,"column":9},"end":{"line":237,"column":14}},"loc":{"start":{"line":237,"column":57},"end":{"line":277,"column":3}}},"3":{"name":"(anonymous_4)","decl":{"start":{"line":284,"column":9},"end":{"line":284,"column":14}},"loc":{"start":{"line":294,"column":5},"end":{"line":500,"column":3}}},"4":{"name":"(anonymous_5)","decl":{"start":{"line":347,"column":56},"end":{"line":347,"column":57}},"loc":{"start":{"line":347,"column":67},"end":{"line":349,"column":17}}},"5":{"name":"(anonymous_6)","decl":{"start":{"line":374,"column":82},"end":{"line":374,"column":83}},"loc":{"start":{"line":374,"column":89},"end":{"line":374,"column":102}}},"6":{"name":"(anonymous_7)","decl":{"start":{"line":502,"column":9},"end":{"line":502,"column":14}},"loc":{"start":{"line":502,"column":60},"end":{"line":565,"column":3}}},"7":{"name":"(anonymous_8)","decl":{"start":{"line":535,"column":22},"end":{"line":535,"column":27}},"loc":{"start":{"line":535,"column":38},"end":{"line":543,"column":7}}},"8":{"name":"(anonymous_9)","decl":{"start":{"line":567,"column":9},"end":{"line":567,"column":14}},"loc":{"start":{"line":567,"column":61},"end":{"line":586,"column":3}}},"9":{"name":"(anonymous_10)","decl":{"start":{"line":588,"column":9},"end":{"line":588,"column":14}},"loc":{"start":{"line":588,"column":55},"end":{"line":655,"column":3}}},"10":{"name":"(anonymous_11)","decl":{"start":{"line":604,"column":72},"end":{"line":604,"column":73}},"loc":{"start":{"line":604,"column":79},"end":{"line":604,"column":109}}},"11":{"name":"(anonymous_12)","decl":{"start":{"line":607,"column":54},"end":{"line":607,"column":55}},"loc":{"start":{"line":607,"column":61},"end":{"line":607,"column":74}}},"12":{"name":"(anonymous_13)","decl":{"start":{"line":624,"column":46},"end":{"line":624,"column":47}},"loc":{"start":{"line":624,"column":54},"end":{"line":635,"column":7}}},"13":{"name":"(anonymous_14)","decl":{"start":{"line":629,"column":33},"end":{"line":629,"column":34}},"loc":{"start":{"line":629,"column":43},"end":{"line":633,"column":11}}},"14":{"name":"(anonymous_15)","decl":{"start":{"line":657,"column":9},"end":{"line":657,"column":14}},"loc":{"start":{"line":657,"column":66},"end":{"line":712,"column":3}}},"15":{"name":"(anonymous_16)","decl":{"start":{"line":665,"column":66},"end":{"line":665,"column":67}},"loc":{"start":{"line":665,"column":78},"end":{"line":665,"column":96}}},"16":{"name":"(anonymous_17)","decl":{"start":{"line":667,"column":56},"end":{"line":667,"column":57}},"loc":{"start":{"line":667,"column":66},"end":{"line":672,"column":9}}},"17":{"name":"(anonymous_18)","decl":{"start":{"line":719,"column":9},"end":{"line":719,"column":14}},"loc":{"start":{"line":719,"column":56},"end":{"line":764,"column":3}}},"18":{"name":"(anonymous_19)","decl":{"start":{"line":770,"column":9},"end":{"line":770,"column":20}},"loc":{"start":{"line":770,"column":50},"end":{"line":773,"column":3}}},"19":{"name":"(anonymous_20)","decl":{"start":{"line":780,"column":9},"end":{"line":780,"column":14}},"loc":{"start":{"line":780,"column":57},"end":{"line":782,"column":3}}},"20":{"name":"(anonymous_21)","decl":{"start":{"line":787,"column":10},"end":{"line":787,"column":15}},"loc":{"start":{"line":787,"column":24},"end":{"line":800,"column":3}}},"21":{"name":"(anonymous_22)","decl":{"start":{"line":790,"column":51},"end":{"line":790,"column":56}},"loc":{"start":{"line":790,"column":85},"end":{"line":793,"column":7}}},"22":{"name":"(anonymous_23)","decl":{"start":{"line":807,"column":10},"end":{"line":807,"column":16}},"loc":{"start":{"line":807,"column":55},"end":{"line":815,"column":3}}},"23":{"name":"(anonymous_24)","decl":{"start":{"line":810,"column":27},"end":{"line":810,"column":30}},"loc":{"start":{"line":810,"column":32},"end":{"line":813,"column":5}}},"24":{"name":"(anonymous_25)","decl":{"start":{"line":825,"column":10},"end":{"line":825,"column":15}},"loc":{"start":{"line":825,"column":99},"end":{"line":827,"column":3}}},"25":{"name":"(anonymous_26)","decl":{"start":{"line":837,"column":10},"end":{"line":837,"column":15}},"loc":{"start":{"line":837,"column":102},"end":{"line":839,"column":3}}},"26":{"name":"(anonymous_27)","decl":{"start":{"line":848,"column":10},"end":{"line":848,"column":15}},"loc":{"start":{"line":852,"column":35},"end":{"line":884,"column":3}}},"27":{"name":"(anonymous_28)","decl":{"start":{"line":890,"column":10},"end":{"line":890,"column":21}},"loc":{"start":{"line":890,"column":49},"end":{"line":893,"column":3}}},"28":{"name":"(anonymous_29)","decl":{"start":{"line":899,"column":10},"end":{"line":899,"column":20}},"loc":{"start":{"line":899,"column":44},"end":{"line":906,"column":3}}},"29":{"name":"(anonymous_30)","decl":{"start":{"line":912,"column":10},"end":{"line":912,"column":15}},"loc":{"start":{"line":912,"column":46},"end":{"line":945,"column":3}}},"30":{"name":"(anonymous_31)","decl":{"start":{"line":947,"column":2},"end":{"line":947,"column":14}},"loc":{"start":{"line":947,"column":40},"end":{"line":952,"column":3}}},"31":{"name":"(anonymous_32)","decl":{"start":{"line":954,"column":10},"end":{"line":954,"column":15}},"loc":{"start":{"line":954,"column":51},"end":{"line":961,"column":3}}},"32":{"name":"(anonymous_33)","decl":{"start":{"line":963,"column":10},"end":{"line":963,"column":20}},"loc":{"start":{"line":963,"column":32},"end":{"line":970,"column":3}}},"33":{"name":"(anonymous_34)","decl":{"start":{"line":972,"column":10},"end":{"line":972,"column":15}},"loc":{"start":{"line":972,"column":30},"end":{"line":979,"column":3}}},"34":{"name":"(anonymous_35)","decl":{"start":{"line":981,"column":10},"end":{"line":981,"column":15}},"loc":{"start":{"line":981,"column":60},"end":{"line":986,"column":3}}},"35":{"name":"(anonymous_36)","decl":{"start":{"line":988,"column":10},"end":{"line":988,"column":34}},"loc":{"start":{"line":988,"column":47},"end":{"line":997,"column":3}}},"36":{"name":"(anonymous_37)","decl":{"start":{"line":999,"column":10},"end":{"line":999,"column":31}},"loc":{"start":{"line":999,"column":44},"end":{"line":1014,"column":3}}},"37":{"name":"(anonymous_38)","decl":{"start":{"line":1004,"column":27},"end":{"line":1004,"column":28}},"loc":{"start":{"line":1004,"column":37},"end":{"line":1007,"column":7}}},"38":{"name":"(anonymous_39)","decl":{"start":{"line":1016,"column":10},"end":{"line":1016,"column":22}},"loc":{"start":{"line":1016,"column":53},"end":{"line":1023,"column":3}}},"39":{"name":"(anonymous_40)","decl":{"start":{"line":1017,"column":47},"end":{"line":1017,"column":48}},"loc":{"start":{"line":1017,"column":55},"end":{"line":1022,"column":5}}},"40":{"name":"(anonymous_41)","decl":{"start":{"line":1041,"column":10},"end":{"line":1041,"column":15}},"loc":{"start":{"line":1043,"column":73},"end":{"line":1165,"column":3}}},"41":{"name":"(anonymous_42)","decl":{"start":{"line":1167,"column":10},"end":{"line":1167,"column":39}},"loc":{"start":{"line":1167,"column":52},"end":{"line":1193,"column":3}}},"42":{"name":"(anonymous_43)","decl":{"start":{"line":1170,"column":55},"end":{"line":1170,"column":56}},"loc":{"start":{"line":1170,"column":73},"end":{"line":1176,"column":5}}},"43":{"name":"(anonymous_44)","decl":{"start":{"line":1180,"column":55},"end":{"line":1180,"column":56}},"loc":{"start":{"line":1180,"column":70},"end":{"line":1182,"column":7}}},"44":{"name":"(anonymous_45)","decl":{"start":{"line":1195,"column":2},"end":{"line":1195,"column":21}},"loc":{"start":{"line":1195,"column":21},"end":{"line":1207,"column":3}}},"45":{"name":"(anonymous_46)","decl":{"start":{"line":1198,"column":22},"end":{"line":1198,"column":27}},"loc":{"start":{"line":1201,"column":37},"end":{"line":1203,"column":7}}},"46":{"name":"(anonymous_47)","decl":{"start":{"line":1209,"column":10},"end":{"line":1209,"column":27}},"loc":{"start":{"line":1209,"column":27},"end":{"line":1296,"column":3}}},"47":{"name":"(anonymous_48)","decl":{"start":{"line":1214,"column":6},"end":{"line":1214,"column":7}},"loc":{"start":{"line":1214,"column":27},"end":{"line":1216,"column":7}}},"48":{"name":"(anonymous_49)","decl":{"start":{"line":1218,"column":6},"end":{"line":1218,"column":7}},"loc":{"start":{"line":1218,"column":17},"end":{"line":1218,"column":40}}},"49":{"name":"(anonymous_50)","decl":{"start":{"line":1220,"column":6},"end":{"line":1220,"column":11}},"loc":{"start":{"line":1220,"column":39},"end":{"line":1220,"column":84}}},"50":{"name":"(anonymous_51)","decl":{"start":{"line":1222,"column":6},"end":{"line":1222,"column":11}},"loc":{"start":{"line":1222,"column":39},"end":{"line":1222,"column":87}}},"51":{"name":"(anonymous_52)","decl":{"start":{"line":1224,"column":6},"end":{"line":1224,"column":11}},"loc":{"start":{"line":1224,"column":28},"end":{"line":1224,"column":59}}},"52":{"name":"(anonymous_53)","decl":{"start":{"line":1226,"column":6},"end":{"line":1226,"column":7}},"loc":{"start":{"line":1226,"column":30},"end":{"line":1226,"column":61}}},"53":{"name":"(anonymous_54)","decl":{"start":{"line":1228,"column":6},"end":{"line":1228,"column":7}},"loc":{"start":{"line":1228,"column":16},"end":{"line":1228,"column":37}}},"54":{"name":"(anonymous_55)","decl":{"start":{"line":1230,"column":6},"end":{"line":1230,"column":11}},"loc":{"start":{"line":1230,"column":30},"end":{"line":1235,"column":7}}},"55":{"name":"(anonymous_56)","decl":{"start":{"line":1231,"column":64},"end":{"line":1231,"column":65}},"loc":{"start":{"line":1231,"column":86},"end":{"line":1233,"column":9}}},"56":{"name":"(anonymous_57)","decl":{"start":{"line":1237,"column":6},"end":{"line":1237,"column":11}},"loc":{"start":{"line":1237,"column":30},"end":{"line":1240,"column":7}}},"57":{"name":"(anonymous_58)","decl":{"start":{"line":1242,"column":6},"end":{"line":1242,"column":11}},"loc":{"start":{"line":1242,"column":32},"end":{"line":1251,"column":7}}},"58":{"name":"(anonymous_59)","decl":{"start":{"line":1253,"column":6},"end":{"line":1253,"column":11}},"loc":{"start":{"line":1253,"column":112},"end":{"line":1271,"column":7}}},"59":{"name":"(anonymous_60)","decl":{"start":{"line":1257,"column":55},"end":{"line":1257,"column":56}},"loc":{"start":{"line":1257,"column":66},"end":{"line":1257,"column":77}}},"60":{"name":"(anonymous_61)","decl":{"start":{"line":1265,"column":14},"end":{"line":1265,"column":19}},"loc":{"start":{"line":1265,"column":31},"end":{"line":1265,"c
[...]
olumn":2},"end":{"line":43,"column":null}},"13":{"start":{"line":42,"column":4},"end":{"line":42,"column":36}},"14":{"start":{"line":44,"column":2},"end":{"line":44,"column":28}},"15":{"start":{"line":48,"column":2},"end":{"line":48,"column":41}},"16":{"start":{"line":53,"column":2},"end":{"line":53,"column":109}}},"fnMap":{"0":{"name":"(anonymous_0)","decl":{"start":{"line":7,"column":34},"end":{"line":7,"column":35}},"loc":{"start":{"line":7,"column":92},"end":{"line":18,"column":1}}},"1":{"name":"mapArrayOptions","decl":{"start":{"line":20,"column":9},"end":{"line":20,"column":24}},"loc":{"start":{"line":20,"column":63},"end":{"line":28,"column":1}}},"2":{"name":"(anonymous_2)","decl":{"start":{"line":21,"column":21},"end":{"line":21,"column":22}},"loc":{"start":{"line":21,"column":32},"end":{"line":27,"column":3}}},"3":{"name":"mapRecordOptions","decl":{"start":{"line":30,"column":9},"end":{"line":30,"column":25}},"loc":{"start":{"line":30,"column":81},"end":{"line":38,"column":1}}},"4":{"name":"(anonymous_4)","decl":{"start":{"line":31,"column":37},"end":{"line":31,"column":38}},"loc":{"start":{"line":31,"column":56},"end":{"line":37,"column":3}}},"5":{"name":"isSelected","decl":{"start":{"line":40,"column":9},"end":{"line":40,"column":19}},"loc":{"start":{"line":40,"column":62},"end":{"line":45,"column":1}}},"6":{"name":"renderOptions","decl":{"start":{"line":47,"column":9},"end":{"line":47,"column":22}},"loc":{"start":{"line":47,"column":44},"end":{"line":49,"column":1}}},"7":{"name":"renderOption","decl":{"start":{"line":51,"column":9},"end":{"line":51,"column":21}},"loc":{"start":{"line":51,"column":40},"end":{"line":54,"column":1}}}},"branchMap":{"0":{"loc":{"start":{"line":9,"column":2},"end":{"line":17,"column":null}},"type":"if","locations":[{"start":{"line":9,"column":2},"end":{"line":17,"column":null}},{"start":{"line":14,"column":7},"end":{"line":17,"column":null}}]},"1":{"loc":{"start":{"line":9,"column":6},"end":{"line":9,"column":59}},"type":"binary-expr","locations":[{"start":{"line":9,"column":6},"end":{"line":9,"column":33}},{"start":{"line":9,"column":37},"end":{"line":9,"column":59}}]},"2":{"loc":{"start":{"line":25,"column":16},"end":{"line":25,"column":63}},"type":"cond-expr","locations":[{"start":{"line":25,"column":27},"end":{"line":25,"column":55}},{"start":{"line":25,"column":58},"end":{"line":25,"column":63}}]},"3":{"loc":{"start":{"line":35,"column":16},"end":{"line":35,"column":62}},"type":"cond-expr","locations":[{"start":{"line":35,"column":27},"end":{"line":35,"column":54}},{"start":{"line":35,"column":57},"end":{"line":35,"column":62}}]},"4":{"loc":{"start":{"line":41,"column":2},"end":{"line":43,"column":null}},"type":"if","locations":[{"start":{"line":41,"column":2},"end":{"line":43,"column":null}}]},"5":{"loc":{"start":{"line":53,"column":47},"end":{"line":53,"column":81}},"type":"cond-expr","locations":[{"start":{"line":53,"column":65},"end":{"line":53,"column":76}},{"start":{"line":53,"column":79},"end":{"line":53,"column":81}}]}},"s":{"0":13,"1":13,"2":5,"3":2,"4":2,"5":3,"6":3,"7":13,"8":2,"9":6,"10":3,"11":9,"12":9,"13":3,"14":6,"15":5,"16":15},"f":{"0":5,"1":2,"2":6,"3":3,"4":9,"5":9,"6":5,"7":15},"b":{"0":[2,3],"1":[5,5],"2":[3,3],"3":[6,3],"4":[3],"5":[4,11]}}
,"/Users/donnie/src/github.com/floodfx/liveviewjs/packages/core/src/server/templates/helpers/submit.ts": {"path":"/Users/donnie/src/github.com/floodfx/liveviewjs/packages/core/src/server/templates/helpers/submit.ts","statementMap":{"0":{"start":{"line":1,"column":0},"end":{"line":1,"column":59}},"1":{"start":{"line":9,"column":22},"end":{"line":22,"column":1}},"2":{"start":{"line":10,"column":16},"end":{"line":19,"column":8}},"3":{"start":{"line":11,"column":4},"end":{"line":17,"column":null}},"4":{"start":{"line":12,"column":6},"end":{"line":12,"column":44}},"5":{"start":{"line":13,"column":11},"end":{"line":17,"column":null}},"6":{"start":{"line":14,"column":6},"end":{"line":14,"column":62}},"7":{"start":{"line":16,"column":6},"end":{"line":16,"column":52}},"8":{"start":{"line":18,"column":4},"end":{"line":18,"column":15}},"9":{"start":{"line":21,"column":2},"end":{"line":21,"column":69}},"10":{"start":{"line":9,"column":13},"end":{"line":9,"column":22}}},"fnMap":{"0":{"name":"(anonymous_0)","decl":{"start":{"line":9,"column":22},"end":{"line":9,"column":23}},"loc":{"start":{"line":9,"column":65},"end":{"line":22,"column":1}}},"1":{"name":"(anonymous_1)","decl":{"start":{"line":10,"column":53},"end":{"line":10,"column":54}},"loc":{"start":{"line":10,"column":75},"end":{"line":19,"column":3}}}},"branchMap":{"0":{"loc":{"start":{"line":10,"column":31},"end":{"line":10,"column":44}},"type":"binary-expr","locations":[{"start":{"line":10,"column":31},"end":{"line":10,"column":38}},{"start":{"line":10,"column":42},"end":{"line":10,"column":44}}]},"1":{"loc":{"start":{"line":11,"column":4},"end":{"line":17,"column":null}},"type":"if","locations":[{"start":{"line":11,"column":4},"end":{"line":17,"column":null}},{"start":{"line":13,"column":11},"end":{"line":17,"column":null}}]},"2":{"loc":{"start":{"line":12,"column":13},"end":{"line":12,"column":43}},"type":"cond-expr","locations":[{"start":{"line":12,"column":21},"end":{"line":12,"column":38}},{"start":{"line":12,"column":41},"end":{"line":12,"column":43}}]},"3":{"loc":{"start":{"line":13,"column":11},"end":{"line":17,"column":null}},"type":"if","locations":[{"start":{"line":13,"column":11},"end":{"line":17,"column":null}},{"start":{"line":15,"column":11},"end":{"line":17,"column":null}}]}},"s":{"0":14,"1":14,"2":5,"3":7,"4":1,"5":6,"6":4,"7":2,"8":7,"9":5,"10":14},"f":{"0":5,"1":7},"b":{"0":[5,1],"1":[1,6],"2":[1,0],"3":[4,2]}}
,"/Users/donnie/src/github.com/floodfx/liveviewjs/packages/core/src/server/upload/binaryUploadSerDe.ts": {"path":"/Users/donnie/src/github.com/floodfx/liveviewjs/packages/core/src/server/upload/binaryUploadSerDe.ts","statementMap":{"0":{"start":{"line":14,"column":24},"end":{"line":14,"column":25}},"1":{"start":{"line":15,"column":18},"end":{"line":15,"column":47}},"2":{"start":{"line":16,"column":22},"end":{"line":16,"column":51}},"3":{"start":{"line":22,"column":24},"end":{"line":22,"column":53}},"4":{"start":{"line":23,"column":27},"end":{"line":23,"column":56}},"5":{"start":{"line":24,"column":22},"end":{"line":24,"column":51}},"6":{"start":{"line":25,"column":22},"end":{"line":25,"column":51}},"7":{"start":{"line":30,"column":25},"end":{"line":30,"column":89}},"8":{"start":{"line":32,"column":19},"end":{"line":32,"column":84}},"9":{"start":{"line":33,"column":16},"end":{"line":33,"column":17}},"10":{"start":{"line":34,"column":14},"end":{"line":34,"column":25}},"11":{"start":{"line":35,"column":20},"end":{"line":35,"column":51}},"12":{"start":{"line":36,"column":4},"end":{"line":36,"column":25}},"13":{"start":{"line":37,"column":4},"end":{"line":37,"column":26}},"14":{"start":{"line":38,"column":23},"end":{"line":38,"column":58}},"15":{"start":{"line":39,"column":4},"end":{"line":39,"column":28}},"16":{"start":{"line":40,"column":4},"end":{"line":40,"column":21}},"17":{"start":{"line":41,"column":18},"end":{"line":41,"column":53}},"18":{"start":{"line":42,"column":4},"end":{"line":42,"column":23}},"19":{"start":{"line":43,"column":4},"end":{"line":43,"column":21}},"20":{"start":{"line":44,"column":18},"end":{"line":44,"column":53}},"21":{"start":{"line":48,"column":27},"end":{"line":48,"column":53}},"22":{"start":{"line":51,"column":17},"end":{"line":51,"column":46}},"23":{"start":{"line":52,"column":4},"end":{"line":58,"column":6}},"24":{"start":{"line":61,"column":56},"end":{"line":61,"column":61}},"25":{"start":{"line":62,"column":24},"end":{"line":62,"column":50}},"26":{"start":{"line":63,"column":27},"end":{"line":63,"column":56}},"27":{"start":{"line":64,"column":22},"end":{"line":64,"column":46}},"28":{"start":{"line":65,"column":22},"end":{"line":65,"column":46}},"29":{"start":{"line":66,"column":23},"end":{"line":66,"column":34}},"30":{"start":{"line":67,"column":25},"end":{"line":67,"column":77}},"31":{"start":{"line":68,"column":18},"end":{"line":68,"column":85}},"32":{"start":{"line":69,"column":19},"end":{"line":69,"column":73}},"33":{"start":{"line":70,"column":19},"end":{"line":70,"column":97}},"34":{"start":{"line":71,"column":4},"end":{"line":71,"column":18}},"35":{"start":{"line":11,"column":0},"end":{"line":11,"column":13}}},"fnMap":{"0":{"name":"(anonymous_0)","decl":{"start":{"line":12,"column":2},"end":{"line":12,"column":7}},"loc":{"start":{"line":12,"column":32},"end":{"line":59,"column":3}}},"1":{"name":"(anonymous_1)","decl":{"start":{"line":60,"column":2},"end":{"line":60,"column":7}},"loc":{"start":{"line":60,"column":42},"end":{"line":72,"column":3}}}},"branchMap":{},"s":{"0":6,"1":6,"2":6,"3":6,"4":6,"5":6,"6":6,"7":6,"8":6,"9":6,"10":6,"11":6,"12":6,"13":6,"14":6,"15":6,"16":6,"17":6,"18":6,"19":6,"20":6,"21":6,"22":6,"23":6,"24":3,"25":3,"26":3,"27":3,"28":3,"29":3,"30":3,"31":3,"32":3,"33":3,"34":3,"35":9},"f":{"0":6,"1":3},"b":{}}
,"/Users/donnie/src/github.com/floodfx/liveviewjs/packages/core/src/server/upload/index.ts": {"path":"/Users/donnie/src/github.com/floodfx/liveviewjs/packages/core/src/server/upload/index.ts","statementMap":{"0":{"start":{"line":1,"column":0},"end":{"line":1,"column":31}},"1":{"start":{"line":2,"column":0},"end":{"line":2,"column":30}}},"fnMap":{},"branchMap":{},"s":{"0":13,"1":13},"f":{},"b":{}}
,"/Users/donnie/src/github.com/floodfx/liveviewjs/packages/core/src/server/upload/uploadConfig.ts": {"path":"/Users/donnie/src/github.com/floodfx/liveviewjs/packages/core/src/server/upload/uploadConfig.ts","statementMap":{"0":{"start":{"line":1,"column":0},"end":{"line":1,"column":32}},"1":{"start":{"line":71,"column":4},"end":{"line":71,"column":21}},"2":{"start":{"line":72,"column":4},"end":{"line":72,"column":40}},"3":{"start":{"line":73,"column":4},"end":{"line":73,"column":47}},"4":{"start":{"line":74,"column":4},"end":{"line":74,"column":64}},"5":{"start":{"line":75,"column":4},"end":{"line":75,"column":51}},"6":{"start":{"line":76,"column":4},"end":{"line":76,"column":22}},"7":{"start":{"line":77,"column":4},"end":{"line":77,"column":33}},"8":{"start":{"line":78,"column":4},"end":{"line":78,"column":21}},"9":{"start":{"line":86,"column":4},"end":{"line":86,"column":32}},"10":{"start":{"line":87,"column":4},"end":{"line":87,"column":20}},"11":{"start":{"line":95,"column":23},"end":{"line":95,"column":75}},"12":{"start":{"line":95,"column":57},"end":{"line":95,"column":74}},"13":{"start":{"line":96,"column":4},"end":{"line":98,"column":null}},"14":{"start":{"line":97,"column":6},"end":{"line":97,"column":41}},"15":{"start":{"line":99,"column":4},"end":{"line":99,"column":20}},"16":{"start":{"line":107,"column":20},"end":{"line":107,"column":37}},"17":{"start":{"line":108,"column":4},"end":{"line":108,"column":22}},"18":{"start":{"line":109,"column":4},"end":{"line":109,"column":20}},"19":{"start":{"line":110,"column":4},"end":{"line":110,"column":19}},"20":{"start":{"line":114,"column":4},"end":{"line":114,"column":21}},"21":{"start":{"line":115,"column":4},"end":{"line":117,"column":null}},"22":{"start":{"line":116,"column":6},"end":{"line":116,"column":41}},"23":{"start":{"line":119,"column":4},"end":{"line":123,"column":7}},"24":{"start":{"line":120,"column":6},"end":{"line":122,"column":null}},"25":{"start":{"line":121,"column":8},"end":{"line":121,"column":42}},"26":{"start":{"line":69,"column":0},"end":{"line":69,"column":13}}},"fnMap":{"0":{"name":"(anonymous_0)","decl":{"start":{"line":70,"column":2},"end":{"line":70,"column":14}},"loc":{"start":{"line":70,"column":57},"end":{"line":79,"column":3}}},"1":{"name":"(anonymous_1)","decl":{"start":{"line":85,"column":2},"end":{"line":85,"column":12}},"loc":{"start":{"line":85,"column":35},"end":{"line":88,"column":3}}},"2":{"name":"(anonymous_2)","decl":{"start":{"line":94,"column":2},"end":{"line":94,"column":13}},"loc":{"start":{"line":94,"column":25},"end":{"line":100,"column":3}}},"3":{"name":"(anonymous_3)","decl":{"start":{"line":95,"column":46},"end":{"line":95,"column":47}},"loc":{"start":{"line":95,"column":57},"end":{"line":95,"column":74}}},"4":{"name":"(anonymous_4)","decl":{"start":{"line":106,"column":2},"end":{"line":106,"column":16}},"loc":{"start":{"line":106,"column":16},"end":{"line":111,"column":3}}},"5":{"name":"(anonymous_5)","decl":{"start":{"line":113,"column":10},"end":{"line":113,"column":18}},"loc":{"start":{"line":113,"column":18},"end":{"line":124,"column":3}}},"6":{"name":"(anonymous_6)","decl":{"start":{"line":119,"column":25},"end":{"line":119,"column":26}},"loc":{"start":{"line":119,"column":35},"end":{"line":123,"column":5}}}},"branchMap":{"0":{"loc":{"start":{"line":72,"column":18},"end":{"line":72,"column":39}},"type":"binary-expr","locations":[{"start":{"line":72,"column":18},"end":{"line":72,"column":33}},{"start":{"line":72,"column":37},"end":{"line":72,"column":39}}]},"1":{"loc":{"start":{"line":73,"column":22},"end":{"line":73,"column":46}},"type":"binary-expr","locations":[{"start":{"line":73,"column":22},"end":{"line":73,"column":41}},{"start":{"line":73,"column":45},"end":{"line":73,"column":46}}]},"2":{"loc":{"start":{"line":74,"column":23},"end":{"line":74,"column":63}},"type":"binary-expr","locations":[{"start":{"line":74,"column":23},"end":{"line":74,"column":43}},{"start":{"line":74,"column":47},"end":{"line":74,"column":63}}]},"3":{"loc":{"start":{"line":75,"column":22},"end":{"line":75,"column":50}},"type":"binary-expr","locations":[{"start":{"line":75,"column":22},"end":{"line":75,"column":41}},{"start":{"line":75,"column":45},"end":{"line":75,"column":50}}]},"4":{"loc":{"start":{"line":96,"column":4},"end":{"line":98,"column":null}},"type":"if","locations":[{"start":{"line":96,"column":4},"end":{"line":98,"column":null}}]},"5":{"loc":{"start":{"line":115,"column":4},"end":{"line":117,"column":null}},"type":"if","locations":[{"start":{"line":115,"column":4},"end":{"line":117,"column":null}}]},"6":{"loc":{"start":{"line":120,"column":6},"end":{"line":122,"column":null}},"type":"if","locations":[{"start":{"line":120,"column":6},"end":{"line":122,"column":null}}]}},"s":{"0":13,"1":12,"2":12,"3":12,"4":12,"5":12,"6":12,"7":12,"8":12,"9":7,"10":7,"11":1,"12":1,"13":1,"14":1,"15":1,"16":1,"17":1,"18":1,"19":1,"20":9,"21":9,"22":1,"23":9,"24":8,"25":3,"26":13},"f":{"0":12,"1":7,"2":1,"3":1,"4":1,"5":9,"6":8},"b":{"0":[12,6],"1":[12,6],"2":[12,9],"3":[12,11],"4":[1],"5":[1],"6":[3]}}
,"/Users/donnie/src/github.com/floodfx/liveviewjs/packages/core/src/server/upload/uploadEntry.ts": {"path":"/Users/donnie/src/github.com/floodfx/liveviewjs/packages/core/src/server/upload/uploadEntry.ts","statementMap":{"0":{"start":{"line":1,"column":0},"end":{"line":1,"column":32}},"1":{"start":{"line":3,"column":0},"end":{"line":3,"column":31}},"2":{"start":{"line":70,"column":4},"end":{"line":70,"column":27}},"3":{"start":{"line":71,"column":4},"end":{"line":71,"column":53}},"4":{"start":{"line":72,"column":4},"end":{"line":72,"column":35}},"5":{"start":{"line":73,"column":4},"end":{"line":73,"column":35}},"6":{"start":{"line":74,"column":4},"end":{"line":74,"column":35}},"7":{"start":{"line":75,"column":4},"end":{"line":75,"column":22}},"8":{"start":{"line":76,"column":4},"end":{"line":76,"column":29}},"9":{"start":{"line":77,"column":4},"end":{"line":77,"column":22}},"10":{"start":{"line":78,"column":4},"end":{"line":78,"column":26}},"11":{"start":{"line":79,"column":4},"end":{"line":79,"column":33}},"12":{"start":{"line":80,"column":4},"end":{"line":80,"column":25}},"13":{"start":{"line":81,"column":4},"end":{"line":81,"column":21}},"14":{"start":{"line":82,"column":4},"end":{"line":82,"column":22}},"15":{"start":{"line":83,"column":4},"end":{"line":83,"column":26}},"16":{"start":{"line":84,"column":4},"end":{"line":84,"column":20}},"17":{"start":{"line":88,"column":4},"end":{"line":88,"column":29}},"18":{"start":{"line":89,"column":4},"end":{"line":89,"column":36}},"19":{"start":{"line":90,"column":4},"end":{"line":90,"column":33}},"20":{"start":{"line":94,"column":4},"end":{"line":94,"column":21}},"21":{"start":{"line":97,"column":4},"end":{"line":99,"column":null}},"22":{"start":{"line":98,"column":6},"end":{"line":98,"column":36}},"23":{"start":{"line":102,"column":4},"end":{"line":126,"column":null}},"24":{"start":{"line":105,"column":20},"end":{"line":105,"column":25}},"25":{"start":{"line":106,"column":6},"end":{"line":122,"column":null}},"26":{"start":{"line":106,"column":19},"end":{"line":106,"column":20}},"27":{"start":{"line":107,"column":27},"end":{"line":107,"column":49}},"28":{"start":{"line":108,"column":8},"end":{"line":121,"column":null}},"29":{"start":{"line":110,"column":28},"end":{"line":110,"column":68}},"30":{"start":{"line":111,"column":10},"end":{"line":114,"column":null}},"31":{"start":{"line":112,"column":12},"end":{"line":112,"column":27}},"32":{"start":{"line":113,"column":12},"end":{"line":113,"column":18}},"33":{"start":{"line":117,"column":10},"end":{"line":120,"column":null}},"34":{"start":{"line":118,"column":12},"end":{"line":118,"column":27}},"35":{"start":{"line":119,"column":12},"end":{"line":119,"column":18}},"36":{"start":{"line":123,"column":6},"end":{"line":125,"column":null}},"37":{"start":{"line":124,"column":8},"end":{"line":124,"column":40}},"38":{"start":{"line":127,"column":4},"end":{"line":127,"column":42}},"39":{"start":{"line":131,"column":4},"end":{"line":131,"column":34}},"40":{"start":{"line":135,"column":4},"end":{"line":135,"column":26}},"41":{"start":{"line":64,"column":0},"end":{"line":64,"column":13}}},"fnMap":{"0":{"name":"(anonymous_0)","decl":{"start":{"line":69,"column":2},"end":{"line":69,"column":14}},"loc":{"start":{"line":69,"column":58},"end":{"line":85,"column":3}}},"1":{"name":"(anonymous_1)","decl":{"start":{"line":87,"column":2},"end":{"line":87,"column":16}},"loc":{"start":{"line":87,"column":33},"end":{"line":91,"column":3}}},"2":{"name":"(anonymous_2)","decl":{"start":{"line":93,"column":2},"end":{"line":93,"column":10}},"loc":{"start":{"line":93,"column":10},"end":{"line":128,"column":3}}},"3":{"name":"(anonymous_3)","decl":{"start":{"line":130,"column":2},"end":{"line":130,"column":13}},"loc":{"start":{"line":130,"column":34},"end":{"line":132,"column":3}}},"4":{"name":"(anonymous_4)","decl":{"start":{"line":134,"column":2},"end":{"line":134,"column":13}},"loc":{"start":{"line":134,"column":13},"end":{"line":136,"column":3}}}},"branchMap":{"0":{"loc":{"start":{"line":97,"column":4},"end":{"line":99,"column":null}},"type":"if","locations":[{"start":{"line":97,"column":4},"end":{"line":99,"column":null}}]},"1":{"loc":{"start":{"line":102,"column":4},"end":{"line":126,"column":null}},"type":"if","locations":[{"start":{"line":102,"column":4},"end":{"line":126,"column":null}}]},"2":{"loc":{"start":{"line":108,"column":8},"end":{"line":121,"column":null}},"type":"if","locations":[{"start":{"line":108,"column":8},"end":{"line":121,"column":null}},{"start":{"line":115,"column":15},"end":{"line":121,"column":null}}]},"3":{"loc":{"start":{"line":111,"column":10},"end":{"line":114,"column":null}},"type":"if","locations":[{"start":{"line":111,"column":10},"end":{"line":114,"column":null}}]},"4":{"loc":{"start":{"line":117,"column":10},"end":{"line":120,"column":null}},"type":"if","locations":[{"start":{"line":117,"column":10},"end":{"line":120,"column":null}}]},"5":{"loc":{"start":{"line":123,"column":6},"end":{"line":125,"column":null}},"type":"if","locations":[{"start":{"line":123,"column":6},"end":{"line":125,"column":null}}]}},"s":{"0":13,"1":13,"2":12,"3":12,"4":12,"5":12,"6":12,"7":12,"8":12,"9":12,"10":12,"11":12,"12":12,"13":12,"14":12,"15":12,"16":12,"17":4,"18":4,"19":4,"20":12,"21":12,"22":1,"23":12,"24":8,"25":8,"26":8,"27":8,"28":8,"29":7,"30":7,"31":1,"32":1,"33":1,"34":1,"35":1,"36":8,"37":6,"38":12,"39":1,"40":2,"41":13},"f":{"0":12,"1":4,"2":12,"3":1,"4":2},"b":{"0":[1],"1":[8],"2":[7,1],"3":[1],"4":[1],"5":[6]}}
}
