<?xml version="1.0" encoding="UTF-8"?>
<coverage generated="1647058452935" clover="3.2.0">
  <project timestamp="1647058452935" name="All files">
    <metrics statements="664" coveredstatements="664" conditionals="320" coveredconditionals="311" methods="150" coveredmethods="140" elements="1134" coveredelements="1115" complexity="0" loc="664" ncloc="664" packages="9" files="26" classes="26"/>
    <package name="examples.autocomplete">
      <metrics statements="5" coveredstatements="5" conditionals="1" coveredconditionals="1" methods="2" coveredmethods="2"/>
      <file name="data.ts" path="/Users/donnie/src/github.com/floodfx/liveviewjs/src/examples/autocomplete/data.ts">
        <metrics statements="5" coveredstatements="5" conditionals="1" coveredconditionals="1" methods="2" coveredmethods="2"/>
        <line num="1" count="1" type="stmt"/>
        <line num="2" count="2" type="cond" truecount="1" falsecount="0"/>
        <line num="3" count="1" type="stmt"/>
        <line num="5" count="1001" type="stmt"/>
        <line num="8" count="1" type="stmt"/>
      </file>
    </package>
    <package name="examples.live-search">
      <metrics statements="7" coveredstatements="7" conditionals="0" coveredconditionals="0" methods="5" coveredmethods="5"/>
      <file name="data.ts" path="/Users/donnie/src/github.com/floodfx/liveviewjs/src/examples/live-search/data.ts">
        <metrics statements="7" coveredstatements="7" conditionals="0" coveredconditionals="0" methods="5" coveredmethods="5"/>
        <line num="11" count="1" type="stmt"/>
        <line num="12" count="7" type="stmt"/>
        <line num="15" count="1" type="stmt"/>
        <line num="16" count="7" type="stmt"/>
        <line num="19" count="1" type="stmt"/>
        <line num="20" count="1" type="stmt"/>
        <line num="23" count="1" type="stmt"/>
      </file>
    </package>
    <package name="examples.volunteers">
      <metrics statements="27" coveredstatements="27" conditionals="2" coveredconditionals="2" methods="5" coveredmethods="5"/>
      <file name="data.ts" path="/Users/donnie/src/github.com/floodfx/liveviewjs/src/examples/volunteers/data.ts">
        <metrics statements="27" coveredstatements="27" conditionals="2" coveredconditionals="2" methods="5" coveredmethods="5"/>
        <line num="1" count="1" type="stmt"/>
        <line num="2" count="1" type="stmt"/>
        <line num="3" count="1" type="stmt"/>
        <line num="5" count="1" type="stmt"/>
        <line num="7" count="1" type="stmt"/>
        <line num="11" count="1" type="stmt"/>
        <line num="22" count="1" type="stmt"/>
        <line num="24" count="1" type="stmt"/>
        <line num="25" count="10" type="stmt"/>
        <line num="28" count="1" type="stmt"/>
        <line num="29" count="5" type="stmt"/>
        <line num="32" count="1" type="stmt"/>
        <line num="34" count="1" type="stmt"/>
        <line num="35" count="4" type="stmt"/>
        <line num="36" count="4" type="cond" truecount="1" falsecount="0"/>
        <line num="37" count="3" type="stmt"/>
        <line num="38" count="3" type="stmt"/>
        <line num="39" count="3" type="stmt"/>
        <line num="41" count="4" type="stmt"/>
        <line num="44" count="1" type="stmt"/>
        <line num="48" count="2" type="stmt"/>
        <line num="49" count="2" type="cond" truecount="1" falsecount="0"/>
        <line num="50" count="1" type="stmt"/>
        <line num="51" count="1" type="stmt"/>
        <line num="52" count="1" type="stmt"/>
        <line num="54" count="2" type="stmt"/>
        <line num="58" count="4" type="stmt"/>
      </file>
    </package>
    <package name="server">
      <metrics statements="125" coveredstatements="125" conditionals="68" coveredconditionals="68" methods="19" coveredmethods="17"/>
      <file name="index.ts" path="/Users/donnie/src/github.com/floodfx/liveviewjs/src/server/index.ts">
        <metrics statements="7" coveredstatements="7" conditionals="0" coveredconditionals="0" methods="0" coveredmethods="0"/>
        <line num="1" count="9" type="stmt"/>
        <line num="2" count="9" type="stmt"/>
        <line num="3" count="9" type="stmt"/>
        <line num="4" count="9" type="stmt"/>
        <line num="5" count="9" type="stmt"/>
        <line num="6" count="9" type="stmt"/>
        <line num="7" count="9" type="stmt"/>
      </file>
      <file name="live_view_route.ts" path="/Users/donnie/src/github.com/floodfx/liveviewjs/src/server/live_view_route.ts">
        <metrics statements="26" coveredstatements="26" conditionals="20" coveredconditionals="20" methods="4" coveredmethods="3"/>
        <line num="2" count="9" type="stmt"/>
        <line num="3" count="9" type="stmt"/>
        <line num="5" count="9" type="stmt"/>
        <line num="12" count="9" type="stmt"/>
        <line num="16" count="9" type="stmt"/>
        <line num="18" count="9" type="stmt"/>
        <line num="26" count="2" type="stmt"/>
        <line num="30" count="2" type="stmt"/>
        <line num="33" count="2" type="stmt"/>
        <line num="36" count="2" type="stmt"/>
        <line num="39" count="2" type="stmt"/>
        <line num="49" count="2" type="stmt"/>
        <line num="52" count="2" type="stmt"/>
        <line num="53" count="2" type="stmt"/>
        <line num="54" count="2" type="stmt"/>
        <line num="61" count="2" type="cond" truecount="4" falsecount="0"/>
        <line num="62" count="2" type="stmt"/>
        <line num="65" count="2" type="stmt"/>
        <line num="71" count="2" type="stmt"/>
        <line num="74" count="2" type="stmt"/>
        <line num="75" count="2" type="stmt"/>
        <line num="78" count="2" type="stmt"/>
        <line num="79" count="2" type="stmt"/>
        <line num="80" count="2" type="stmt"/>
        <line num="82" count="2" type="stmt"/>
        <line num="87" count="2" type="stmt"/>
      </file>
      <file name="live_view_server.ts" path="/Users/donnie/src/github.com/floodfx/liveviewjs/src/server/live_view_server.ts">
        <metrics statements="92" coveredstatements="92" conditionals="48" coveredconditionals="48" methods="15" coveredmethods="14"/>
        <line num="1" count="9" type="stmt"/>
        <line num="2" count="9" type="stmt"/>
        <line num="3" count="9" type="stmt"/>
        <line num="4" count="9" type="stmt"/>
        <line num="5" count="9" type="stmt"/>
        <line num="6" count="9" type="stmt"/>
        <line num="7" count="9" type="stmt"/>
        <line num="8" count="9" type="stmt"/>
        <line num="9" count="9" type="stmt"/>
        <line num="16" count="9" type="stmt"/>
        <line num="17" count="9" type="stmt"/>
        <line num="43" count="9" type="stmt"/>
        <line num="45" count="9" type="stmt"/>
        <line num="46" count="20" type="stmt"/>
        <line num="47" count="20" type="stmt"/>
        <line num="49" count="20" type="stmt"/>
        <line num="52" count="20" type="stmt"/>
        <line num="53" count="20" type="stmt"/>
        <line num="54" count="20" type="stmt"/>
        <line num="55" count="20" type="stmt"/>
        <line num="57" count="20" type="stmt"/>
        <line num="64" count="20" type="cond" truecount="4" falsecount="0"/>
        <line num="65" count="20" type="cond" truecount="4" falsecount="0"/>
        <line num="66" count="20" type="cond" truecount="4" falsecount="0"/>
        <line num="67" count="20" type="cond" truecount="2" falsecount="0"/>
        <line num="68" count="20" type="cond" truecount="4" falsecount="0"/>
        <line num="69" count="20" type="cond" truecount="4" falsecount="0"/>
        <line num="70" count="20" type="stmt"/>
        <line num="71" count="20" type="stmt"/>
        <line num="72" count="20" type="stmt"/>
        <line num="75" count="20" type="stmt"/>
        <line num="76" count="20" type="stmt"/>
        <line num="80" count="4" type="stmt"/>
        <line num="84" count="12" type="stmt"/>
        <line num="88" count="1" type="stmt"/>
        <line num="92" count="8" type="stmt"/>
        <line num="96" count="24" type="cond" truecount="2" falsecount="0"/>
        <line num="97" count="5" type="stmt"/>
        <line num="98" count="5" type="stmt"/>
        <line num="100" count="19" type="stmt"/>
        <line num="104" count="19" type="stmt"/>
        <line num="107" count="19" type="stmt"/>
        <line num="108" count="2" type="stmt"/>
        <line num="110" count="2" type="stmt"/>
        <line num="111" count="1" type="stmt"/>
        <line num="113" count="2" type="stmt"/>
        <line num="114" count="2" type="stmt"/>
        <line num="118" count="19" type="stmt"/>
        <line num="119" count="13" type="stmt"/>
        <line num="124" count="24" type="cond" truecount="2" falsecount="0"/>
        <line num="125" count="5" type="stmt"/>
        <line num="126" count="5" type="stmt"/>
        <line num="128" count="19" type="stmt"/>
        <line num="130" count="19" type="stmt"/>
        <line num="131" count="19" type="stmt"/>
        <line num="135" count="20" type="stmt"/>
        <line num="138" count="20" type="stmt"/>
        <line num="140" count="20" type="stmt"/>
        <line num="142" count="20" type="stmt"/>
        <line num="143" count="20" type="stmt"/>
        <line num="146" count="20" type="stmt"/>
        <line num="158" count="20" type="stmt"/>
        <line num="159" count="2" type="stmt"/>
        <line num="163" count="20" type="stmt"/>
        <line num="166" count="20" type="stmt"/>
        <line num="167" count="9" type="stmt"/>
        <line num="170" count="9" type="stmt"/>
        <line num="173" count="9" type="stmt"/>
        <line num="174" count="9" type="cond" truecount="1" falsecount="0"/>
        <line num="177" count="3" type="stmt"/>
        <line num="178" count="3" type="stmt"/>
        <line num="182" count="6" type="cond" truecount="1" falsecount="0"/>
        <line num="183" count="6" type="stmt"/>
        <line num="186" count="6" type="stmt"/>
        <line num="192" count="6" type="stmt"/>
        <line num="195" count="6" type="stmt"/>
        <line num="198" count="6" type="stmt"/>
        <line num="201" count="6" type="stmt"/>
        <line num="204" count="6" type="stmt"/>
        <line num="205" count="6" type="stmt"/>
        <line num="212" count="2" type="cond" truecount="4" falsecount="0"/>
        <line num="213" count="2" type="stmt"/>
        <line num="216" count="2" type="stmt"/>
        <line num="222" count="2" type="stmt"/>
        <line num="225" count="2" type="stmt"/>
        <line num="226" count="2" type="stmt"/>
        <line num="229" count="2" type="stmt"/>
        <line num="230" count="2" type="stmt"/>
        <line num="231" count="2" type="stmt"/>
        <line num="233" count="2" type="stmt"/>
        <line num="238" count="6" type="stmt"/>
        <line num="250" count="20" type="stmt"/>
      </file>
    </package>
    <package name="server.component">
      <metrics statements="46" coveredstatements="46" conditionals="9" coveredconditionals="7" methods="19" coveredmethods="17"/>
      <file name="base_live_view.ts" path="/Users/donnie/src/github.com/floodfx/liveviewjs/src/server/component/base_live_view.ts">
        <metrics statements="1" coveredstatements="1" conditionals="0" coveredconditionals="0" methods="2" coveredmethods="2"/>
        <line num="6" count="9" type="stmt"/>
      </file>
      <file name="changeset.ts" path="/Users/donnie/src/github.com/floodfx/liveviewjs/src/server/component/changeset.ts">
        <metrics statements="10" coveredstatements="10" conditionals="3" coveredconditionals="3" methods="3" coveredmethods="3"/>
        <line num="1" count="11" type="stmt"/>
        <line num="11" count="11" type="stmt"/>
        <line num="12" count="2" type="stmt"/>
        <line num="13" count="11" type="stmt"/>
        <line num="14" count="11" type="stmt"/>
        <line num="16" count="11" type="cond" truecount="1" falsecount="0"/>
        <line num="17" count="6" type="stmt"/>
        <line num="19" count="9" type="stmt"/>
        <line num="20" count="9" type="stmt"/>
        <line num="23" count="11" type="stmt"/>
      </file>
      <file name="index.ts" path="/Users/donnie/src/github.com/floodfx/liveviewjs/src/server/component/index.ts">
        <metrics statements="5" coveredstatements="5" conditionals="0" coveredconditionals="0" methods="0" coveredmethods="0"/>
        <line num="1" count="9" type="stmt"/>
        <line num="2" count="9" type="stmt"/>
        <line num="3" count="9" type="stmt"/>
        <line num="4" count="9" type="stmt"/>
        <line num="5" count="9" type="stmt"/>
      </file>
      <file name="live_component.ts" path="/Users/donnie/src/github.com/floodfx/liveviewjs/src/server/component/live_component.ts">
        <metrics statements="15" coveredstatements="15" conditionals="2" coveredconditionals="1" methods="12" coveredmethods="10"/>
        <line num="67" count="47" type="stmt"/>
        <line num="68" count="47" type="stmt"/>
        <line num="72" count="79" type="cond" truecount="1" falsecount="1"/>
        <line num="76" count="10" type="stmt"/>
        <line num="93" count="9" type="stmt"/>
        <line num="94" count="9" type="stmt"/>
        <line num="97" count="9" type="stmt"/>
        <line num="101" count="9" type="stmt"/>
        <line num="102" count="38" type="stmt"/>
        <line num="113" count="38" type="stmt"/>
        <line num="114" count="38" type="stmt"/>
        <line num="115" count="38" type="stmt"/>
        <line num="119" count="6" type="stmt"/>
        <line num="123" count="6" type="stmt"/>
        <line num="205" count="9" type="stmt"/>
      </file>
      <file name="live_view.ts" path="/Users/donnie/src/github.com/floodfx/liveviewjs/src/server/component/live_view.ts">
        <metrics statements="15" coveredstatements="15" conditionals="4" coveredconditionals="3" methods="2" coveredmethods="2"/>
        <line num="4" count="9" type="stmt"/>
        <line num="131" count="9" type="stmt"/>
        <line num="138" count="1" type="stmt"/>
        <line num="141" count="1" type="stmt"/>
        <line num="142" count="1" type="stmt"/>
        <line num="150" count="1" type="cond" truecount="3" falsecount="1"/>
        <line num="151" count="1" type="stmt"/>
        <line num="154" count="1" type="stmt"/>
        <line num="157" count="1" type="stmt"/>
        <line num="160" count="1" type="stmt"/>
        <line num="161" count="1" type="stmt"/>
        <line num="164" count="1" type="stmt"/>
        <line num="165" count="1" type="stmt"/>
        <line num="166" count="1" type="stmt"/>
        <line num="168" count="1" type="stmt"/>
      </file>
    </package>
    <package name="server.pubsub">
      <metrics statements="13" coveredstatements="13" conditionals="0" coveredconditionals="0" methods="4" coveredmethods="4"/>
      <file name="SingleProcessPubSub.ts" path="/Users/donnie/src/github.com/floodfx/liveviewjs/src/server/pubsub/SingleProcessPubSub.ts">
        <metrics statements="13" coveredstatements="13" conditionals="0" coveredconditionals="0" methods="4" coveredmethods="4"/>
        <line num="1" count="10" type="stmt"/>
        <line num="2" count="10" type="stmt"/>
        <line num="13" count="10" type="stmt"/>
        <line num="16" count="10" type="stmt"/>
        <line num="20" count="112" type="stmt"/>
        <line num="22" count="112" type="stmt"/>
        <line num="23" count="112" type="stmt"/>
        <line num="24" count="112" type="stmt"/>
        <line num="28" count="14" type="stmt"/>
        <line num="33" count="105" type="stmt"/>
        <line num="34" count="105" type="stmt"/>
        <line num="36" count="105" type="stmt"/>
        <line num="40" count="10" type="stmt"/>
      </file>
    </package>
    <package name="server.socket">
      <metrics statements="290" coveredstatements="290" conditionals="72" coveredconditionals="69" methods="66" coveredmethods="60"/>
      <file name="component_manager.ts" path="/Users/donnie/src/github.com/floodfx/liveviewjs/src/server/socket/component_manager.ts">
        <metrics statements="227" coveredstatements="227" conditionals="53" coveredconditionals="50" methods="44" coveredmethods="44"/>
        <line num="2" count="9" type="stmt"/>
        <line num="3" count="9" type="stmt"/>
        <line num="5" count="9" type="stmt"/>
        <line num="7" count="9" type="stmt"/>
        <line num="8" count="9" type="stmt"/>
        <line num="9" count="9" type="stmt"/>
        <line num="10" count="9" type="stmt"/>
        <line num="28" count="9" type="stmt"/>
        <line num="70" count="9" type="stmt"/>
        <line num="74" count="81" type="stmt"/>
        <line num="78" count="81" type="stmt"/>
        <line num="82" count="81" type="stmt"/>
        <line num="83" count="81" type="stmt"/>
        <line num="86" count="81" type="stmt"/>
        <line num="96" count="81" type="stmt"/>
        <line num="97" count="81" type="stmt"/>
        <line num="99" count="81" type="stmt"/>
        <line num="100" count="81" type="stmt"/>
        <line num="104" count="81" type="stmt"/>
        <line num="106" count="81" type="stmt"/>
        <line num="110" count="32" type="stmt"/>
        <line num="111" count="32" type="stmt"/>
        <line num="112" count="32" type="cond" truecount="1" falsecount="1"/>
        <line num="114" count="32" type="stmt"/>
        <line num="116" count="32" type="stmt"/>
        <line num="119" count="32" type="stmt"/>
        <line num="121" count="32" type="stmt"/>
        <line num="124" count="32" type="stmt"/>
        <line num="125" count="32" type="stmt"/>
        <line num="127" count="31" type="cond" truecount="1" falsecount="0"/>
        <line num="129" count="1" type="stmt"/>
        <line num="130" count="1" type="stmt"/>
        <line num="133" count="1" type="stmt"/>
        <line num="134" count="1" type="stmt"/>
        <line num="137" count="30" type="stmt"/>
        <line num="140" count="30" type="stmt"/>
        <line num="142" count="30" type="stmt"/>
        <line num="145" count="30" type="stmt"/>
        <line num="148" count="30" type="stmt"/>
        <line num="149" count="30" type="stmt"/>
        <line num="150" count="30" type="stmt"/>
        <line num="153" count="30" type="stmt"/>
        <line num="156" count="30" type="stmt"/>
        <line num="157" count="30" type="stmt"/>
        <line num="160" count="30" type="stmt"/>
        <line num="167" count="30" type="stmt"/>
        <line num="172" count="45" type="stmt"/>
        <line num="173" count="45" type="cond" truecount="2" falsecount="0"/>
        <line num="174" count="4" type="stmt"/>
        <line num="175" count="41" type="cond" truecount="2" falsecount="0"/>
        <line num="176" count="23" type="stmt"/>
        <line num="177" count="18" type="cond" truecount="2" falsecount="0"/>
        <line num="178" count="10" type="stmt"/>
        <line num="179" count="8" type="cond" truecount="2" falsecount="0"/>
        <line num="180" count="7" type="stmt"/>
        <line num="182" count="1" type="stmt"/>
        <line num="205" count="40" type="stmt"/>
        <line num="206" count="40" type="stmt"/>
        <line num="211" count="40" type="cond" truecount="2" falsecount="0"/>
        <line num="212" count="26" type="stmt"/>
        <line num="213" count="14" type="cond" truecount="2" falsecount="0"/>
        <line num="215" count="2" type="stmt"/>
        <line num="218" count="12" type="cond" truecount="4" falsecount="0"/>
        <line num="219" count="4" type="stmt"/>
        <line num="220" count="8" type="cond" truecount="4" falsecount="0"/>
        <line num="221" count="4" type="stmt"/>
        <line num="222" count="4" type="cond" truecount="2" falsecount="0"/>
        <line num="223" count="2" type="stmt"/>
        <line num="225" count="2" type="stmt"/>
        <line num="226" count="2" type="stmt"/>
        <line num="230" count="38" type="cond" truecount="2" falsecount="0"/>
        <line num="233" count="7" type="stmt"/>
        <line num="234" count="7" type="cond" truecount="2" falsecount="0"/>
        <line num="235" count="5" type="stmt"/>
        <line num="237" count="5" type="stmt"/>
        <line num="238" count="5" type="cond" truecount="1" falsecount="1"/>
        <line num="240" count="5" type="stmt"/>
        <line num="243" count="5" type="stmt"/>
        <line num="246" count="5" type="stmt"/>
        <line num="249" count="5" type="stmt"/>
        <line num="250" count="5" type="stmt"/>
        <line num="252" count="5" type="stmt"/>
        <line num="259" count="5" type="stmt"/>
        <line num="266" count="5" type="stmt"/>
        <line num="269" count="5" type="stmt"/>
        <line num="276" count="5" type="stmt"/>
        <line num="283" count="2" type="stmt"/>
        <line num="289" count="31" type="cond" truecount="2" falsecount="0"/>
        <line num="291" count="29" type="stmt"/>
        <line num="293" count="29" type="stmt"/>
        <line num="295" count="29" type="stmt"/>
        <line num="296" count="29" type="stmt"/>
        <line num="299" count="29" type="cond" truecount="1" falsecount="0"/>
        <line num="301" count="4" type="stmt"/>
        <line num="302" count="4" type="stmt"/>
        <line num="304" count="4" type="stmt"/>
        <line num="307" count="29" type="stmt"/>
        <line num="308" count="29" type="stmt"/>
        <line num="310" count="29" type="stmt"/>
        <line num="317" count="29" type="stmt"/>
        <line num="319" count="2" type="stmt"/>
        <line num="320" count="2" type="stmt"/>
        <line num="326" count="11" type="stmt"/>
        <line num="328" count="11" type="stmt"/>
        <line num="329" count="11" type="stmt"/>
        <line num="331" count="11" type="stmt"/>
        <line num="333" count="11" type="stmt"/>
        <line num="334" count="11" type="stmt"/>
        <line num="338" count="11" type="stmt"/>
        <line num="342" count="11" type="stmt"/>
        <line num="343" count="11" type="stmt"/>
        <line num="345" count="11" type="stmt"/>
        <line num="352" count="11" type="stmt"/>
        <line num="357" count="5" type="stmt"/>
        <line num="361" count="7" type="stmt"/>
        <line num="365" count="2" type="stmt"/>
        <line num="370" count="77" type="stmt"/>
        <line num="371" count="105" type="stmt"/>
        <line num="372" count="105" type="stmt"/>
        <line num="376" count="77" type="stmt"/>
        <line num="380" count="2" type="stmt"/>
        <line num="381" count="2" type="stmt"/>
        <line num="383" count="2" type="stmt"/>
        <line num="384" count="2" type="stmt"/>
        <line num="385" count="2" type="stmt"/>
        <line num="394" count="2" type="stmt"/>
        <line num="396" count="2" type="stmt"/>
        <line num="398" count="2" type="stmt"/>
        <line num="403" count="6" type="stmt"/>
        <line num="404" count="6" type="stmt"/>
        <line num="410" count="10" type="cond" truecount="2" falsecount="0"/>
        <line num="411" count="9" type="stmt"/>
        <line num="413" count="9" type="stmt"/>
        <line num="415" count="9" type="stmt"/>
        <line num="416" count="9" type="stmt"/>
        <line num="418" count="9" type="cond" truecount="1" falsecount="0"/>
        <line num="420" count="9" type="stmt"/>
        <line num="421" count="9" type="stmt"/>
        <line num="423" count="9" type="stmt"/>
        <line num="425" count="9" type="stmt"/>
        <line num="426" count="9" type="stmt"/>
        <line num="428" count="9" type="stmt"/>
        <line num="435" count="9" type="stmt"/>
        <line num="437" count="1" type="stmt"/>
        <line num="442" count="1" type="cond" truecount="1" falsecount="0"/>
        <line num="443" count="1" type="stmt"/>
        <line num="444" count="1" type="stmt"/>
        <line num="449" count="79" type="cond" truecount="1" falsecount="0"/>
        <line num="450" count="1" type="stmt"/>
        <line num="451" count="1" type="stmt"/>
        <line num="456" count="78" type="stmt"/>
        <line num="460" count="84" type="cond" truecount="1" falsecount="0"/>
        <line num="461" count="6" type="stmt"/>
        <line num="462" count="6" type="stmt"/>
        <line num="463" count="6" type="stmt"/>
        <line num="464" count="6" type="stmt"/>
        <line num="469" count="78" type="stmt"/>
        <line num="473" count="2" type="cond" truecount="1" falsecount="0"/>
        <line num="474" count="1" type="stmt"/>
        <line num="475" count="1" type="stmt"/>
        <line num="482" count="91" type="stmt"/>
        <line num="490" count="81" type="stmt"/>
        <line num="492" count="81" type="stmt"/>
        <line num="512" count="28" type="stmt"/>
        <line num="513" count="28" type="stmt"/>
        <line num="514" count="28" type="stmt"/>
        <line num="517" count="28" type="cond" truecount="1" falsecount="0"/>
        <line num="518" count="4" type="stmt"/>
        <line num="522" count="28" type="stmt"/>
        <line num="526" count="28" type="cond" truecount="2" falsecount="0"/>
        <line num="540" count="14" type="stmt"/>
        <line num="542" count="14" type="cond" truecount="2" falsecount="0"/>
        <line num="543" count="4" type="stmt"/>
        <line num="546" count="4" type="stmt"/>
        <line num="549" count="4" type="stmt"/>
        <line num="550" count="4" type="stmt"/>
        <line num="551" count="4" type="stmt"/>
        <line num="554" count="4" type="stmt"/>
        <line num="565" count="10" type="stmt"/>
        <line num="566" count="10" type="stmt"/>
        <line num="567" count="10" type="stmt"/>
        <line num="570" count="10" type="stmt"/>
        <line num="573" count="10" type="stmt"/>
        <line num="574" count="10" type="stmt"/>
        <line num="576" count="10" type="stmt"/>
        <line num="577" count="10" type="stmt"/>
        <line num="580" count="10" type="stmt"/>
        <line num="589" count="14" type="stmt"/>
        <line num="599" count="14" type="stmt"/>
        <line num="603" count="14" type="stmt"/>
        <line num="604" count="14" type="stmt"/>
        <line num="605" count="14" type="stmt"/>
        <line num="607" count="14" type="stmt"/>
        <line num="612" count="30" type="stmt"/>
        <line num="614" count="30" type="stmt"/>
        <line num="615" count="4" type="cond" truecount="1" falsecount="0"/>
        <line num="616" count="4" type="stmt"/>
        <line num="618" count="4" type="stmt"/>
        <line num="622" count="30" type="cond" truecount="1" falsecount="0"/>
        <line num="624" count="4" type="stmt"/>
        <line num="625" count="4" type="stmt"/>
        <line num="629" count="4" type="stmt"/>
        <line num="634" count="26" type="stmt"/>
        <line num="638" count="67" type="stmt"/>
        <line num="644" count="28" type="stmt"/>
        <line num="645" count="28" type="stmt"/>
        <line num="651" count="30" type="stmt"/>
        <line num="654" count="1" type="stmt"/>
        <line num="656" count="1" type="stmt"/>
        <line num="657" count="2" type="stmt"/>
        <line num="658" count="1" type="stmt"/>
        <line num="659" count="4" type="stmt"/>
        <line num="661" count="1" type="stmt"/>
        <line num="662" count="1" type="stmt"/>
        <line num="668" count="33" type="stmt"/>
        <line num="671" count="5" type="stmt"/>
        <line num="672" count="5" type="stmt"/>
        <line num="677" count="9" type="stmt"/>
        <line num="678" count="12" type="stmt"/>
        <line num="681" count="9" type="stmt"/>
        <line num="682" count="33" type="stmt"/>
        <line num="685" count="9" type="stmt"/>
        <line num="686" count="39" type="cond" truecount="4" falsecount="0"/>
        <line num="687" count="38" type="stmt"/>
        <line num="688" count="38" type="stmt"/>
        <line num="689" count="38" type="stmt"/>
        <line num="691" count="1" type="stmt"/>
      </file>
      <file name="live_socket.ts" path="/Users/donnie/src/github.com/floodfx/liveviewjs/src/server/socket/live_socket.ts">
        <metrics statements="23" coveredstatements="23" conditionals="2" coveredconditionals="2" methods="16" coveredmethods="10"/>
        <line num="50" count="231" type="cond" truecount="2" falsecount="0"/>
        <line num="54" count="50" type="stmt"/>
        <line num="84" count="9" type="stmt"/>
        <line num="89" count="14" type="stmt"/>
        <line num="92" count="14" type="stmt"/>
        <line num="93" count="14" type="stmt"/>
        <line num="94" count="14" type="stmt"/>
        <line num="98" count="9" type="stmt"/>
        <line num="103" count="37" type="stmt"/>
        <line num="125" count="37" type="stmt"/>
        <line num="126" count="37" type="stmt"/>
        <line num="127" count="37" type="stmt"/>
        <line num="128" count="37" type="stmt"/>
        <line num="129" count="37" type="stmt"/>
        <line num="130" count="37" type="stmt"/>
        <line num="131" count="37" type="stmt"/>
        <line num="132" count="37" type="stmt"/>
        <line num="136" count="2" type="stmt"/>
        <line num="139" count="2" type="stmt"/>
        <line num="142" count="3" type="stmt"/>
        <line num="145" count="2" type="stmt"/>
        <line num="148" count="5" type="stmt"/>
        <line num="151" count="2" type="stmt"/>
      </file>
      <file name="message_router.ts" path="/Users/donnie/src/github.com/floodfx/liveviewjs/src/server/socket/message_router.ts">
        <metrics statements="29" coveredstatements="29" conditionals="15" coveredconditionals="15" methods="3" coveredmethods="3"/>
        <line num="3" count="9" type="stmt"/>
        <line num="4" count="9" type="stmt"/>
        <line num="38" count="9" type="stmt"/>
        <line num="47" count="18" type="stmt"/>
        <line num="50" count="18" type="cond" truecount="5" falsecount="0"/>
        <line num="51" count="17" type="stmt"/>
        <line num="53" count="17" type="stmt"/>
        <line num="54" count="17" type="cond" truecount="6" falsecount="0"/>
        <line num="58" count="9" type="stmt"/>
        <line num="59" count="7" type="stmt"/>
        <line num="62" count="1" type="stmt"/>
        <line num="63" count="1" type="stmt"/>
        <line num="68" count="6" type="stmt"/>
        <line num="69" count="6" type="stmt"/>
        <line num="71" count="1" type="stmt"/>
        <line num="74" count="3" type="stmt"/>
        <line num="78" count="1" type="stmt"/>
        <line num="85" count="2" type="stmt"/>
        <line num="96" count="9" type="stmt"/>
        <line num="97" count="9" type="stmt"/>
        <line num="98" count="9" type="cond" truecount="2" falsecount="0"/>
        <line num="99" count="9" type="cond" truecount="1" falsecount="0"/>
        <line num="100" count="1" type="stmt"/>
        <line num="102" count="8" type="stmt"/>
        <line num="103" count="8" type="stmt"/>
        <line num="104" count="8" type="cond" truecount="1" falsecount="0"/>
        <line num="105" count="1" type="stmt"/>
        <line num="108" count="7" type="stmt"/>
        <line num="109" count="7" type="stmt"/>
      </file>
      <file name="types.ts" path="/Users/donnie/src/github.com/floodfx/liveviewjs/src/server/socket/types.ts">
        <metrics statements="6" coveredstatements="6" conditionals="2" coveredconditionals="2" methods="1" coveredmethods="1"/>
        <line num="3" count="10" type="cond" truecount="2" falsecount="0"/>
        <line num="4" count="10" type="stmt"/>
        <line num="5" count="10" type="stmt"/>
        <line num="6" count="10" type="stmt"/>
        <line num="7" count="10" type="stmt"/>
        <line num="8" count="10" type="stmt"/>
      </file>
      <file name="util.ts" path="/Users/donnie/src/github.com/floodfx/liveviewjs/src/server/socket/util.ts">
        <metrics statements="5" coveredstatements="5" conditionals="0" coveredconditionals="0" methods="2" coveredmethods="2"/>
        <line num="1" count="10" type="stmt"/>
        <line num="3" count="10" type="stmt"/>
        <line num="4" count="76" type="stmt"/>
        <line num="13" count="10" type="stmt"/>
        <line num="14" count="6" type="stmt"/>
      </file>
    </package>
    <package name="server.templates">
      <metrics statements="86" coveredstatements="86" conditionals="56" coveredconditionals="56" methods="14" coveredmethods="14"/>
      <file name="diff.ts" path="/Users/donnie/src/github.com/floodfx/liveviewjs/src/server/templates/diff.ts">
        <metrics statements="41" coveredstatements="41" conditionals="39" coveredconditionals="39" methods="2" coveredmethods="2"/>
        <line num="5" count="10" type="stmt"/>
        <line num="6" count="36" type="stmt"/>
        <line num="9" count="36" type="cond" truecount="1" falsecount="0"/>
        <line num="11" count="25" type="stmt"/>
        <line num="15" count="11" type="stmt"/>
        <line num="16" count="30" type="stmt"/>
        <line num="20" count="30" type="cond" truecount="4" falsecount="0"/>
        <line num="21" count="12" type="cond" truecount="1" falsecount="0"/>
        <line num="22" count="2" type="stmt"/>
        <line num="26" count="18" type="cond" truecount="2" falsecount="0"/>
        <line num="28" count="17" type="cond" truecount="4" falsecount="0"/>
        <line num="29" count="14" type="cond" truecount="1" falsecount="0"/>
        <line num="30" count="9" type="stmt"/>
        <line num="34" count="3" type="cond" truecount="4" falsecount="0"/>
        <line num="36" count="1" type="stmt"/>
        <line num="37" count="1" type="stmt"/>
        <line num="39" count="1" type="cond" truecount="3" falsecount="0"/>
        <line num="40" count="1" type="stmt"/>
        <line num="42" count="1" type="cond" truecount="1" falsecount="0"/>
        <line num="43" count="1" type="stmt"/>
        <line num="50" count="2" type="stmt"/>
        <line num="55" count="1" type="stmt"/>
        <line num="58" count="11" type="stmt"/>
        <line num="61" count="10" type="stmt"/>
        <line num="62" count="16" type="cond" truecount="1" falsecount="0"/>
        <line num="63" count="1" type="stmt"/>
        <line num="65" count="15" type="stmt"/>
        <line num="66" count="32" type="stmt"/>
        <line num="67" count="32" type="stmt"/>
        <line num="69" count="32" type="cond" truecount="4" falsecount="0"/>
        <line num="70" count="28" type="cond" truecount="1" falsecount="0"/>
        <line num="71" count="1" type="stmt"/>
        <line num="75" count="4" type="cond" truecount="3" falsecount="0"/>
        <line num="77" count="4" type="cond" truecount="4" falsecount="0"/>
        <line num="78" count="2" type="cond" truecount="1" falsecount="0"/>
        <line num="79" count="1" type="stmt"/>
        <line num="83" count="2" type="cond" truecount="3" falsecount="0"/>
        <line num="84" count="2" type="stmt"/>
        <line num="86" count="2" type="cond" truecount="1" falsecount="0"/>
        <line num="87" count="1" type="stmt"/>
        <line num="92" count="12" type="stmt"/>
      </file>
      <file name="index.ts" path="/Users/donnie/src/github.com/floodfx/liveviewjs/src/server/templates/index.ts">
        <metrics statements="45" coveredstatements="45" conditionals="17" coveredconditionals="17" methods="12" coveredmethods="12"/>
        <line num="8" count="16" type="stmt"/>
        <line num="19" count="16" type="stmt"/>
        <line num="21" count="16" type="stmt"/>
        <line num="23" count="16" type="cond" truecount="1" falsecount="0"/>
        <line num="24" count="7" type="cond" truecount="1" falsecount="0"/>
        <line num="25" count="1" type="stmt"/>
        <line num="28" count="6" type="stmt"/>
        <line num="31" count="16" type="stmt"/>
        <line num="32" count="34" type="stmt"/>
        <line num="35" count="16" type="stmt"/>
        <line num="36" count="375" type="cond" truecount="1" falsecount="0"/>
        <line num="37" count="54" type="stmt"/>
        <line num="39" count="321" type="cond" truecount="1" falsecount="0"/>
        <line num="40" count="1" type="stmt"/>
        <line num="42" count="320" type="stmt"/>
        <line num="59" count="16" type="stmt"/>
        <line num="62" count="288" type="stmt"/>
        <line num="66" count="288" type="stmt"/>
        <line num="67" count="288" type="stmt"/>
        <line num="68" count="288" type="stmt"/>
        <line num="73" count="168" type="cond" truecount="1" falsecount="0"/>
        <line num="74" count="55" type="cond" truecount="1" falsecount="0"/>
        <line num="75" count="1" type="stmt"/>
        <line num="83" count="54" type="stmt"/>
        <line num="89" count="113" type="stmt"/>
        <line num="90" count="178" type="cond" truecount="2" falsecount="0"/>
        <line num="92" count="44" type="cond" truecount="2" falsecount="0"/>
        <line num="97" count="15" type="stmt"/>
        <line num="104" count="29" type="stmt"/>
        <line num="109" count="134" type="cond" truecount="2" falsecount="0"/>
        <line num="111" count="7" type="cond" truecount="2" falsecount="0"/>
        <line num="112" count="2" type="stmt"/>
        <line num="119" count="5" type="stmt"/>
        <line num="121" count="14" type="stmt"/>
        <line num="124" count="14" type="stmt"/>
        <line num="125" count="5" type="stmt"/>
        <line num="132" count="127" type="stmt"/>
        <line num="139" count="113" type="cond" truecount="1" falsecount="0"/>
        <line num="140" count="99" type="stmt"/>
        <line num="142" count="113" type="stmt"/>
        <line num="146" count="117" type="stmt"/>
        <line num="147" count="246" type="stmt"/>
        <line num="148" count="246" type="stmt"/>
        <line num="153" count="16" type="stmt"/>
        <line num="154" count="230" type="stmt"/>
      </file>
    </package>
    <package name="server.templates.helpers">
      <metrics statements="65" coveredstatements="65" conditionals="112" coveredconditionals="108" methods="16" coveredmethods="16"/>
      <file name="form_for.ts" path="/Users/donnie/src/github.com/floodfx/liveviewjs/src/server/templates/helpers/form_for.ts">
        <metrics statements="7" coveredstatements="7" conditionals="26" coveredconditionals="25" methods="1" coveredmethods="1"/>
        <line num="1" count="12" type="stmt"/>
        <line num="11" count="12" type="stmt"/>
        <line num="12" count="5" type="cond" truecount="7" falsecount="1"/>
        <line num="13" count="5" type="cond" truecount="6" falsecount="0"/>
        <line num="14" count="5" type="cond" truecount="6" falsecount="0"/>
        <line num="15" count="5" type="cond" truecount="6" falsecount="0"/>
        <line num="17" count="5" type="stmt"/>
      </file>
      <file name="index.ts" path="/Users/donnie/src/github.com/floodfx/liveviewjs/src/server/templates/helpers/index.ts">
        <metrics statements="6" coveredstatements="6" conditionals="0" coveredconditionals="0" methods="0" coveredmethods="0"/>
        <line num="1" count="11" type="stmt"/>
        <line num="2" count="11" type="stmt"/>
        <line num="3" count="11" type="stmt"/>
        <line num="4" count="11" type="stmt"/>
        <line num="5" count="11" type="stmt"/>
        <line num="6" count="11" type="stmt"/>
      </file>
      <file name="inputs.ts" path="/Users/donnie/src/github.com/floodfx/liveviewjs/src/server/templates/helpers/inputs.ts">
        <metrics statements="18" coveredstatements="18" conditionals="49" coveredconditionals="46" methods="3" coveredmethods="3"/>
        <line num="1" count="11" type="stmt"/>
        <line num="12" count="11" type="stmt"/>
        <line num="13" count="6" type="cond" truecount="6" falsecount="0"/>
        <line num="14" count="6" type="cond" truecount="6" falsecount="0"/>
        <line num="15" count="6" type="cond" truecount="6" falsecount="0"/>
        <line num="16" count="6" type="cond" truecount="5" falsecount="1"/>
        <line num="17" count="6" type="cond" truecount="8" falsecount="0"/>
        <line num="18" count="6" type="stmt"/>
        <line num="19" count="6" type="cond" truecount="3" falsecount="1"/>
        <line num="21" count="6" type="stmt"/>
        <line num="26" count="11" type="stmt"/>
        <line num="27" count="1" type="stmt"/>
        <line num="34" count="11" type="stmt"/>
        <line num="35" count="3" type="cond" truecount="1" falsecount="1"/>
        <line num="36" count="3" type="cond" truecount="3" falsecount="0"/>
        <line num="37" count="2" type="cond" truecount="8" falsecount="0"/>
        <line num="38" count="2" type="stmt"/>
        <line num="40" count="1" type="stmt"/>
      </file>
      <file name="live_patch.ts" path="/Users/donnie/src/github.com/floodfx/liveviewjs/src/server/templates/helpers/live_patch.ts">
        <metrics statements="8" coveredstatements="8" conditionals="4" coveredconditionals="4" methods="2" coveredmethods="2"/>
        <line num="1" count="12" type="stmt"/>
        <line num="12" count="3" type="stmt"/>
        <line num="13" count="3" type="stmt"/>
        <line num="14" count="3" type="cond" truecount="2" falsecount="0"/>
        <line num="15" count="2" type="stmt"/>
        <line num="17" count="1" type="stmt"/>
        <line num="21" count="12" type="stmt"/>
        <line num="26" count="3" type="cond" truecount="2" falsecount="0"/>
      </file>
      <file name="live_title_tag.ts" path="/Users/donnie/src/github.com/floodfx/liveviewjs/src/server/templates/helpers/live_title_tag.ts">
        <metrics statements="6" coveredstatements="6" conditionals="16" coveredconditionals="16" methods="1" coveredmethods="1"/>
        <line num="1" count="12" type="stmt"/>
        <line num="8" count="12" type="stmt"/>
        <line num="9" count="11" type="cond" truecount="4" falsecount="0"/>
        <line num="10" count="11" type="cond" truecount="2" falsecount="0"/>
        <line num="11" count="11" type="cond" truecount="2" falsecount="0"/>
        <line num="12" count="11" type="cond" truecount="8" falsecount="0"/>
      </file>
      <file name="options_for_select.ts" path="/Users/donnie/src/github.com/floodfx/liveviewjs/src/server/templates/helpers/options_for_select.ts">
        <metrics statements="16" coveredstatements="16" conditionals="11" coveredconditionals="11" methods="8" coveredmethods="8"/>
        <line num="1" count="11" type="stmt"/>
        <line num="7" count="11" type="stmt"/>
        <line num="9" count="5" type="cond" truecount="4" falsecount="0"/>
        <line num="10" count="2" type="stmt"/>
        <line num="11" count="2" type="stmt"/>
        <line num="15" count="3" type="stmt"/>
        <line num="16" count="3" type="stmt"/>
        <line num="21" count="2" type="stmt"/>
        <line num="22" count="6" type="stmt"/>
        <line num="31" count="3" type="stmt"/>
        <line num="32" count="9" type="stmt"/>
        <line num="41" count="9" type="cond" truecount="1" falsecount="0"/>
        <line num="42" count="3" type="stmt"/>
        <line num="44" count="6" type="stmt"/>
        <line num="48" count="5" type="stmt"/>
        <line num="53" count="15" type="cond" truecount="2" falsecount="0"/>
      </file>
      <file name="submit.ts" path="/Users/donnie/src/github.com/floodfx/liveviewjs/src/server/templates/helpers/submit.ts">
        <metrics statements="4" coveredstatements="4" conditionals="6" coveredconditionals="6" methods="1" coveredmethods="1"/>
        <line num="1" count="12" type="stmt"/>
        <line num="7" count="12" type="stmt"/>
        <line num="8" count="2" type="cond" truecount="6" falsecount="0"/>
        <line num="10" count="2" type="stmt"/>
      </file>
    </package>
  </project>
</coverage>
