<?xml version="1.0" encoding="UTF-8"?>
<coverage generated="1647399274578" clover="3.2.0">
  <project timestamp="1647399274578" name="All files">
    <metrics statements="672" coveredstatements="672" conditionals="321" coveredconditionals="312" methods="153" coveredmethods="143" elements="1146" coveredelements="1127" complexity="0" loc="672" ncloc="672" packages="9" files="26" classes="26"/>
    <package name="examples.autocomplete">
      <metrics statements="5" coveredstatements="5" conditionals="1" coveredconditionals="1" methods="2" coveredmethods="2"/>
      <file name="data.ts" path="/Users/donnie/src/github.com/floodfx/liveviewjs/src/examples/autocomplete/data.ts">
        <metrics statements="5" coveredstatements="5" conditionals="1" coveredconditionals="1" methods="2" coveredmethods="2"/>
        <line num="1" count="1" type="stmt"/>
        <line num="2" count="2" type="cond" truecount="1" falsecount="0"/>
        <line num="3" count="1" type="stmt"/>
        <line num="5" count="1001" type="stmt"/>
        <line num="8" count="1" type="stmt"/>
      </file>
    </package>
    <package name="examples.live-search">
      <metrics statements="7" coveredstatements="7" conditionals="0" coveredconditionals="0" methods="5" coveredmethods="5"/>
      <file name="data.ts" path="/Users/donnie/src/github.com/floodfx/liveviewjs/src/examples/live-search/data.ts">
        <metrics statements="7" coveredstatements="7" conditionals="0" coveredconditionals="0" methods="5" coveredmethods="5"/>
        <line num="11" count="1" type="stmt"/>
        <line num="12" count="7" type="stmt"/>
        <line num="15" count="1" type="stmt"/>
        <line num="16" count="7" type="stmt"/>
        <line num="19" count="1" type="stmt"/>
        <line num="20" count="1" type="stmt"/>
        <line num="23" count="1" type="stmt"/>
      </file>
    </package>
    <package name="examples.volunteers">
      <metrics statements="27" coveredstatements="27" conditionals="2" coveredconditionals="2" methods="5" coveredmethods="5"/>
      <file name="data.ts" path="/Users/donnie/src/github.com/floodfx/liveviewjs/src/examples/volunteers/data.ts">
        <metrics statements="27" coveredstatements="27" conditionals="2" coveredconditionals="2" methods="5" coveredmethods="5"/>
        <line num="1" count="1" type="stmt"/>
        <line num="2" count="1" type="stmt"/>
        <line num="3" count="1" type="stmt"/>
        <line num="5" count="1" type="stmt"/>
        <line num="7" count="1" type="stmt"/>
        <line num="11" count="1" type="stmt"/>
        <line num="22" count="1" type="stmt"/>
        <line num="24" count="1" type="stmt"/>
        <line num="25" count="10" type="stmt"/>
        <line num="28" count="1" type="stmt"/>
        <line num="29" count="5" type="stmt"/>
        <line num="32" count="1" type="stmt"/>
        <line num="34" count="1" type="stmt"/>
        <line num="35" count="4" type="stmt"/>
        <line num="36" count="4" type="cond" truecount="1" falsecount="0"/>
        <line num="37" count="3" type="stmt"/>
        <line num="38" count="3" type="stmt"/>
        <line num="39" count="3" type="stmt"/>
        <line num="41" count="4" type="stmt"/>
        <line num="44" count="1" type="stmt"/>
        <line num="48" count="2" type="stmt"/>
        <line num="49" count="2" type="cond" truecount="1" falsecount="0"/>
        <line num="50" count="1" type="stmt"/>
        <line num="51" count="1" type="stmt"/>
        <line num="52" count="1" type="stmt"/>
        <line num="54" count="2" type="stmt"/>
        <line num="58" count="4" type="stmt"/>
      </file>
    </package>
    <package name="server">
      <metrics statements="125" coveredstatements="125" conditionals="68" coveredconditionals="68" methods="19" coveredmethods="17"/>
      <file name="index.ts" path="/Users/donnie/src/github.com/floodfx/liveviewjs/src/server/index.ts">
        <metrics statements="7" coveredstatements="7" conditionals="0" coveredconditionals="0" methods="0" coveredmethods="0"/>
        <line num="1" count="9" type="stmt"/>
        <line num="2" count="9" type="stmt"/>
        <line num="3" count="9" type="stmt"/>
        <line num="4" count="9" type="stmt"/>
        <line num="5" count="9" type="stmt"/>
        <line num="6" count="9" type="stmt"/>
        <line num="7" count="9" type="stmt"/>
      </file>
      <file name="live_view_route.ts" path="/Users/donnie/src/github.com/floodfx/liveviewjs/src/server/live_view_route.ts">
        <metrics statements="26" coveredstatements="26" conditionals="20" coveredconditionals="20" methods="4" coveredmethods="3"/>
        <line num="2" count="9" type="stmt"/>
        <line num="3" count="9" type="stmt"/>
        <line num="5" count="9" type="stmt"/>
        <line num="12" count="9" type="stmt"/>
        <line num="16" count="9" type="stmt"/>
        <line num="18" count="9" type="stmt"/>
        <line num="26" count="2" type="stmt"/>
        <line num="30" count="2" type="stmt"/>
        <line num="33" count="2" type="stmt"/>
        <line num="36" count="2" type="stmt"/>
        <line num="39" count="2" type="stmt"/>
        <line num="49" count="2" type="stmt"/>
        <line num="52" count="2" type="stmt"/>
        <line num="53" count="2" type="stmt"/>
        <line num="54" count="2" type="stmt"/>
        <line num="61" count="2" type="cond" truecount="4" falsecount="0"/>
        <line num="62" count="2" type="stmt"/>
        <line num="65" count="2" type="stmt"/>
        <line num="71" count="2" type="stmt"/>
        <line num="74" count="2" type="stmt"/>
        <line num="75" count="2" type="stmt"/>
        <line num="78" count="2" type="stmt"/>
        <line num="79" count="2" type="stmt"/>
        <line num="80" count="2" type="stmt"/>
        <line num="82" count="2" type="stmt"/>
        <line num="87" count="2" type="stmt"/>
      </file>
      <file name="live_view_server.ts" path="/Users/donnie/src/github.com/floodfx/liveviewjs/src/server/live_view_server.ts">
        <metrics statements="92" coveredstatements="92" conditionals="48" coveredconditionals="48" methods="15" coveredmethods="14"/>
        <line num="1" count="9" type="stmt"/>
        <line num="2" count="9" type="stmt"/>
        <line num="3" count="9" type="stmt"/>
        <line num="4" count="9" type="stmt"/>
        <line num="5" count="9" type="stmt"/>
        <line num="6" count="9" type="stmt"/>
        <line num="7" count="9" type="stmt"/>
        <line num="8" count="9" type="stmt"/>
        <line num="9" count="9" type="stmt"/>
        <line num="16" count="9" type="stmt"/>
        <line num="17" count="9" type="stmt"/>
        <line num="43" count="9" type="stmt"/>
        <line num="45" count="9" type="stmt"/>
        <line num="46" count="20" type="stmt"/>
        <line num="47" count="20" type="stmt"/>
        <line num="49" count="20" type="stmt"/>
        <line num="52" count="20" type="stmt"/>
        <line num="53" count="20" type="stmt"/>
        <line num="54" count="20" type="stmt"/>
        <line num="55" count="20" type="stmt"/>
        <line num="57" count="20" type="stmt"/>
        <line num="64" count="20" type="cond" truecount="4" falsecount="0"/>
        <line num="65" count="20" type="cond" truecount="4" falsecount="0"/>
        <line num="66" count="20" type="cond" truecount="4" falsecount="0"/>
        <line num="67" count="20" type="cond" truecount="2" falsecount="0"/>
        <line num="68" count="20" type="cond" truecount="4" falsecount="0"/>
        <line num="69" count="20" type="cond" truecount="4" falsecount="0"/>
        <line num="70" count="20" type="stmt"/>
        <line num="71" count="20" type="stmt"/>
        <line num="72" count="20" type="stmt"/>
        <line num="75" count="20" type="stmt"/>
        <line num="76" count="20" type="stmt"/>
        <line num="80" count="4" type="stmt"/>
        <line num="84" count="12" type="stmt"/>
        <line num="88" count="1" type="stmt"/>
        <line num="92" count="8" type="stmt"/>
        <line num="96" count="24" type="cond" truecount="2" falsecount="0"/>
        <line num="97" count="5" type="stmt"/>
        <line num="98" count="5" type="stmt"/>
        <line num="100" count="19" type="stmt"/>
        <line num="104" count="19" type="stmt"/>
        <line num="107" count="19" type="stmt"/>
        <line num="108" count="2" type="stmt"/>
        <line num="110" count="2" type="stmt"/>
        <line num="111" count="1" type="stmt"/>
        <line num="113" count="2" type="stmt"/>
        <line num="114" count="2" type="stmt"/>
        <line num="118" count="19" type="stmt"/>
        <line num="119" count="13" type="stmt"/>
        <line num="124" count="24" type="cond" truecount="2" falsecount="0"/>
        <line num="125" count="5" type="stmt"/>
        <line num="126" count="5" type="stmt"/>
        <line num="128" count="19" type="stmt"/>
        <line num="130" count="19" type="stmt"/>
        <line num="131" count="19" type="stmt"/>
        <line num="135" count="20" type="stmt"/>
        <line num="138" count="20" type="stmt"/>
        <line num="140" count="20" type="stmt"/>
        <line num="142" count="20" type="stmt"/>
        <line num="143" count="20" type="stmt"/>
        <line num="146" count="20" type="stmt"/>
        <line num="158" count="20" type="stmt"/>
        <line num="159" count="2" type="stmt"/>
        <line num="163" count="20" type="stmt"/>
        <line num="166" count="20" type="stmt"/>
        <line num="167" count="9" type="stmt"/>
        <line num="170" count="9" type="stmt"/>
        <line num="173" count="9" type="stmt"/>
        <line num="174" count="9" type="cond" truecount="1" falsecount="0"/>
        <line num="177" count="3" type="stmt"/>
        <line num="178" count="3" type="stmt"/>
        <line num="182" count="6" type="cond" truecount="1" falsecount="0"/>
        <line num="183" count="6" type="stmt"/>
        <line num="186" count="6" type="stmt"/>
        <line num="192" count="6" type="stmt"/>
        <line num="195" count="6" type="stmt"/>
        <line num="198" count="6" type="stmt"/>
        <line num="201" count="6" type="stmt"/>
        <line num="204" count="6" type="stmt"/>
        <line num="205" count="6" type="stmt"/>
        <line num="212" count="2" type="cond" truecount="4" falsecount="0"/>
        <line num="213" count="2" type="stmt"/>
        <line num="216" count="2" type="stmt"/>
        <line num="222" count="2" type="stmt"/>
        <line num="225" count="2" type="stmt"/>
        <line num="226" count="2" type="stmt"/>
        <line num="229" count="2" type="stmt"/>
        <line num="230" count="2" type="stmt"/>
        <line num="231" count="2" type="stmt"/>
        <line num="233" count="2" type="stmt"/>
        <line num="238" count="6" type="stmt"/>
        <line num="250" count="20" type="stmt"/>
      </file>
    </package>
    <package name="server.component">
      <metrics statements="46" coveredstatements="46" conditionals="9" coveredconditionals="7" methods="19" coveredmethods="17"/>
      <file name="base_live_view.ts" path="/Users/donnie/src/github.com/floodfx/liveviewjs/src/server/component/base_live_view.ts">
        <metrics statements="1" coveredstatements="1" conditionals="0" coveredconditionals="0" methods="2" coveredmethods="2"/>
        <line num="6" count="9" type="stmt"/>
      </file>
      <file name="changeset.ts" path="/Users/donnie/src/github.com/floodfx/liveviewjs/src/server/component/changeset.ts">
        <metrics statements="10" coveredstatements="10" conditionals="3" coveredconditionals="3" methods="3" coveredmethods="3"/>
        <line num="1" count="11" type="stmt"/>
        <line num="11" count="11" type="stmt"/>
        <line num="12" count="2" type="stmt"/>
        <line num="13" count="11" type="stmt"/>
        <line num="14" count="11" type="stmt"/>
        <line num="16" count="11" type="cond" truecount="1" falsecount="0"/>
        <line num="17" count="6" type="stmt"/>
        <line num="19" count="9" type="stmt"/>
        <line num="20" count="9" type="stmt"/>
        <line num="23" count="11" type="stmt"/>
      </file>
      <file name="index.ts" path="/Users/donnie/src/github.com/floodfx/liveviewjs/src/server/component/index.ts">
        <metrics statements="5" coveredstatements="5" conditionals="0" coveredconditionals="0" methods="0" coveredmethods="0"/>
        <line num="1" count="9" type="stmt"/>
        <line num="2" count="9" type="stmt"/>
        <line num="3" count="9" type="stmt"/>
        <line num="4" count="9" type="stmt"/>
        <line num="5" count="9" type="stmt"/>
      </file>
      <file name="live_component.ts" path="/Users/donnie/src/github.com/floodfx/liveviewjs/src/server/component/live_component.ts">
        <metrics statements="15" coveredstatements="15" conditionals="2" coveredconditionals="1" methods="12" coveredmethods="10"/>
        <line num="67" count="47" type="stmt"/>
        <line num="68" count="47" type="stmt"/>
        <line num="72" count="79" type="cond" truecount="1" falsecount="1"/>
        <line num="76" count="10" type="stmt"/>
        <line num="93" count="9" type="stmt"/>
        <line num="94" count="9" type="stmt"/>
        <line num="97" count="9" type="stmt"/>
        <line num="101" count="9" type="stmt"/>
        <line num="102" count="38" type="stmt"/>
        <line num="113" count="38" type="stmt"/>
        <line num="114" count="38" type="stmt"/>
        <line num="115" count="38" type="stmt"/>
        <line num="119" count="6" type="stmt"/>
        <line num="123" count="6" type="stmt"/>
        <line num="205" count="9" type="stmt"/>
      </file>
      <file name="live_view.ts" path="/Users/donnie/src/github.com/floodfx/liveviewjs/src/server/component/live_view.ts">
        <metrics statements="15" coveredstatements="15" conditionals="4" coveredconditionals="3" methods="2" coveredmethods="2"/>
        <line num="4" count="9" type="stmt"/>
        <line num="131" count="9" type="stmt"/>
        <line num="138" count="1" type="stmt"/>
        <line num="141" count="1" type="stmt"/>
        <line num="142" count="1" type="stmt"/>
        <line num="150" count="1" type="cond" truecount="3" falsecount="1"/>
        <line num="151" count="1" type="stmt"/>
        <line num="154" count="1" type="stmt"/>
        <line num="157" count="1" type="stmt"/>
        <line num="160" count="1" type="stmt"/>
        <line num="161" count="1" type="stmt"/>
        <line num="164" count="1" type="stmt"/>
        <line num="165" count="1" type="stmt"/>
        <line num="166" count="1" type="stmt"/>
        <line num="168" count="1" type="stmt"/>
      </file>
    </package>
    <package name="server.pubsub">
      <metrics statements="13" coveredstatements="13" conditionals="0" coveredconditionals="0" methods="4" coveredmethods="4"/>
      <file name="SingleProcessPubSub.ts" path="/Users/donnie/src/github.com/floodfx/liveviewjs/src/server/pubsub/SingleProcessPubSub.ts">
        <metrics statements="13" coveredstatements="13" conditionals="0" coveredconditionals="0" methods="4" coveredmethods="4"/>
        <line num="1" count="10" type="stmt"/>
        <line num="2" count="10" type="stmt"/>
        <line num="13" count="10" type="stmt"/>
        <line num="16" count="10" type="stmt"/>
        <line num="20" count="112" type="stmt"/>
        <line num="22" count="112" type="stmt"/>
        <line num="23" count="112" type="stmt"/>
        <line num="24" count="112" type="stmt"/>
        <line num="28" count="14" type="stmt"/>
        <line num="33" count="105" type="stmt"/>
        <line num="34" count="105" type="stmt"/>
        <line num="36" count="105" type="stmt"/>
        <line num="40" count="10" type="stmt"/>
      </file>
    </package>
    <package name="server.socket">
      <metrics statements="298" coveredstatements="298" conditionals="73" coveredconditionals="70" methods="69" coveredmethods="63"/>
      <file name="component_manager.ts" path="/Users/donnie/src/github.com/floodfx/liveviewjs/src/server/socket/component_manager.ts">
        <metrics statements="232" coveredstatements="232" conditionals="53" coveredconditionals="50" methods="44" coveredmethods="44"/>
        <line num="2" count="9" type="stmt"/>
        <line num="3" count="9" type="stmt"/>
        <line num="5" count="9" type="stmt"/>
        <line num="7" count="9" type="stmt"/>
        <line num="8" count="9" type="stmt"/>
        <line num="9" count="9" type="stmt"/>
        <line num="10" count="9" type="stmt"/>
        <line num="28" count="9" type="stmt"/>
        <line num="70" count="9" type="stmt"/>
        <line num="74" count="81" type="stmt"/>
        <line num="78" count="81" type="stmt"/>
        <line num="82" count="81" type="stmt"/>
        <line num="83" count="81" type="stmt"/>
        <line num="86" count="81" type="stmt"/>
        <line num="96" count="81" type="stmt"/>
        <line num="97" count="81" type="stmt"/>
        <line num="99" count="81" type="stmt"/>
        <line num="100" count="81" type="stmt"/>
        <line num="104" count="81" type="stmt"/>
        <line num="106" count="81" type="stmt"/>
        <line num="110" count="32" type="stmt"/>
        <line num="111" count="32" type="stmt"/>
        <line num="112" count="32" type="cond" truecount="1" falsecount="1"/>
        <line num="114" count="32" type="stmt"/>
        <line num="116" count="32" type="stmt"/>
        <line num="119" count="32" type="stmt"/>
        <line num="121" count="32" type="stmt"/>
        <line num="124" count="32" type="stmt"/>
        <line num="125" count="32" type="stmt"/>
        <line num="127" count="31" type="cond" truecount="1" falsecount="0"/>
        <line num="129" count="1" type="stmt"/>
        <line num="130" count="1" type="stmt"/>
        <line num="133" count="1" type="stmt"/>
        <line num="134" count="1" type="stmt"/>
        <line num="137" count="30" type="stmt"/>
        <line num="140" count="30" type="stmt"/>
        <line num="142" count="30" type="stmt"/>
        <line num="145" count="30" type="stmt"/>
        <line num="148" count="30" type="stmt"/>
        <line num="149" count="30" type="stmt"/>
        <line num="150" count="30" type="stmt"/>
        <line num="153" count="30" type="stmt"/>
        <line num="156" count="30" type="stmt"/>
        <line num="157" count="30" type="stmt"/>
        <line num="160" count="30" type="stmt"/>
        <line num="167" count="30" type="stmt"/>
        <line num="170" count="30" type="stmt"/>
        <line num="175" count="45" type="stmt"/>
        <line num="176" count="45" type="cond" truecount="2" falsecount="0"/>
        <line num="177" count="4" type="stmt"/>
        <line num="178" count="41" type="cond" truecount="2" falsecount="0"/>
        <line num="179" count="23" type="stmt"/>
        <line num="180" count="18" type="cond" truecount="2" falsecount="0"/>
        <line num="181" count="10" type="stmt"/>
        <line num="182" count="8" type="cond" truecount="2" falsecount="0"/>
        <line num="183" count="7" type="stmt"/>
        <line num="185" count="1" type="stmt"/>
        <line num="208" count="40" type="stmt"/>
        <line num="209" count="40" type="stmt"/>
        <line num="214" count="40" type="cond" truecount="2" falsecount="0"/>
        <line num="215" count="26" type="stmt"/>
        <line num="216" count="14" type="cond" truecount="2" falsecount="0"/>
        <line num="218" count="2" type="stmt"/>
        <line num="221" count="12" type="cond" truecount="4" falsecount="0"/>
        <line num="222" count="4" type="stmt"/>
        <line num="223" count="8" type="cond" truecount="4" falsecount="0"/>
        <line num="224" count="4" type="stmt"/>
        <line num="225" count="4" type="cond" truecount="2" falsecount="0"/>
        <line num="226" count="2" type="stmt"/>
        <line num="228" count="2" type="stmt"/>
        <line num="229" count="2" type="stmt"/>
        <line num="233" count="38" type="cond" truecount="2" falsecount="0"/>
        <line num="236" count="7" type="stmt"/>
        <line num="237" count="7" type="cond" truecount="2" falsecount="0"/>
        <line num="238" count="5" type="stmt"/>
        <line num="240" count="5" type="stmt"/>
        <line num="241" count="5" type="cond" truecount="1" falsecount="1"/>
        <line num="243" count="5" type="stmt"/>
        <line num="246" count="5" type="stmt"/>
        <line num="249" count="5" type="stmt"/>
        <line num="252" count="5" type="stmt"/>
        <line num="253" count="5" type="stmt"/>
        <line num="255" count="5" type="stmt"/>
        <line num="262" count="5" type="stmt"/>
        <line num="269" count="5" type="stmt"/>
        <line num="272" count="5" type="stmt"/>
        <line num="279" count="5" type="stmt"/>
        <line num="286" count="2" type="stmt"/>
        <line num="292" count="31" type="cond" truecount="2" falsecount="0"/>
        <line num="294" count="29" type="stmt"/>
        <line num="296" count="29" type="stmt"/>
        <line num="298" count="29" type="stmt"/>
        <line num="299" count="29" type="stmt"/>
        <line num="302" count="29" type="cond" truecount="1" falsecount="0"/>
        <line num="304" count="4" type="stmt"/>
        <line num="305" count="4" type="stmt"/>
        <line num="307" count="4" type="stmt"/>
        <line num="310" count="29" type="stmt"/>
        <line num="311" count="29" type="stmt"/>
        <line num="313" count="29" type="stmt"/>
        <line num="320" count="29" type="stmt"/>
        <line num="323" count="29" type="stmt"/>
        <line num="325" count="2" type="stmt"/>
        <line num="326" count="2" type="stmt"/>
        <line num="332" count="11" type="stmt"/>
        <line num="334" count="11" type="stmt"/>
        <line num="335" count="11" type="stmt"/>
        <line num="337" count="11" type="stmt"/>
        <line num="339" count="11" type="stmt"/>
        <line num="340" count="11" type="stmt"/>
        <line num="344" count="11" type="stmt"/>
        <line num="348" count="11" type="stmt"/>
        <line num="349" count="11" type="stmt"/>
        <line num="351" count="11" type="stmt"/>
        <line num="358" count="11" type="stmt"/>
        <line num="361" count="11" type="stmt"/>
        <line num="366" count="5" type="stmt"/>
        <line num="370" count="7" type="stmt"/>
        <line num="374" count="2" type="stmt"/>
        <line num="379" count="77" type="stmt"/>
        <line num="380" count="105" type="stmt"/>
        <line num="381" count="105" type="stmt"/>
        <line num="385" count="77" type="stmt"/>
        <line num="389" count="2" type="stmt"/>
        <line num="390" count="2" type="stmt"/>
        <line num="392" count="2" type="stmt"/>
        <line num="393" count="2" type="stmt"/>
        <line num="394" count="2" type="stmt"/>
        <line num="403" count="2" type="stmt"/>
        <line num="405" count="2" type="stmt"/>
        <line num="407" count="2" type="stmt"/>
        <line num="410" count="2" type="stmt"/>
        <line num="415" count="6" type="stmt"/>
        <line num="416" count="6" type="stmt"/>
        <line num="422" count="10" type="cond" truecount="2" falsecount="0"/>
        <line num="423" count="9" type="stmt"/>
        <line num="425" count="9" type="stmt"/>
        <line num="427" count="9" type="stmt"/>
        <line num="428" count="9" type="stmt"/>
        <line num="430" count="9" type="cond" truecount="1" falsecount="0"/>
        <line num="432" count="9" type="stmt"/>
        <line num="433" count="9" type="stmt"/>
        <line num="435" count="9" type="stmt"/>
        <line num="437" count="9" type="stmt"/>
        <line num="438" count="9" type="stmt"/>
        <line num="440" count="9" type="stmt"/>
        <line num="447" count="9" type="stmt"/>
        <line num="450" count="9" type="stmt"/>
        <line num="452" count="1" type="stmt"/>
        <line num="457" count="1" type="cond" truecount="1" falsecount="0"/>
        <line num="458" count="1" type="stmt"/>
        <line num="459" count="1" type="stmt"/>
        <line num="464" count="79" type="cond" truecount="1" falsecount="0"/>
        <line num="465" count="1" type="stmt"/>
        <line num="466" count="1" type="stmt"/>
        <line num="471" count="78" type="stmt"/>
        <line num="475" count="84" type="cond" truecount="1" falsecount="0"/>
        <line num="476" count="6" type="stmt"/>
        <line num="477" count="6" type="stmt"/>
        <line num="478" count="6" type="stmt"/>
        <line num="479" count="6" type="stmt"/>
        <line num="484" count="78" type="stmt"/>
        <line num="488" count="2" type="cond" truecount="1" falsecount="0"/>
        <line num="489" count="1" type="stmt"/>
        <line num="490" count="1" type="stmt"/>
        <line num="497" count="91" type="stmt"/>
        <line num="505" count="81" type="stmt"/>
        <line num="507" count="81" type="stmt"/>
        <line num="527" count="28" type="stmt"/>
        <line num="528" count="28" type="stmt"/>
        <line num="529" count="28" type="stmt"/>
        <line num="532" count="28" type="cond" truecount="1" falsecount="0"/>
        <line num="533" count="4" type="stmt"/>
        <line num="537" count="28" type="stmt"/>
        <line num="541" count="28" type="cond" truecount="2" falsecount="0"/>
        <line num="555" count="14" type="stmt"/>
        <line num="557" count="14" type="cond" truecount="2" falsecount="0"/>
        <line num="558" count="4" type="stmt"/>
        <line num="561" count="4" type="stmt"/>
        <line num="564" count="4" type="stmt"/>
        <line num="565" count="4" type="stmt"/>
        <line num="566" count="4" type="stmt"/>
        <line num="569" count="4" type="stmt"/>
        <line num="580" count="10" type="stmt"/>
        <line num="581" count="10" type="stmt"/>
        <line num="582" count="10" type="stmt"/>
        <line num="585" count="10" type="stmt"/>
        <line num="588" count="10" type="stmt"/>
        <line num="589" count="10" type="stmt"/>
        <line num="591" count="10" type="stmt"/>
        <line num="592" count="10" type="stmt"/>
        <line num="595" count="10" type="stmt"/>
        <line num="604" count="14" type="stmt"/>
        <line num="614" count="14" type="stmt"/>
        <line num="618" count="14" type="stmt"/>
        <line num="619" count="14" type="stmt"/>
        <line num="620" count="14" type="stmt"/>
        <line num="622" count="14" type="stmt"/>
        <line num="627" count="30" type="stmt"/>
        <line num="629" count="30" type="stmt"/>
        <line num="630" count="4" type="cond" truecount="1" falsecount="0"/>
        <line num="631" count="4" type="stmt"/>
        <line num="633" count="4" type="stmt"/>
        <line num="637" count="30" type="cond" truecount="1" falsecount="0"/>
        <line num="639" count="4" type="stmt"/>
        <line num="640" count="4" type="stmt"/>
        <line num="644" count="4" type="stmt"/>
        <line num="649" count="26" type="stmt"/>
        <line num="653" count="67" type="stmt"/>
        <line num="659" count="28" type="stmt"/>
        <line num="660" count="28" type="stmt"/>
        <line num="666" count="30" type="stmt"/>
        <line num="669" count="1" type="stmt"/>
        <line num="671" count="1" type="stmt"/>
        <line num="672" count="2" type="stmt"/>
        <line num="673" count="1" type="stmt"/>
        <line num="674" count="4" type="stmt"/>
        <line num="676" count="1" type="stmt"/>
        <line num="677" count="1" type="stmt"/>
        <line num="683" count="33" type="stmt"/>
        <line num="686" count="5" type="stmt"/>
        <line num="687" count="5" type="stmt"/>
        <line num="692" count="9" type="stmt"/>
        <line num="693" count="12" type="stmt"/>
        <line num="696" count="9" type="stmt"/>
        <line num="697" count="33" type="stmt"/>
        <line num="700" count="9" type="stmt"/>
        <line num="701" count="39" type="cond" truecount="4" falsecount="0"/>
        <line num="702" count="38" type="stmt"/>
        <line num="703" count="38" type="stmt"/>
        <line num="704" count="38" type="stmt"/>
        <line num="706" count="1" type="stmt"/>
      </file>
      <file name="live_socket.ts" path="/Users/donnie/src/github.com/floodfx/liveviewjs/src/server/socket/live_socket.ts">
        <metrics statements="26" coveredstatements="26" conditionals="3" coveredconditionals="3" methods="19" coveredmethods="13"/>
        <line num="74" count="53" type="stmt"/>
        <line num="77" count="226" type="cond" truecount="2" falsecount="0"/>
        <line num="81" count="43" type="stmt"/>
        <line num="88" count="1" type="stmt"/>
        <line num="114" count="82" type="cond" truecount="1" falsecount="0"/>
        <line num="115" count="1" type="stmt"/>
        <line num="124" count="9" type="stmt"/>
        <line num="129" count="14" type="stmt"/>
        <line num="132" count="14" type="stmt"/>
        <line num="133" count="14" type="stmt"/>
        <line num="140" count="9" type="stmt"/>
        <line num="145" count="39" type="stmt"/>
        <line num="167" count="39" type="stmt"/>
        <line num="168" count="39" type="stmt"/>
        <line num="169" count="39" type="stmt"/>
        <line num="170" count="39" type="stmt"/>
        <line num="171" count="39" type="stmt"/>
        <line num="172" count="39" type="stmt"/>
        <line num="173" count="39" type="stmt"/>
        <line num="174" count="39" type="stmt"/>
        <line num="178" count="2" type="stmt"/>
        <line num="181" count="2" type="stmt"/>
        <line num="184" count="3" type="stmt"/>
        <line num="187" count="2" type="stmt"/>
        <line num="190" count="5" type="stmt"/>
        <line num="193" count="2" type="stmt"/>
      </file>
      <file name="message_router.ts" path="/Users/donnie/src/github.com/floodfx/liveviewjs/src/server/socket/message_router.ts">
        <metrics statements="29" coveredstatements="29" conditionals="15" coveredconditionals="15" methods="3" coveredmethods="3"/>
        <line num="3" count="9" type="stmt"/>
        <line num="4" count="9" type="stmt"/>
        <line num="38" count="9" type="stmt"/>
        <line num="47" count="18" type="stmt"/>
        <line num="50" count="18" type="cond" truecount="5" falsecount="0"/>
        <line num="51" count="17" type="stmt"/>
        <line num="53" count="17" type="stmt"/>
        <line num="54" count="17" type="cond" truecount="6" falsecount="0"/>
        <line num="58" count="9" type="stmt"/>
        <line num="59" count="7" type="stmt"/>
        <line num="62" count="1" type="stmt"/>
        <line num="63" count="1" type="stmt"/>
        <line num="68" count="6" type="stmt"/>
        <line num="69" count="6" type="stmt"/>
        <line num="71" count="1" type="stmt"/>
        <line num="74" count="3" type="stmt"/>
        <line num="78" count="1" type="stmt"/>
        <line num="85" count="2" type="stmt"/>
        <line num="96" count="9" type="stmt"/>
        <line num="97" count="9" type="stmt"/>
        <line num="98" count="9" type="cond" truecount="2" falsecount="0"/>
        <line num="99" count="9" type="cond" truecount="1" falsecount="0"/>
        <line num="100" count="1" type="stmt"/>
        <line num="102" count="8" type="stmt"/>
        <line num="103" count="8" type="stmt"/>
        <line num="104" count="8" type="cond" truecount="1" falsecount="0"/>
        <line num="105" count="1" type="stmt"/>
        <line num="108" count="7" type="stmt"/>
        <line num="109" count="7" type="stmt"/>
      </file>
      <file name="types.ts" path="/Users/donnie/src/github.com/floodfx/liveviewjs/src/server/socket/types.ts">
        <metrics statements="6" coveredstatements="6" conditionals="2" coveredconditionals="2" methods="1" coveredmethods="1"/>
        <line num="3" count="10" type="cond" truecount="2" falsecount="0"/>
        <line num="4" count="10" type="stmt"/>
        <line num="5" count="10" type="stmt"/>
        <line num="6" count="10" type="stmt"/>
        <line num="7" count="10" type="stmt"/>
        <line num="8" count="10" type="stmt"/>
      </file>
      <file name="util.ts" path="/Users/donnie/src/github.com/floodfx/liveviewjs/src/server/socket/util.ts">
        <metrics statements="5" coveredstatements="5" conditionals="0" coveredconditionals="0" methods="2" coveredmethods="2"/>
        <line num="1" count="10" type="stmt"/>
        <line num="3" count="10" type="stmt"/>
        <line num="4" count="76" type="stmt"/>
        <line num="13" count="10" type="stmt"/>
        <line num="14" count="6" type="stmt"/>
      </file>
    </package>
    <package name="server.templates">
      <metrics statements="86" coveredstatements="86" conditionals="56" coveredconditionals="56" methods="14" coveredmethods="14"/>
      <file name="diff.ts" path="/Users/donnie/src/github.com/floodfx/liveviewjs/src/server/templates/diff.ts">
        <metrics statements="41" coveredstatements="41" conditionals="39" coveredconditionals="39" methods="2" coveredmethods="2"/>
        <line num="5" count="10" type="stmt"/>
        <line num="6" count="36" type="stmt"/>
        <line num="9" count="36" type="cond" truecount="1" falsecount="0"/>
        <line num="11" count="25" type="stmt"/>
        <line num="15" count="11" type="stmt"/>
        <line num="16" count="30" type="stmt"/>
        <line num="20" count="30" type="cond" truecount="4" falsecount="0"/>
        <line num="21" count="12" type="cond" truecount="1" falsecount="0"/>
        <line num="22" count="2" type="stmt"/>
        <line num="26" count="18" type="cond" truecount="2" falsecount="0"/>
        <line num="28" count="17" type="cond" truecount="4" falsecount="0"/>
        <line num="29" count="14" type="cond" truecount="1" falsecount="0"/>
        <line num="30" count="9" type="stmt"/>
        <line num="34" count="3" type="cond" truecount="4" falsecount="0"/>
        <line num="36" count="1" type="stmt"/>
        <line num="37" count="1" type="stmt"/>
        <line num="39" count="1" type="cond" truecount="3" falsecount="0"/>
        <line num="40" count="1" type="stmt"/>
        <line num="42" count="1" type="cond" truecount="1" falsecount="0"/>
        <line num="43" count="1" type="stmt"/>
        <line num="50" count="2" type="stmt"/>
        <line num="55" count="1" type="stmt"/>
        <line num="58" count="11" type="stmt"/>
        <line num="61" count="10" type="stmt"/>
        <line num="62" count="16" type="cond" truecount="1" falsecount="0"/>
        <line num="63" count="1" type="stmt"/>
        <line num="65" count="15" type="stmt"/>
        <line num="66" count="32" type="stmt"/>
        <line num="67" count="32" type="stmt"/>
        <line num="69" count="32" type="cond" truecount="4" falsecount="0"/>
        <line num="70" count="28" type="cond" truecount="1" falsecount="0"/>
        <line num="71" count="1" type="stmt"/>
        <line num="75" count="4" type="cond" truecount="3" falsecount="0"/>
        <line num="77" count="4" type="cond" truecount="4" falsecount="0"/>
        <line num="78" count="2" type="cond" truecount="1" falsecount="0"/>
        <line num="79" count="1" type="stmt"/>
        <line num="83" count="2" type="cond" truecount="3" falsecount="0"/>
        <line num="84" count="2" type="stmt"/>
        <line num="86" count="2" type="cond" truecount="1" falsecount="0"/>
        <line num="87" count="1" type="stmt"/>
        <line num="92" count="12" type="stmt"/>
      </file>
      <file name="index.ts" path="/Users/donnie/src/github.com/floodfx/liveviewjs/src/server/templates/index.ts">
        <metrics statements="45" coveredstatements="45" conditionals="17" coveredconditionals="17" methods="12" coveredmethods="12"/>
        <line num="8" count="16" type="stmt"/>
        <line num="19" count="16" type="stmt"/>
        <line num="21" count="16" type="stmt"/>
        <line num="23" count="16" type="cond" truecount="1" falsecount="0"/>
        <line num="24" count="7" type="cond" truecount="1" falsecount="0"/>
        <line num="25" count="1" type="stmt"/>
        <line num="28" count="6" type="stmt"/>
        <line num="31" count="16" type="stmt"/>
        <line num="32" count="34" type="stmt"/>
        <line num="35" count="16" type="stmt"/>
        <line num="36" count="375" type="cond" truecount="1" falsecount="0"/>
        <line num="37" count="54" type="stmt"/>
        <line num="39" count="321" type="cond" truecount="1" falsecount="0"/>
        <line num="40" count="1" type="stmt"/>
        <line num="42" count="320" type="stmt"/>
        <line num="59" count="16" type="stmt"/>
        <line num="62" count="288" type="stmt"/>
        <line num="66" count="288" type="stmt"/>
        <line num="67" count="288" type="stmt"/>
        <line num="68" count="288" type="stmt"/>
        <line num="73" count="168" type="cond" truecount="1" falsecount="0"/>
        <line num="74" count="55" type="cond" truecount="1" falsecount="0"/>
        <line num="75" count="1" type="stmt"/>
        <line num="83" count="54" type="stmt"/>
        <line num="89" count="113" type="stmt"/>
        <line num="90" count="178" type="cond" truecount="2" falsecount="0"/>
        <line num="92" count="44" type="cond" truecount="2" falsecount="0"/>
        <line num="97" count="15" type="stmt"/>
        <line num="104" count="29" type="stmt"/>
        <line num="109" count="134" type="cond" truecount="2" falsecount="0"/>
        <line num="111" count="7" type="cond" truecount="2" falsecount="0"/>
        <line num="112" count="2" type="stmt"/>
        <line num="119" count="5" type="stmt"/>
        <line num="121" count="14" type="stmt"/>
        <line num="124" count="14" type="stmt"/>
        <line num="125" count="5" type="stmt"/>
        <line num="132" count="127" type="stmt"/>
        <line num="139" count="113" type="cond" truecount="1" falsecount="0"/>
        <line num="140" count="99" type="stmt"/>
        <line num="142" count="113" type="stmt"/>
        <line num="146" count="117" type="stmt"/>
        <line num="147" count="246" type="stmt"/>
        <line num="148" count="246" type="stmt"/>
        <line num="153" count="16" type="stmt"/>
        <line num="154" count="230" type="stmt"/>
      </file>
    </package>
    <package name="server.templates.helpers">
      <metrics statements="65" coveredstatements="65" conditionals="112" coveredconditionals="108" methods="16" coveredmethods="16"/>
      <file name="form_for.ts" path="/Users/donnie/src/github.com/floodfx/liveviewjs/src/server/templates/helpers/form_for.ts">
        <metrics statements="7" coveredstatements="7" conditionals="26" coveredconditionals="25" methods="1" coveredmethods="1"/>
        <line num="1" count="12" type="stmt"/>
        <line num="11" count="12" type="stmt"/>
        <line num="12" count="5" type="cond" truecount="7" falsecount="1"/>
        <line num="13" count="5" type="cond" truecount="6" falsecount="0"/>
        <line num="14" count="5" type="cond" truecount="6" falsecount="0"/>
        <line num="15" count="5" type="cond" truecount="6" falsecount="0"/>
        <line num="17" count="5" type="stmt"/>
      </file>
      <file name="index.ts" path="/Users/donnie/src/github.com/floodfx/liveviewjs/src/server/templates/helpers/index.ts">
        <metrics statements="6" coveredstatements="6" conditionals="0" coveredconditionals="0" methods="0" coveredmethods="0"/>
        <line num="1" count="11" type="stmt"/>
        <line num="2" count="11" type="stmt"/>
        <line num="3" count="11" type="stmt"/>
        <line num="4" count="11" type="stmt"/>
        <line num="5" count="11" type="stmt"/>
        <line num="6" count="11" type="stmt"/>
      </file>
      <file name="inputs.ts" path="/Users/donnie/src/github.com/floodfx/liveviewjs/src/server/templates/helpers/inputs.ts">
        <metrics statements="18" coveredstatements="18" conditionals="49" coveredconditionals="46" methods="3" coveredmethods="3"/>
        <line num="1" count="11" type="stmt"/>
        <line num="12" count="11" type="stmt"/>
        <line num="13" count="6" type="cond" truecount="6" falsecount="0"/>
        <line num="14" count="6" type="cond" truecount="6" falsecount="0"/>
        <line num="15" count="6" type="cond" truecount="6" falsecount="0"/>
        <line num="16" count="6" type="cond" truecount="5" falsecount="1"/>
        <line num="17" count="6" type="cond" truecount="8" falsecount="0"/>
        <line num="18" count="6" type="stmt"/>
        <line num="19" count="6" type="cond" truecount="3" falsecount="1"/>
        <line num="21" count="6" type="stmt"/>
        <line num="26" count="11" type="stmt"/>
        <line num="27" count="1" type="stmt"/>
        <line num="34" count="11" type="stmt"/>
        <line num="35" count="3" type="cond" truecount="1" falsecount="1"/>
        <line num="36" count="3" type="cond" truecount="3" falsecount="0"/>
        <line num="37" count="2" type="cond" truecount="8" falsecount="0"/>
        <line num="38" count="2" type="stmt"/>
        <line num="40" count="1" type="stmt"/>
      </file>
      <file name="live_patch.ts" path="/Users/donnie/src/github.com/floodfx/liveviewjs/src/server/templates/helpers/live_patch.ts">
        <metrics statements="8" coveredstatements="8" conditionals="4" coveredconditionals="4" methods="2" coveredmethods="2"/>
        <line num="1" count="12" type="stmt"/>
        <line num="12" count="3" type="stmt"/>
        <line num="13" count="3" type="stmt"/>
        <line num="14" count="3" type="cond" truecount="2" falsecount="0"/>
        <line num="15" count="2" type="stmt"/>
        <line num="17" count="1" type="stmt"/>
        <line num="21" count="12" type="stmt"/>
        <line num="26" count="3" type="cond" truecount="2" falsecount="0"/>
      </file>
      <file name="live_title_tag.ts" path="/Users/donnie/src/github.com/floodfx/liveviewjs/src/server/templates/helpers/live_title_tag.ts">
        <metrics statements="6" coveredstatements="6" conditionals="16" coveredconditionals="16" methods="1" coveredmethods="1"/>
        <line num="1" count="12" type="stmt"/>
        <line num="8" count="12" type="stmt"/>
        <line num="9" count="11" type="cond" truecount="4" falsecount="0"/>
        <line num="10" count="11" type="cond" truecount="2" falsecount="0"/>
        <line num="11" count="11" type="cond" truecount="2" falsecount="0"/>
        <line num="12" count="11" type="cond" truecount="8" falsecount="0"/>
      </file>
      <file name="options_for_select.ts" path="/Users/donnie/src/github.com/floodfx/liveviewjs/src/server/templates/helpers/options_for_select.ts">
        <metrics statements="16" coveredstatements="16" conditionals="11" coveredconditionals="11" methods="8" coveredmethods="8"/>
        <line num="1" count="11" type="stmt"/>
        <line num="7" count="11" type="stmt"/>
        <line num="9" count="5" type="cond" truecount="4" falsecount="0"/>
        <line num="10" count="2" type="stmt"/>
        <line num="11" count="2" type="stmt"/>
        <line num="15" count="3" type="stmt"/>
        <line num="16" count="3" type="stmt"/>
        <line num="21" count="2" type="stmt"/>
        <line num="22" count="6" type="stmt"/>
        <line num="31" count="3" type="stmt"/>
        <line num="32" count="9" type="stmt"/>
        <line num="41" count="9" type="cond" truecount="1" falsecount="0"/>
        <line num="42" count="3" type="stmt"/>
        <line num="44" count="6" type="stmt"/>
        <line num="48" count="5" type="stmt"/>
        <line num="53" count="15" type="cond" truecount="2" falsecount="0"/>
      </file>
      <file name="submit.ts" path="/Users/donnie/src/github.com/floodfx/liveviewjs/src/server/templates/helpers/submit.ts">
        <metrics statements="4" coveredstatements="4" conditionals="6" coveredconditionals="6" methods="1" coveredmethods="1"/>
        <line num="1" count="12" type="stmt"/>
        <line num="7" count="12" type="stmt"/>
        <line num="8" count="2" type="cond" truecount="6" falsecount="0"/>
        <line num="10" count="2" type="stmt"/>
      </file>
    </package>
  </project>
</coverage>
