{"/Users/donnie/src/github.com/floodfx/liveviewjs/src/server/templates/index.ts": {"path":"/Users/donnie/src/github.com/floodfx/liveviewjs/src/server/templates/index.ts","statementMap":{"0":{"start":{"line":8,"column":4},"end":{"line":17,"column":null}},"1":{"start":{"line":19,"column":16},"end":{"line":19,"column":56}},"2":{"start":{"line":21,"column":18},"end":{"line":21,"column":66}},"3":{"start":{"line":24,"column":2},"end":{"line":26,"column":null}},"4":{"start":{"line":25,"column":4},"end":{"line":25,"column":null}},"5":{"start":{"line":27,"column":2},"end":{"line":29,"column":null}},"6":{"start":{"line":28,"column":4},"end":{"line":28,"column":null}},"7":{"start":{"line":31,"column":2},"end":{"line":31,"column":null}},"8":{"start":{"line":23,"column":0},"end":{"line":23,"column":16}},"9":{"start":{"line":35,"column":2},"end":{"line":37,"column":null}},"10":{"start":{"line":36,"column":4},"end":{"line":36,"column":null}},"11":{"start":{"line":38,"column":2},"end":{"line":40,"column":null}},"12":{"start":{"line":39,"column":4},"end":{"line":39,"column":null}},"13":{"start":{"line":41,"column":2},"end":{"line":41,"column":null}},"14":{"start":{"line":41,"column":53},"end":{"line":41,"column":67}},"15":{"start":{"line":50,"column":4},"end":{"line":50,"column":null}},"16":{"start":{"line":51,"column":4},"end":{"line":51,"column":null}},"17":{"start":{"line":55,"column":4},"end":{"line":64,"column":null}},"18":{"start":{"line":56,"column":6},"end":{"line":58,"column":null}},"19":{"start":{"line":57,"column":8},"end":{"line":57,"column":null}},"20":{"start":{"line":59,"column":6},"end":{"line":61,"column":null}},"21":{"start":{"line":60,"column":8},"end":{"line":60,"column":null}},"22":{"start":{"line":63,"column":6},"end":{"line":63,"column":null}},"23":{"start":{"line":69,"column":4},"end":{"line":73,"column":null}},"24":{"start":{"line":70,"column":6},"end":{"line":72,"column":null}},"25":{"start":{"line":75,"column":18},"end":{"line":106,"column":40}},"26":{"start":{"line":76,"column":6},"end":{"line":105,"column":null}},"27":{"start":{"line":77,"column":8},"end":{"line":80,"column":null}},"28":{"start":{"line":81,"column":13},"end":{"line":105,"column":null}},"29":{"start":{"line":83,"column":8},"end":{"line":99,"column":null}},"30":{"start":{"line":84,"column":10},"end":{"line":87,"column":null}},"31":{"start":{"line":91,"column":20},"end":{"line":91,"column":67}},"32":{"start":{"line":91,"column":33},"end":{"line":91,"column":66}},"33":{"start":{"line":94,"column":20},"end":{"line":94,"column":46}},"34":{"start":{"line":94,"column":33},"end":{"line":94,"column":42}},"35":{"start":{"line":95,"column":10},"end":{"line":98,"column":null}},"36":{"start":{"line":101,"column":8},"end":{"line":104,"column":null}},"37":{"start":{"line":108,"column":4},"end":{"line":110,"column":null}},"38":{"start":{"line":109,"column":6},"end":{"line":109,"column":32}},"39":{"start":{"line":111,"column":4},"end":{"line":111,"column":null}},"40":{"start":{"line":115,"column":4},"end":{"line":118,"column":null}},"41":{"start":{"line":116,"column":16},"end":{"line":116,"column":37}},"42":{"start":{"line":117,"column":6},"end":{"line":117,"column":null}},"43":{"start":{"line":44,"column":0},"end":{"line":44,"column":13}},"44":{"start":{"line":124,"column":2},"end":{"line":124,"column":null}},"45":{"start":{"line":123,"column":0},"end":{"line":123,"column":24}}},"fnMap":{"0":{"name":"join","decl":{"start":{"line":23,"column":16},"end":{"line":23,"column":20}},"loc":{"start":{"line":23,"column":91},"end":{"line":32,"column":1}}},"1":{"name":"escapehtml","decl":{"start":{"line":34,"column":9},"end":{"line":34,"column":19}},"loc":{"start":{"line":34,"column":35},"end":{"line":42,"column":1}}},"2":{"name":"(anonymous_2)","decl":{"start":{"line":41,"column":43},"end":{"line":41,"column":44}},"loc":{"start":{"line":41,"column":53},"end":{"line":41,"column":67}}},"3":{"name":"(anonymous_3)","decl":{"start":{"line":49,"column":2},"end":{"line":49,"column":14}},"loc":{"start":{"line":49,"column":70},"end":{"line":52,"column":3}}},"4":{"name":"(anonymous_4)","decl":{"start":{"line":54,"column":2},"end":{"line":54,"column":6}},"loc":{"start":{"line":54,"column":14},"end":{"line":65,"column":3}}},"5":{"name":"(anonymous_5)","decl":{"start":{"line":55,"column":30},"end":{"line":55,"column":31}},"loc":{"start":{"line":55,"column":36},"end":{"line":64,"column":5}}},"6":{"name":"(anonymous_6)","decl":{"start":{"line":67,"column":2},"end":{"line":67,"column":11}},"loc":{"start":{"line":67,"column":42},"end":{"line":112,"column":3}}},"7":{"name":"(anonymous_7)","decl":{"start":{"line":75,"column":40},"end":{"line":75,"column":41}},"loc":{"start":{"line":75,"column":105},"end":{"line":106,"column":5}}},"8":{"name":"(anonymous_8)","decl":{"start":{"line":91,"column":28},"end":{"line":91,"column":29}},"loc":{"start":{"line":91,"column":33},"end":{"line":91,"column":66}}},"9":{"name":"(anonymous_9)","decl":{"start":{"line":94,"column":28},"end":{"line":94,"column":29}},"loc":{"start":{"line":94,"column":33},"end":{"line":94,"column":42}}},"10":{"name":"(anonymous_10)","decl":{"start":{"line":114,"column":2},"end":{"line":114,"column":10}},"loc":{"start":{"line":114,"column":10},"end":{"line":119,"column":3}}},"11":{"name":"(anonymous_11)","decl":{"start":{"line":115,"column":31},"end":{"line":115,"column":32}},"loc":{"start":{"line":115,"column":48},"end":{"line":118,"column":5}}},"12":{"name":"escapeHtml","decl":{"start":{"line":123,"column":24},"end":{"line":123,"column":34}},"loc":{"start":{"line":123,"column":88},"end":{"line":125,"column":1}}}},"branchMap":{"0":{"loc":{"start":{"line":24,"column":2},"end":{"line":26,"column":null}},"type":"if","locations":[{"start":{"line":24,"column":2},"end":{"line":26,"column":null}}]},"1":{"loc":{"start":{"line":24,"column":6},"end":{"line":24,"column":51}},"type":"binary-expr","locations":[{"start":{"line":24,"column":6},"end":{"line":24,"column":29}},{"start":{"line":24,"column":33},"end":{"line":24,"column":51}}]},"2":{"loc":{"start":{"line":27,"column":2},"end":{"line":29,"column":null}},"type":"if","locations":[{"start":{"line":27,"column":2},"end":{"line":29,"column":null}}]},"3":{"loc":{"start":{"line":35,"column":2},"end":{"line":37,"column":null}},"type":"if","locations":[{"start":{"line":35,"column":2},"end":{"line":37,"column":null}}]},"4":{"loc":{"start":{"line":38,"column":2},"end":{"line":40,"column":null}},"type":"if","locations":[{"start":{"line":38,"column":2},"end":{"line":40,"column":null}}]},"5":{"loc":{"start":{"line":56,"column":6},"end":{"line":58,"column":null}},"type":"if","locations":[{"start":{"line":56,"column":6},"end":{"line":58,"column":null}}]},"6":{"loc":{"start":{"line":59,"column":6},"end":{"line":61,"column":null}},"type":"if","locations":[{"start":{"line":59,"column":6},"end":{"line":61,"column":null}}]},"7":{"loc":{"start":{"line":67,"column":12},"end":{"line":67,"column":42}},"type":"default-arg","locations":[{"start":{"line":67,"column":38},"end":{"line":67,"column":42}}]},"8":{"loc":{"start":{"line":69,"column":4},"end":{"line":73,"column":null}},"type":"if","locations":[{"start":{"line":69,"column":4},"end":{"line":73,"column":null}}]},"9":{"loc":{"start":{"line":76,"column":6},"end":{"line":105,"column":null}},"type":"if","locations":[{"start":{"line":76,"column":6},"end":{"line":105,"column":null}},{"start":{"line":81,"column":13},"end":{"line":105,"column":null}}]},"10":{"loc":{"start":{"line":81,"column":13},"end":{"line":105,"column":null}},"type":"if","locations":[{"start":{"line":81,"column":13},"end":{"line":105,"column":null}},{"start":{"line":100,"column":13},"end":{"line":105,"column":null}}]},"11":{"loc":{"start":{"line":83,"column":8},"end":{"line":99,"column":null}},"type":"if","locations":[{"start":{"line":83,"column":8},"end":{"line":99,"column":null}},{"start":{"line":89,"column":13},"end":{"line":99,"column":null}}]},"12":{"loc":{"start":{"line":108,"column":4},"end":{"line":110,"column":null}},"type":"if","locations":[{"start":{"line":108,"column":4},"end":{"line":110,"column":null}}]}},"s":{"0":1,"1":1,"2":1,"3":0,"4":0,"5":0,"6":0,"7":0,"8":1,"9":2,"10":0,"11":2,"12":0,"13":2,"14":0,"15":2,"16":2,"17":0,"18":0,"19":0,"20":0,"21":0,"22":0,"23":0,"24":0,"25":0,"26":0,"27":0,"28":0,"29":0,"30":0,"31":0,"32":0,"33":0,"34":0,"35":0,"36":0,"37":0,"38":0,"39":0,"40":2,"41":2,"42":2,"43":1,"44":2,"45":1},"f":{"0":0,"1":2,"2":0,"3":2,"4":0,"5":0,"6":0,"7":0,"8":0,"9":0,"10":2,"11":2,"12":2},"b":{"0":[0],"1":[0,0],"2":[0],"3":[0],"4":[0],"5":[0],"6":[0],"7":[0],"8":[0],"9":[0,0],"10":[0,0],"11":[0,0],"12":[0]}}
}
