{"/Users/donnie/src/github.com/floodfx/liveviewjs/src/examples/autocomplete/data.ts": {"path":"/Users/donnie/src/github.com/floodfx/liveviewjs/src/examples/autocomplete/data.ts","statementMap":{"0":{"start":{"line":2,"column":2},"end":{"line":4,"column":null}},"1":{"start":{"line":3,"column":4},"end":{"line":3,"column":14}},"2":{"start":{"line":5,"column":2},"end":{"line":5,"column":90}},"3":{"start":{"line":5,"column":37},"end":{"line":5,"column":88}},"4":{"start":{"line":1,"column":0},"end":{"line":1,"column":16}},"5":{"start":{"line":8,"column":13},"end":{"line":1010,"column":2}}},"fnMap":{"0":{"name":"suggest","decl":{"start":{"line":1,"column":16},"end":{"line":1,"column":23}},"loc":{"start":{"line":1,"column":38},"end":{"line":6,"column":1}}},"1":{"name":"(anonymous_1)","decl":{"start":{"line":5,"column":27},"end":{"line":5,"column":28}},"loc":{"start":{"line":5,"column":37},"end":{"line":5,"column":88}}}},"branchMap":{"0":{"loc":{"start":{"line":2,"column":2},"end":{"line":4,"column":null}},"type":"if","locations":[{"start":{"line":2,"column":2},"end":{"line":4,"column":null}}]}},"s":{"0":2,"1":1,"2":1,"3":1001,"4":1,"5":1},"f":{"0":2,"1":1001},"b":{"0":[1]}}
,"/Users/donnie/src/github.com/floodfx/liveviewjs/src/examples/live-search/data.ts": {"path":"/Users/donnie/src/github.com/floodfx/liveviewjs/src/examples/live-search/data.ts","statementMap":{"0":{"start":{"line":12,"column":2},"end":{"line":12,"column":53}},"1":{"start":{"line":12,"column":34},"end":{"line":12,"column":51}},"2":{"start":{"line":11,"column":0},"end":{"line":11,"column":16}},"3":{"start":{"line":16,"column":2},"end":{"line":16,"column":55}},"4":{"start":{"line":16,"column":34},"end":{"line":16,"column":53}},"5":{"start":{"line":15,"column":0},"end":{"line":15,"column":16}},"6":{"start":{"line":20,"column":2},"end":{"line":20,"column":16}},"7":{"start":{"line":19,"column":0},"end":{"line":19,"column":16}},"8":{"start":{"line":23,"column":24},"end":{"line":87,"column":2}}},"fnMap":{"0":{"name":"searchByZip","decl":{"start":{"line":11,"column":16},"end":{"line":11,"column":27}},"loc":{"start":{"line":11,"column":39},"end":{"line":13,"column":1}}},"1":{"name":"(anonymous_1)","decl":{"start":{"line":12,"column":23},"end":{"line":12,"column":24}},"loc":{"start":{"line":12,"column":34},"end":{"line":12,"column":51}}},"2":{"name":"searchByCity","decl":{"start":{"line":15,"column":16},"end":{"line":15,"column":28}},"loc":{"start":{"line":15,"column":41},"end":{"line":17,"column":1}}},"3":{"name":"(anonymous_3)","decl":{"start":{"line":16,"column":23},"end":{"line":16,"column":24}},"loc":{"start":{"line":16,"column":34},"end":{"line":16,"column":53}}},"4":{"name":"listStores","decl":{"start":{"line":19,"column":16},"end":{"line":19,"column":26}},"loc":{"start":{"line":19,"column":26},"end":{"line":21,"column":1}}}},"branchMap":{},"s":{"0":1,"1":7,"2":1,"3":1,"4":7,"5":1,"6":1,"7":1,"8":1},"f":{"0":1,"1":7,"2":1,"3":7,"4":1},"b":{}}
,"/Users/donnie/src/github.com/floodfx/liveviewjs/src/examples/volunteers/data.ts": {"path":"/Users/donnie/src/github.com/floodfx/liveviewjs/src/examples/volunteers/data.ts","statementMap":{"0":{"start":{"line":1,"column":0},"end":{"line":1,"column":32}},"1":{"start":{"line":2,"column":0},"end":{"line":2,"column":24}},"2":{"start":{"line":3,"column":0},"end":{"line":3,"column":71}},"3":{"start":{"line":5,"column":0},"end":{"line":5,"column":65}},"4":{"start":{"line":7,"column":19},"end":{"line":7,"column":52}},"5":{"start":{"line":11,"column":13},"end":{"line":16,"column":3}},"6":{"start":{"line":22,"column":46},"end":{"line":22,"column":48}},"7":{"start":{"line":24,"column":30},"end":{"line":26,"column":1}},"8":{"start":{"line":25,"column":2},"end":{"line":25,"column":35}},"9":{"start":{"line":24,"column":13},"end":{"line":24,"column":30}},"10":{"start":{"line":28,"column":28},"end":{"line":30,"column":1}},"11":{"start":{"line":29,"column":2},"end":{"line":29,"column":24}},"12":{"start":{"line":28,"column":13},"end":{"line":28,"column":28}},"13":{"start":{"line":32,"column":13},"end":{"line":32,"column":73}},"14":{"start":{"line":34,"column":31},"end":{"line":42,"column":1}},"15":{"start":{"line":35,"column":17},"end":{"line":35,"column":54}},"16":{"start":{"line":36,"column":2},"end":{"line":40,"column":null}},"17":{"start":{"line":37,"column":22},"end":{"line":37,"column":46}},"18":{"start":{"line":38,"column":4},"end":{"line":38,"column":41}},"19":{"start":{"line":39,"column":4},"end":{"line":39,"column":46}},"20":{"start":{"line":41,"column":2},"end":{"line":41,"column":16}},"21":{"start":{"line":34,"column":13},"end":{"line":34,"column":31}},"22":{"start":{"line":44,"column":31},"end":{"line":55,"column":1}},"23":{"start":{"line":48,"column":17},"end":{"line":48,"column":63}},"24":{"start":{"line":49,"column":2},"end":{"line":53,"column":null}},"25":{"start":{"line":50,"column":22},"end":{"line":50,"column":46}},"26":{"start":{"line":51,"column":4},"end":{"line":51,"column":41}},"27":{"start":{"line":52,"column":4},"end":{"line":52,"column":46}},"28":{"start":{"line":54,"column":2},"end":{"line":54,"column":16}},"29":{"start":{"line":44,"column":13},"end":{"line":44,"column":31}},"30":{"start":{"line":58,"column":2},"end":{"line":58,"column":39}}},"fnMap":{"0":{"name":"(anonymous_0)","decl":{"start":{"line":24,"column":30},"end":{"line":24,"column":46}},"loc":{"start":{"line":24,"column":48},"end":{"line":26,"column":1}}},"1":{"name":"(anonymous_1)","decl":{"start":{"line":28,"column":28},"end":{"line":28,"column":29}},"loc":{"start":{"line":28,"column":66},"end":{"line":30,"column":1}}},"2":{"name":"(anonymous_2)","decl":{"start":{"line":34,"column":31},"end":{"line":34,"column":32}},"loc":{"start":{"line":34,"column":98},"end":{"line":42,"column":1}}},"3":{"name":"(anonymous_3)","decl":{"start":{"line":44,"column":31},"end":{"line":44,"column":null}},"loc":{"start":{"line":47,"column":34},"end":{"line":55,"column":1}}},"4":{"name":"broadcast","decl":{"start":{"line":57,"column":9},"end":{"line":57,"column":18}},"loc":{"start":{"line":57,"column":48},"end":{"line":59,"column":1}}}},"branchMap":{"0":{"loc":{"start":{"line":36,"column":2},"end":{"line":40,"column":null}},"type":"if","locations":[{"start":{"line":36,"column":2},"end":{"line":40,"column":null}}]},"1":{"loc":{"start":{"line":49,"column":2},"end":{"line":53,"column":null}},"type":"if","locations":[{"start":{"line":49,"column":2},"end":{"line":53,"column":null}}]}},"s":{"0":1,"1":1,"2":1,"3":1,"4":1,"5":1,"6":1,"7":1,"8":10,"9":1,"10":1,"11":5,"12":1,"13":1,"14":1,"15":4,"16":4,"17":3,"18":3,"19":3,"20":4,"21":1,"22":1,"23":2,"24":2,"25":1,"26":1,"27":1,"28":2,"29":1,"30":4},"f":{"0":10,"1":5,"2":4,"3":2,"4":4},"b":{"0":[3],"1":[1]}}
,"/Users/donnie/src/github.com/floodfx/liveviewjs/src/server/index.ts": {"path":"/Users/donnie/src/github.com/floodfx/liveviewjs/src/server/index.ts","statementMap":{"0":{"start":{"line":1,"column":0},"end":{"line":1,"column":28}},"1":{"start":{"line":2,"column":0},"end":{"line":2,"column":34}},"2":{"start":{"line":3,"column":0},"end":{"line":3,"column":35}},"3":{"start":{"line":4,"column":0},"end":{"line":4,"column":37}},"4":{"start":{"line":5,"column":0},"end":{"line":5,"column":28}},"5":{"start":{"line":6,"column":0},"end":{"line":6,"column":33}},"6":{"start":{"line":7,"column":0},"end":{"line":7,"column":36}}},"fnMap":{},"branchMap":{},"s":{"0":9,"1":9,"2":9,"3":9,"4":9,"5":9,"6":9},"f":{},"b":{}}
,"/Users/donnie/src/github.com/floodfx/liveviewjs/src/server/live_view_route.ts": {"path":"/Users/donnie/src/github.com/floodfx/liveviewjs/src/server/live_view_route.ts","statementMap":{"0":{"start":{"line":2,"column":0},"end":{"line":2,"column":31}},"1":{"start":{"line":3,"column":0},"end":{"line":3,"column":32}},"2":{"start":{"line":5,"column":0},"end":{"line":5,"column":null}},"3":{"start":{"line":12,"column":0},"end":{"line":12,"column":58}},"4":{"start":{"line":16,"column":18},"end":{"line":16,"column":26}},"5":{"start":{"line":18,"column":37},"end":{"line":100,"column":1}},"6":{"start":{"line":26,"column":2},"end":{"line":99,"column":4}},"7":{"start":{"line":30,"column":25},"end":{"line":30,"column":33}},"8":{"start":{"line":33,"column":29},"end":{"line":33,"column":80}},"9":{"start":{"line":36,"column":22},"end":{"line":36,"column":46}},"10":{"start":{"line":39,"column":6},"end":{"line":46,"column":8}},"11":{"start":{"line":49,"column":6},"end":{"line":49,"column":71}},"12":{"start":{"line":52,"column":24},"end":{"line":52,"column":46}},"13":{"start":{"line":53,"column":19},"end":{"line":53,"column":20}},"14":{"start":{"line":54,"column":19},"end":{"line":84,"column":8}},"15":{"start":{"line":61,"column":10},"end":{"line":61,"column":32}},"16":{"start":{"line":62,"column":10},"end":{"line":62,"column":27}},"17":{"start":{"line":65,"column":27},"end":{"line":67,"column":null}},"18":{"start":{"line":71,"column":10},"end":{"line":71,"column":34}},"19":{"start":{"line":74,"column":10},"end":{"line":74,"column":46}},"20":{"start":{"line":75,"column":10},"end":{"line":75,"column":47}},"21":{"start":{"line":78,"column":28},"end":{"line":78,"column":44}},"22":{"start":{"line":79,"column":26},"end":{"line":79,"column":83}},"23":{"start":{"line":80,"column":10},"end":{"line":80,"column":19}},"24":{"start":{"line":82,"column":10},"end":{"line":82,"column":25}},"25":{"start":{"line":87,"column":6},"end":{"line":97,"column":9}},"26":{"start":{"line":18,"column":13},"end":{"line":18,"column":37}}},"fnMap":{"0":{"name":"(anonymous_1)","decl":{"start":{"line":16,"column":18},"end":{"line":16,"column":21}},"loc":{"start":{"line":16,"column":23},"end":{"line":16,"column":26}}},"1":{"name":"(anonymous_2)","decl":{"start":{"line":18,"column":37},"end":{"line":18,"column":null}},"loc":{"start":{"line":25,"column":82},"end":{"line":100,"column":1}}},"2":{"name":"(anonymous_3)","decl":{"start":{"line":28,"column":4},"end":{"line":28,"column":9}},"loc":{"start":{"line":28,"column":62},"end":{"line":98,"column":5}}},"3":{"name":"(anonymous_4)","decl":{"start":{"line":56,"column":8},"end":{"line":56,"column":13}},"loc":{"start":{"line":58,"column":74},"end":{"line":83,"column":9}}}},"branchMap":{"0":{"loc":{"start":{"line":61,"column":19},"end":{"line":61,"column":31}},"type":"cond-expr","locations":[{"start":{"line":61,"column":19},"end":{"line":61,"column":25}},{"start":{"line":61,"column":29},"end":{"line":61,"column":31}}]},"1":{"loc":{"start":{"line":61,"column":19},"end":{"line":61,"column":29}},"type":"binary-expr","locations":[{"start":{"line":61,"column":19},"end":{"line":61,"column":29}},{"start":{"line":61,"column":19},"end":{"line":61,"column":29}}]},"2":{"loc":{"start":{"line":88,"column":20},"end":{"line":88,"column":50}},"type":"cond-expr","locations":[{"start":{"line":88,"column":44},"end":{"line":88,"column":48}},{"start":{"line":88,"column":48},"end":{"line":88,"column":50}}]},"3":{"loc":{"start":{"line":88,"column":20},"end":{"line":88,"column":48}},"type":"binary-expr","locations":[{"start":{"line":88,"column":20},"end":{"line":88,"column":48}},{"start":{"line":88,"column":44},"end":{"line":88,"column":48}}]},"4":{"loc":{"start":{"line":88,"column":20},"end":{"line":88,"column":44}},"type":"cond-expr","locations":[{"start":{"line":88,"column":37},"end":{"line":88,"column":39}},{"start":{"line":88,"column":20},"end":{"line":88,"column":44}}]},"5":{"loc":{"start":{"line":88,"column":20},"end":{"line":88,"column":39}},"type":"binary-expr","locations":[{"start":{"line":88,"column":20},"end":{"line":88,"column":39}},{"start":{"line":88,"column":20},"end":{"line":88,"column":39}}]},"6":{"loc":{"start":{"line":89,"column":27},"end":{"line":89,"column":52}},"type":"cond-expr","locations":[{"start":{"line":89,"column":44},"end":{"line":89,"column":46}},{"start":{"line":89,"column":27},"end":{"line":89,"column":52}}]},"7":{"loc":{"start":{"line":89,"column":27},"end":{"line":89,"column":46}},"type":"binary-expr","locations":[{"start":{"line":89,"column":27},"end":{"line":89,"column":46}},{"start":{"line":89,"column":27},"end":{"line":89,"column":46}}]},"8":{"loc":{"start":{"line":90,"column":27},"end":{"line":90,"column":52}},"type":"cond-expr","locations":[{"start":{"line":90,"column":44},"end":{"line":90,"column":46}},{"start":{"line":90,"column":27},"end":{"line":90,"column":52}}]},"9":{"loc":{"start":{"line":90,"column":27},"end":{"line":90,"column":46}},"type":"binary-expr","locations":[{"start":{"line":90,"column":27},"end":{"line":90,"column":46}},{"start":{"line":90,"column":27},"end":{"line":90,"column":46}}]}},"s":{"0":9,"1":9,"2":9,"3":9,"4":9,"5":9,"6":2,"7":2,"8":2,"9":2,"10":2,"11":2,"12":2,"13":2,"14":2,"15":2,"16":2,"17":2,"18":2,"19":2,"20":2,"21":2,"22":2,"23":2,"24":2,"25":2,"26":9},"f":{"0":0,"1":2,"2":2,"3":2},"b":{"0":[1,1],"1":[2,2],"2":[1,1],"3":[2,2],"4":[1,1],"5":[2,2],"6":[1,1],"7":[2,2],"8":[1,1],"9":[2,2]}}
,"/Users/donnie/src/github.com/floodfx/liveviewjs/src/server/live_view_server.ts": {"path":"/Users/donnie/src/github.com/floodfx/liveviewjs/src/server/live_view_server.ts","statementMap":{"0":{"start":{"line":1,"column":0},"end":{"line":1,"column":30}},"1":{"start":{"line":2,"column":0},"end":{"line":2,"column":68}},"2":{"start":{"line":3,"column":0},"end":{"line":3,"column":30}},"3":{"start":{"line":4,"column":0},"end":{"line":4,"column":31}},"4":{"start":{"line":5,"column":0},"end":{"line":5,"column":32}},"5":{"start":{"line":6,"column":0},"end":{"line":6,"column":24}},"6":{"start":{"line":7,"column":0},"end":{"line":7,"column":27}},"7":{"start":{"line":8,"column":0},"end":{"line":8,"column":61}},"8":{"start":{"line":9,"column":0},"end":{"line":9,"column":null}},"9":{"start":{"line":16,"column":0},"end":{"line":16,"column":42}},"10":{"start":{"line":17,"column":0},"end":{"line":17,"column":58}},"11":{"start":{"line":18,"column":0},"end":{"line":18,"column":56}},"12":{"start":{"line":19,"column":0},"end":{"line":19,"column":57}},"13":{"start":{"line":20,"column":0},"end":{"line":20,"column":60}},"14":{"start":{"line":48,"column":26},"end":{"line":48,"column":62}},"15":{"start":{"line":51,"column":10},"end":{"line":51,"column":30}},"16":{"start":{"line":52,"column":10},"end":{"line":52,"column":45}},"17":{"start":{"line":54,"column":10},"end":{"line":54,"column":68}},"18":{"start":{"line":57,"column":10},"end":{"line":57,"column":58}},"19":{"start":{"line":58,"column":10},"end":{"line":58,"column":39}},"20":{"start":{"line":60,"column":10},"end":{"line":60,"column":29}},"21":{"start":{"line":62,"column":10},"end":{"line":62,"column":45}},"22":{"start":{"line":70,"column":4},"end":{"line":70,"column":42}},"23":{"start":{"line":71,"column":4},"end":{"line":71,"column":54}},"24":{"start":{"line":72,"column":4},"end":{"line":72,"column":60}},"25":{"start":{"line":73,"column":4},"end":{"line":73,"column":102}},"26":{"start":{"line":74,"column":4},"end":{"line":74,"column":66}},"27":{"start":{"line":75,"column":4},"end":{"line":75,"column":60}},"28":{"start":{"line":76,"column":4},"end":{"line":76,"column":47}},"29":{"start":{"line":77,"column":4},"end":{"line":77,"column":35}},"30":{"start":{"line":78,"column":4},"end":{"line":80,"column":7}},"31":{"start":{"line":81,"column":4},"end":{"line":81,"column":55}},"32":{"start":{"line":82,"column":4},"end":{"line":82,"column":61}},"33":{"start":{"line":83,"column":4},"end":{"line":83,"column":70}},"34":{"start":{"line":84,"column":4},"end":{"line":84,"column":45}},"35":{"start":{"line":88,"column":4},"end":{"line":88,"column":24}},"36":{"start":{"line":92,"column":4},"end":{"line":92,"column":27}},"37":{"start":{"line":96,"column":4},"end":{"line":96,"column":50}},"38":{"start":{"line":100,"column":4},"end":{"line":100,"column":35}},"39":{"start":{"line":104,"column":4},"end":{"line":109,"column":null}},"40":{"start":{"line":105,"column":6},"end":{"line":105,"column":53}},"41":{"start":{"line":106,"column":6},"end":{"line":106,"column":13}},"42":{"start":{"line":108,"column":6},"end":{"line":108,"column":29}},"43":{"start":{"line":112,"column":4},"end":{"line":112,"column":51}},"44":{"start":{"line":115,"column":4},"end":{"line":124,"column":7}},"45":{"start":{"line":116,"column":27},"end":{"line":116,"column":35}},"46":{"start":{"line":118,"column":6},"end":{"line":120,"column":9}},"47":{"start":{"line":119,"column":8},"end":{"line":119,"column":108}},"48":{"start":{"line":121,"column":6},"end":{"line":123,"column":9}},"49":{"start":{"line":122,"column":8},"end":{"line":122,"column":61}},"50":{"start":{"line":126,"column":4},"end":{"line":128,"column":7}},"51":{"start":{"line":127,"column":6},"end":{"line":127,"column":70}},"52":{"start":{"line":132,"column":4},"end":{"line":137,"column":null}},"53":{"start":{"line":133,"column":6},"end":{"line":133,"column":53}},"54":{"start":{"line":134,"column":6},"end":{"line":134,"column":13}},"55":{"start":{"line":136,"column":6},"end":{"line":136,"column":30}},"56":{"start":{"line":138,"column":4},"end":{"line":138,"column":30}},"57":{"start":{"line":139,"column":4},"end":{"line":139,"column":28}},"58":{"start":{"line":143,"column":16},"end":{"line":143,"column":25}},"59":{"start":{"line":146,"column":22},"end":{"line":146,"column":30}},"60":{"start":{"line":148,"column":4},"end":{"line":148,"column":45}},"61":{"start":{"line":150,"column":4},"end":{"line":150,"column":34}},"62":{"start":{"line":151,"column":4},"end":{"line":151,"column":37}},"63":{"start":{"line":154,"column":4},"end":{"line":163,"column":6}},"64":{"start":{"line":166,"column":4},"end":{"line":168,"column":null}},"65":{"start":{"line":167,"column":6},"end":{"line":167,"column":26}},"66":{"start":{"line":171,"column":4},"end":{"line":171,"column":47}},"67":{"start":{"line":172,"column":4},"end":{"line":172,"column":39}},"68":{"start":{"line":175,"column":4},"end":{"line":290,"column":7}},"69":{"start":{"line":176,"column":6},"end":{"line":289,"column":null}},"70":{"start":{"line":177,"column":25},"end":{"line":177,"column":33}},"71":{"start":{"line":180,"column":27},"end":{"line":180,"column":35}},"72":{"start":{"line":183,"column":26},"end":{"line":183,"column":48}},"73":{"start":{"line":184,"column":8},"end":{"line":189,"column":null}},"74":{"start":{"line":187,"column":10},"end":{"line":187,"column":17}},"75":{"start":{"line":188,"column":10},"end":{"line":188,"column":17}},"76":{"start":{"line":192,"column":8},"end":{"line":194,"column":null}},"77":{"start":{"line":193,"column":10},"end":{"line":193,"column":43}},"78":{"start":{"line":196,"column":8},"end":{"line":202,"column":null}},"79":{"start":{"line":198,"column":10},"end":{"line":198,"column":42}},"80":{"start":{"line":201,"column":10},"end":{"line":201,"column":81}},"81":{"start":{"line":205,"column":31},"end":{"line":205,"column":82}},"82":{"start":{"line":208,"column":8},"end":{"line":208,"column":119}},"83":{"start":{"line":211,"column":8},"end":{"line":215,"column":null}},"84":{"start":{"line":212,"column":10},"end":{"line":212,"column":65}},"85":{"start":{"line":213,"column":10},"end":{"line":213,"column":51}},"86":{"start":{"line":214,"column":10},"end":{"line":214,"column":17}},"87":{"start":{"line":218,"column":8},"end":{"line":218,"column":73}},"88":{"start":{"line":221,"column":8},"end":{"line":225,"column":null}},"89":{"start":{"line":222,"column":25},"end":{"line":222,"column":48}},"90":{"start":{"line":223,"column":10},"end":{"line":223,"column":27}},"91":{"start":{"line":224,"column":10},"end":{"line":224,"column":17}},"92":{"start":{"line":228,"column":26},"end":{"line":228,"column":48}},"93":{"start":{"line":231,"column":21},"end":{"line":231,"column":22}},"94":{"start":{"line":232,"column":21},"end":{"line":262,"column":10}},"95":{"start":{"line":239,"column":12},"end":{"line":239,"column":34}},"96":{"start":{"line":240,"column":12},"end":{"line":240,"column":29}},"97":{"start":{"line":243,"column":29},"end":{"line":245,"column":null}},"98":{"start":{"line":249,"column":12},"end":{"line":249,"column":36}},"99":{"start":{"line":252,"column":12},"end":{"line":252,"column":48}},"100":{"start":{"line":253,"column":12},"end":{"line":253,"column":49}},"101":{"start":{"line":256,"column":30},"end":{"line":256,"column":46}},"102":{"start":{"line":257,"column":28},"end":{"line":257,"column":85}},"103":{"start":{"line":258,"column":12},"end":{"line":258,"column":21}},"104":{"start":{"line":260,"column":12},"end":{"line":260,"column":27}},"105":{"start":{"line":264,"column":24},"end":{"line":264,"column":72}},"106":{"start":{"line":265,"column":24},"end":{"line":265,"column":82}},"107":{"start":{"line":267,"column":49},"end":{"line":267,"column":59}},"108":{"start":{"line":268,"column":8},"end":{"line":270,"column":null}},"109":{"start":{"line":269,"column":10},"end":{"line":269,"column":97}},"110":{"start":{"line":272,"column":35},"end":{"line":276,"column":10}},"111":{"start":{"line":279,"column":8},"end":{"line":285,"column":11}},"112":{"start":{"line":287,"column":8},"end":{"line":287,"column":25}},"113":{"start":{"line":288,"column":8},"end":{"line":288,"column":16}},"114":{"start":{"line":292,"column":4},"end":{"line":292,"column":15}},"115":{"start":{"line":50,"column":0},"end":{"line":50,"column":13}}},"fnMap":{"0":{"name":"(anonymous_7)","decl":{"start":{"line":69,"column":2},"end":{"line":69,"column":14}},"loc":{"start":{"line":69,"column":44},"end":{"line":85,"column":3}}},"1":{"name":"(anonymous_8)","decl":{"start":{"line":87,"column":2},"end":{"line":87,"column":6}},"loc":{"start":{"line":87,"column":12},"end":{"line":89,"column":3}}},"2":{"name":"(anonymous_9)","decl":{"start":{"line":91,"column":2},"end":{"line":91,"column":6}},"loc":{"start":{"line":91,"column":15},"end":{"line":93,"column":3}}},"3":{"name":"(anonymous_10)","decl":{"start":{"line":95,"column":2},"end":{"line":95,"column":24}},"loc":{"start":{"line":95,"column":47},"end":{"line":97,"column":3}}},"4":{"name":"(anonymous_11)","decl":{"start":{"line":99,"column":2},"end":{"line":99,"column":23}},"loc":{"start":{"line":99,"column":83},"end":{"line":101,"column":3}}},"5":{"name":"(anonymous_12)","decl":{"start":{"line":103,"column":2},"end":{"line":103,"column":7}},"loc":{"start":{"line":103,"column":7},"end":{"line":129,"column":3}}},"6":{"name":"(anonymous_13)","decl":{"start":{"line":115,"column":39},"end":{"line":115,"column":40}},"loc":{"start":{"line":115,"column":50},"end":{"line":124,"column":5}}},"7":{"name":"(anonymous_14)","decl":{"start":{"line":118,"column":27},"end":{"line":118,"column":32}},"loc":{"start":{"line":118,"column":45},"end":{"line":120,"column":7}}},"8":{"name":"(anonymous_15)","decl":{"start":{"line":121,"column":25},"end":{"line":121,"column":30}},"loc":{"start":{"line":121,"column":40},"end":{"line":123,"column":7}}},"9":{"name":"(anonymous_16)","decl":{"start":{"line":126,"column":38},"end":{"line":126,"column":41}},"loc":{"start":{"line":126,"column":43},"end":{"line":128,"column":5}}},"10":{"name":"(anonymous_17)","decl":{"start":{"line":131,"column":2},"end":{"line":131,"column":10}},"loc":{"start":{"line":131,"column":10},"end":{"line":140,"column":3}}},"11":{"name":"(anonymous_18)","decl":{"start":{"line":142,"column":10},"end":{"line":142,"column":25}},"loc":{"start":{"line":142,"column":25},"end":{"line":293,"column":3}}},"12":{"name":"(anonymous_19)","decl":{"start":{"line":146,"column":22},"end":{"line":146,"column":25}},"loc":{"start":{"line":146,"column":27},"end":{"line":146,"column":30}}},"13":{"name":"(anonymous_20)","decl":{"start":{"line":175,"column":12},"end":{"line":175,"column":17}},"loc":{"start":{"line":175,"column":37},"end":{"line":290,"column":5}}},"14":{"name":"(anonymous_21)","decl":{"start":{"line":234,"column":10},"end":{"line":234,"column":15}},"loc":{"start":{"line":236,"column":76},"end":{"line":261,"column":11}}}},"branchMap":{"0":{"loc":{"start":{"line":70,"column":16},"end":{"line":70,"column":41}},"type":"cond-expr","locations":[{"start":{"line":70,"column":28},"end":{"line":70,"column":32}},{"start":{"line":70,"column":32},"end":{"line":70,"column":41}}]},"1":{"loc":{"start":{"line":70,"column":16},"end":{"line":70,"column":32}},"type":"binary-expr","locations":[{"start":{"line":70,"column":16},"end":{"line":70,"column":32}},{"start":{"line":70,"column":28},"end":{"line":70,"column":32}}]},"2":{"loc":{"start":{"line":71,"column":20},"end":{"line":71,"column":53}},"type":"cond-expr","locations":[{"start":{"line":71,"column":36},"end":{"line":71,"column":40}},{"start":{"line":71,"column":40},"end":{"line":71,"column":53}}]},"3":{"loc":{"start":{"line":71,"column":20},"end":{"line":71,"column":40}},"type":"binary-expr","locations":[{"start":{"line":71,"column":20},"end":{"line":71,"column":40}},{"start":{"line":71,"column":36},"end":{"line":71,"column":40}}]},"4":{"loc":{"start":{"line":72,"column":22},"end":{"line":72,"column":59}},"type":"cond-expr","locations":[{"start":{"line":72,"column":40},"end":{"line":72,"column":44}},{"start":{"line":72,"column":44},"end":{"line":72,"column":59}}]},"5":{"loc":{"start":{"line":72,"column":22},"end":{"line":72,"column":44}},"type":"binary-expr","locations":[{"start":{"line":72,"column":22},"end":{"line":72,"column":44}},{"start":{"line":72,"column":40},"end":{"line":72,"column":44}}]},"6":{"loc":{"start":{"line":73,"column":21},"end":{"line":73,"column":101}},"type":"cond-expr","locations":[{"start":{"line":73,"column":41},"end":{"line":73,"column":79}},{"start":{"line":73,"column":82},"end":{"line":73,"column":101}}]},"7":{"loc":{"start":{"line":74,"column":24},"end":{"line":74,"column":65}},"type":"cond-expr","locations":[{"start":{"line":74,"column":44},"end":{"line":74,"column":48}},{"start":{"line":74,"column":48},"end":{"line":74,"column":65}}]},"8":{"loc":{"start":{"line":74,"column":24},"end":{"line":74,"column":48}},"type":"binary-expr","locations":[{"start":{"line":74,"column":24},"end":{"line":74,"column":48}},{"start":{"line":74,"column":44},"end":{"line":74,"column":48}}]},"9":{"loc":{"start":{"line":75,"column":22},"end":{"line":75,"column":59}},"type":"cond-expr","locations":[{"start":{"line":75,"column":40},"end":{"line":75,"column":44}},{"start":{"line":75,"column":44},"end":{"line":75,"column":59}}]},"10":{"loc":{"start":{"line":75,"column":22},"end":{"line":75,"column":44}},"type":"binary-expr","locations":[{"start":{"line":75,"column":22},"end":{"line":75,"column":44}},{"start":{"line":75,"column":40},"end":{"line":75,"column":44}}]},"11":{"loc":{"start":{"line":104,"column":4},"end":{"line":109,"column":null}},"type":"if","locations":[{"start":{"line":104,"column":4},"end":{"line":109,"column":null}},{"start":{"line":107,"column":11},"end":{"line":109,"column":null}}]},"12":{"loc":{"start":{"line":132,"column":4},"end":{"line":137,"column":null}},"type":"if","locations":[{"start":{"line":132,"column":4},"end":{"line":137,"column":null}},{"start":{"line":135,"column":11},"end":{"line":137,"column":null}}]},"13":{"loc":{"start":{"line":184,"column":8},"end":{"line":189,"column":null}},"type":"if","locations":[{"start":{"line":184,"column":8},"end":{"line":189,"column":null}}]},"14":{"loc":{"start":{"line":192,"column":8},"end":{"line":194,"column":null}},"type":"if","locations":[{"start":{"line":192,"column":8},"end":{"line":194,"column":null}}]},"15":{"loc":{"start":{"line":196,"column":8},"end":{"line":202,"column":null}},"type":"if","locations":[{"start":{"line":196,"column":8},"end":{"line":202,"column":null}},{"start":{"line":199,"column":15},"end":{"line":202,"column":null}}]},"16":{"loc":{"start":{"line":201,"column":55},"end":{"line":201,"column":78}},"type":"binary-expr","locations":[{"start":{"line":201,"column":55},"end":{"line":201,"column":72}},{"start":{"line":201,"column":76},"end":{"line":201,"column":78}}]},"17":{"loc":{"start":{"line":211,"column":8},"end":{"line":215,"column":null}},"type":"if","locations":[{"start":{"line":211,"column":8},"end":{"line":215,"column":null}}]},"18":{"loc":{"start":{"line":221,"column":8},"end":{"line":225,"column":null}},"type":"if","locations":[{"start":{"line":221,"column":8},"end":{"line":225,"column":null}}]},"19":{"loc":{"start":{"line":239,"column":21},"end":{"line":239,"column":33}},"type":"cond-expr","locations":[{"start":{"line":239,"column":21},"end":{"line":239,"column":27}},{"start":{"line":239,"column":31},"end":{"line":239,"column":33}}]},"20":{"loc":{"start":{"line":239,"column":21},"end":{"line":239,"column":31}},"type":"binary-expr","locations":[{"start":{"line":239,"column":21},"end":{"line":239,"column":31}},{"start":{"line":239,"column":21},"end":{"line":239,"column":31}}]},"21":{"loc":{"start":{"line":268,"column":8},"end":{"line":270,"column":null}},"type":"if","locations":[{"start":{"line":268,"column":8},"end":{"line":270,"column":null}}]},"22":{"loc":{"start":{"line":280,"column":22},"end":{"line":280,"column":57}},"type":"cond-expr","locations":[{"start":{"line":280,"column":51},"end":{"line":280,"column":55}},{"start":{"line":280,"column":55},"end":{"line":280,"column":57}}]},"23":{"loc":{"start":{"line":280,"column":22},"end":{"line":280,"column":55}},"type":"binary-expr","locations":[{"start":{"line":280,"column":22},"end":{"line":280,"column":55}},{"start":{"line":280,"column":51},"end":{"line":280,"column":55}}]},"24":{"loc":{"start":{"line":280,"column":22},"end":{"line":280,"column":51}},"type":"cond-expr","locations":[{"start":{"line":280,"column":44},"end":{"line":280,"column":46}},{"start":{"line":280,"column":44},"end":{"line":280,"column":51}}]},"25":{"loc":{"start":{"line":280,"column":22},"end":{"line":280,"column":46}},"type":"binary-expr","locations":[{"start":{"line":280,"column":22},"end":{"line":280,"column":46}},{"start":{"line":280,"column":44},"end":{"line":280,"column":46}}]},"26":{"loc":{"start":{"line":281,"column":29},"end":{"line":281,"column":59}},"type":"cond-expr","locations":[{"start":{"line":281,"column":51},"end":{"line":281,"column":53}},{"start":{"line":281,"column":51},"end":{"line":281,"column":59}}]},"27":{"loc":{"start":{"line":281,"column":29},"end":{"line":281,"column":53}},"type":"binary-expr","locations":[{"start":{"line":281,"column":29},"end":{"line":281,"column":53}},{"start":{"line":281,"column":51},"end":{"line":281,"column":53}}]},"28":{"loc":{"start":{"line":282,"column":29},"end":{"line":282,"column":59}},"type":"cond-expr","locations":[{"start":{"line":282,"column":51},"end":{"line":282,"column":53}},{"start":{"line":282,"column":51},"end":{"line":282,"column":59}}]},"29":{"loc":{"start":{"line":282,"column":29},"end":{"line":282,"column":53}},"type":"binary-expr","locations":[{"start":{"line":282,"column":29},"end":{"line":282,"column":53}},{"start":{"line":282,"column":51},"end":{"line":282,"column":53}}]}},"s":{"0":9,"1":9,"2":9,"3":9,"4":9,"5":9,"6":9,"7":9,"8":9,"9":9,"10":9,"11":9,"12":9,"13":9,"14":9,"15":22,"16":22,"17":22,"18":22,"19":22,"20":22,"21":22,"22":22,"23":22,"24":22,"25":22,"26":22,"27":22,"28":22,"29":22,"30":22,"31":22,"32":22,"33":22,"34":22,"35":4,"36":12,"37":1,"38":11,"39":26,"40":5,"41":5,"42":21,"43":21,"44":21,"45":2,"46":2,"47":1,"48":2,"49":2,"50":21,"51":15,"52":26,"53":5,"54":5,"55":21,"56":21,"57":21,"58":22,"59":22,"60":22,"61":22,"62":22,"63":22,"64":22,"65":2,"66":22,"67":22,"68":22,"69":13,"70":13,"71":13,"72":13,"73":13,"74":3,"75":3,"76":10,"77":9,"78":10,"79":9,"80":1,"81":10,"82":10,"83":10,"84":1,"85":1,"86":1,"87":9,"88":9,"89":1,"90":1,"91":1,"92":8,"93":8,"94":8,"95":2,"96":2,"97":2,"98":2,"99":2,"100":2,"101":2,"102":2,"103":2,"104":2,"105":8,"106":8,"107":8,"108":8,"109":6,"110":8,"111":8,"112":0,"113":0,"114":22,"115":9},"f":{"0":22,"1":4,"2":12,"3":1,"4":11,"5":26,"6":2,"7":1,"8":2,"9":15,"10":26,"11":22,"12":0,"13":13,"14":2},"b":{"0":[21,1],"1":[22,22],"2":[1,21],"3":[22,22],"4":[1,21],"5":[22,22],"6":[1,21],"7":[1,21],"8":[22,22],"9":[2,20],"10":[22,22],"11":[5,21],"12":[5,21],"13":[3],"14":[9],"15":[9,1],"16":[1,0],"17":[1],"18":[1],"19":[1,1],"20":[2,2],"21":[6],"22":[6,2],"23":[8,8],"24":[2,6],"25":[8,8],"26":[2,6],"27":[8,8],"28":[2,6],"29":[8,8]}}
,"/Users/donnie/src/github.com/floodfx/liveviewjs/src/server/component/base_live_view.ts": {"path":"/Users/donnie/src/github.com/floodfx/liveviewjs/src/server/component/base_live_view.ts","statementMap":{"0":{"start":{"line":6,"column":0},"end":{"line":6,"column":22}}},"fnMap":{"0":{"name":"(anonymous_0)","decl":{"start":{"line":7,"column":2},"end":{"line":7,"column":7}},"loc":{"start":{"line":7,"column":99},"end":{"line":9,"column":3}}},"1":{"name":"(anonymous_1)","decl":{"start":{"line":13,"column":2},"end":{"line":13,"column":14}},"loc":{"start":{"line":13,"column":97},"end":{"line":15,"column":3}}}},"branchMap":{},"s":{"0":9},"f":{"0":18,"1":54},"b":{}}
,"/Users/donnie/src/github.com/floodfx/liveviewjs/src/server/component/changeset.ts": {"path":"/Users/donnie/src/github.com/floodfx/liveviewjs/src/server/component/changeset.ts","statementMap":{"0":{"start":{"line":1,"column":0},"end":{"line":1,"column":47}},"1":{"start":{"line":11,"column":35},"end":{"line":31,"column":1}},"2":{"start":{"line":12,"column":2},"end":{"line":30,"column":4}},"3":{"start":{"line":13,"column":19},"end":{"line":13,"column":47}},"4":{"start":{"line":14,"column":19},"end":{"line":14,"column":43}},"5":{"start":{"line":16,"column":4},"end":{"line":22,"column":null}},"6":{"start":{"line":17,"column":6},"end":{"line":21,"column":43}},"7":{"start":{"line":19,"column":8},"end":{"line":19,"column":43}},"8":{"start":{"line":20,"column":8},"end":{"line":20,"column":19}},"9":{"start":{"line":23,"column":4},"end":{"line":29,"column":30}},"10":{"start":{"line":11,"column":13},"end":{"line":11,"column":35}}},"fnMap":{"0":{"name":"(anonymous_0)","decl":{"start":{"line":11,"column":35},"end":{"line":11,"column":39}},"loc":{"start":{"line":11,"column":93},"end":{"line":31,"column":1}}},"1":{"name":"(anonymous_1)","decl":{"start":{"line":12,"column":9},"end":{"line":12,"column":10}},"loc":{"start":{"line":12,"column":95},"end":{"line":30,"column":3}}},"2":{"name":"(anonymous_2)","decl":{"start":{"line":17,"column":42},"end":{"line":17,"column":43}},"loc":{"start":{"line":17,"column":57},"end":{"line":21,"column":7}}}},"branchMap":{"0":{"loc":{"start":{"line":16,"column":4},"end":{"line":22,"column":null}},"type":"if","locations":[{"start":{"line":16,"column":4},"end":{"line":22,"column":null}}]},"1":{"loc":{"start":{"line":26,"column":12},"end":{"line":26,"column":49}},"type":"cond-expr","locations":[{"start":{"line":26,"column":29},"end":{"line":26,"column":40}},{"start":{"line":26,"column":43},"end":{"line":26,"column":49}}]}},"s":{"0":11,"1":11,"2":2,"3":11,"4":11,"5":11,"6":6,"7":9,"8":9,"9":11,"10":11},"f":{"0":2,"1":11,"2":9},"b":{"0":[6],"1":[5,6]}}
,"/Users/donnie/src/github.com/floodfx/liveviewjs/src/server/component/flash.ts": {"path":"/Users/donnie/src/github.com/floodfx/liveviewjs/src/server/component/flash.ts","statementMap":{"0":{"start":{"line":3,"column":18},"end":{"line":3,"column":31}},"1":{"start":{"line":4,"column":4},"end":{"line":4,"column":21}},"2":{"start":{"line":5,"column":4},"end":{"line":5,"column":17}},"3":{"start":{"line":1,"column":0},"end":{"line":1,"column":13}}},"fnMap":{"0":{"name":"(anonymous_0)","decl":{"start":{"line":2,"column":2},"end":{"line":2,"column":10}},"loc":{"start":{"line":2,"column":22},"end":{"line":6,"column":3}}}},"branchMap":{},"s":{"0":4,"1":4,"2":4,"3":11},"f":{"0":4},"b":{}}
,"/Users/donnie/src/github.com/floodfx/liveviewjs/src/server/component/index.ts": {"path":"/Users/donnie/src/github.com/floodfx/liveviewjs/src/server/component/index.ts","statementMap":{"0":{"start":{"line":1,"column":0},"end":{"line":1,"column":33}},"1":{"start":{"line":2,"column":0},"end":{"line":2,"column":28}},"2":{"start":{"line":3,"column":0},"end":{"line":3,"column":33}},"3":{"start":{"line":4,"column":0},"end":{"line":4,"column":28}},"4":{"start":{"line":5,"column":0},"end":{"line":5,"column":24}}},"fnMap":{},"branchMap":{},"s":{"0":9,"1":9,"2":9,"3":9,"4":9},"f":{},"b":{}}
,"/Users/donnie/src/github.com/floodfx/liveviewjs/src/server/component/live_component.ts": {"path":"/Users/donnie/src/github.com/floodfx/liveviewjs/src/server/component/live_component.ts","statementMap":{"0":{"start":{"line":67,"column":4},"end":{"line":67,"column":17}},"1":{"start":{"line":68,"column":4},"end":{"line":68,"column":28}},"2":{"start":{"line":72,"column":4},"end":{"line":72,"column":31}},"3":{"start":{"line":76,"column":4},"end":{"line":79,"column":6}},"4":{"start":{"line":97,"column":4},"end":{"line":97,"column":23}},"5":{"start":{"line":94,"column":11},"end":{"line":94,"column":38}},"6":{"start":{"line":93,"column":0},"end":{"line":93,"column":13}},"7":{"start":{"line":113,"column":4},"end":{"line":113,"column":23}},"8":{"start":{"line":102,"column":11},"end":{"line":102,"column":37}},"9":{"start":{"line":114,"column":4},"end":{"line":114,"column":37}},"10":{"start":{"line":115,"column":4},"end":{"line":115,"column":47}},"11":{"start":{"line":119,"column":4},"end":{"line":119,"column":29}},"12":{"start":{"line":123,"column":4},"end":{"line":123,"column":42}},"13":{"start":{"line":101,"column":0},"end":{"line":101,"column":13}},"14":{"start":{"line":205,"column":0},"end":{"line":205,"column":22}}},"fnMap":{"0":{"name":"(anonymous_0)","decl":{"start":{"line":66,"column":2},"end":{"line":66,"column":14}},"loc":{"start":{"line":66,"column":42},"end":{"line":69,"column":3}}},"1":{"name":"(anonymous_1)","decl":{"start":{"line":71,"column":2},"end":{"line":71,"column":6}},"loc":{"start":{"line":71,"column":13},"end":{"line":73,"column":3}}},"2":{"name":"(anonymous_2)","decl":{"start":{"line":75,"column":2},"end":{"line":75,"column":8}},"loc":{"start":{"line":75,"column":34},"end":{"line":80,"column":3}}},"3":{"name":"(anonymous_3)","decl":{"start":{"line":82,"column":2},"end":{"line":82,"column":6}},"loc":{"start":{"line":82,"column":21},"end":{"line":84,"column":3}}},"4":{"name":"(anonymous_4)","decl":{"start":{"line":86,"column":2},"end":{"line":86,"column":11}},"loc":{"start":{"line":86,"column":54},"end":{"line":88,"column":3}}},"5":{"name":"(anonymous_5)","decl":{"start":{"line":96,"column":2},"end":{"line":96,"column":14}},"loc":{"start":{"line":96,"column":42},"end":{"line":98,"column":3}}},"6":{"name":"(anonymous_6)","decl":{"start":{"line":107,"column":2},"end":{"line":107,"column":null}},"loc":{"start":{"line":111,"column":75},"end":{"line":116,"column":3}}},"7":{"name":"(anonymous_7)","decl":{"start":{"line":118,"column":2},"end":{"line":118,"column":6}},"loc":{"start":{"line":118,"column":21},"end":{"line":120,"column":3}}},"8":{"name":"(anonymous_8)","decl":{"start":{"line":122,"column":2},"end":{"line":122,"column":11}},"loc":{"start":{"line":122,"column":54},"end":{"line":124,"column":3}}},"9":{"name":"(anonymous_9)","decl":{"start":{"line":210,"column":2},"end":{"line":210,"column":7}},"loc":{"start":{"line":210,"column":44},"end":{"line":212,"column":3}}},"10":{"name":"(anonymous_10)","decl":{"start":{"line":214,"column":2},"end":{"line":214,"column":8}},"loc":{"start":{"line":214,"column":45},"end":{"line":216,"column":3}}},"11":{"name":"(anonymous_11)","decl":{"start":{"line":218,"column":2},"end":{"line":218,"column":13}},"loc":{"start":{"line":218,"column":97},"end":{"line":220,"column":3}}}},"branchMap":{"0":{"loc":{"start":{"line":72,"column":11},"end":{"line":72,"column":30}},"type":"binary-expr","locations":[{"start":{"line":72,"column":11},"end":{"line":72,"column":24}},{"start":{"line":72,"column":28},"end":{"line":72,"column":30}}]}},"s":{"0":47,"1":47,"2":79,"3":10,"4":9,"5":9,"6":9,"7":38,"8":38,"9":38,"10":38,"11":6,"12":6,"13":9,"14":9},"f":{"0":47,"1":79,"2":10,"3":0,"4":0,"5":9,"6":38,"7":6,"8":6,"9":31,"10":39,"11":2},"b":{"0":[79,0]}}
,"/Users/donnie/src/github.com/floodfx/liveviewjs/src/server/component/live_view.ts": {"path":"/Users/donnie/src/github.com/floodfx/liveviewjs/src/server/component/live_view.ts","statementMap":{"0":{"start":{"line":4,"column":0},"end":{"line":4,"column":81}},"1":{"start":{"line":138,"column":10},"end":{"line":138,"column":29}},"2":{"start":{"line":141,"column":4},"end":{"line":141,"column":31}},"3":{"start":{"line":142,"column":4},"end":{"line":142,"column":33}},"4":{"start":{"line":150,"column":4},"end":{"line":150,"column":26}},"5":{"start":{"line":151,"column":4},"end":{"line":151,"column":21}},"6":{"start":{"line":154,"column":21},"end":{"line":154,"column":89}},"7":{"start":{"line":157,"column":4},"end":{"line":157,"column":28}},"8":{"start":{"line":160,"column":4},"end":{"line":160,"column":40}},"9":{"start":{"line":161,"column":4},"end":{"line":161,"column":41}},"10":{"start":{"line":164,"column":22},"end":{"line":164,"column":38}},"11":{"start":{"line":165,"column":20},"end":{"line":165,"column":82}},"12":{"start":{"line":166,"column":4},"end":{"line":166,"column":18}},"13":{"start":{"line":168,"column":4},"end":{"line":168,"column":19}},"14":{"start":{"line":131,"column":0},"end":{"line":131,"column":13}}},"fnMap":{"0":{"name":"(anonymous_0)","decl":{"start":{"line":140,"column":2},"end":{"line":140,"column":14}},"loc":{"start":{"line":140,"column":51},"end":{"line":143,"column":3}}},"1":{"name":"(anonymous_1)","decl":{"start":{"line":145,"column":2},"end":{"line":145,"column":7}},"loc":{"start":{"line":147,"column":67},"end":{"line":169,"column":3}}}},"branchMap":{"0":{"loc":{"start":{"line":150,"column":13},"end":{"line":150,"column":25}},"type":"cond-expr","locations":[{"start":{"line":150,"column":13},"end":{"line":150,"column":19}},{"start":{"line":150,"column":23},"end":{"line":150,"column":25}}]},"1":{"loc":{"start":{"line":150,"column":13},"end":{"line":150,"column":23}},"type":"binary-expr","locations":[{"start":{"line":150,"column":13},"end":{"line":150,"column":23}},{"start":{"line":150,"column":13},"end":{"line":150,"column":23}}]}},"s":{"0":9,"1":1,"2":1,"3":1,"4":1,"5":1,"6":1,"7":1,"8":1,"9":1,"10":1,"11":1,"12":1,"13":1,"14":9},"f":{"0":1,"1":1},"b":{"0":[1,0],"1":[1,1]}}
,"/Users/donnie/src/github.com/floodfx/liveviewjs/src/server/pubsub/SingleProcessPubSub.ts": {"path":"/Users/donnie/src/github.com/floodfx/liveviewjs/src/server/pubsub/SingleProcessPubSub.ts","statementMap":{"0":{"start":{"line":1,"column":0},"end":{"line":1,"column":38}},"1":{"start":{"line":2,"column":0},"end":{"line":2,"column":32}},"2":{"start":{"line":13,"column":10},"end":{"line":13,"column":66}},"3":{"start":{"line":16,"column":4},"end":{"line":16,"column":43}},"4":{"start":{"line":20,"column":4},"end":{"line":20,"column":50}},"5":{"start":{"line":22,"column":25},"end":{"line":22,"column":33}},"6":{"start":{"line":23,"column":4},"end":{"line":23,"column":48}},"7":{"start":{"line":24,"column":4},"end":{"line":24,"column":24}},"8":{"start":{"line":28,"column":4},"end":{"line":28,"column":46}},"9":{"start":{"line":33,"column":23},"end":{"line":33,"column":53}},"10":{"start":{"line":34,"column":4},"end":{"line":34,"column":51}},"11":{"start":{"line":36,"column":4},"end":{"line":36,"column":42}},"12":{"start":{"line":40,"column":13},"end":{"line":40,"column":57}}},"fnMap":{"0":{"name":"(anonymous_0)","decl":{"start":{"line":15,"column":2},"end":{"line":15,"column":null}},"loc":{"start":{"line":15,"column":2},"end":{"line":17,"column":3}}},"1":{"name":"(anonymous_1)","decl":{"start":{"line":19,"column":9},"end":{"line":19,"column":14}},"loc":{"start":{"line":19,"column":73},"end":{"line":25,"column":3}}},"2":{"name":"(anonymous_2)","decl":{"start":{"line":27,"column":9},"end":{"line":27,"column":14}},"loc":{"start":{"line":27,"column":47},"end":{"line":29,"column":3}}},"3":{"name":"(anonymous_3)","decl":{"start":{"line":31,"column":9},"end":{"line":31,"column":14}},"loc":{"start":{"line":31,"column":62},"end":{"line":37,"column":3}}}},"branchMap":{},"s":{"0":10,"1":10,"2":10,"3":10,"4":124,"5":124,"6":124,"7":124,"8":14,"9":117,"10":117,"11":117,"12":10},"f":{"0":10,"1":124,"2":14,"3":117},"b":{}}
,"/Users/donnie/src/github.com/floodfx/liveviewjs/src/server/socket/component_manager.ts": {"path":"/Users/donnie/src/github.com/floodfx/liveviewjs/src/server/socket/component_manager.ts","statementMap":{"0":{"start":{"line":2,"column":0},"end":{"line":2,"column":35}},"1":{"start":{"line":3,"column":0},"end":{"line":3,"column":31}},"2":{"start":{"line":5,"column":0},"end":{"line":5,"column":90}},"3":{"start":{"line":7,"column":0},"end":{"line":7,"column":92}},"4":{"start":{"line":8,"column":0},"end":{"line":8,"column":43}},"5":{"start":{"line":9,"column":0},"end":{"line":9,"column":55}},"6":{"start":{"line":10,"column":0},"end":{"line":10,"column":45}},"7":{"start":{"line":11,"column":0},"end":{"line":11,"column":49}},"8":{"start":{"line":29,"column":0},"end":{"line":29,"column":56}},"9":{"start":{"line":75,"column":10},"end":{"line":75,"column":64}},"10":{"start":{"line":79,"column":10},"end":{"line":79,"column":43}},"11":{"start":{"line":84,"column":10},"end":{"line":84,"column":72}},"12":{"start":{"line":85,"column":10},"end":{"line":85,"column":38}},"13":{"start":{"line":88,"column":10},"end":{"line":88,"column":44}},"14":{"start":{"line":561,"column":10},"end":{"line":561,"column":103}},"15":{"start":{"line":563,"column":10},"end":{"line":563,"column":83}},"16":{"start":{"line":100,"column":4},"end":{"line":100,"column":30}},"17":{"start":{"line":101,"column":4},"end":{"line":101,"column":39}},"18":{"start":{"line":102,"column":4},"end":{"line":102,"column":37}},"19":{"start":{"line":103,"column":4},"end":{"line":103,"column":17}},"20":{"start":{"line":104,"column":4},"end":{"line":104,"column":53}},"21":{"start":{"line":108,"column":18},"end":{"line":108,"column":104}},"22":{"start":{"line":108,"column":59},"end":{"line":108,"column":103}},"23":{"start":{"line":110,"column":4},"end":{"line":110,"column":47}},"24":{"start":{"line":114,"column":57},"end":{"line":114,"column":64}},"25":{"start":{"line":115,"column":57},"end":{"line":115,"column":64}},"26":{"start":{"line":116,"column":20},"end":{"line":116,"column":47}},"27":{"start":{"line":118,"column":16},"end":{"line":118,"column":33}},"28":{"start":{"line":120,"column":22},"end":{"line":120,"column":58}},"29":{"start":{"line":123,"column":86},"end":{"line":123,"column":93}},"30":{"start":{"line":125,"column":4},"end":{"line":125,"column":47}},"31":{"start":{"line":127,"column":4},"end":{"line":140,"column":null}},"32":{"start":{"line":128,"column":6},"end":{"line":128,"column":83}},"33":{"start":{"line":129,"column":6},"end":{"line":129,"column":79}},"34":{"start":{"line":132,"column":6},"end":{"line":136,"column":null}},"35":{"start":{"line":134,"column":8},"end":{"line":134,"column":109}},"36":{"start":{"line":135,"column":8},"end":{"line":135,"column":15}},"37":{"start":{"line":138,"column":6},"end":{"line":138,"column":49}},"38":{"start":{"line":139,"column":6},"end":{"line":139,"column":13}},"39":{"start":{"line":142,"column":4},"end":{"line":142,"column":24}},"40":{"start":{"line":145,"column":18},"end":{"line":145,"column":103}},"41":{"start":{"line":145,"column":58},"end":{"line":145,"column":102}},"42":{"start":{"line":147,"column":4},"end":{"line":147,"column":46}},"43":{"start":{"line":150,"column":4},"end":{"line":150,"column":43}},"44":{"start":{"line":153,"column":4},"end":{"line":153,"column":72}},"45":{"start":{"line":154,"column":4},"end":{"line":154,"column":71}},"46":{"start":{"line":155,"column":15},"end":{"line":155,"column":90}},"47":{"start":{"line":158,"column":4},"end":{"line":158,"column":52}},"48":{"start":{"line":161,"column":19},"end":{"line":161,"column":71}},"49":{"start":{"line":164,"column":4},"end":{"line":164,"column":55}},"50":{"start":{"line":165,"column":4},"end":{"line":165,"column":52}},"51":{"start":{"line":168,"column":25},"end":{"line":173,"column":6}},"52":{"start":{"line":175,"column":4},"end":{"line":175,"column":58}},"53":{"start":{"line":178,"column":4},"end":{"line":178,"column":47}},"54":{"start":{"line":183,"column":21},"end":{"line":183,"column":31}},"55":{"start":{"line":184,"column":4},"end":{"line":202,"column":null}},"56":{"start":{"line":185,"column":6},"end":{"line":185,"column":43}},"57":{"start":{"line":186,"column":11},"end":{"line":202,"column":null}},"58":{"start":{"line":187,"column":6},"end":{"line":187,"column":45}},"59":{"start":{"line":188,"column":11},"end":{"line":202,"column":null}},"60":{"start":{"line":189,"column":6},"end":{"line":189,"column":49}},"61":{"start":{"line":190,"column":11},"end":{"line":202,"column":null}},"62":{"start":{"line":191,"column":6},"end":{"line":191,"column":42}},"63":{"start":{"line":193,"column":6},"end":{"line":201,"column":8}},"64":{"start":{"line":216,"column":53},"end":{"line":216,"column":60}},"65":{"start":{"line":217,"column":33},"end":{"line":217,"column":40}},"66":{"start":{"line":222,"column":4},"end":{"line":238,"column":null}},"67":{"start":{"line":223,"column":6},"end":{"line":223,"column":28}},"68":{"start":{"line":224,"column":11},"end":{"line":238,"column":null}},"69":{"start":{"line":226,"column":6},"end":{"line":226,"column":69}},"70":{"start":{"line":229,"column":11},"end":{"line":238,"column":null}},"71":{"start":{"line":230,"column":6},"end":{"line":230,"column":28}},"72":{"start":{"line":231,"column":11},"end":{"line":238,"column":null}},"73":{"start":{"line":232,"column":6},"end":{"line":232,"column":28}},"74":{"start":{"line":233,"column":11},"end":{"line":238,"column":null}},"75":{"start":{"line":234,"column":6},"end":{"line":234,"column":28}},"76":{"start":{"line":236,"column":6},"end":{"line":236,"column":48}},"77":{"start":{"line":237,"column":6},"end":{"line":237,"column":13}},"78":{"start":{"line":241,"column":4},"end":{"line":343,"column":null}},"79":{"start":{"line":244,"column":32},"end":{"line":244,"column":101}},"80":{"start":{"line":244,"column":87},"end":{"line":244,"column":100}},"81":{"start":{"line":245,"column":6},"end":{"line":295,"column":null}},"82":{"start":{"line":246,"column":85},"end":{"line":246,"column":102}},"83":{"start":{"line":248,"column":30},"end":{"line":248,"column":82}},"84":{"start":{"line":249,"column":8},"end":{"line":292,"column":null}},"85":{"start":{"line":251,"column":27},"end":{"line":251,"column":73}},"86":{"start":{"line":254,"column":10},"end":{"line":254,"column":92}},"87":{"start":{"line":257,"column":26},"end":{"line":257,"column":87}},"88":{"start":{"line":260,"column":27},"end":{"line":260,"column":66}},"89":{"start":{"line":261,"column":26},"end":{"line":261,"column":58}},"90":{"start":{"line":263,"column":10},"end":{"line":268,"column":12}},"91":{"start":{"line":270,"column":28},"end":{"line":275,"column":12}},"92":{"start":{"line":277,"column":10},"end":{"line":277,"column":50}},"93":{"start":{"line":280,"column":31},"end":{"line":285,"column":12}},"94":{"start":{"line":287,"column":10},"end":{"line":287,"column":64}},"95":{"start":{"line":294,"column":8},"end":{"line":294,"column":68}},"96":{"start":{"line":300,"column":6},"end":{"line":342,"column":null}},"97":{"start":{"line":302,"column":32},"end":{"line":302,"column":58}},"98":{"start":{"line":305,"column":8},"end":{"line":308,"column":null}},"99":{"start":{"line":307,"column":10},"end":{"line":307,"column":69}},"100":{"start":{"line":310,"column":25},"end":{"line":310,"column":84}},"101":{"start":{"line":311,"column":26},"end":{"line":311,"column":28}},"102":{"start":{"line":314,"column":8},"end":{"line":323,"column":null}},"103":{"start":{"line":316,"column":26},"end":{"line":316,"column":97}},"104":{"start":{"line":317,"column":21},"end":{"line":317,"column":96}},"105":{"start":{"line":320,"column":10},"end":{"line":320,"column":58}},"106":{"start":{"line":322,"column":10},"end":{"line":322,"column":65}},"107":{"start":{"line":325,"column":8},"end":{"line":325,"column":51}},"108":{"start":{"line":326,"column":8},"end":{"line":326,"column":48}},"109":{"start":{"line":328,"column":29},"end":{"line":333,"column":10}},"110":{"start":{"line":335,"column":8},"end":{"line":335,"column":62}},"111":{"start":{"line":338,"column":8},"end":{"line":338,"column":51}},"112":{"start":{"line":340,"column":8},"end":{"line":340,"column":120}},"113":{"start":{"line":341,"column":8},"end":{"line":341,"column":15}},"114":{"start":{"line":347,"column":57},"end":{"line":347,"column":64}},"115":{"start":{"line":349,"column":31},"end":{"line":349,"column":38}},"116":{"start":{"line":350,"column":16},"end":{"line":350,"column":34}},"117":{"start":{"line":352,"column":19},"end":{"line":352,"column":55}},"118":{"start":{"line":354,"column":28},"end":{"line":354,"column":47}},"119":{"start":{"line":355,"column":4},"end":{"line":355,"column":69}},"120":{"start":{"line":359,"column":15},"end":{"line":359,"column":90}},"121":{"start":{"line":362,"column":4},"end":{"line":362,"column":52}},"122":{"start":{"line":366,"column":15},"end":{"line":366,"column":67}},"123":{"start":{"line":367,"column":4},"end":{"line":367,"column":44}},"124":{"start":{"line":369,"column":25},"end":{"line":374,"column":6}},"125":{"start":{"line":376,"column":4},"end":{"line":376,"column":58}},"126":{"start":{"line":379,"column":4},"end":{"line":379,"column":47}},"127":{"start":{"line":384,"column":4},"end":{"line":384,"column":50}},"128":{"start":{"line":388,"column":4},"end":{"line":388,"column":26}},"129":{"start":{"line":392,"column":4},"end":{"line":392,"column":57}},"130":{"start":{"line":397,"column":4},"end":{"line":400,"column":7}},"131":{"start":{"line":398,"column":20},"end":{"line":398,"column":40}},"132":{"start":{"line":399,"column":6},"end":{"line":399,"column":45}},"133":{"start":{"line":403,"column":4},"end":{"line":403,"column":42}},"134":{"start":{"line":407,"column":4},"end":{"line":407,"column":70}},"135":{"start":{"line":415,"column":4},"end":{"line":415,"column":73}},"136":{"start":{"line":426,"column":22},"end":{"line":426,"column":43}},"137":{"start":{"line":427,"column":4},"end":{"line":432,"column":null}},"138":{"start":{"line":428,"column":6},"end":{"line":430,"column":null}},"139":{"start":{"line":429,"column":8},"end":{"line":429,"column":42}},"140":{"start":{"line":431,"column":6},"end":{"line":431,"column":42}},"141":{"start":{"line":434,"column":15},"end":{"line":434,"column":62}},"142":{"start":{"line":435,"column":17},"end":{"line":435,"column":52}},"143":{"start":{"line":436,"column":46},"end":{"line":442,"column":6}},"144":{"start":{"line":445,"column":25},"end":{"line":445,"column":54}},"145":{"start":{"line":447,"column":4},"end":{"line":447,"column":68}},"146":{"start":{"line":449,"column":4},"end":{"line":449,"column":31}},"147":{"start":{"line":452,"column":4},"end":{"line":452,"column":47}},"148":{"start":{"line":457,"column":4},"end":{"line":457,"column":40}},"149":{"start":{"line":458,"column":4},"end":{"line":458,"column":27}},"150":{"start":{"line":462,"column":4},"end":{"line":462,"column":39}},"151":{"start":{"line":468,"column":4},"end":{"line":502,"column":null}},"152":{"start":{"line":469,"column":30},"end":{"line":469,"column":49}},"153":{"start":{"line":471,"column":6},"end":{"line":471,"column":51}},"154":{"start":{"line":473,"column":23},"end":{"line":473,"column":82}},"155":{"start":{"line":474,"column":24},"end":{"line":474,"column":26}},"156":{"start":{"line":476,"column":6},"end":{"line":485,"column":null}},"157":{"start":{"line":478,"column":24},"end":{"line":478,"column":95}},"158":{"start":{"line":479,"column":19},"end":{"line":479,"column":94}},"159":{"start":{"line":482,"column":8},"end":{"line":482,"column":56}},"160":{"start":{"line":484,"column":8},"end":{"line":484,"column":63}},"161":{"start":{"line":486,"column":6},"end":{"line":486,"column":49}},"162":{"start":{"line":487,"column":6},"end":{"line":487,"column":46}},"163":{"start":{"line":489,"column":34},"end":{"line":495,"column":8}},"164":{"start":{"line":496,"column":6},"end":{"line":496,"column":31}},"165":{"start":{"line":499,"column":6},"end":{"line":499,"column":49}},"166":{"start":{"line":501,"column":6},"end":{"line":501,"column":93}},"167":{"start":{"line":506,"column":4},"end":{"line":509,"column":null}},"168":{"start":{"line":507,"column":6},"end":{"line":507,"column":33}},"169":{"start":{"line":508,"column":6},"end":{"line":508,"column":35}},"170":{"start":{"line":513,"column":4},"end":{"line":515,"column":null}},"171":{"start":{"line":514,"column":6},"end":{"line":514,"column":65}},"172":{"start":{"line":516,"column":4},"end":{"line":516,"column":16}},"173":{"start":{"line":520,"column":4},"end":{"line":526,"column":null}},"174":{"start":{"line":521,"column":6},"end":{"line":521,"column":36}},"175":{"start":{"line":522,"column":6},"end":{"line":525,"column":8}},"176":{"start":{"line":527,"column":4},"end":{"line":527,"column":17}},"177":{"start":{"line":531,"column":4},"end":{"line":539,"column":null}},"178":{"start":{"line":532,"column":6},"end":{"line":532,"column":30}},"179":{"start":{"line":533,"column":16},"end":{"line":533,"column":75}},"180":{"start":{"line":533,"column":59},"end":{"line":533,"column":73}},"181":{"start":{"line":534,"column":6},"end":{"line":534,"column":24}},"182":{"start":{"line":535,"column":6},"end":{"line":538,"column":8}},"183":{"start":{"line":540,"column":4},"end":{"line":540,"column":17}},"184":{"start":{"line":544,"column":4},"end":{"line":549,"column":null}},"185":{"start":{"line":545,"column":6},"end":{"line":545,"column":22}},"186":{"start":{"line":546,"column":6},"end":{"line":548,"column":8}},"187":{"start":{"line":553,"column":4},"end":{"line":553,"column":106}},"188":{"start":{"line":553,"column":76},"end":{"line":553,"column":104}},"189":{"start":{"line":583,"column":19},"end":{"line":583,"column":25}},"190":{"start":{"line":584,"column":4},"end":{"line":584,"column":21}},"191":{"start":{"line":585,"column":27},"end":{"line":585,"column":57}},"192":{"start":{"line":588,"column":4},"end":{"line":590,"column":null}},"193":{"start":{"line":589,"column":6},"end":{"line":589,"column":75}},"194":{"start":{"line":593,"column":36},"end":{"line":593,"column":49}},"195":{"start":{"line":597,"column":4},"end":{"line":679,"column":null}},"196":{"start":{"line":611,"column":25},"end":{"line":611,"column":50}},"197":{"start":{"line":613,"column":6},"end":{"line":657,"column":null}},"198":{"start":{"line":614,"column":8},"end":{"line":614,"column":69}},"199":{"start":{"line":617,"column":25},"end":{"line":617,"column":79}},"200":{"start":{"line":620,"column":8},"end":{"line":620,"column":44}},"201":{"start":{"line":621,"column":8},"end":{"line":621,"column":45}},"202":{"start":{"line":622,"column":8},"end":{"line":622,"column":75}},"203":{"start":{"line":625,"column":8},"end":{"line":632,"column":10}},"204":{"start":{"line":636,"column":34},"end":{"line":636,"column":73}},"205":{"start":{"line":637,"column":62},"end":{"line":637,"column":79}},"206":{"start":{"line":638,"column":8},"end":{"line":638,"column":21}},"207":{"start":{"line":641,"column":25},"end":{"line":641,"column":91}},"208":{"start":{"line":644,"column":8},"end":{"line":644,"column":45}},"209":{"start":{"line":645,"column":8},"end":{"line":645,"column":75}},"210":{"start":{"line":647,"column":25},"end":{"line":647,"column":64}},"211":{"start":{"line":648,"column":24},"end":{"line":648,"column":56}},"212":{"start":{"line":651,"column":8},"end":{"line":656,"column":10}},"213":{"start":{"line":660,"column":6},"end":{"line":660,"column":60}},"214":{"start":{"line":670,"column":23},"end":{"line":670,"column":86}},"215":{"start":{"line":674,"column":6},"end":{"line":674,"column":42}},"216":{"start":{"line":675,"column":6},"end":{"line":675,"column":43}},"217":{"start":{"line":676,"column":6},"end":{"line":676,"column":77}},"218":{"start":{"line":678,"column":6},"end":{"line":678,"column":21}},"219":{"start":{"line":683,"column":32},"end":{"line":683,"column":34}},"220":{"start":{"line":685,"column":4},"end":{"line":691,"column":7}},"221":{"start":{"line":686,"column":6},"end":{"line":690,"column":null}},"222":{"start":{"line":687,"column":31},"end":{"line":687,"column":44}},"223":{"start":{"line":689,"column":8},"end":{"line":689,"column":39}},"224":{"start":{"line":693,"column":4},"end":{"line":704,"column":null}},"225":{"start":{"line":695,"column":6},"end":{"line":697,"column":9}},"226":{"start":{"line":696,"column":8},"end":{"line":696,"column":64}},"227":{"start":{"line":700,"column":6},"end":{"line":703,"column":8}},"228":{"start":{"line":705,"column":4},"end":{"line":705,"column":17}},"229":{"start":{"line":709,"column":4},"end":{"line":718,"column":22}},"230":{"start":{"line":715,"column":23},"end":{"line":715,"column":88}},"231":{"start":{"line":716,"column":8},"end":{"line":716,"column":22}},"232":{"start":{"line":722,"column":4},"end":{"line":737,"column":6}},"233":{"start":{"line":725,"column":8},"end":{"line":725,"column":34}},"234":{"start":{"line":727,"column":25},"end":{"line":727,"column":56}},"235":{"start":{"line":728,"column":33},"end":{"line":728,"column":72}},"236":{"start":{"line":729,"column":33},"end":{"line":729,"column":75}},"237":{"start":{"line":730,"column":22},"end":{"line":730,"column":47}},"238":{"start":{"line":731,"column":30},"end":{"line":731,"column":61}},"239":{"start":{"line":732,"column":17},"end":{"line":732,"column":41}},"240":{"start":{"line":734,"column":22},"end":{"line":734,"column":82}},"241":{"start":{"line":734,"column":57},"end":{"line":734,"column":81}},"242":{"start":{"line":735,"column":8},"end":{"line":735,"column":44}},"243":{"start":{"line":741,"column":4},"end":{"line":746,"column":6}},"244":{"start":{"line":744,"column":17},"end":{"line":744,"column":41}},"245":{"start":{"line":745,"column":25},"end":{"line":745,"column":56}},"246":{"start":{"line":71,"column":0},"end":{"line":71,"column":13}},"247":{"start":{"line":751,"column":2},"end":{"line":751,"column":35}},"248":{"start":{"line":750,"column":0},"end":{"line":750,"column":16}},"249":{"start":{"line":755,"column":2},"end":{"line":755,"column":36}},"250":{"start":{"line":754,"column":0},"end":{"line":754,"column":16}},"251":{"start":{"line":759,"column":2},"end":{"line":765,"column":null}},"252":{"start":{"line":760,"column":15},"end":{"line":760,"column":31}},"253":{"start":{"line":761,"column":15},"end":{"line":761,"column":31}},"254":{"start":{"line":762,"column":4},"end":{"line":762,"column":25}},"255":{"start":{"line":764,"column":4},"end":{"line":764,"column":17}},"256":{"start":{"line":758,"column":0},"end":{"line":758,"column":16}}},"fnMap":{"0":{"name":"(anonymous_1)","decl":{"start":{"line":93,"column":2},"end":{"line":93,"column":null}},"loc":{"start":{"line":98,"column":102},"end":{"line":111,"column":3}}},"1":{"name":"(anonymous_2)","decl":{"start":{"line":108,"column":49},"end":{"line":108,"column":50}},"loc":{"start":{"line":108,"column":59},"end":{"line":108,"column":103}}},"2":{"name":"(anonymous_3)","decl":{"start":{"line":113,"column":2},"end":{"line":113,"column":7}},"loc":{"start":{"line":113,"column":43},"end":{"line":179,"column":3}}},"3":{"name":"(anonymous_4)","decl":{"start":{"line":145,"column":48},"end":{"line":145,"column":49}},"loc":{"start":{"line":145,"column":58},"end":{"line":145,"column":102}}},"4":{"name":"(anonymous_5)","decl":{"start":{"line":181,"column":9},"end":{"line":181,"column":14}},"loc":{"start":{"line":181,"column":57},"end":{"line":203,"column":3}}},"5":{"name":"(anonymous_6)","decl":{"start":{"line":205,"column":9},"end":{"line":205,"column":14}},"loc":{"start":{"line":214,"column":5},"end":{"line":344,"column":3}}},"6":{"name":"(anonymous_7)","decl":{"start":{"line":244,"column":80},"end":{"line":244,"column":81}},"loc":{"start":{"line":244,"column":87},"end":{"line":244,"column":100}}},"7":{"name":"(anonymous_8)","decl":{"start":{"line":346,"column":9},"end":{"line":346,"column":14}},"loc":{"start":{"line":346,"column":56},"end":{"line":380,"column":3}}},"8":{"name":"(anonymous_9)","decl":{"start":{"line":382,"column":9},"end":{"line":382,"column":20}},"loc":{"start":{"line":382,"column":50},"end":{"line":385,"column":3}}},"9":{"name":"(anonymous_10)","decl":{"start":{"line":387,"column":9},"end":{"line":387,"column":14}},"loc":{"start":{"line":387,"column":57},"end":{"line":389,"column":3}}},"10":{"name":"(anonymous_11)","decl":{"start":{"line":391,"column":9},"end":{"line":391,"column":15}},"loc":{"start":{"line":391,"column":54},"end":{"line":393,"column":3}}},"11":{"name":"(anonymous_12)","decl":{"start":{"line":395,"column":9},"end":{"line":395,"column":14}},"loc":{"start":{"line":395,"column":23},"end":{"line":404,"column":3}}},"12":{"name":"(anonymous_13)","decl":{"start":{"line":397,"column":49},"end":{"line":397,"column":54}},"loc":{"start":{"line":397,"column":83},"end":{"line":400,"column":5}}},"13":{"name":"(anonymous_14)","decl":{"start":{"line":406,"column":10},"end":{"line":406,"column":15}},"loc":{"start":{"line":406,"column":115},"end":{"line":408,"column":3}}},"14":{"name":"(anonymous_15)","decl":{"start":{"line":410,"column":10},"end":{"line":410,"column":15}},"loc":{"start":{"line":413,"column":35},"end":{"line":416,"column":3}}},"15":{"name":"(anonymous_16)","decl":{"start":{"line":418,"column":10},"end":{"line":418,"column":15}},"loc":{"start":{"line":422,"column":35},"end":{"line":453,"column":3}}},"16":{"name":"(anonymous_17)","decl":{"start":{"line":455,"column":10},"end":{"line":455,"column":15}},"loc":{"start":{"line":455,"column":69},"end":{"line":459,"column":3}}},"17":{"name":"(anonymous_18)","decl":{"start":{"line":461,"column":10},"end":{"line":461,"column":18}},"loc":{"start":{"line":461,"column":45},"end":{"line":463,"column":3}}},"18":{"name":"(anonymous_19)","decl":{"start":{"line":465,"column":10},"end":{"line":465,"column":15}},"loc":{"start":{"line":465,"column":39},"end":{"line":503,"column":3}}},"19":{"name":"(anonymous_20)","decl":{"start":{"line":505,"column":2},"end":{"line":505,"column":14}},"loc":{"start":{"line":505,"column":40},"end":{"line":510,"column":3}}},"20":{"name":"(anonymous_21)","decl":{"start":{"line":512,"column":10},"end":{"line":512,"column":15}},"loc":{"start":{"line":512,"column":60},"end":{"line":517,"column":3}}},"21":{"name":"(anonymous_22)","decl":{"start":{"line":519,"column":10},"end":{"line":519,"column":34}},"loc":{"start":{"line":519,"column":47},"end":{"line":528,"column":3}}},"22":{"name":"(anonymous_23)","decl":{"start":{"line":530,"column":10},"end":{"line":530,"column":31}},"loc":{"start":{"line":530,"column":44},"end":{"line":541,"column":3}}},"23":{"name":"(anonymous_24)","decl":{"start":{"line":533,"column":37},"end":{"line":533,"column":38}},"loc":{"start":{"line":533,"column":59},"end":{"line":533,"column":73}}},"24":{"name":"(anonymous_25)","decl":{"start":{"line":543,"column":10},"end":{"line":543,"column":21}},"loc":{"start":{"line":543,"column":65},"end":{"line":550,"column":3}}},"25":{"name":"(anonymous_26)","decl":{"start":{"line":552,"column":10},"end":{"line":552,"column":22}},"loc":{"start":{"line":552,"column":53},"end":{"line":554,"column":3}}},"26":{"name":"(anonymous_27)","decl":{"start":{"line":553,"column":59},"end":{"line":553,"column":60}},"loc":{"start":{"line":553,"column":76},"end":{"line":553,"column":104}}},"27":{"name":"(anonymous_28)","decl":{"start":{"line":572,"column":10},"end":{"line":572,"column":15}},"loc":{"start":{"line":574,"column":71},"end":{"line":680,"column":3}}},"28":{"name":"(anonymous_29)","decl":{"start":{"line":682,"column":10},"end":{"line":682,"column":39}},"loc":{"start":{"line":682,"column":52},"end":{"line":706,"column":3}}},"29":{"name":"(anonymous_30)","decl":{"start":{"line":685,"column":55},"end":{"line":685,"column":56}},"loc":{"start":{"line":685,"column":73},"end":{"line":691,"column":5}}},"30":{"name":"(anonymous_31)","decl":{"start":{"line":695,"column":55},"end":{"line":695,"column":56}},"loc":{"start":{"line":695,"column":70},"end":{"line":697,"column":7}}},"31":{"name":"(anonymous_32)","decl":{"start":{"line":708,"column":10},"end":{"line":708,"column":29}},"loc":{"start":{"line":708,"column":29},"end":{"line":719,"column":3}}},"32":{"name":"(anonymous_33)","decl":{"start":{"line":711,"column":22},"end":{"line":711,"column":27}},"loc":{"start":{"line":714,"column":37},"end":{"line":717,"column":7}}},"33":{"name":"(anonymous_34)","decl":{"start":{"line":721,"column":10},"end":{"line":721,"column":27}},"loc":{"start":{"line":721,"column":27},"end":{"line":738,"column":3}}},"34":{"name":"(anonymous_35)","decl":{"start":{"line":724,"column":6},"end":{"line":724,"column":7}},"loc":{"start":{"line":724,"column":27},"end":{"line":726,"column":7}}},"35":{"name":"(anonymous_36)","decl":{"start":{"line":727,"column":6},"end":{"line":727,"column":7}},"loc":{"start":{"line":727,"column":25},"end":{"line":727,"column":56}}},"36":{"name":"(anonymous_37)","decl":{"start":{"line":728,"column":6},"end":{"line":728,"column":7}},"loc":{"start":{"line":728,"column":33},"end":{"line":728,"column":72}}},"37":{"name":"(anonymous_38)","decl":{"start":{"line":729,"column":6},"end":{"line":729,"column":7}},"loc":{"start":{"line":729,"column":33},"end":{"line":729,"column":75}}},"38":{"name":"(anonymous_39)","decl":{"start":{"line":730,"column":6},"end":{"line":730,"column":7}},"loc":{"start":{"line":730,"column":22},"end":{"line":730,"column":47}}},"39":{"name":"(anonymous_40)","decl":{"start":{"line":731,"column":6},"end":{"line":731,"column":7}},"loc":{"start":{"line":731,"column":30},"end":{"line":731,"column":61}}},"40":{"name":"(anonymous_41)","decl":{"start":{"line":732,"column":6},"end":{"line":732,"column":7}},"loc":{"start":{"line":732,"column":17},"end":{"line":732,"column":41}}},"41":{"name":"(anonymous_42)","decl":{"start":{"line":733,"column":6},"end":{"line":733,"column":7}},"loc":{"start":{"line":733,"column":24},"end":{"line":736,"column":7}}},"42":{"name":"(anonymous_43)","decl":{"start":{"line":734,"column":46},"end":{"line":734,"column":47}},"loc":{"start":{"line":734,"column":57},"end":{"line":734,"column":81}}},"43":{"name":"(anonymous_44)","decl":{"start":{"line":740,"column":10},"end":{"line":740,"column":32}},"loc":{"start":{"line":740,"column":87},"end":{"line":747,"column":3}}},"44":{"name":"(anonymous_45)","decl":{"start":{"line":744,"column":6},"end":{"line":744,"column":7}},"loc":{"start":{"line":744,"column":17},"end":{"line":744,"column":41}}},"45":{"name":"(anonymous_46)","decl":{"start":{"line":745,"column":6},"end":{"line":745,"column":7}},"loc":{"start":{"line":745,"column":25},"end":{"line":745,"column":56}}},"46":{"name":"isInfoHandler","decl":{"start":{"line":750,"column":16},"end":{"line":750,"column":29}},"loc":{"start":{"line":750,"column":75},"end":{"line":752,"column":1}}},"47":{"name":"isEventHandler","decl":{"start":{"line":754,"column":16},"end":{"line":754,"column":30}},"loc":{"start":{"line":754,"column":76},"end":{"line":756,"column":1}}},"48":{"name":"areContextsValueEqual","decl":{"start":{"line":758,"column":16},"end":{"line":758,"column":37}},"loc":{"start":{"line":758,"column":100},"end":{"line":766,"column":1}}}},"branchMap":{"0":{"loc":{"start":{"line":116,"column":20},"end":{"line":116,"column":47}},"type":"binary-expr","locations":[{"start":{"line":116,"column":20},"end":{"line":116,"column":29}},{"start":{"line":116,"column":33},"end":{"line":116,"column":47}}]},"1":{"loc":{"start":{"line":129,"column":52},"end":{"line":129,"column":76}},"type":"binary-expr","locations":[{"start":{"line":129,"column":52},"end":{"line":129,"column":70}},{"start":{"line":129,"column":74},"end":{"line":129,"column":76}}]},"2":{"loc":{"start":{"line":132,"column":6},"end":{"line":136,"column":null}},"type":"if","locations":[{"start":{"line":132,"column":6},"end":{"line":136,"column":null}}]},"3":{"loc":{"start":{"line":184,"column":4},"end":{"line":202,"column":null}},"type":"if","locations":[{"start":{"line":184,"column":4},"end":{"line":202,"column":null}},{"start":{"line":186,"column":11},"end":{"line":202,"column":null}}]},"4":{"loc":{"start":{"line":186,"column":11},"end":{"line":202,"column":null}},"type":"if","locations":[{"start":{"line":186,"column":11},"end":{"line":202,"column":null}},{"start":{"line":188,"column":11},"end":{"line":202,"column":null}}]},"5":{"loc":{"start":{"line":188,"column":11},"end":{"line":202,"column":null}},"type":"if","locations":[{"start":{"line":188,"column":11},"end":{"line":202,"column":null}},{"start":{"line":190,"column":11},"end":{"line":202,"column":null}}]},"6":{"loc":{"start":{"line":190,"column":11},"end":{"line":202,"column":null}},"type":"if","locations":[{"start":{"line":190,"column":11},"end":{"line":202,"column":null}},{"start":{"line":192,"column":11},"end":{"line":202,"column":null}}]},"7":{"loc":{"start":{"line":222,"column":4},"end":{"line":238,"column":null}},"type":"if","locations":[{"start":{"line":222,"column":4},"end":{"line":238,"column":null}},{"start":{"line":224,"column":11},"end":{"line":238,"column":null}}]},"8":{"loc":{"start":{"line":224,"column":11},"end":{"line":238,"column":null}},"type":"if","locations":[{"start":{"line":224,"column":11},"end":{"line":238,"column":null}},{"start":{"line":229,"column":11},"end":{"line":238,"column":null}}]},"9":{"loc":{"start":{"line":229,"column":11},"end":{"line":238,"column":null}},"type":"if","locations":[{"start":{"line":229,"column":11},"end":{"line":238,"column":null}},{"start":{"line":231,"column":11},"end":{"line":238,"column":null}}]},"10":{"loc":{"start":{"line":229,"column":15},"end":{"line":229,"column":53}},"type":"binary-expr","locations":[{"start":{"line":229,"column":15},"end":{"line":229,"column":31}},{"start":{"line":229,"column":35},"end":{"line":229,"column":53}}]},"11":{"loc":{"start":{"line":231,"column":11},"end":{"line":238,"column":null}},"type":"if","locations":[{"start":{"line":231,"column":11},"end":{"line":238,"column":null}},{"start":{"line":233,"column":11},"end":{"line":238,"column":null}}]},"12":{"loc":{"start":{"line":231,"column":15},"end":{"line":231,"column":50}},"type":"binary-expr","locations":[{"start":{"line":231,"column":15},"end":{"line":231,"column":30}},{"start":{"line":231,"column":34},"end":{"line":231,"column":50}}]},"13":{"loc":{"start":{"line":233,"column":11},"end":{"line":238,"column":null}},"type":"if","locations":[{"start":{"line":233,"column":11},"end":{"line":238,"column":null}},{"start":{"line":235,"column":11},"end":{"line":238,"column":null}}]},"14":{"loc":{"start":{"line":241,"column":4},"end":{"line":343,"column":null}},"type":"if","locations":[{"start":{"line":241,"column":4},"end":{"line":343,"column":null}},{"start":{"line":298,"column":9},"end":{"line":343,"column":null}}]},"15":{"loc":{"start":{"line":245,"column":6},"end":{"line":295,"column":null}},"type":"if","locations":[{"start":{"line":245,"column":6},"end":{"line":295,"column":null}},{"start":{"line":293,"column":13},"end":{"line":295,"column":null}}]},"16":{"loc":{"start":{"line":249,"column":8},"end":{"line":292,"column":null}},"type":"if","locations":[{"start":{"line":249,"column":8},"end":{"line":292,"column":null}},{"start":{"line":288,"column":15},"end":{"line":292,"column":null}}]},"17":{"loc":{"start":{"line":300,"column":6},"end":{"line":342,"column":null}},"type":"if","locations":[{"start":{"line":300,"column":6},"end":{"line":342,"column":null}},{"start":{"line":339,"column":13},"end":{"line":342,"column":null}}]},"18":{"loc":{"start":{"line":300,"column":10},"end":{"line":300,"column":69}},"type":"binary-expr","locations":[{"start":{"line":300,"column":10},"end":{"line":300,"column":39}},{"start":{"line":300,"column":43},"end":{"line":300,"column":69}}]},"19":{"loc":{"start":{"line":305,"column":8},"end":{"line":308,"column":null}},"type":"if","locations":[{"start":{"line":305,"column":8},"end":{"line":308,"column":null}}]},"20":{"loc":{"start":{"line":314,"column":8},"end":{"line":323,"column":null}},"type":"if","locations":[{"start":{"line":314,"column":8},"end":{"line":323,"column":null}}]},"21":{"loc":{"start":{"line":314,"column":12},"end":{"line":314,"column":51}},"type":"binary-expr","locations":[{"start":{"line":314,"column":12},"end":{"line":314,"column":21}},{"start":{"line":314,"column":25},"end":{"line":314,"column":51}}]},"22":{"loc":{"start":{"line":406,"column":84},"end":{"line":406,"column":115}},"type":"default-arg","locations":[{"start":{"line":406,"column":110},"end":{"line":406,"column":115}}]},"23":{"loc":{"start":{"line":413,"column":4},"end":{"line":413,"column":35}},"type":"default-arg","locations":[{"start":{"line":413,"column":30},"end":{"line":413,"column":35}}]},"24":{"loc":{"start":{"line":422,"column":4},"end":{"line":422,"column":35}},"type":"default-arg","locations":[{"start":{"line":422,"column":30},"end":{"line":422,"column":35}}]},"25":{"loc":{"start":{"line":427,"column":4},"end":{"line":432,"column":null}},"type":"if","locations":[{"start":{"line":427,"column":4},"end":{"line":432,"column":null}}]},"26":{"loc":{"start":{"line":427,"column":8},"end":{"line":427,"column":48}},"type":"binary-expr","locations":[{"start":{"line":427,"column":8},"end":{"line":427,"column":14}},{"start":{"line":427,"column":18},"end":{"line":427,"column":48}}]},"27":{"loc":{"start":{"line":434,"column":15},"end":{"line":434,"column":62}},"type":"cond-expr","locations":[{"start":{"line":434,"column":30},"end":{"line":434,"column":55}},{"start":{"line":434,"column":58},"end":{"line":434,"column":62}}]},"28":{"loc":{"start":{"line":435,"column":17},"end":{"line":435,"column":52}},"type":"cond-expr","locations":[{"start":{"line":435,"column":34},"end":{"line":435,"column":43}},{"start":{"line":435,"column":46},"end":{"line":435,"column":52}}]},"29":{"loc":{"start":{"line":468,"column":4},"end":{"line":502,"column":null}},"type":"if","locations":[{"start":{"line":468,"column":4},"end":{"line":502,"column":null}},{"start":{"line":500,"column":11},"end":{"line":502,"column":null}}]},"30":{"loc":{"start":{"line":476,"column":6},"end":{"line":485,"column":null}},"type":"if","locations":[{"start":{"line":476,"column":6},"end":{"line":485,"column":null}}]},"31":{"loc":{"start":{"line":506,"column":4},"end":{"line":509,"column":null}},"type":"if","locations":[{"start":{"line":506,"column":4},"end":{"line":509,"column":null}}]},"32":{"loc":{"start":{"line":513,"column":4},"end":{"line":515,"column":null}},"type":"if","locations":[{"start":{"line":513,"column":4},"end":{"line":515,"column":null}}]},"33":{"loc":{"start":{"line":520,"column":4},"end":{"line":526,"column":null}},"type":"if","locations":[{"start":{"line":520,"column":4},"end":{"line":526,"column":null}}]},"34":{"loc":{"start":{"line":531,"column":4},"end":{"line":539,"column":null}},"type":"if","locations":[{"start":{"line":531,"column":4},"end":{"line":539,"column":null}}]},"35":{"loc":{"start":{"line":544,"column":4},"end":{"line":549,"column":null}},"type":"if","locations":[{"start":{"line":544,"column":4},"end":{"line":549,"column":null}}]},"36":{"loc":{"start":{"line":574,"column":4},"end":{"line":574,"column":71}},"type":"default-arg","locations":[{"start":{"line":574,"column":58},"end":{"line":574,"column":71}}]},"37":{"loc":{"start":{"line":588,"column":4},"end":{"line":590,"column":null}},"type":"if","locations":[{"start":{"line":588,"column":4},"end":{"line":590,"column":null}}]},"38":{"loc":{"start":{"line":597,"column":4},"end":{"line":679,"column":null}},"type":"if","locations":[{"start":{"line":597,"column":4},"end":{"line":679,"column":null}},{"start":{"line":661,"column":11},"end":{"line":679,"column":null}}]},"39":{"loc":{"start":{"line":613,"column":6},"end":{"line":657,"column":null}},"type":"if","locations":[{"start":{"line":613,"column":6},"end":{"line":657,"column":null}},{"start":{"line":633,"column":13},"end":{"line":657,"column":null}}]},"40":{"loc":{"start":{"line":686,"column":6},"end":{"line":690,"column":null}},"type":"if","locations":[{"start":{"line":686,"column":6},"end":{"line":690,"column":null}}]},"41":{"loc":{"start":{"line":693,"column":4},"end":{"line":704,"column":null}},"type":"if","locations":[{"start":{"line":693,"column":4},"end":{"line":704,"column":null}}]},"42":{"loc":{"start":{"line":759,"column":2},"end":{"line":765,"column":null}},"type":"if
[...]
t":{"line":16,"column":20},"end":{"line":16,"column":83}},"6":{"start":{"line":17,"column":15},"end":{"line":17,"column":38}},"7":{"start":{"line":18,"column":13},"end":{"line":18,"column":27}},"8":{"start":{"line":19,"column":16},"end":{"line":19,"column":41}},"9":{"start":{"line":21,"column":2},"end":{"line":21,"column":145}},"10":{"start":{"line":12,"column":13},"end":{"line":12,"column":26}},"11":{"start":{"line":26,"column":31},"end":{"line":28,"column":1}},"12":{"start":{"line":27,"column":2},"end":{"line":27,"column":65}},"13":{"start":{"line":26,"column":13},"end":{"line":26,"column":31}},"14":{"start":{"line":34,"column":25},"end":{"line":41,"column":1}},"15":{"start":{"line":35,"column":16},"end":{"line":35,"column":68}},"16":{"start":{"line":36,"column":2},"end":{"line":39,"column":null}},"17":{"start":{"line":37,"column":22},"end":{"line":37,"column":62}},"18":{"start":{"line":38,"column":4},"end":{"line":38,"column":86}},"19":{"start":{"line":40,"column":2},"end":{"line":40,"column":16}},"20":{"start":{"line":34,"column":13},"end":{"line":34,"column":25}}},"fnMap":{"0":{"name":"(anonymous_0)","decl":{"start":{"line":12,"column":26},"end":{"line":12,"column":30}},"loc":{"start":{"line":12,"column":103},"end":{"line":22,"column":1}}},"1":{"name":"(anonymous_1)","decl":{"start":{"line":26,"column":31},"end":{"line":26,"column":35}},"loc":{"start":{"line":26,"column":117},"end":{"line":28,"column":1}}},"2":{"name":"(anonymous_2)","decl":{"start":{"line":34,"column":25},"end":{"line":34,"column":29}},"loc":{"start":{"line":34,"column":105},"end":{"line":41,"column":1}}}},"branchMap":{"0":{"loc":{"start":{"line":13,"column":22},"end":{"line":13,"column":95}},"type":"cond-expr","locations":[{"start":{"line":13,"column":45},"end":{"line":13,"column":90}},{"start":{"line":13,"column":93},"end":{"line":13,"column":95}}]},"1":{"loc":{"start":{"line":13,"column":22},"end":{"line":13,"column":42}},"type":"cond-expr","locations":[{"start":{"line":13,"column":29},"end":{"line":13,"column":31}},{"start":{"line":13,"column":22},"end":{"line":13,"column":42}}]},"2":{"loc":{"start":{"line":13,"column":22},"end":{"line":13,"column":31}},"type":"binary-expr","locations":[{"start":{"line":13,"column":22},"end":{"line":13,"column":31}},{"start":{"line":13,"column":22},"end":{"line":13,"column":31}}]},"3":{"loc":{"start":{"line":14,"column":23},"end":{"line":14,"column":99}},"type":"cond-expr","locations":[{"start":{"line":14,"column":47},"end":{"line":14,"column":94}},{"start":{"line":14,"column":97},"end":{"line":14,"column":99}}]},"4":{"loc":{"start":{"line":14,"column":23},"end":{"line":14,"column":44}},"type":"cond-expr","locations":[{"start":{"line":14,"column":30},"end":{"line":14,"column":32}},{"start":{"line":14,"column":23},"end":{"line":14,"column":44}}]},"5":{"loc":{"start":{"line":14,"column":23},"end":{"line":14,"column":32}},"type":"binary-expr","locations":[{"start":{"line":14,"column":23},"end":{"line":14,"column":32}},{"start":{"line":14,"column":23},"end":{"line":14,"column":32}}]},"6":{"loc":{"start":{"line":15,"column":23},"end":{"line":15,"column":99}},"type":"cond-expr","locations":[{"start":{"line":15,"column":47},"end":{"line":15,"column":94}},{"start":{"line":15,"column":97},"end":{"line":15,"column":99}}]},"7":{"loc":{"start":{"line":15,"column":23},"end":{"line":15,"column":44}},"type":"cond-expr","locations":[{"start":{"line":15,"column":30},"end":{"line":15,"column":32}},{"start":{"line":15,"column":23},"end":{"line":15,"column":44}}]},"8":{"loc":{"start":{"line":15,"column":23},"end":{"line":15,"column":32}},"type":"binary-expr","locations":[{"start":{"line":15,"column":23},"end":{"line":15,"column":32}},{"start":{"line":15,"column":23},"end":{"line":15,"column":32}}]},"9":{"loc":{"start":{"line":16,"column":20},"end":{"line":16,"column":83}},"type":"cond-expr","locations":[{"start":{"line":16,"column":41},"end":{"line":16,"column":78}},{"start":{"line":16,"column":81},"end":{"line":16,"column":83}}]},"10":{"loc":{"start":{"line":16,"column":20},"end":{"line":16,"column":38}},"type":"cond-expr","locations":[{"start":{"line":16,"column":27},"end":{"line":16,"column":29}},{"start":{"line":16,"column":20},"end":{"line":16,"column":38}}]},"11":{"loc":{"start":{"line":16,"column":20},"end":{"line":16,"column":29}},"type":"binary-expr","locations":[{"start":{"line":16,"column":20},"end":{"line":16,"column":29}},{"start":{"line":16,"column":20},"end":{"line":16,"column":29}}]},"12":{"loc":{"start":{"line":17,"column":15},"end":{"line":17,"column":38}},"type":"cond-expr","locations":[{"start":{"line":17,"column":28},"end":{"line":17,"column":32}},{"start":{"line":17,"column":32},"end":{"line":17,"column":38}}]},"13":{"loc":{"start":{"line":17,"column":15},"end":{"line":17,"column":32}},"type":"binary-expr","locations":[{"start":{"line":17,"column":15},"end":{"line":17,"column":32}},{"start":{"line":17,"column":28},"end":{"line":17,"column":32}}]},"14":{"loc":{"start":{"line":17,"column":15},"end":{"line":17,"column":28}},"type":"cond-expr","locations":[{"start":{"line":17,"column":22},"end":{"line":17,"column":24}},{"start":{"line":17,"column":15},"end":{"line":17,"column":28}}]},"15":{"loc":{"start":{"line":17,"column":15},"end":{"line":17,"column":24}},"type":"binary-expr","locations":[{"start":{"line":17,"column":15},"end":{"line":17,"column":24}},{"start":{"line":17,"column":15},"end":{"line":17,"column":24}}]},"16":{"loc":{"start":{"line":19,"column":16},"end":{"line":19,"column":41}},"type":"cond-expr","locations":[{"start":{"line":19,"column":35},"end":{"line":19,"column":39}},{"start":{"line":19,"column":39},"end":{"line":19,"column":41}}]},"17":{"loc":{"start":{"line":19,"column":16},"end":{"line":19,"column":39}},"type":"binary-expr","locations":[{"start":{"line":19,"column":16},"end":{"line":19,"column":39}},{"start":{"line":19,"column":35},"end":{"line":19,"column":39}}]},"18":{"loc":{"start":{"line":35,"column":16},"end":{"line":35,"column":68}},"type":"cond-expr","locations":[{"start":{"line":35,"column":35},"end":{"line":35,"column":56}},{"start":{"line":35,"column":59},"end":{"line":35,"column":68}}]},"19":{"loc":{"start":{"line":36,"column":2},"end":{"line":39,"column":null}},"type":"if","locations":[{"start":{"line":36,"column":2},"end":{"line":39,"column":null}}]},"20":{"loc":{"start":{"line":36,"column":6},"end":{"line":36,"column":31}},"type":"binary-expr","locations":[{"start":{"line":36,"column":6},"end":{"line":36,"column":22}},{"start":{"line":36,"column":26},"end":{"line":36,"column":31}}]},"21":{"loc":{"start":{"line":37,"column":22},"end":{"line":37,"column":62}},"type":"cond-expr","locations":[{"start":{"line":37,"column":40},"end":{"line":37,"column":44}},{"start":{"line":37,"column":44},"end":{"line":37,"column":62}}]},"22":{"loc":{"start":{"line":37,"column":22},"end":{"line":37,"column":44}},"type":"binary-expr","locations":[{"start":{"line":37,"column":22},"end":{"line":37,"column":44}},{"start":{"line":37,"column":40},"end":{"line":37,"column":44}}]},"23":{"loc":{"start":{"line":37,"column":22},"end":{"line":37,"column":40}},"type":"cond-expr","locations":[{"start":{"line":37,"column":29},"end":{"line":37,"column":31}},{"start":{"line":37,"column":22},"end":{"line":37,"column":40}}]},"24":{"loc":{"start":{"line":37,"column":22},"end":{"line":37,"column":31}},"type":"binary-expr","locations":[{"start":{"line":37,"column":22},"end":{"line":37,"column":31}},{"start":{"line":37,"column":22},"end":{"line":37,"column":31}}]}},"s":{"0":11,"1":11,"2":6,"3":6,"4":6,"5":6,"6":6,"7":6,"8":6,"9":6,"10":11,"11":11,"12":1,"13":11,"14":11,"15":3,"16":3,"17":2,"18":2,"19":1,"20":11},"f":{"0":6,"1":1,"2":3},"b":{"0":[5,1],"1":[1,5],"2":[6,6],"3":[4,2],"4":[1,5],"5":[6,6],"6":[3,3],"7":[1,5],"8":[6,6],"9":[0,6],"10":[1,5],"11":[6,6],"12":[2,4],"13":[6,6],"14":[1,5],"15":[6,6],"16":[0,6],"17":[6,6],"18":[3,0],"19":[2],"20":[3,2],"21":[1,1],"22":[2,2],"23":[1,1],"24":[2,2]}}
,"/Users/donnie/src/github.com/floodfx/liveviewjs/src/server/templates/helpers/live_flash.ts": {"path":"/Users/donnie/src/github.com/floodfx/liveviewjs/src/server/templates/helpers/live_flash.ts","statementMap":{"0":{"start":{"line":1,"column":0},"end":{"line":1,"column":42}},"1":{"start":{"line":4,"column":26},"end":{"line":10,"column":1}},"2":{"start":{"line":5,"column":2},"end":{"line":7,"column":null}},"3":{"start":{"line":6,"column":4},"end":{"line":6,"column":18}},"4":{"start":{"line":9,"column":2},"end":{"line":9,"column":49}},"5":{"start":{"line":4,"column":13},"end":{"line":4,"column":26}}},"fnMap":{"0":{"name":"(anonymous_0)","decl":{"start":{"line":4,"column":26},"end":{"line":4,"column":27}},"loc":{"start":{"line":4,"column":89},"end":{"line":10,"column":1}}}},"branchMap":{"0":{"loc":{"start":{"line":5,"column":2},"end":{"line":7,"column":null}},"type":"if","locations":[{"start":{"line":5,"column":2},"end":{"line":7,"column":null}}]},"1":{"loc":{"start":{"line":9,"column":16},"end":{"line":9,"column":46}},"type":"cond-expr","locations":[{"start":{"line":9,"column":40},"end":{"line":9,"column":44}},{"start":{"line":9,"column":44},"end":{"line":9,"column":46}}]},"2":{"loc":{"start":{"line":9,"column":16},"end":{"line":9,"column":44}},"type":"binary-expr","locations":[{"start":{"line":9,"column":16},"end":{"line":9,"column":44}},{"start":{"line":9,"column":40},"end":{"line":9,"column":44}}]}},"s":{"0":12,"1":12,"2":3,"3":1,"4":2,"5":12},"f":{"0":3},"b":{"0":[1],"1":[1,1],"2":[2,2]}}
,"/Users/donnie/src/github.com/floodfx/liveviewjs/src/server/templates/helpers/live_patch.ts": {"path":"/Users/donnie/src/github.com/floodfx/liveviewjs/src/server/templates/helpers/live_patch.ts","statementMap":{"0":{"start":{"line":1,"column":0},"end":{"line":1,"column":48}},"1":{"start":{"line":12,"column":27},"end":{"line":12,"column":37}},"2":{"start":{"line":13,"column":20},"end":{"line":13,"column":47}},"3":{"start":{"line":14,"column":2},"end":{"line":18,"column":null}},"4":{"start":{"line":15,"column":4},"end":{"line":15,"column":45}},"5":{"start":{"line":17,"column":4},"end":{"line":17,"column":16}},"6":{"start":{"line":21,"column":26},"end":{"line":27,"column":1}},"7":{"start":{"line":26,"column":2},"end":{"line":26,"column":185}},"8":{"start":{"line":21,"column":13},"end":{"line":21,"column":26}}},"fnMap":{"0":{"name":"buildHref","decl":{"start":{"line":11,"column":9},"end":{"line":11,"column":18}},"loc":{"start":{"line":11,"column":54},"end":{"line":19,"column":1}}},"1":{"name":"(anonymous_1)","decl":{"start":{"line":21,"column":26},"end":{"line":21,"column":null}},"loc":{"start":{"line":24,"column":20},"end":{"line":27,"column":1}}}},"branchMap":{"0":{"loc":{"start":{"line":14,"column":2},"end":{"line":18,"column":null}},"type":"if","locations":[{"start":{"line":14,"column":2},"end":{"line":18,"column":null}},{"start":{"line":16,"column":9},"end":{"line":18,"column":null}}]},"1":{"loc":{"start":{"line":26,"column":102},"end":{"line":26,"column":164}},"type":"cond-expr","locations":[{"start":{"line":26,"column":122},"end":{"line":26,"column":159}},{"start":{"line":26,"column":162},"end":{"line":26,"column":164}}]}},"s":{"0":12,"1":3,"2":3,"3":3,"4":2,"5":1,"6":12,"7":3,"8":12},"f":{"0":3,"1":3},"b":{"0":[2,1],"1":[1,2]}}
,"/Users/donnie/src/github.com/floodfx/liveviewjs/src/server/templates/helpers/live_title_tag.ts": {"path":"/Users/donnie/src/github.com/floodfx/liveviewjs/src/server/templates/helpers/live_title_tag.ts","statementMap":{"0":{"start":{"line":1,"column":0},"end":{"line":1,"column":48}},"1":{"start":{"line":8,"column":30},"end":{"line":13,"column":1}},"2":{"start":{"line":9,"column":29},"end":{"line":9,"column":42}},"3":{"start":{"line":10,"column":22},"end":{"line":10,"column":68}},"4":{"start":{"line":11,"column":22},"end":{"line":11,"column":68}},"5":{"start":{"line":12,"column":2},"end":{"line":12,"column":97}},"6":{"start":{"line":8,"column":13},"end":{"line":8,"column":30}}},"fnMap":{"0":{"name":"(anonymous_0)","decl":{"start":{"line":8,"column":30},"end":{"line":8,"column":31}},"loc":{"start":{"line":8,"column":95},"end":{"line":13,"column":1}}}},"branchMap":{"0":{"loc":{"start":{"line":9,"column":29},"end":{"line":9,"column":42}},"type":"cond-expr","locations":[{"start":{"line":9,"column":29},"end":{"line":9,"column":36}},{"start":{"line":9,"column":40},"end":{"line":9,"column":42}}]},"1":{"loc":{"start":{"line":9,"column":29},"end":{"line":9,"column":40}},"type":"binary-expr","locations":[{"start":{"line":9,"column":29},"end":{"line":9,"column":40}},{"start":{"line":9,"column":29},"end":{"line":9,"column":40}}]},"2":{"loc":{"start":{"line":10,"column":22},"end":{"line":10,"column":68}},"type":"cond-expr","locations":[{"start":{"line":10,"column":31},"end":{"line":10,"column":63}},{"start":{"line":10,"column":66},"end":{"line":10,"column":68}}]},"3":{"loc":{"start":{"line":11,"column":22},"end":{"line":11,"column":68}},"type":"cond-expr","locations":[{"start":{"line":11,"column":31},"end":{"line":11,"column":63}},{"start":{"line":11,"column":66},"end":{"line":11,"column":68}}]},"4":{"loc":{"start":{"line":12,"column":51},"end":{"line":12,"column":63}},"type":"cond-expr","locations":[{"start":{"line":12,"column":51},"end":{"line":12,"column":57}},{"start":{"line":12,"column":61},"end":{"line":12,"column":63}}]},"5":{"loc":{"start":{"line":12,"column":51},"end":{"line":12,"column":61}},"type":"binary-expr","locations":[{"start":{"line":12,"column":51},"end":{"line":12,"column":61}},{"start":{"line":12,"column":51},"end":{"line":12,"column":61}}]},"6":{"loc":{"start":{"line":12,"column":74},"end":{"line":12,"column":86}},"type":"cond-expr","locations":[{"start":{"line":12,"column":74},"end":{"line":12,"column":80}},{"start":{"line":12,"column":84},"end":{"line":12,"column":86}}]},"7":{"loc":{"start":{"line":12,"column":74},"end":{"line":12,"column":84}},"type":"binary-expr","locations":[{"start":{"line":12,"column":74},"end":{"line":12,"column":84}},{"start":{"line":12,"column":74},"end":{"line":12,"column":84}}]}},"s":{"0":12,"1":12,"2":13,"3":13,"4":13,"5":13,"6":12},"f":{"0":13},"b":{"0":[12,1],"1":[13,13],"2":[8,5],"3":[7,6],"4":[8,5],"5":[13,13],"6":[7,6],"7":[13,13]}}
,"/Users/donnie/src/github.com/floodfx/liveviewjs/src/server/templates/helpers/options_for_select.ts": {"path":"/Users/donnie/src/github.com/floodfx/liveviewjs/src/server/templates/helpers/options_for_select.ts","statementMap":{"0":{"start":{"line":1,"column":0},"end":{"line":1,"column":48}},"1":{"start":{"line":7,"column":34},"end":{"line":18,"column":1}},"2":{"start":{"line":9,"column":2},"end":{"line":17,"column":null}},"3":{"start":{"line":10,"column":24},"end":{"line":10,"column":58}},"4":{"start":{"line":11,"column":4},"end":{"line":11,"column":38}},"5":{"start":{"line":15,"column":24},"end":{"line":15,"column":59}},"6":{"start":{"line":16,"column":4},"end":{"line":16,"column":38}},"7":{"start":{"line":7,"column":13},"end":{"line":7,"column":34}},"8":{"start":{"line":21,"column":2},"end":{"line":27,"column":5}},"9":{"start":{"line":22,"column":4},"end":{"line":26,"column":6}},"10":{"start":{"line":31,"column":2},"end":{"line":37,"column":5}},"11":{"start":{"line":32,"column":4},"end":{"line":36,"column":6}},"12":{"start":{"line":41,"column":2},"end":{"line":43,"column":null}},"13":{"start":{"line":42,"column":4},"end":{"line":42,"column":36}},"14":{"start":{"line":44,"column":2},"end":{"line":44,"column":28}},"15":{"start":{"line":48,"column":2},"end":{"line":48,"column":41}},"16":{"start":{"line":53,"column":2},"end":{"line":53,"column":109}}},"fnMap":{"0":{"name":"(anonymous_0)","decl":{"start":{"line":7,"column":34},"end":{"line":7,"column":35}},"loc":{"start":{"line":7,"column":92},"end":{"line":18,"column":1}}},"1":{"name":"mapArrayOptions","decl":{"start":{"line":20,"column":9},"end":{"line":20,"column":24}},"loc":{"start":{"line":20,"column":63},"end":{"line":28,"column":1}}},"2":{"name":"(anonymous_2)","decl":{"start":{"line":21,"column":21},"end":{"line":21,"column":22}},"loc":{"start":{"line":21,"column":32},"end":{"line":27,"column":3}}},"3":{"name":"mapRecordOptions","decl":{"start":{"line":30,"column":9},"end":{"line":30,"column":25}},"loc":{"start":{"line":30,"column":81},"end":{"line":38,"column":1}}},"4":{"name":"(anonymous_4)","decl":{"start":{"line":31,"column":37},"end":{"line":31,"column":38}},"loc":{"start":{"line":31,"column":56},"end":{"line":37,"column":3}}},"5":{"name":"isSelected","decl":{"start":{"line":40,"column":9},"end":{"line":40,"column":19}},"loc":{"start":{"line":40,"column":62},"end":{"line":45,"column":1}}},"6":{"name":"renderOptions","decl":{"start":{"line":47,"column":9},"end":{"line":47,"column":22}},"loc":{"start":{"line":47,"column":44},"end":{"line":49,"column":1}}},"7":{"name":"renderOption","decl":{"start":{"line":51,"column":9},"end":{"line":51,"column":21}},"loc":{"start":{"line":51,"column":40},"end":{"line":54,"column":1}}}},"branchMap":{"0":{"loc":{"start":{"line":9,"column":2},"end":{"line":17,"column":null}},"type":"if","locations":[{"start":{"line":9,"column":2},"end":{"line":17,"column":null}},{"start":{"line":14,"column":7},"end":{"line":17,"column":null}}]},"1":{"loc":{"start":{"line":9,"column":6},"end":{"line":9,"column":59}},"type":"binary-expr","locations":[{"start":{"line":9,"column":6},"end":{"line":9,"column":33}},{"start":{"line":9,"column":37},"end":{"line":9,"column":59}}]},"2":{"loc":{"start":{"line":25,"column":16},"end":{"line":25,"column":63}},"type":"cond-expr","locations":[{"start":{"line":25,"column":27},"end":{"line":25,"column":55}},{"start":{"line":25,"column":58},"end":{"line":25,"column":63}}]},"3":{"loc":{"start":{"line":35,"column":16},"end":{"line":35,"column":62}},"type":"cond-expr","locations":[{"start":{"line":35,"column":27},"end":{"line":35,"column":54}},{"start":{"line":35,"column":57},"end":{"line":35,"column":62}}]},"4":{"loc":{"start":{"line":41,"column":2},"end":{"line":43,"column":null}},"type":"if","locations":[{"start":{"line":41,"column":2},"end":{"line":43,"column":null}}]},"5":{"loc":{"start":{"line":53,"column":47},"end":{"line":53,"column":81}},"type":"cond-expr","locations":[{"start":{"line":53,"column":65},"end":{"line":53,"column":76}},{"start":{"line":53,"column":79},"end":{"line":53,"column":81}}]}},"s":{"0":11,"1":11,"2":5,"3":2,"4":2,"5":3,"6":3,"7":11,"8":2,"9":6,"10":3,"11":9,"12":9,"13":3,"14":6,"15":5,"16":15},"f":{"0":5,"1":2,"2":6,"3":3,"4":9,"5":9,"6":5,"7":15},"b":{"0":[2,3],"1":[5,5],"2":[3,3],"3":[6,3],"4":[3],"5":[4,11]}}
,"/Users/donnie/src/github.com/floodfx/liveviewjs/src/server/templates/helpers/submit.ts": {"path":"/Users/donnie/src/github.com/floodfx/liveviewjs/src/server/templates/helpers/submit.ts","statementMap":{"0":{"start":{"line":1,"column":0},"end":{"line":1,"column":32}},"1":{"start":{"line":7,"column":22},"end":{"line":11,"column":1}},"2":{"start":{"line":8,"column":27},"end":{"line":8,"column":115}},"3":{"start":{"line":10,"column":2},"end":{"line":10,"column":74}},"4":{"start":{"line":7,"column":13},"end":{"line":7,"column":22}}},"fnMap":{"0":{"name":"(anonymous_0)","decl":{"start":{"line":7,"column":22},"end":{"line":7,"column":23}},"loc":{"start":{"line":7,"column":65},"end":{"line":11,"column":1}}}},"branchMap":{"0":{"loc":{"start":{"line":8,"column":27},"end":{"line":8,"column":115}},"type":"cond-expr","locations":[{"start":{"line":8,"column":55},"end":{"line":8,"column":110}},{"start":{"line":8,"column":113},"end":{"line":8,"column":115}}]},"1":{"loc":{"start":{"line":8,"column":27},"end":{"line":8,"column":52}},"type":"cond-expr","locations":[{"start":{"line":8,"column":34},"end":{"line":8,"column":36}},{"start":{"line":8,"column":27},"end":{"line":8,"column":52}}]},"2":{"loc":{"start":{"line":8,"column":27},"end":{"line":8,"column":36}},"type":"binary-expr","locations":[{"start":{"line":8,"column":27},"end":{"line":8,"column":36}},{"start":{"line":8,"column":27},"end":{"line":8,"column":36}}]}},"s":{"0":12,"1":12,"2":2,"3":2,"4":12},"f":{"0":2},"b":{"0":[1,1],"1":[1,1],"2":[2,2]}}
}
