TN:
SF:src/server/templates/index.ts
FN:23,join
FN:34,safe
FN:38,escapehtml
FN:45,(anonymous_3)
FN:53,(anonymous_4)
FN:58,(anonymous_5)
FN:59,(anonymous_6)
FN:71,(anonymous_7)
FN:79,(anonymous_8)
FN:95,(anonymous_9)
FN:98,(anonymous_10)
FN:118,(anonymous_11)
FN:119,(anonymous_12)
FN:127,escapeHtml
FNF:14
FNH:12
FNDA:4,join
FNDA:0,safe
FNDA:35,escapehtml
FNDA:0,(anonymous_3)
FNDA:35,(anonymous_4)
FNDA:8,(anonymous_5)
FNDA:18,(anonymous_6)
FNDA:22,(anonymous_7)
FNDA:48,(anonymous_8)
FNDA:8,(anonymous_9)
FNDA:8,(anonymous_10)
FNDA:22,(anonymous_11)
FNDA:35,(anonymous_12)
FNDA:30,escapeHtml
DA:8,1
DA:19,1
DA:21,1
DA:23,1
DA:24,4
DA:25,0
DA:27,4
DA:28,2
DA:31,2
DA:34,1
DA:35,0
DA:39,35
DA:40,9
DA:42,26
DA:43,1
DA:45,25
DA:48,1
DA:54,35
DA:55,35
DA:59,8
DA:60,18
DA:61,2
DA:63,16
DA:64,3
DA:67,13
DA:73,22
DA:74,10
DA:79,12
DA:80,48
DA:81,9
DA:85,39
DA:87,4
DA:88,2
DA:95,8
DA:98,8
DA:99,2
DA:105,35
DA:112,12
DA:113,4
DA:115,12
DA:119,22
DA:120,35
DA:121,35
DA:127,1
DA:128,30
LF:45
LH:43
BRDA:24,0,0,0
BRDA:24,1,0,4
BRDA:24,1,1,4
BRDA:27,2,0,2
BRDA:39,3,0,9
BRDA:42,4,0,1
BRDA:60,5,0,2
BRDA:63,6,0,3
BRDA:71,7,0,14
BRDA:73,8,0,10
BRDA:80,9,0,9
BRDA:80,9,1,39
BRDA:85,10,0,4
BRDA:85,10,1,35
BRDA:87,11,0,2
BRDA:87,11,1,2
BRDA:112,12,0,4
BRF:17
BRH:16
end_of_record
