TN:
SF:src/examples/autocomplete/data.ts
FN:3,suggest
FN:7,(anonymous_1)
FNF:2
FNH:2
FNDA:2,suggest
FNDA:1001,(anonymous_1)
DA:3,1
DA:4,2
DA:5,1
DA:7,1001
DA:10,1
LF:5
LH:5
BRDA:4,0,0,1
BRF:1
BRH:1
end_of_record
TN:
SF:src/examples/live-search/data.ts
FN:12,searchByZip
FN:13,(anonymous_1)
FN:16,searchByCity
FN:17,(anonymous_3)
FN:20,listStores
FNF:5
FNH:5
FNDA:1,searchByZip
FNDA:7,(anonymous_1)
FNDA:1,searchByCity
FNDA:7,(anonymous_3)
FNDA:1,listStores
DA:12,1
DA:13,7
DA:16,1
DA:17,7
DA:20,1
DA:21,1
DA:24,1
LF:7
LH:7
BRF:0
BRH:0
end_of_record
TN:
SF:src/examples/volunteers/data.ts
FN:23,(anonymous_0)
FN:27,(anonymous_1)
FN:33,(anonymous_2)
FN:42,(anonymous_3)
FNF:4
FNH:4
FNDA:10,(anonymous_0)
FNDA:5,(anonymous_1)
FNDA:4,(anonymous_2)
FNDA:2,(anonymous_3)
DA:1,1
DA:2,1
DA:4,1
DA:6,1
DA:10,1
DA:21,1
DA:23,1
DA:24,10
DA:27,1
DA:28,5
DA:31,1
DA:33,1
DA:34,4
DA:35,4
DA:36,3
DA:37,3
DA:39,4
DA:42,1
DA:43,2
DA:44,2
DA:45,1
DA:46,1
DA:48,2
LF:23
LH:23
BRDA:35,0,0,3
BRDA:44,1,0,1
BRF:2
BRH:2
end_of_record
TN:
SF:src/server/index.ts
FNF:0
FNH:0
DA:1,3
DA:2,3
DA:3,3
DA:4,3
DA:5,3
LF:5
LH:5
BRF:0
BRH:0
end_of_record
TN:
SF:src/server/live_view_server.ts
FN:46,(anonymous_7)
FN:60,(anonymous_8)
FN:64,(anonymous_9)
FN:68,(anonymous_10)
FN:72,(anonymous_11)
FN:76,(anonymous_12)
FN:88,(anonymous_13)
FN:92,(anonymous_14)
FN:97,(anonymous_15)
FN:103,(anonymous_16)
FN:114,(anonymous_17)
FN:133,(anonymous_18)
FN:142,(anonymous_19)
FN:143,(anonymous_20)
FNF:14
FNH:12
FNDA:8,(anonymous_7)
FNDA:4,(anonymous_8)
FNDA:6,(anonymous_9)
FNDA:1,(anonymous_10)
FNDA:3,(anonymous_11)
FNDA:10,(anonymous_12)
FNDA:2,(anonymous_13)
FNDA:1,(anonymous_14)
FNDA:4,(anonymous_15)
FNDA:12,(anonymous_16)
FNDA:8,(anonymous_17)
FNDA:2,(anonymous_18)
FNDA:0,(anonymous_19)
FNDA:0,(anonymous_20)
DA:2,4
DA:3,4
DA:4,4
DA:5,4
DA:6,4
DA:7,4
DA:8,4
DA:9,4
DA:28,4
DA:30,4
DA:31,8
DA:32,8
DA:34,8
DA:37,8
DA:39,8
DA:40,8
DA:41,8
DA:47,8
DA:48,8
DA:49,8
DA:50,8
DA:51,8
DA:52,8
DA:53,8
DA:54,8
DA:55,8
DA:61,4
DA:65,6
DA:69,1
DA:73,3
DA:77,10
DA:78,2
DA:79,2
DA:81,8
DA:85,8
DA:88,8
DA:90,2
DA:92,2
DA:93,1
DA:97,8
DA:98,4
DA:104,12
DA:105,4
DA:106,4
DA:108,8
DA:110,8
DA:111,8
DA:115,8
DA:117,8
DA:119,8
DA:120,8
DA:122,8
DA:133,8
DA:134,2
DA:137,2
DA:138,2
DA:147,2
DA:148,2
DA:152,1
DA:153,1
DA:157,1
DA:158,1
DA:161,1
DA:166,1
DA:167,1
DA:170,1
DA:180,8
LF:67
LH:67
BRDA:47,0,0,8
BRDA:47,0,1,0
BRDA:47,1,0,8
BRDA:47,1,1,8
BRDA:48,2,0,0
BRDA:48,2,1,8
BRDA:48,3,0,8
BRDA:48,3,1,8
BRDA:49,4,0,0
BRDA:49,4,1,8
BRDA:49,5,0,8
BRDA:49,5,1,8
BRDA:50,6,0,0
BRDA:50,6,1,8
BRDA:51,7,0,0
BRDA:51,7,1,8
BRDA:51,8,0,8
BRDA:51,8,1,8
BRDA:77,9,0,2
BRDA:77,9,1,8
BRDA:104,10,0,4
BRDA:104,10,1,8
BRDA:148,11,0,1
BRDA:157,12,0,1
BRF:24
BRH:19
end_of_record
TN:
SF:src/server/component/base_component.ts
FN:12,(anonymous_0)
FN:16,(anonymous_1)
FN:24,(anonymous_2)
FN:30,(anonymous_3)
FNF:4
FNH:4
FNDA:13,(anonymous_0)
FNDA:2,(anonymous_1)
FNDA:1,(anonymous_2)
FNDA:30,(anonymous_3)
DA:5,5
DA:13,13
DA:17,2
DA:18,1
DA:20,1
DA:25,1
DA:26,1
DA:31,30
LF:8
LH:8
BRDA:17,0,0,1
BRDA:17,0,1,1
BRDA:25,1,0,1
BRF:3
BRH:3
end_of_record
TN:
SF:src/server/component/changeset.ts
FN:7,(anonymous_0)
FN:8,(anonymous_1)
FN:13,(anonymous_2)
FNF:3
FNH:3
FNDA:2,(anonymous_0)
FNDA:11,(anonymous_1)
FNDA:9,(anonymous_2)
DA:1,5
DA:7,5
DA:8,2
DA:9,11
DA:10,11
DA:12,11
DA:13,6
DA:15,9
DA:16,9
DA:19,11
LF:10
LH:10
BRDA:12,0,0,6
BRDA:22,1,0,5
BRDA:22,1,1,6
BRF:3
BRH:3
end_of_record
TN:
SF:src/server/component/index.ts
FNF:0
FNH:0
DA:1,3
DA:2,3
DA:3,3
LF:3
LH:3
BRF:0
BRH:0
end_of_record
TN:
SF:src/server/socket/component_manager.ts
FN:21,(anonymous_1)
FN:30,(anonymous_2)
FN:79,(anonymous_3)
FN:84,(anonymous_4)
FN:137,(anonymous_5)
FN:165,(anonymous_6)
FN:186,(anonymous_7)
FN:190,(anonymous_8)
FN:195,(anonymous_9)
FN:205,(anonymous_10)
FN:235,(anonymous_11)
FN:241,(anonymous_12)
FN:242,(anonymous_13)
FN:246,(anonymous_14)
FN:247,(anonymous_15)
FN:258,isInfoHandler
FN:262,isEventHandler
FNF:17
FNH:17
FNDA:31,(anonymous_1)
FNDA:11,(anonymous_2)
FNDA:3,(anonymous_3)
FNDA:14,(anonymous_4)
FNDA:2,(anonymous_5)
FNDA:2,(anonymous_6)
FNDA:2,(anonymous_7)
FNDA:8,(anonymous_8)
FNDA:26,(anonymous_9)
FNDA:2,(anonymous_10)
FNDA:24,(anonymous_11)
FNDA:2,(anonymous_12)
FNDA:1,(anonymous_13)
FNDA:28,(anonymous_14)
FNDA:2,(anonymous_15)
FNDA:4,isInfoHandler
FNDA:15,isEventHandler
DA:4,5
DA:6,5
DA:7,5
DA:8,5
DA:10,5
DA:15,31
DA:16,31
DA:17,31
DA:18,31
DA:22,31
DA:23,31
DA:24,31
DA:25,31
DA:26,30
DA:31,11
DA:32,11
DA:33,11
DA:35,11
DA:37,11
DA:40,11
DA:42,11
DA:45,11
DA:46,11
DA:48,10
DA:50,1
DA:51,1
DA:54,1
DA:55,1
DA:58,9
DA:60,9
DA:63,9
DA:64,9
DA:66,9
DA:69,9
DA:76,9
DA:80,3
DA:81,3
DA:85,14
DA:86,14
DA:91,14
DA:92,7
DA:93,7
DA:95,1
DA:98,6
DA:99,2
DA:100,4
DA:101,2
DA:102,2
DA:103,1
DA:105,1
DA:106,1
DA:109,13
DA:110,12
DA:112,12
DA:115,12
DA:116,12
DA:118,12
DA:120,12
DA:127,12
DA:130,1
DA:131,1
DA:138,2
DA:140,2
DA:141,2
DA:143,2
DA:145,2
DA:146,2
DA:149,2
DA:150,2
DA:153,2
DA:155,2
DA:162,2
DA:166,2
DA:167,2
DA:168,2
DA:177,2
DA:179,2
DA:181,2
DA:182,1
DA:187,2
DA:191,8
DA:192,8
DA:196,26
DA:197,3
DA:199,23
DA:200,23
DA:201,23
DA:208,2
DA:209,1
DA:211,1
DA:214,1
DA:215,1
DA:217,1
DA:219,1
DA:227,1
DA:230,1
DA:236,24
DA:241,2
DA:242,1
DA:247,28
DA:248,2
DA:249,1
DA:250,1
DA:251,1
DA:258,5
DA:259,4
DA:262,5
DA:263,15
LF:108
LH:108
BRDA:25,0,0,30
BRDA:33,1,0,11
BRDA:33,1,1,0
BRDA:48,2,0,1
BRDA:91,3,0,7
BRDA:91,3,1,7
BRDA:93,4,0,1
BRDA:93,4,1,6
BRDA:98,5,0,2
BRDA:98,5,1,4
BRDA:98,6,0,6
BRDA:98,6,1,5
BRDA:100,7,0,2
BRDA:100,7,1,2
BRDA:100,8,0,4
BRDA:100,8,1,3
BRDA:102,9,0,1
BRDA:102,9,1,1
BRDA:109,10,0,12
BRDA:109,10,1,1
BRDA:181,11,0,1
BRDA:181,12,0,2
BRDA:181,12,1,1
BRDA:196,13,0,3
BRDA:196,13,1,23
BRDA:196,14,0,26
BRDA:196,14,1,26
BRDA:208,15,0,1
BRDA:208,15,1,1
BRDA:248,16,0,1
BRF:30
BRH:29
end_of_record
TN:
SF:src/server/socket/message_router.ts
FN:6,(anonymous_0)
FN:11,(anonymous_1)
FN:70,(anonymous_2)
FN:79,(anonymous_3)
FN:89,(anonymous_4)
FN:110,(anonymous_5)
FNF:6
FNH:6
FNDA:22,(anonymous_0)
FNDA:20,(anonymous_1)
FNDA:12,(anonymous_2)
FNDA:13,(anonymous_3)
FNDA:10,(anonymous_4)
FNDA:2,(anonymous_5)
DA:4,4
DA:6,4
DA:8,22
DA:9,22
DA:13,20
DA:16,20
DA:17,19
DA:20,19
DA:21,19
DA:24,10
DA:25,8
DA:28,2
DA:29,2
DA:32,2
DA:33,2
DA:34,1
DA:35,1
DA:37,1
DA:39,2
DA:41,2
DA:42,2
DA:43,1
DA:45,1
DA:47,2
DA:49,2
DA:50,2
DA:51,1
DA:52,1
DA:54,1
DA:56,2
DA:58,1
DA:61,3
DA:66,1
DA:70,16
DA:71,12
DA:72,12
DA:73,1
DA:74,1
DA:79,16
DA:80,13
DA:81,13
DA:82,2
DA:83,2
DA:92,10
DA:93,10
DA:94,10
DA:95,10
DA:96,1
DA:98,9
DA:99,9
DA:100,9
DA:101,1
DA:104,8
DA:105,8
DA:106,8
DA:107,8
DA:111,2
DA:112,2
DA:113,2
LF:59
LH:59
BRDA:16,0,0,19
BRDA:16,0,1,1
BRDA:16,1,0,20
BRDA:16,1,1,20
BRDA:16,1,2,20
BRDA:21,2,0,10
BRDA:21,2,1,2
BRDA:21,2,2,2
BRDA:21,2,3,2
BRDA:21,2,4,2
BRDA:21,2,5,1
BRDA:33,3,0,1
BRDA:33,3,1,1
BRDA:42,4,0,1
BRDA:42,4,1,1
BRDA:50,5,0,1
BRDA:50,5,1,1
BRDA:72,6,0,1
BRDA:81,7,0,2
BRDA:94,8,0,10
BRDA:94,8,1,1
BRDA:95,9,0,1
BRDA:100,10,0,1
BRDA:112,11,0,2
BRF:24
BRH:24
end_of_record
TN:
SF:src/server/socket/types.ts
FN:3,(anonymous_0)
FNF:1
FNH:1
FNDA:6,(anonymous_0)
DA:3,6
DA:4,6
DA:5,6
DA:6,6
DA:7,6
DA:8,6
LF:6
LH:6
BRDA:3,0,0,6
BRDA:3,0,1,6
BRF:2
BRH:2
end_of_record
TN:
SF:src/server/socket/util.ts
FN:3,(anonymous_0)
FN:13,(anonymous_1)
FNF:2
FNH:2
FNDA:24,(anonymous_0)
FNDA:4,(anonymous_1)
DA:1,6
DA:3,6
DA:4,24
DA:13,6
DA:14,4
LF:5
LH:5
BRF:0
BRH:0
end_of_record
TN:
SF:src/server/templates/diff.ts
FN:5,deepDiff
FN:61,diffArrays
FNF:2
FNH:2
FNDA:23,deepDiff
FNDA:14,diffArrays
DA:5,6
DA:6,23
DA:9,23
DA:11,14
DA:15,9
DA:16,26
DA:20,26
DA:21,10
DA:22,2
DA:26,16
DA:28,15
DA:29,12
DA:30,5
DA:34,3
DA:36,1
DA:37,1
DA:39,1
DA:40,1
DA:42,1
DA:43,1
DA:50,2
DA:55,1
DA:58,9
DA:61,6
DA:62,14
DA:63,1
DA:65,13
DA:66,28
DA:67,28
DA:69,28
DA:70,24
DA:71,1
DA:75,4
DA:77,4
DA:78,2
DA:79,1
DA:83,2
DA:84,2
DA:86,2
DA:87,1
DA:92,10
LF:41
LH:41
BRDA:9,0,0,14
BRDA:20,1,0,10
BRDA:20,1,1,16
BRDA:20,2,0,26
BRDA:20,2,1,17
BRDA:21,3,0,2
BRDA:26,4,0,15
BRDA:26,4,1,1
BRDA:28,5,0,12
BRDA:28,5,1,3
BRDA:28,6,0,15
BRDA:28,6,1,14
BRDA:29,7,0,5
BRDA:34,8,0,1
BRDA:34,8,1,2
BRDA:34,9,0,3
BRDA:34,9,1,1
BRDA:39,10,0,1
BRDA:39,11,0,1
BRDA:39,11,1,1
BRDA:42,12,0,1
BRDA:62,13,0,1
BRDA:69,14,0,24
BRDA:69,14,1,4
BRDA:69,15,0,28
BRDA:69,15,1,24
BRDA:70,16,0,1
BRDA:75,17,0,4
BRDA:75,18,0,4
BRDA:75,18,1,4
BRDA:77,19,0,2
BRDA:77,19,1,2
BRDA:77,20,0,4
BRDA:77,20,1,2
BRDA:78,21,0,1
BRDA:83,22,0,2
BRDA:83,23,0,2
BRDA:83,23,1,2
BRDA:86,24,0,1
BRF:39
BRH:39
end_of_record
TN:
SF:src/server/templates/index.ts
FN:23,join
FN:31,safe
FN:35,escapehtml
FN:42,(anonymous_3)
FN:64,(anonymous_4)
FN:69,(anonymous_5)
FN:87,(anonymous_6)
FN:105,(anonymous_7)
FN:108,(anonymous_8)
FN:129,(anonymous_9)
FN:130,(anonymous_10)
FN:138,html
FNF:12
FNH:12
FNDA:7,join
FNDA:23,safe
FNDA:264,escapehtml
FNDA:42,(anonymous_3)
FNDA:169,(anonymous_4)
FNDA:105,(anonymous_5)
FNDA:124,(anonymous_6)
FNDA:19,(anonymous_7)
FNDA:19,(anonymous_8)
FNDA:75,(anonymous_9)
FNDA:167,(anonymous_10)
FNDA:137,html
DA:8,11
DA:19,11
DA:21,11
DA:23,11
DA:24,7
DA:25,1
DA:28,6
DA:31,11
DA:32,23
DA:35,11
DA:36,264
DA:37,39
DA:39,225
DA:40,1
DA:42,224
DA:59,11
DA:65,169
DA:66,169
DA:71,105
DA:72,51
DA:73,1
DA:81,50
DA:87,54
DA:88,124
DA:89,20
DA:93,104
DA:95,9
DA:96,2
DA:103,7
DA:105,19
DA:108,19
DA:109,7
DA:116,95
DA:123,54
DA:124,35
DA:126,54
DA:130,75
DA:131,167
DA:132,167
DA:138,11
DA:139,137
LF:41
LH:41
BRDA:23,0,0,6
BRDA:24,1,0,1
BRDA:36,2,0,39
BRDA:39,3,0,1
BRDA:69,4,0,84
BRDA:71,5,0,51
BRDA:72,6,0,1
BRDA:88,7,0,20
BRDA:88,7,1,104
BRDA:93,8,0,9
BRDA:93,8,1,95
BRDA:95,9,0,2
BRDA:95,9,1,7
BRDA:123,10,0,35
BRF:14
BRH:14
end_of_record
TN:
SF:src/server/templates/helpers/form_for.ts
FN:11,(anonymous_0)
FNF:1
FNH:1
FNDA:5,(anonymous_0)
DA:1,6
DA:11,6
DA:12,5
DA:13,5
DA:14,5
DA:15,5
DA:16,5
LF:7
LH:7
BRDA:12,0,0,0
BRDA:12,0,1,5
BRDA:12,1,0,5
BRDA:12,1,1,5
BRDA:12,2,0,1
BRDA:12,2,1,4
BRDA:12,3,0,5
BRDA:12,3,1,5
BRDA:13,4,0,2
BRDA:13,4,1,3
BRDA:13,5,0,1
BRDA:13,5,1,4
BRDA:13,6,0,5
BRDA:13,6,1,5
BRDA:14,7,0,2
BRDA:14,7,1,3
BRDA:14,8,0,1
BRDA:14,8,1,4
BRDA:14,9,0,5
BRDA:14,9,1,5
BRDA:15,10,0,2
BRDA:15,10,1,3
BRDA:15,11,0,1
BRDA:15,11,1,4
BRDA:15,12,0,5
BRDA:15,12,1,5
BRF:26
BRH:25
end_of_record
TN:
SF:src/server/templates/helpers/index.ts
FNF:0
FNH:0
DA:1,5
DA:2,5
DA:3,5
DA:4,5
DA:5,5
DA:6,5
LF:6
LH:6
BRF:0
BRH:0
end_of_record
TN:
SF:src/server/templates/helpers/inputs.ts
FN:12,(anonymous_0)
FN:25,(anonymous_1)
FN:33,(anonymous_2)
FNF:3
FNH:3
FNDA:6,(anonymous_0)
FNDA:1,(anonymous_1)
FNDA:3,(anonymous_2)
DA:2,5
DA:12,5
DA:13,6
DA:14,6
DA:15,6
DA:16,6
DA:17,6
DA:18,6
DA:19,6
DA:20,6
DA:25,5
DA:26,1
DA:33,5
DA:34,3
DA:35,3
DA:36,2
DA:37,2
DA:39,1
LF:18
LH:18
BRDA:13,0,0,5
BRDA:13,0,1,1
BRDA:13,1,0,1
BRDA:13,1,1,5
BRDA:13,2,0,6
BRDA:13,2,1,6
BRDA:14,3,0,4
BRDA:14,3,1,2
BRDA:14,4,0,1
BRDA:14,4,1,5
BRDA:14,5,0,6
BRDA:14,5,1,6
BRDA:15,6,0,3
BRDA:15,6,1,3
BRDA:15,7,0,1
BRDA:15,7,1,5
BRDA:15,8,0,6
BRDA:15,8,1,6
BRDA:16,9,0,0
BRDA:16,9,1,6
BRDA:16,10,0,1
BRDA:16,10,1,5
BRDA:16,11,0,6
BRDA:16,11,1,6
BRDA:17,12,0,2
BRDA:17,12,1,4
BRDA:17,13,0,6
BRDA:17,13,1,6
BRDA:17,14,0,1
BRDA:17,14,1,5
BRDA:17,15,0,6
BRDA:17,15,1,6
BRDA:19,16,0,0
BRDA:19,16,1,6
BRDA:19,17,0,6
BRDA:19,17,1,6
BRDA:34,18,0,3
BRDA:34,18,1,0
BRDA:35,19,0,2
BRDA:35,20,0,3
BRDA:35,20,1,2
BRDA:36,21,0,1
BRDA:36,21,1,1
BRDA:36,22,0,2
BRDA:36,22,1,2
BRDA:36,23,0,1
BRDA:36,23,1,1
BRDA:36,24,0,2
BRDA:36,24,1,2
BRF:49
BRH:46
end_of_record
TN:
SF:src/server/templates/helpers/live_patch.ts
FN:11,buildHref
FN:22,(anonymous_1)
FNF:2
FNH:2
FNDA:3,buildHref
FNDA:3,(anonymous_1)
DA:1,6
DA:12,3
DA:13,3
DA:14,3
DA:15,2
DA:18,1
DA:22,6
DA:23,3
LF:8
LH:8
BRDA:14,0,0,2
BRDA:14,0,1,1
BRDA:23,1,0,1
BRDA:23,1,1,2
BRF:4
BRH:4
end_of_record
TN:
SF:src/server/templates/helpers/live_title_tag.ts
FN:7,(anonymous_0)
FNF:1
FNH:1
FNDA:3,(anonymous_0)
DA:7,6
DA:8,3
DA:9,3
LF:3
LH:3
BRDA:8,0,0,1
BRDA:8,1,0,2
BRDA:8,2,0,3
BRDA:8,2,1,1
BRF:4
BRH:4
end_of_record
TN:
SF:src/server/templates/helpers/options_for_select.ts
FN:8,(anonymous_0)
FN:22,mapArrayOptions
FN:23,(anonymous_2)
FN:32,mapRecordOptions
FN:33,(anonymous_4)
FN:42,isSelected
FN:50,renderOptions
FN:54,renderOption
FNF:8
FNH:8
FNDA:5,(anonymous_0)
FNDA:2,mapArrayOptions
FNDA:6,(anonymous_2)
FNDA:3,mapRecordOptions
FNDA:9,(anonymous_4)
FNDA:9,isSelected
FNDA:5,renderOptions
FNDA:15,renderOption
DA:1,5
DA:8,5
DA:10,5
DA:11,2
DA:12,2
DA:16,3
DA:17,3
DA:23,2
DA:24,6
DA:33,3
DA:34,9
DA:43,9
DA:44,3
DA:46,6
DA:51,5
DA:55,15
LF:16
LH:16
BRDA:10,0,0,2
BRDA:10,0,1,3
BRDA:10,1,0,5
BRDA:10,1,1,5
BRDA:27,2,0,3
BRDA:27,2,1,3
BRDA:37,3,0,6
BRDA:37,3,1,3
BRDA:43,4,0,3
BRDA:55,5,0,4
BRDA:55,5,1,11
BRF:11
BRH:11
end_of_record
TN:
SF:src/server/templates/helpers/submit.ts
FN:7,(anonymous_0)
FNF:1
FNH:1
FNDA:2,(anonymous_0)
DA:1,6
DA:7,6
DA:8,2
DA:9,2
LF:4
LH:4
BRDA:8,0,0,1
BRDA:8,0,1,1
BRDA:8,1,0,1
BRDA:8,1,1,1
BRDA:8,2,0,2
BRDA:8,2,1,2
BRF:6
BRH:6
end_of_record
